<testsuites id="" name="" tests="242" failures="0" skipped="242" errors="0" time="0.555516">
<testsuite name="01-file-upload.spec.ts" timestamp="2025-06-16T19:02:56.867Z" hostname="browser-chrome" tests="10" failures="0" skipped="10" time="0" errors="0">
<testcase name="File Upload Functionality › should upload small CSV file successfully" classname="01-file-upload.spec.ts" time="0">
<skipped>
</skipped>
</testcase>
<testcase name="File Upload Functionality › should upload medium CSV file with progress indication" classname="01-file-upload.spec.ts" time="0">
<skipped>
</skipped>
</testcase>
<testcase name="File Upload Functionality › should handle large CSV file upload" classname="01-file-upload.spec.ts" time="0">
<skipped>
</skipped>
</testcase>
<testcase name="File Upload Functionality › should upload PII-containing file and show warnings" classname="01-file-upload.spec.ts" time="0">
<skipped>
</skipped>
</testcase>
<testcase name="File Upload Functionality › should reject invalid file formats" classname="01-file-upload.spec.ts" time="0">
<skipped>
</skipped>
</testcase>
<testcase name="File Upload Functionality › should handle malformed CSV gracefully" classname="01-file-upload.spec.ts" time="0">
<skipped>
</skipped>
</testcase>
<testcase name="File Upload Functionality › should support drag and drop file upload" classname="01-file-upload.spec.ts" time="0">
<skipped>
</skipped>
</testcase>
<testcase name="File Upload Functionality › should show file requirements and help text" classname="01-file-upload.spec.ts" time="0">
<skipped>
</skipped>
</testcase>
<testcase name="File Upload Error Scenarios › should handle server upload errors gracefully" classname="01-file-upload.spec.ts" time="0">
<skipped>
</skipped>
</testcase>
<testcase name="File Upload Error Scenarios › should handle network connectivity issues" classname="01-file-upload.spec.ts" time="0">
<skipped>
</skipped>
</testcase>
</testsuite>
<testsuite name="02-field-detection.spec.ts" timestamp="2025-06-16T19:02:56.867Z" hostname="browser-chrome" tests="7" failures="0" skipped="7" time="0" errors="0">
<testcase name="Field Detection and PII Identification › should detect common field types correctly" classname="02-field-detection.spec.ts" time="0">
<skipped>
</skipped>
</testcase>
<testcase name="Field Detection and PII Identification › should identify PII fields and show security warnings" classname="02-field-detection.spec.ts" time="0">
<skipped>
</skipped>
</testcase>
<testcase name="Field Detection and PII Identification › should show field statistics and data quality metrics" classname="02-field-detection.spec.ts" time="0">
<skipped>
</skipped>
</testcase>
<testcase name="Field Detection and PII Identification › should handle field inference with low confidence" classname="02-field-detection.spec.ts" time="0">
<skipped>
</skipped>
</testcase>
<testcase name="Field Detection and PII Identification › should allow manual field type corrections" classname="02-field-detection.spec.ts" time="0">
<skipped>
</skipped>
</testcase>
<testcase name="Field Detection and PII Identification › should display field count and row count summaries" classname="02-field-detection.spec.ts" time="0">
<skipped>
</skipped>
</testcase>
<testcase name="Field Detection and PII Identification › should handle empty or invalid columns gracefully" classname="02-field-detection.spec.ts" time="0">
<skipped>
</skipped>
</testcase>
</testsuite>
<testsuite name="03-transform-operations.spec.ts" timestamp="2025-06-16T19:02:56.867Z" hostname="browser-chrome" tests="9" failures="0" skipped="9" time="0" errors="0">
<testcase name="Data Transform Operations › should display available transformation options" classname="03-transform-operations.spec.ts" time="0">
<skipped>
</skipped>
</testcase>
<testcase name="Data Transform Operations › should support data filtering operations" classname="03-transform-operations.spec.ts" time="0">
<skipped>
</skipped>
</testcase>
<testcase name="Data Transform Operations › should support data sorting and ordering" classname="03-transform-operations.spec.ts" time="0">
<skipped>
</skipped>
</testcase>
<testcase name="Data Transform Operations › should support field renaming and formatting" classname="03-transform-operations.spec.ts" time="0">
<skipped>
</skipped>
</testcase>
<testcase name="Data Transform Operations › should provide transform preview functionality" classname="03-transform-operations.spec.ts" time="0">
<skipped>
</skipped>
</testcase>
<testcase name="Data Transform Operations › should allow skipping optional transformations" classname="03-transform-operations.spec.ts" time="0">
<skipped>
</skipped>
</testcase>
<testcase name="Data Transform Operations › should handle transform validation and errors" classname="03-transform-operations.spec.ts" time="0">
<skipped>
</skipped>
</testcase>
<testcase name="Data Transform Operations › should save and display transform configuration" classname="03-transform-operations.spec.ts" time="0">
<skipped>
</skipped>
</testcase>
<testcase name="Data Transform Operations › should handle large dataset transformations" classname="03-transform-operations.spec.ts" time="0">
<skipped>
</skipped>
</testcase>
</testsuite>
<testsuite name="04-sentiment-analysis.spec.ts" timestamp="2025-06-16T19:02:56.867Z" hostname="browser-chrome" tests="8" failures="0" skipped="8" time="0" errors="0">
<testcase name="Sentiment Analysis with OpenAI Integration › should display sentiment analysis configuration options" classname="04-sentiment-analysis.spec.ts" time="0">
<skipped>
</skipped>
</testcase>
<testcase name="Sentiment Analysis with OpenAI Integration › should display cost estimation for sentiment analysis" classname="04-sentiment-analysis.spec.ts" time="0">
<skipped>
</skipped>
</testcase>
<testcase name="Sentiment Analysis with OpenAI Integration › should start sentiment analysis job successfully" classname="04-sentiment-analysis.spec.ts" time="0">
<skipped>
</skipped>
</testcase>
<testcase name="Sentiment Analysis with OpenAI Integration › should show progress during sentiment analysis" classname="04-sentiment-analysis.spec.ts" time="0">
<skipped>
</skipped>
</testcase>
<testcase name="Sentiment Analysis with OpenAI Integration › should complete sentiment analysis and show results" classname="04-sentiment-analysis.spec.ts" time="0">
<skipped>
</skipped>
</testcase>
<testcase name="Sentiment Analysis with OpenAI Integration › should handle OpenAI API errors gracefully" classname="04-sentiment-analysis.spec.ts" time="0">
<skipped>
</skipped>
</testcase>
<testcase name="Sentiment Analysis with OpenAI Integration › should test different sentiment datasets" classname="04-sentiment-analysis.spec.ts" time="0">
<skipped>
</skipped>
</testcase>
<testcase name="Sentiment Analysis with OpenAI Integration › should provide sentiment analysis insights and metrics" classname="04-sentiment-analysis.spec.ts" time="0">
<skipped>
</skipped>
</testcase>
</testsuite>
<testsuite name="05-results-export.spec.ts" timestamp="2025-06-16T19:02:56.867Z" hostname="browser-chrome" tests="9" failures="0" skipped="9" time="0" errors="0">
<testcase name="Results Export Functionality › should display sentiment analysis results overview" classname="05-results-export.spec.ts" time="0">
<skipped>
</skipped>
</testcase>
<testcase name="Results Export Functionality › should provide multiple export format options" classname="05-results-export.spec.ts" time="0">
<skipped>
</skipped>
</testcase>
<testcase name="Results Export Functionality › should successfully export results as CSV" classname="05-results-export.spec.ts" time="0">
<skipped>
</skipped>
</testcase>
<testcase name="Results Export Functionality › should successfully export results as Excel" classname="05-results-export.spec.ts" time="0">
<skipped>
</skipped>
</testcase>
<testcase name="Results Export Functionality › should successfully export results as JSON" classname="05-results-export.spec.ts" time="0">
<skipped>
</skipped>
</testcase>
<testcase name="Results Export Functionality › should provide filtering and column selection for export" classname="05-results-export.spec.ts" time="0">
<skipped>
</skipped>
</testcase>
<testcase name="Results Export Functionality › should handle large dataset exports" classname="05-results-export.spec.ts" time="0">
<skipped>
</skipped>
</testcase>
<testcase name="Results Export Functionality › should handle export errors gracefully" classname="05-results-export.spec.ts" time="0">
<skipped>
</skipped>
</testcase>
<testcase name="Results Export Functionality › should provide download progress and completion feedback" classname="05-results-export.spec.ts" time="0">
<skipped>
</skipped>
</testcase>
</testsuite>
<testsuite name="accessibility.spec.ts" timestamp="2025-06-16T19:02:56.867Z" hostname="browser-chrome" tests="1" failures="0" skipped="1" time="0" errors="0">
<testcase name="Accessibility Tests › should not have critical accessibility violations on main pages" classname="accessibility.spec.ts" time="0">
<skipped>
</skipped>
</testcase>
</testsuite>
<testsuite name="bug-verification.spec.ts" timestamp="2025-06-16T19:02:56.867Z" hostname="browser-chrome" tests="2" failures="0" skipped="2" time="0" errors="0">
<testcase name="Bug Fix Verification › should verify all reported bugs are fixed" classname="bug-verification.spec.ts" time="0">
<skipped>
</skipped>
</testcase>
<testcase name="Bug Fix Verification › should verify mobile view layout (Bug #13)" classname="bug-verification.spec.ts" time="0">
<skipped>
</skipped>
</testcase>
</testsuite>
<testsuite name="enhanced-datacloak-e2e.spec.ts" timestamp="2025-06-16T19:02:56.867Z" hostname="browser-chrome" tests="9" failures="0" skipped="9" time="0" errors="0">
<testcase name="Enhanced DataCloak E2E Tests › Complete Enhanced DataCloak Workflow - HIPAA Compliance" classname="enhanced-datacloak-e2e.spec.ts" time="0">
<skipped>
</skipped>
</testcase>
<testcase name="Enhanced DataCloak E2E Tests › Multi-Framework Compliance Comparison" classname="enhanced-datacloak-e2e.spec.ts" time="0">
<skipped>
</skipped>
</testcase>
<testcase name="Enhanced DataCloak E2E Tests › Real-time Risk Assessment During Upload" classname="enhanced-datacloak-e2e.spec.ts" time="0">
<skipped>
</skipped>
</testcase>
<testcase name="Enhanced DataCloak E2E Tests › Large Dataset Performance Testing" classname="enhanced-datacloak-e2e.spec.ts" time="0">
<skipped>
</skipped>
</testcase>
<testcase name="Enhanced DataCloak E2E Tests › Custom Pattern Creation and Testing" classname="enhanced-datacloak-e2e.spec.ts" time="0">
<skipped>
</skipped>
</testcase>
<testcase name="Enhanced DataCloak E2E Tests › Integration Testing - Backend API Endpoints" classname="enhanced-datacloak-e2e.spec.ts" time="0">
<skipped>
</skipped>
</testcase>
<testcase name="Enhanced DataCloak E2E Tests › Accessibility and Mobile Responsiveness" classname="enhanced-datacloak-e2e.spec.ts" time="0">
<skipped>
</skipped>
</testcase>
<testcase name="Enhanced DataCloak E2E Tests › Error Handling and Recovery" classname="enhanced-datacloak-e2e.spec.ts" time="0">
<skipped>
</skipped>
</testcase>
<testcase name="Performance Benchmarks › Measure key performance metrics" classname="enhanced-datacloak-e2e.spec.ts" time="0">
<skipped>
</skipped>
</testcase>
</testsuite>
<testsuite name="focused-bug-check.spec.ts" timestamp="2025-06-16T19:02:56.867Z" hostname="browser-chrome" tests="1" failures="0" skipped="1" time="0" errors="0">
<testcase name="Focused Bug Verification › Bugs #8, #11, #12 - Backend errors, Skip transform, Cost estimation" classname="focused-bug-check.spec.ts" time="0">
<skipped>
</skipped>
</testcase>
</testsuite>
<testsuite name="integration-workflow-e2e.spec.ts" timestamp="2025-06-16T19:02:56.867Z" hostname="browser-chrome" tests="8" failures="0" skipped="8" time="0" errors="0">
<testcase name="Integration Workflow E2E Tests › Complete HIPAA Healthcare Data Processing Workflow" classname="integration-workflow-e2e.spec.ts" time="0">
<skipped>
</skipped>
</testcase>
<testcase name="Integration Workflow E2E Tests › Financial Data PCI-DSS Compliance Workflow" classname="integration-workflow-e2e.spec.ts" time="0">
<skipped>
</skipped>
</testcase>
<testcase name="Integration Workflow E2E Tests › GDPR European Data Processing Workflow" classname="integration-workflow-e2e.spec.ts" time="0">
<skipped>
</skipped>
</testcase>
<testcase name="Integration Workflow E2E Tests › Performance and Scalability Integration Test" classname="integration-workflow-e2e.spec.ts" time="0">
<skipped>
</skipped>
</testcase>
<testcase name="Integration Workflow E2E Tests › Error Recovery and Resilience Integration Test" classname="integration-workflow-e2e.spec.ts" time="0">
<skipped>
</skipped>
</testcase>
<testcase name="Integration Workflow E2E Tests › Cross-Browser Compatibility Integration Test" classname="integration-workflow-e2e.spec.ts" time="0">
<skipped>
</skipped>
</testcase>
<testcase name="API Integration Tests › Backend API Endpoints Integration" classname="integration-workflow-e2e.spec.ts" time="0">
<skipped>
</skipped>
</testcase>
<testcase name="API Integration Tests › WebSocket Real-time Integration" classname="integration-workflow-e2e.spec.ts" time="0">
<skipped>
</skipped>
</testcase>
</testsuite>
<testsuite name="sentiment-execution.spec.ts" timestamp="2025-06-16T19:02:56.867Z" hostname="browser-chrome" tests="1" failures="0" skipped="1" time="0" errors="0">
<testcase name="Sentiment Analysis Execution › should complete sentiment configuration and enable execution" classname="sentiment-execution.spec.ts" time="0">
<skipped>
</skipped>
</testcase>
</testsuite>
<testsuite name="system-verification-e2e.spec.ts" timestamp="2025-06-16T19:02:56.867Z" hostname="browser-chrome" tests="9" failures="0" skipped="9" time="0" errors="0">
<testcase name="Enhanced DataCloak System Verification › Verify Enhanced DataCloak Service Structure" classname="system-verification-e2e.spec.ts" time="0">
<skipped>
</skipped>
</testcase>
<testcase name="Enhanced DataCloak System Verification › Verify API Endpoint Structure" classname="system-verification-e2e.spec.ts" time="0">
<skipped>
</skipped>
</testcase>
<testcase name="Enhanced DataCloak System Verification › Verify Frontend Component Structure" classname="system-verification-e2e.spec.ts" time="0">
<skipped>
</skipped>
</testcase>
<testcase name="Enhanced DataCloak System Verification › Verify Testing Infrastructure" classname="system-verification-e2e.spec.ts" time="0">
<skipped>
</skipped>
</testcase>
<testcase name="Enhanced DataCloak System Verification › Verify Integration Dependencies" classname="system-verification-e2e.spec.ts" time="0">
<skipped>
</skipped>
</testcase>
<testcase name="Enhanced DataCloak System Verification › Verify Production Readiness" classname="system-verification-e2e.spec.ts" time="0">
<skipped>
</skipped>
</testcase>
<testcase name="Enhanced DataCloak System Verification › Verify Compliance and Security Features" classname="system-verification-e2e.spec.ts" time="0">
<skipped>
</skipped>
</testcase>
<testcase name="Enhanced DataCloak System Verification › Performance Benchmarks Verification" classname="system-verification-e2e.spec.ts" time="0">
<skipped>
</skipped>
</testcase>
<testcase name="System Integration Summary › Generate Integration Report" classname="system-verification-e2e.spec.ts" time="0">
<skipped>
</skipped>
</testcase>
</testsuite>
<testsuite name="workflow-navigation.spec.ts" timestamp="2025-06-16T19:02:56.867Z" hostname="browser-chrome" tests="1" failures="0" skipped="1" time="0" errors="0">
<testcase name="Workflow Navigation › should progress through workflow steps" classname="workflow-navigation.spec.ts" time="0">
<skipped>
</skipped>
</testcase>
</testsuite>
<testsuite name="01-file-upload.spec.ts" timestamp="2025-06-16T19:02:56.867Z" hostname="browser-firefox" tests="10" failures="0" skipped="10" time="0" errors="0">
<testcase name="File Upload Functionality › should upload small CSV file successfully" classname="01-file-upload.spec.ts" time="0">
<skipped>
</skipped>
</testcase>
<testcase name="File Upload Functionality › should upload medium CSV file with progress indication" classname="01-file-upload.spec.ts" time="0">
<skipped>
</skipped>
</testcase>
<testcase name="File Upload Functionality › should handle large CSV file upload" classname="01-file-upload.spec.ts" time="0">
<skipped>
</skipped>
</testcase>
<testcase name="File Upload Functionality › should upload PII-containing file and show warnings" classname="01-file-upload.spec.ts" time="0">
<skipped>
</skipped>
</testcase>
<testcase name="File Upload Functionality › should reject invalid file formats" classname="01-file-upload.spec.ts" time="0">
<skipped>
</skipped>
</testcase>
<testcase name="File Upload Functionality › should handle malformed CSV gracefully" classname="01-file-upload.spec.ts" time="0">
<skipped>
</skipped>
</testcase>
<testcase name="File Upload Functionality › should support drag and drop file upload" classname="01-file-upload.spec.ts" time="0">
<skipped>
</skipped>
</testcase>
<testcase name="File Upload Functionality › should show file requirements and help text" classname="01-file-upload.spec.ts" time="0">
<skipped>
</skipped>
</testcase>
<testcase name="File Upload Error Scenarios › should handle server upload errors gracefully" classname="01-file-upload.spec.ts" time="0">
<skipped>
</skipped>
</testcase>
<testcase name="File Upload Error Scenarios › should handle network connectivity issues" classname="01-file-upload.spec.ts" time="0">
<skipped>
</skipped>
</testcase>
</testsuite>
<testsuite name="02-field-detection.spec.ts" timestamp="2025-06-16T19:02:56.867Z" hostname="browser-firefox" tests="7" failures="0" skipped="7" time="0" errors="0">
<testcase name="Field Detection and PII Identification › should detect common field types correctly" classname="02-field-detection.spec.ts" time="0">
<skipped>
</skipped>
</testcase>
<testcase name="Field Detection and PII Identification › should identify PII fields and show security warnings" classname="02-field-detection.spec.ts" time="0">
<skipped>
</skipped>
</testcase>
<testcase name="Field Detection and PII Identification › should show field statistics and data quality metrics" classname="02-field-detection.spec.ts" time="0">
<skipped>
</skipped>
</testcase>
<testcase name="Field Detection and PII Identification › should handle field inference with low confidence" classname="02-field-detection.spec.ts" time="0">
<skipped>
</skipped>
</testcase>
<testcase name="Field Detection and PII Identification › should allow manual field type corrections" classname="02-field-detection.spec.ts" time="0">
<skipped>
</skipped>
</testcase>
<testcase name="Field Detection and PII Identification › should display field count and row count summaries" classname="02-field-detection.spec.ts" time="0">
<skipped>
</skipped>
</testcase>
<testcase name="Field Detection and PII Identification › should handle empty or invalid columns gracefully" classname="02-field-detection.spec.ts" time="0">
<skipped>
</skipped>
</testcase>
</testsuite>
<testsuite name="03-transform-operations.spec.ts" timestamp="2025-06-16T19:02:56.867Z" hostname="browser-firefox" tests="9" failures="0" skipped="9" time="0" errors="0">
<testcase name="Data Transform Operations › should display available transformation options" classname="03-transform-operations.spec.ts" time="0">
<skipped>
</skipped>
</testcase>
<testcase name="Data Transform Operations › should support data filtering operations" classname="03-transform-operations.spec.ts" time="0">
<skipped>
</skipped>
</testcase>
<testcase name="Data Transform Operations › should support data sorting and ordering" classname="03-transform-operations.spec.ts" time="0">
<skipped>
</skipped>
</testcase>
<testcase name="Data Transform Operations › should support field renaming and formatting" classname="03-transform-operations.spec.ts" time="0">
<skipped>
</skipped>
</testcase>
<testcase name="Data Transform Operations › should provide transform preview functionality" classname="03-transform-operations.spec.ts" time="0">
<skipped>
</skipped>
</testcase>
<testcase name="Data Transform Operations › should allow skipping optional transformations" classname="03-transform-operations.spec.ts" time="0">
<skipped>
</skipped>
</testcase>
<testcase name="Data Transform Operations › should handle transform validation and errors" classname="03-transform-operations.spec.ts" time="0">
<skipped>
</skipped>
</testcase>
<testcase name="Data Transform Operations › should save and display transform configuration" classname="03-transform-operations.spec.ts" time="0">
<skipped>
</skipped>
</testcase>
<testcase name="Data Transform Operations › should handle large dataset transformations" classname="03-transform-operations.spec.ts" time="0">
<skipped>
</skipped>
</testcase>
</testsuite>
<testsuite name="04-sentiment-analysis.spec.ts" timestamp="2025-06-16T19:02:56.867Z" hostname="browser-firefox" tests="8" failures="0" skipped="8" time="0" errors="0">
<testcase name="Sentiment Analysis with OpenAI Integration › should display sentiment analysis configuration options" classname="04-sentiment-analysis.spec.ts" time="0">
<skipped>
</skipped>
</testcase>
<testcase name="Sentiment Analysis with OpenAI Integration › should display cost estimation for sentiment analysis" classname="04-sentiment-analysis.spec.ts" time="0">
<skipped>
</skipped>
</testcase>
<testcase name="Sentiment Analysis with OpenAI Integration › should start sentiment analysis job successfully" classname="04-sentiment-analysis.spec.ts" time="0">
<skipped>
</skipped>
</testcase>
<testcase name="Sentiment Analysis with OpenAI Integration › should show progress during sentiment analysis" classname="04-sentiment-analysis.spec.ts" time="0">
<skipped>
</skipped>
</testcase>
<testcase name="Sentiment Analysis with OpenAI Integration › should complete sentiment analysis and show results" classname="04-sentiment-analysis.spec.ts" time="0">
<skipped>
</skipped>
</testcase>
<testcase name="Sentiment Analysis with OpenAI Integration › should handle OpenAI API errors gracefully" classname="04-sentiment-analysis.spec.ts" time="0">
<skipped>
</skipped>
</testcase>
<testcase name="Sentiment Analysis with OpenAI Integration › should test different sentiment datasets" classname="04-sentiment-analysis.spec.ts" time="0">
<skipped>
</skipped>
</testcase>
<testcase name="Sentiment Analysis with OpenAI Integration › should provide sentiment analysis insights and metrics" classname="04-sentiment-analysis.spec.ts" time="0">
<skipped>
</skipped>
</testcase>
</testsuite>
<testsuite name="05-results-export.spec.ts" timestamp="2025-06-16T19:02:56.867Z" hostname="browser-firefox" tests="9" failures="0" skipped="9" time="0" errors="0">
<testcase name="Results Export Functionality › should display sentiment analysis results overview" classname="05-results-export.spec.ts" time="0">
<skipped>
</skipped>
</testcase>
<testcase name="Results Export Functionality › should provide multiple export format options" classname="05-results-export.spec.ts" time="0">
<skipped>
</skipped>
</testcase>
<testcase name="Results Export Functionality › should successfully export results as CSV" classname="05-results-export.spec.ts" time="0">
<skipped>
</skipped>
</testcase>
<testcase name="Results Export Functionality › should successfully export results as Excel" classname="05-results-export.spec.ts" time="0">
<skipped>
</skipped>
</testcase>
<testcase name="Results Export Functionality › should successfully export results as JSON" classname="05-results-export.spec.ts" time="0">
<skipped>
</skipped>
</testcase>
<testcase name="Results Export Functionality › should provide filtering and column selection for export" classname="05-results-export.spec.ts" time="0">
<skipped>
</skipped>
</testcase>
<testcase name="Results Export Functionality › should handle large dataset exports" classname="05-results-export.spec.ts" time="0">
<skipped>
</skipped>
</testcase>
<testcase name="Results Export Functionality › should handle export errors gracefully" classname="05-results-export.spec.ts" time="0">
<skipped>
</skipped>
</testcase>
<testcase name="Results Export Functionality › should provide download progress and completion feedback" classname="05-results-export.spec.ts" time="0">
<skipped>
</skipped>
</testcase>
</testsuite>
<testsuite name="accessibility.spec.ts" timestamp="2025-06-16T19:02:56.867Z" hostname="browser-firefox" tests="1" failures="0" skipped="1" time="0" errors="0">
<testcase name="Accessibility Tests › should not have critical accessibility violations on main pages" classname="accessibility.spec.ts" time="0">
<skipped>
</skipped>
</testcase>
</testsuite>
<testsuite name="bug-verification.spec.ts" timestamp="2025-06-16T19:02:56.867Z" hostname="browser-firefox" tests="2" failures="0" skipped="2" time="0" errors="0">
<testcase name="Bug Fix Verification › should verify all reported bugs are fixed" classname="bug-verification.spec.ts" time="0">
<skipped>
</skipped>
</testcase>
<testcase name="Bug Fix Verification › should verify mobile view layout (Bug #13)" classname="bug-verification.spec.ts" time="0">
<skipped>
</skipped>
</testcase>
</testsuite>
<testsuite name="enhanced-datacloak-e2e.spec.ts" timestamp="2025-06-16T19:02:56.867Z" hostname="browser-firefox" tests="9" failures="0" skipped="9" time="0" errors="0">
<testcase name="Enhanced DataCloak E2E Tests › Complete Enhanced DataCloak Workflow - HIPAA Compliance" classname="enhanced-datacloak-e2e.spec.ts" time="0">
<skipped>
</skipped>
</testcase>
<testcase name="Enhanced DataCloak E2E Tests › Multi-Framework Compliance Comparison" classname="enhanced-datacloak-e2e.spec.ts" time="0">
<skipped>
</skipped>
</testcase>
<testcase name="Enhanced DataCloak E2E Tests › Real-time Risk Assessment During Upload" classname="enhanced-datacloak-e2e.spec.ts" time="0">
<skipped>
</skipped>
</testcase>
<testcase name="Enhanced DataCloak E2E Tests › Large Dataset Performance Testing" classname="enhanced-datacloak-e2e.spec.ts" time="0">
<skipped>
</skipped>
</testcase>
<testcase name="Enhanced DataCloak E2E Tests › Custom Pattern Creation and Testing" classname="enhanced-datacloak-e2e.spec.ts" time="0">
<skipped>
</skipped>
</testcase>
<testcase name="Enhanced DataCloak E2E Tests › Integration Testing - Backend API Endpoints" classname="enhanced-datacloak-e2e.spec.ts" time="0">
<skipped>
</skipped>
</testcase>
<testcase name="Enhanced DataCloak E2E Tests › Accessibility and Mobile Responsiveness" classname="enhanced-datacloak-e2e.spec.ts" time="0">
<skipped>
</skipped>
</testcase>
<testcase name="Enhanced DataCloak E2E Tests › Error Handling and Recovery" classname="enhanced-datacloak-e2e.spec.ts" time="0">
<skipped>
</skipped>
</testcase>
<testcase name="Performance Benchmarks › Measure key performance metrics" classname="enhanced-datacloak-e2e.spec.ts" time="0">
<skipped>
</skipped>
</testcase>
</testsuite>
<testsuite name="focused-bug-check.spec.ts" timestamp="2025-06-16T19:02:56.867Z" hostname="browser-firefox" tests="1" failures="0" skipped="1" time="0" errors="0">
<testcase name="Focused Bug Verification › Bugs #8, #11, #12 - Backend errors, Skip transform, Cost estimation" classname="focused-bug-check.spec.ts" time="0">
<skipped>
</skipped>
</testcase>
</testsuite>
<testsuite name="integration-workflow-e2e.spec.ts" timestamp="2025-06-16T19:02:56.867Z" hostname="browser-firefox" tests="8" failures="0" skipped="8" time="0" errors="0">
<testcase name="Integration Workflow E2E Tests › Complete HIPAA Healthcare Data Processing Workflow" classname="integration-workflow-e2e.spec.ts" time="0">
<skipped>
</skipped>
</testcase>
<testcase name="Integration Workflow E2E Tests › Financial Data PCI-DSS Compliance Workflow" classname="integration-workflow-e2e.spec.ts" time="0">
<skipped>
</skipped>
</testcase>
<testcase name="Integration Workflow E2E Tests › GDPR European Data Processing Workflow" classname="integration-workflow-e2e.spec.ts" time="0">
<skipped>
</skipped>
</testcase>
<testcase name="Integration Workflow E2E Tests › Performance and Scalability Integration Test" classname="integration-workflow-e2e.spec.ts" time="0">
<skipped>
</skipped>
</testcase>
<testcase name="Integration Workflow E2E Tests › Error Recovery and Resilience Integration Test" classname="integration-workflow-e2e.spec.ts" time="0">
<skipped>
</skipped>
</testcase>
<testcase name="Integration Workflow E2E Tests › Cross-Browser Compatibility Integration Test" classname="integration-workflow-e2e.spec.ts" time="0">
<skipped>
</skipped>
</testcase>
<testcase name="API Integration Tests › Backend API Endpoints Integration" classname="integration-workflow-e2e.spec.ts" time="0">
<skipped>
</skipped>
</testcase>
<testcase name="API Integration Tests › WebSocket Real-time Integration" classname="integration-workflow-e2e.spec.ts" time="0">
<skipped>
</skipped>
</testcase>
</testsuite>
<testsuite name="sentiment-execution.spec.ts" timestamp="2025-06-16T19:02:56.867Z" hostname="browser-firefox" tests="1" failures="0" skipped="1" time="0" errors="0">
<testcase name="Sentiment Analysis Execution › should complete sentiment configuration and enable execution" classname="sentiment-execution.spec.ts" time="0">
<skipped>
</skipped>
</testcase>
</testsuite>
<testsuite name="system-verification-e2e.spec.ts" timestamp="2025-06-16T19:02:56.867Z" hostname="browser-firefox" tests="9" failures="0" skipped="9" time="0" errors="0">
<testcase name="Enhanced DataCloak System Verification › Verify Enhanced DataCloak Service Structure" classname="system-verification-e2e.spec.ts" time="0">
<skipped>
</skipped>
</testcase>
<testcase name="Enhanced DataCloak System Verification › Verify API Endpoint Structure" classname="system-verification-e2e.spec.ts" time="0">
<skipped>
</skipped>
</testcase>
<testcase name="Enhanced DataCloak System Verification › Verify Frontend Component Structure" classname="system-verification-e2e.spec.ts" time="0">
<skipped>
</skipped>
</testcase>
<testcase name="Enhanced DataCloak System Verification › Verify Testing Infrastructure" classname="system-verification-e2e.spec.ts" time="0">
<skipped>
</skipped>
</testcase>
<testcase name="Enhanced DataCloak System Verification › Verify Integration Dependencies" classname="system-verification-e2e.spec.ts" time="0">
<skipped>
</skipped>
</testcase>
<testcase name="Enhanced DataCloak System Verification › Verify Production Readiness" classname="system-verification-e2e.spec.ts" time="0">
<skipped>
</skipped>
</testcase>
<testcase name="Enhanced DataCloak System Verification › Verify Compliance and Security Features" classname="system-verification-e2e.spec.ts" time="0">
<skipped>
</skipped>
</testcase>
<testcase name="Enhanced DataCloak System Verification › Performance Benchmarks Verification" classname="system-verification-e2e.spec.ts" time="0">
<skipped>
</skipped>
</testcase>
<testcase name="System Integration Summary › Generate Integration Report" classname="system-verification-e2e.spec.ts" time="0">
<skipped>
</skipped>
</testcase>
</testsuite>
<testsuite name="workflow-navigation.spec.ts" timestamp="2025-06-16T19:02:56.867Z" hostname="browser-firefox" tests="1" failures="0" skipped="1" time="0" errors="0">
<testcase name="Workflow Navigation › should progress through workflow steps" classname="workflow-navigation.spec.ts" time="0">
<skipped>
</skipped>
</testcase>
</testsuite>
<testsuite name="01-file-upload.spec.ts" timestamp="2025-06-16T19:02:56.867Z" hostname="browser-webkit" tests="10" failures="0" skipped="10" time="0" errors="0">
<testcase name="File Upload Functionality › should upload small CSV file successfully" classname="01-file-upload.spec.ts" time="0">
<skipped>
</skipped>
</testcase>
<testcase name="File Upload Functionality › should upload medium CSV file with progress indication" classname="01-file-upload.spec.ts" time="0">
<skipped>
</skipped>
</testcase>
<testcase name="File Upload Functionality › should handle large CSV file upload" classname="01-file-upload.spec.ts" time="0">
<skipped>
</skipped>
</testcase>
<testcase name="File Upload Functionality › should upload PII-containing file and show warnings" classname="01-file-upload.spec.ts" time="0">
<skipped>
</skipped>
</testcase>
<testcase name="File Upload Functionality › should reject invalid file formats" classname="01-file-upload.spec.ts" time="0">
<skipped>
</skipped>
</testcase>
<testcase name="File Upload Functionality › should handle malformed CSV gracefully" classname="01-file-upload.spec.ts" time="0">
<skipped>
</skipped>
</testcase>
<testcase name="File Upload Functionality › should support drag and drop file upload" classname="01-file-upload.spec.ts" time="0">
<skipped>
</skipped>
</testcase>
<testcase name="File Upload Functionality › should show file requirements and help text" classname="01-file-upload.spec.ts" time="0">
<skipped>
</skipped>
</testcase>
<testcase name="File Upload Error Scenarios › should handle server upload errors gracefully" classname="01-file-upload.spec.ts" time="0">
<skipped>
</skipped>
</testcase>
<testcase name="File Upload Error Scenarios › should handle network connectivity issues" classname="01-file-upload.spec.ts" time="0">
<skipped>
</skipped>
</testcase>
</testsuite>
<testsuite name="02-field-detection.spec.ts" timestamp="2025-06-16T19:02:56.867Z" hostname="browser-webkit" tests="7" failures="0" skipped="7" time="0" errors="0">
<testcase name="Field Detection and PII Identification › should detect common field types correctly" classname="02-field-detection.spec.ts" time="0">
<skipped>
</skipped>
</testcase>
<testcase name="Field Detection and PII Identification › should identify PII fields and show security warnings" classname="02-field-detection.spec.ts" time="0">
<skipped>
</skipped>
</testcase>
<testcase name="Field Detection and PII Identification › should show field statistics and data quality metrics" classname="02-field-detection.spec.ts" time="0">
<skipped>
</skipped>
</testcase>
<testcase name="Field Detection and PII Identification › should handle field inference with low confidence" classname="02-field-detection.spec.ts" time="0">
<skipped>
</skipped>
</testcase>
<testcase name="Field Detection and PII Identification › should allow manual field type corrections" classname="02-field-detection.spec.ts" time="0">
<skipped>
</skipped>
</testcase>
<testcase name="Field Detection and PII Identification › should display field count and row count summaries" classname="02-field-detection.spec.ts" time="0">
<skipped>
</skipped>
</testcase>
<testcase name="Field Detection and PII Identification › should handle empty or invalid columns gracefully" classname="02-field-detection.spec.ts" time="0">
<skipped>
</skipped>
</testcase>
</testsuite>
<testsuite name="03-transform-operations.spec.ts" timestamp="2025-06-16T19:02:56.867Z" hostname="browser-webkit" tests="9" failures="0" skipped="9" time="0" errors="0">
<testcase name="Data Transform Operations › should display available transformation options" classname="03-transform-operations.spec.ts" time="0">
<skipped>
</skipped>
</testcase>
<testcase name="Data Transform Operations › should support data filtering operations" classname="03-transform-operations.spec.ts" time="0">
<skipped>
</skipped>
</testcase>
<testcase name="Data Transform Operations › should support data sorting and ordering" classname="03-transform-operations.spec.ts" time="0">
<skipped>
</skipped>
</testcase>
<testcase name="Data Transform Operations › should support field renaming and formatting" classname="03-transform-operations.spec.ts" time="0">
<skipped>
</skipped>
</testcase>
<testcase name="Data Transform Operations › should provide transform preview functionality" classname="03-transform-operations.spec.ts" time="0">
<skipped>
</skipped>
</testcase>
<testcase name="Data Transform Operations › should allow skipping optional transformations" classname="03-transform-operations.spec.ts" time="0">
<skipped>
</skipped>
</testcase>
<testcase name="Data Transform Operations › should handle transform validation and errors" classname="03-transform-operations.spec.ts" time="0">
<skipped>
</skipped>
</testcase>
<testcase name="Data Transform Operations › should save and display transform configuration" classname="03-transform-operations.spec.ts" time="0">
<skipped>
</skipped>
</testcase>
<testcase name="Data Transform Operations › should handle large dataset transformations" classname="03-transform-operations.spec.ts" time="0">
<skipped>
</skipped>
</testcase>
</testsuite>
<testsuite name="04-sentiment-analysis.spec.ts" timestamp="2025-06-16T19:02:56.867Z" hostname="browser-webkit" tests="8" failures="0" skipped="8" time="0" errors="0">
<testcase name="Sentiment Analysis with OpenAI Integration › should display sentiment analysis configuration options" classname="04-sentiment-analysis.spec.ts" time="0">
<skipped>
</skipped>
</testcase>
<testcase name="Sentiment Analysis with OpenAI Integration › should display cost estimation for sentiment analysis" classname="04-sentiment-analysis.spec.ts" time="0">
<skipped>
</skipped>
</testcase>
<testcase name="Sentiment Analysis with OpenAI Integration › should start sentiment analysis job successfully" classname="04-sentiment-analysis.spec.ts" time="0">
<skipped>
</skipped>
</testcase>
<testcase name="Sentiment Analysis with OpenAI Integration › should show progress during sentiment analysis" classname="04-sentiment-analysis.spec.ts" time="0">
<skipped>
</skipped>
</testcase>
<testcase name="Sentiment Analysis with OpenAI Integration › should complete sentiment analysis and show results" classname="04-sentiment-analysis.spec.ts" time="0">
<skipped>
</skipped>
</testcase>
<testcase name="Sentiment Analysis with OpenAI Integration › should handle OpenAI API errors gracefully" classname="04-sentiment-analysis.spec.ts" time="0">
<skipped>
</skipped>
</testcase>
<testcase name="Sentiment Analysis with OpenAI Integration › should test different sentiment datasets" classname="04-sentiment-analysis.spec.ts" time="0">
<skipped>
</skipped>
</testcase>
<testcase name="Sentiment Analysis with OpenAI Integration › should provide sentiment analysis insights and metrics" classname="04-sentiment-analysis.spec.ts" time="0">
<skipped>
</skipped>
</testcase>
</testsuite>
<testsuite name="05-results-export.spec.ts" timestamp="2025-06-16T19:02:56.867Z" hostname="browser-webkit" tests="9" failures="0" skipped="9" time="0" errors="0">
<testcase name="Results Export Functionality › should display sentiment analysis results overview" classname="05-results-export.spec.ts" time="0">
<skipped>
</skipped>
</testcase>
<testcase name="Results Export Functionality › should provide multiple export format options" classname="05-results-export.spec.ts" time="0">
<skipped>
</skipped>
</testcase>
<testcase name="Results Export Functionality › should successfully export results as CSV" classname="05-results-export.spec.ts" time="0">
<skipped>
</skipped>
</testcase>
<testcase name="Results Export Functionality › should successfully export results as Excel" classname="05-results-export.spec.ts" time="0">
<skipped>
</skipped>
</testcase>
<testcase name="Results Export Functionality › should successfully export results as JSON" classname="05-results-export.spec.ts" time="0">
<skipped>
</skipped>
</testcase>
<testcase name="Results Export Functionality › should provide filtering and column selection for export" classname="05-results-export.spec.ts" time="0">
<skipped>
</skipped>
</testcase>
<testcase name="Results Export Functionality › should handle large dataset exports" classname="05-results-export.spec.ts" time="0">
<skipped>
</skipped>
</testcase>
<testcase name="Results Export Functionality › should handle export errors gracefully" classname="05-results-export.spec.ts" time="0">
<skipped>
</skipped>
</testcase>
<testcase name="Results Export Functionality › should provide download progress and completion feedback" classname="05-results-export.spec.ts" time="0">
<skipped>
</skipped>
</testcase>
</testsuite>
<testsuite name="accessibility.spec.ts" timestamp="2025-06-16T19:02:56.867Z" hostname="browser-webkit" tests="1" failures="0" skipped="1" time="0" errors="0">
<testcase name="Accessibility Tests › should not have critical accessibility violations on main pages" classname="accessibility.spec.ts" time="0">
<skipped>
</skipped>
</testcase>
</testsuite>
<testsuite name="bug-verification.spec.ts" timestamp="2025-06-16T19:02:56.867Z" hostname="browser-webkit" tests="2" failures="0" skipped="2" time="0" errors="0">
<testcase name="Bug Fix Verification › should verify all reported bugs are fixed" classname="bug-verification.spec.ts" time="0">
<skipped>
</skipped>
</testcase>
<testcase name="Bug Fix Verification › should verify mobile view layout (Bug #13)" classname="bug-verification.spec.ts" time="0">
<skipped>
</skipped>
</testcase>
</testsuite>
<testsuite name="enhanced-datacloak-e2e.spec.ts" timestamp="2025-06-16T19:02:56.867Z" hostname="browser-webkit" tests="9" failures="0" skipped="9" time="0" errors="0">
<testcase name="Enhanced DataCloak E2E Tests › Complete Enhanced DataCloak Workflow - HIPAA Compliance" classname="enhanced-datacloak-e2e.spec.ts" time="0">
<skipped>
</skipped>
</testcase>
<testcase name="Enhanced DataCloak E2E Tests › Multi-Framework Compliance Comparison" classname="enhanced-datacloak-e2e.spec.ts" time="0">
<skipped>
</skipped>
</testcase>
<testcase name="Enhanced DataCloak E2E Tests › Real-time Risk Assessment During Upload" classname="enhanced-datacloak-e2e.spec.ts" time="0">
<skipped>
</skipped>
</testcase>
<testcase name="Enhanced DataCloak E2E Tests › Large Dataset Performance Testing" classname="enhanced-datacloak-e2e.spec.ts" time="0">
<skipped>
</skipped>
</testcase>
<testcase name="Enhanced DataCloak E2E Tests › Custom Pattern Creation and Testing" classname="enhanced-datacloak-e2e.spec.ts" time="0">
<skipped>
</skipped>
</testcase>
<testcase name="Enhanced DataCloak E2E Tests › Integration Testing - Backend API Endpoints" classname="enhanced-datacloak-e2e.spec.ts" time="0">
<skipped>
</skipped>
</testcase>
<testcase name="Enhanced DataCloak E2E Tests › Accessibility and Mobile Responsiveness" classname="enhanced-datacloak-e2e.spec.ts" time="0">
<skipped>
</skipped>
</testcase>
<testcase name="Enhanced DataCloak E2E Tests › Error Handling and Recovery" classname="enhanced-datacloak-e2e.spec.ts" time="0">
<skipped>
</skipped>
</testcase>
<testcase name="Performance Benchmarks › Measure key performance metrics" classname="enhanced-datacloak-e2e.spec.ts" time="0">
<skipped>
</skipped>
</testcase>
</testsuite>
<testsuite name="focused-bug-check.spec.ts" timestamp="2025-06-16T19:02:56.867Z" hostname="browser-webkit" tests="1" failures="0" skipped="1" time="0" errors="0">
<testcase name="Focused Bug Verification › Bugs #8, #11, #12 - Backend errors, Skip transform, Cost estimation" classname="focused-bug-check.spec.ts" time="0">
<skipped>
</skipped>
</testcase>
</testsuite>
<testsuite name="integration-workflow-e2e.spec.ts" timestamp="2025-06-16T19:02:56.867Z" hostname="browser-webkit" tests="8" failures="0" skipped="8" time="0" errors="0">
<testcase name="Integration Workflow E2E Tests › Complete HIPAA Healthcare Data Processing Workflow" classname="integration-workflow-e2e.spec.ts" time="0">
<skipped>
</skipped>
</testcase>
<testcase name="Integration Workflow E2E Tests › Financial Data PCI-DSS Compliance Workflow" classname="integration-workflow-e2e.spec.ts" time="0">
<skipped>
</skipped>
</testcase>
<testcase name="Integration Workflow E2E Tests › GDPR European Data Processing Workflow" classname="integration-workflow-e2e.spec.ts" time="0">
<skipped>
</skipped>
</testcase>
<testcase name="Integration Workflow E2E Tests › Performance and Scalability Integration Test" classname="integration-workflow-e2e.spec.ts" time="0">
<skipped>
</skipped>
</testcase>
<testcase name="Integration Workflow E2E Tests › Error Recovery and Resilience Integration Test" classname="integration-workflow-e2e.spec.ts" time="0">
<skipped>
</skipped>
</testcase>
<testcase name="Integration Workflow E2E Tests › Cross-Browser Compatibility Integration Test" classname="integration-workflow-e2e.spec.ts" time="0">
<skipped>
</skipped>
</testcase>
<testcase name="API Integration Tests › Backend API Endpoints Integration" classname="integration-workflow-e2e.spec.ts" time="0">
<skipped>
</skipped>
</testcase>
<testcase name="API Integration Tests › WebSocket Real-time Integration" classname="integration-workflow-e2e.spec.ts" time="0">
<skipped>
</skipped>
</testcase>
</testsuite>
<testsuite name="sentiment-execution.spec.ts" timestamp="2025-06-16T19:02:56.867Z" hostname="browser-webkit" tests="1" failures="0" skipped="1" time="0" errors="0">
<testcase name="Sentiment Analysis Execution › should complete sentiment configuration and enable execution" classname="sentiment-execution.spec.ts" time="0">
<skipped>
</skipped>
</testcase>
</testsuite>
<testsuite name="system-verification-e2e.spec.ts" timestamp="2025-06-16T19:02:56.867Z" hostname="browser-webkit" tests="9" failures="0" skipped="9" time="0" errors="0">
<testcase name="Enhanced DataCloak System Verification › Verify Enhanced DataCloak Service Structure" classname="system-verification-e2e.spec.ts" time="0">
<skipped>
</skipped>
</testcase>
<testcase name="Enhanced DataCloak System Verification › Verify API Endpoint Structure" classname="system-verification-e2e.spec.ts" time="0">
<skipped>
</skipped>
</testcase>
<testcase name="Enhanced DataCloak System Verification › Verify Frontend Component Structure" classname="system-verification-e2e.spec.ts" time="0">
<skipped>
</skipped>
</testcase>
<testcase name="Enhanced DataCloak System Verification › Verify Testing Infrastructure" classname="system-verification-e2e.spec.ts" time="0">
<skipped>
</skipped>
</testcase>
<testcase name="Enhanced DataCloak System Verification › Verify Integration Dependencies" classname="system-verification-e2e.spec.ts" time="0">
<skipped>
</skipped>
</testcase>
<testcase name="Enhanced DataCloak System Verification › Verify Production Readiness" classname="system-verification-e2e.spec.ts" time="0">
<skipped>
</skipped>
</testcase>
<testcase name="Enhanced DataCloak System Verification › Verify Compliance and Security Features" classname="system-verification-e2e.spec.ts" time="0">
<skipped>
</skipped>
</testcase>
<testcase name="Enhanced DataCloak System Verification › Performance Benchmarks Verification" classname="system-verification-e2e.spec.ts" time="0">
<skipped>
</skipped>
</testcase>
<testcase name="System Integration Summary › Generate Integration Report" classname="system-verification-e2e.spec.ts" time="0">
<skipped>
</skipped>
</testcase>
</testsuite>
<testsuite name="workflow-navigation.spec.ts" timestamp="2025-06-16T19:02:56.867Z" hostname="browser-webkit" tests="1" failures="0" skipped="1" time="0" errors="0">
<testcase name="Workflow Navigation › should progress through workflow steps" classname="workflow-navigation.spec.ts" time="0">
<skipped>
</skipped>
</testcase>
</testsuite>
<testsuite name="01-file-upload.spec.ts" timestamp="2025-06-16T19:02:56.867Z" hostname="mobile-chrome" tests="10" failures="0" skipped="10" time="0" errors="0">
<testcase name="File Upload Functionality › should upload small CSV file successfully" classname="01-file-upload.spec.ts" time="0">
<skipped>
</skipped>
</testcase>
<testcase name="File Upload Functionality › should upload medium CSV file with progress indication" classname="01-file-upload.spec.ts" time="0">
<skipped>
</skipped>
</testcase>
<testcase name="File Upload Functionality › should handle large CSV file upload" classname="01-file-upload.spec.ts" time="0">
<skipped>
</skipped>
</testcase>
<testcase name="File Upload Functionality › should upload PII-containing file and show warnings" classname="01-file-upload.spec.ts" time="0">
<skipped>
</skipped>
</testcase>
<testcase name="File Upload Functionality › should reject invalid file formats" classname="01-file-upload.spec.ts" time="0">
<skipped>
</skipped>
</testcase>
<testcase name="File Upload Functionality › should handle malformed CSV gracefully" classname="01-file-upload.spec.ts" time="0">
<skipped>
</skipped>
</testcase>
<testcase name="File Upload Functionality › should support drag and drop file upload" classname="01-file-upload.spec.ts" time="0">
<skipped>
</skipped>
</testcase>
<testcase name="File Upload Functionality › should show file requirements and help text" classname="01-file-upload.spec.ts" time="0">
<skipped>
</skipped>
</testcase>
<testcase name="File Upload Error Scenarios › should handle server upload errors gracefully" classname="01-file-upload.spec.ts" time="0">
<skipped>
</skipped>
</testcase>
<testcase name="File Upload Error Scenarios › should handle network connectivity issues" classname="01-file-upload.spec.ts" time="0">
<skipped>
</skipped>
</testcase>
</testsuite>
<testsuite name="02-field-detection.spec.ts" timestamp="2025-06-16T19:02:56.867Z" hostname="mobile-chrome" tests="7" failures="0" skipped="7" time="0" errors="0">
<testcase name="Field Detection and PII Identification › should detect common field types correctly" classname="02-field-detection.spec.ts" time="0">
<skipped>
</skipped>
</testcase>
<testcase name="Field Detection and PII Identification › should identify PII fields and show security warnings" classname="02-field-detection.spec.ts" time="0">
<skipped>
</skipped>
</testcase>
<testcase name="Field Detection and PII Identification › should show field statistics and data quality metrics" classname="02-field-detection.spec.ts" time="0">
<skipped>
</skipped>
</testcase>
<testcase name="Field Detection and PII Identification › should handle field inference with low confidence" classname="02-field-detection.spec.ts" time="0">
<skipped>
</skipped>
</testcase>
<testcase name="Field Detection and PII Identification › should allow manual field type corrections" classname="02-field-detection.spec.ts" time="0">
<skipped>
</skipped>
</testcase>
<testcase name="Field Detection and PII Identification › should display field count and row count summaries" classname="02-field-detection.spec.ts" time="0">
<skipped>
</skipped>
</testcase>
<testcase name="Field Detection and PII Identification › should handle empty or invalid columns gracefully" classname="02-field-detection.spec.ts" time="0">
<skipped>
</skipped>
</testcase>
</testsuite>
</testsuites>