<testsuites id="" name="" tests="294" failures="243" skipped="6" errors="0" time="487.34224">
<testsuite name="01-app-launch.spec.ts" timestamp="2025-06-15T23:53:34.693Z" hostname="browser-chrome" tests="7" failures="0" skipped="0" time="8.271" errors="0">
<testcase name="App Launch › web UI launches at localhost:5173" classname="01-app-launch.spec.ts" time="1.392">
</testcase>
<testcase name="App Launch › verify all main UI elements present" classname="01-app-launch.spec.ts" time="1.64">
</testcase>
<testcase name="App Launch › check platform bridge initialization" classname="01-app-launch.spec.ts" time="0.975">
<system-out>
<![CDATA[Platform mode indication shown: false
]]>
</system-out>
</testcase>
<testcase name="App Launch › verify responsive design on mobile viewport" classname="01-app-launch.spec.ts" time="1.302">
</testcase>
<testcase name="App Launch › verify dark mode toggle if available" classname="01-app-launch.spec.ts" time="0.976">
<system-out>
<![CDATA[No theme toggle found - feature may not be implemented
]]>
</system-out>
</testcase>
<testcase name="App Launch › verify app version display" classname="01-app-launch.spec.ts" time="1.187">
<system-out>
<![CDATA[App version found: v1.0.0
]]>
</system-out>
</testcase>
<testcase name="App Launch › verify initial performance metrics" classname="01-app-launch.spec.ts" time="0.799">
<system-out>
<![CDATA[Performance metrics: {
  domContentLoaded: [33m0.09999999403953552[39m,
  loadComplete: [33m0[39m,
  totalTime: [33m110.09999999403954[39m
}
]]>
</system-out>
</testcase>
</testsuite>
<testsuite name="02-file-upload.spec.ts" timestamp="2025-06-15T23:53:34.693Z" hostname="browser-chrome" tests="10" failures="9" skipped="0" time="15.056" errors="0">
<testcase name="File Upload Functionality › should upload small CSV file successfully" classname="02-file-upload.spec.ts" time="1.019">
<failure message="02-file-upload.spec.ts:29:7 should upload small CSV file successfully" type="FAILURE">
<![CDATA[  [browser-chrome] › 02-file-upload.spec.ts:29:7 › File Upload Functionality › should upload small CSV file successfully › Upload small CSV file 

    Error: expect.toBeAttached: Error: strict mode violation: locator('input[type="file"]') resolved to 2 elements:
        1) <input type="file" accept=".csv,.xlsx,.xls,.tsv" data-testid="file-input-button" aria-label="Select file to upload" aria-describedby="file-restrictions"/> aka getByTestId('file-input-button')
        2) <input multiple type="file" accept=".csv,.xlsx,.xls,.tsv" data-testid="hidden-file-input" aria-describedby="file-requirements" aria-label="Select data files for upload"/> aka getByTestId('hidden-file-input')

    Call log:
      - Expect "toBeAttached" with timeout 5000ms
      - waiting for locator('input[type="file"]')


       at ../fixtures/test-fixtures.ts:203

      201 |   // Now set the file input (works for both browser and Electron modes)
      202 |   const fileInput = page.locator('input[type="file"]');
    > 203 |   await expect(fileInput).toBeAttached({ timeout: 5000 });
          |                           ^
      204 |   await fileInput.setInputFiles(filePath);
      205 | };
      206 |
        at uploadFile (/Users/thomaswagner/Documents/datacloak-sentiment-workbench/packages/e2e-tests/fixtures/test-fixtures.ts:203:27)
        at /Users/thomaswagner/Documents/datacloak-sentiment-workbench/packages/e2e-tests/tests/02-file-upload.spec.ts:31:7
        at /Users/thomaswagner/Documents/datacloak-sentiment-workbench/packages/e2e-tests/tests/02-file-upload.spec.ts:30:5

    attachment #1: screenshot (image/png) ──────────────────────────────────────────────────────────
    test-results/artifacts/02-file-upload-File-Upload-7698c-small-CSV-file-successfully-browser-chrome/test-failed-1.png
    ────────────────────────────────────────────────────────────────────────────────────────────────

    attachment #2: video (video/webm) ──────────────────────────────────────────────────────────────
    test-results/artifacts/02-file-upload-File-Upload-7698c-small-CSV-file-successfully-browser-chrome/video.webm
    ────────────────────────────────────────────────────────────────────────────────────────────────

    Error Context: ../test-results/artifacts/02-file-upload-File-Upload-7698c-small-CSV-file-successfully-browser-chrome/error-context.md
]]>
</failure>
<system-out>
<![CDATA[→ GET http://localhost:5173/
← [33m200[39m http://localhost:5173/
→ GET http://localhost:5173/@vite/client
→ GET http://localhost:5173/src/main.tsx?t=1750030703180
→ GET http://localhost:5173/@react-refresh
← [33m200[39m http://localhost:5173/src/main.tsx?t=1750030703180
→ GET http://localhost:5173/node_modules/.vite/deps/react_jsx-dev-runtime.js?v=6c3f721c
→ GET http://localhost:5173/node_modules/.vite/deps/react.js?v=6c3f721c
→ GET http://localhost:5173/node_modules/.vite/deps/react-dom_client.js?v=a50e1294
→ GET http://localhost:5173/src/index.css
→ GET http://localhost:5173/src/App.tsx?t=1750030703180
← [33m200[39m http://localhost:5173/@vite/client
→ GET http://localhost:5173/node_modules/vite/dist/client/env.mjs
← [33m200[39m http://localhost:5173/@react-refresh
← [33m200[39m http://localhost:5173/node_modules/.vite/deps/react_jsx-dev-runtime.js?v=6c3f721c
→ GET http://localhost:5173/node_modules/.vite/deps/chunk-UBDIXFPO.js?v=676c4d25
← [33m200[39m http://localhost:5173/node_modules/.vite/deps/react.js?v=6c3f721c
← [33m200[39m http://localhost:5173/node_modules/vite/dist/client/env.mjs
← [33m200[39m http://localhost:5173/src/index.css
← [33m200[39m http://localhost:5173/node_modules/.vite/deps/chunk-UBDIXFPO.js?v=676c4d25
← [33m200[39m http://localhost:5173/src/App.tsx?t=1750030703180
→ GET http://localhost:5173/src/App.css?t=1750030703180
→ GET http://localhost:5173/src/context/AppContext.tsx?t=1750028445161
→ GET http://localhost:5173/src/components/Navigation.tsx?t=1750030602543
→ GET http://localhost:5173/src/components/WorkflowManager.tsx?t=1750030602543
→ GET http://localhost:5173/src/components/NotificationToast.tsx?t=1750028445161
→ GET http://localhost:5173/src/components/ErrorBoundary.tsx
→ GET http://localhost:5173/src/components/ProgressIndicator.tsx?t=1750015148848
→ GET http://localhost:5173/src/components/RealTimeDashboard.tsx?t=1750028445161
← [33m200[39m http://localhost:5173/src/App.css?t=1750030703180
← [33m200[39m http://localhost:5173/node_modules/.vite/deps/react-dom_client.js?v=a50e1294
← [33m200[39m http://localhost:5173/src/context/AppContext.tsx?t=1750028445161
← [33m200[39m http://localhost:5173/src/components/Navigation.tsx?t=1750030602543
→ GET http://localhost:5173/node_modules/.vite/deps/chunk-KBNVMJOC.js?v=676c4d25
→ GET http://localhost:5173/src/components/AppVersion.tsx
→ GET http://localhost:5173/src/components/Navigation.css?t=1749995170122
← [33m200[39m http://localhost:5173/src/components/WorkflowManager.tsx?t=1750030602543
→ GET http://localhost:5173/src/components/index.ts?t=1750030602543
→ GET http://localhost:5173/src/components/LazyComponents.tsx?t=1750030490824
→ GET http://localhost:5173/src/hooks/useWebWorker.ts?t=1750014984624
→ GET http://localhost:5173/src/components/WorkflowManager.css?t=1749992255972
← [33m200[39m http://localhost:5173/src/components/NotificationToast.tsx?t=1750028445161
→ GET http://localhost:5173/src/components/NotificationToast.css
← [33m200[39m http://localhost:5173/src/components/ErrorBoundary.tsx
← [33m200[39m http://localhost:5173/src/components/ProgressIndicator.tsx?t=1750015148848
← [33m200[39m http://localhost:5173/src/components/RealTimeDashboard.tsx?t=1750028445161
→ GET http://localhost:5173/src/components/ErrorBoundary.css
→ GET http://localhost:5173/src/components/ProgressIndicator.css
→ GET http://localhost:5173/src/components/MemoryMonitor.tsx?t=1750028445161
→ GET http://localhost:5173/src/components/SSEProgressIndicator.tsx?t=1750028445161
→ GET http://localhost:5173/src/components/WebSocketStatus.tsx?t=1750028445161
→ GET http://localhost:5173/src/components/RealTimeDashboard.css
← [33m200[39m http://localhost:5173/node_modules/.vite/deps/chunk-KBNVMJOC.js?v=676c4d25
← [33m200[39m http://localhost:5173/src/components/AppVersion.tsx
← [33m200[39m http://localhost:5173/src/components/Navigation.css?t=1749995170122
→ GET http://localhost:5173/src/components/AppVersion.css
← [33m200[39m http://localhost:5173/src/components/index.ts?t=1750030602543
→ GET http://localhost:5173/src/components/DataSourcePicker.tsx?t=1750030148913
→ GET http://localhost:5173/src/components/ProfilerUI.tsx?t=1750030188693
→ GET http://localhost:5173/src/components/TransformDesigner.tsx?t=1750030251852
→ GET http://localhost:5173/src/components/TransformOperationEditor.tsx?t=1750024154646
→ GET http://localhost:5173/src/components/TransformPreviewPanel.tsx
→ GET http://localhost:5173/src/components/TransformConfigDisplay.tsx?t=1750028445161
→ GET http://localhost:5173/src/components/RunWizard.tsx?t=1750030330428
→ GET http://localhost:5173/src/components/ResultExplorer.tsx?t=1750030490824
→ GET http://localhost:5173/src/components/SentimentInsights.tsx?t=1750028445161
→ GET http://localhost:5173/src/components/DataPreview.tsx
→ GET http://localhost:5173/src/components/VirtualScrollList.tsx
→ GET http://localhost:5173/src/components/ApiErrorDisplay.tsx
→ GET http://localhost:5173/src/components/ExportErrorHandler.tsx?t=1750028445161
→ GET http://localhost:5173/src/components/LargeFileUploader.tsx?t=1750030148913
→ GET http://localhost:5173/src/components/LargeDatasetExporter.tsx?t=1750028445161
→ GET http://localhost:5173/src/components/ElectronFeatureMonitor.tsx?t=1750028445161
→ GET http://localhost:5173/src/components/SecurityAuditReport.tsx?t=1750026236037
→ GET http://localhost:5173/src/components/SecurityBadge.tsx
→ GET http://localhost:5173/src/components/TransformPipelinePersistence.tsx?t=1750028445161
→ GET http://localhost:5173/src/components/SentimentAnalysisControl.tsx?t=1750028445161
→ GET http://localhost:5173/src/components/JobQueueManager.tsx?t=1750028445161
← [33m200[39m http://localhost:5173/src/components/LazyComponents.tsx?t=1750030490824
← [33m200[39m http://localhost:5173/src/hooks/useWebWorker.ts?t=1750014984624
← [33m200[39m http://localhost:5173/src/components/NotificationToast.css
← [33m200[39m http://localhost:5173/src/components/ErrorBoundary.css
→ GET http://localhost:5173/src/utils/performance.ts
→ GET http://localhost:5173/src/components/LazyComponents.css
← [33m200[39m http://localhost:5173/src/components/ProgressIndicator.css
← [33m200[39m http://localhost:5173/src/components/WorkflowManager.css?t=1749992255972
← [33m200[39m http://localhost:5173/src/components/MemoryMonitor.tsx?t=1750028445161
→ GET http://localhost:5173/src/hooks/useMemoryMonitor.ts?t=1750028445161
→ GET http://localhost:5173/src/components/MemoryMonitor.css
← [33m200[39m http://localhost:5173/src/components/SSEProgressIndicator.tsx?t=1750028445161
→ GET http://localhost:5173/src/components/SSEProgressIndicator.css
← [33m200[39m http://localhost:5173/src/components/AppVersion.css
← [33m200[39m http://localhost:5173/src/components/RealTimeDashboard.css
← [33m200[39m http://localhost:5173/src/components/WebSocketStatus.tsx?t=1750028445161
→ GET http://localhost:5173/src/components/WebSocketStatus.css
← [33m200[39m http://localhost:5173/src/components/DataSourcePicker.tsx?t=1750030148913
→ GET http://localhost:5173/src/hooks/useApiErrorHandler.ts?t=1750028445161
→ GET http://localhost:5173/src/components/DataSourcePicker.css?t=1750008828131
← [33m200[39m http://localhost:5173/src/components/TransformDesigner.tsx?t=1750030251852
→ GET http://localhost:5173/src/components/TransformDesigner.css
← [33m200[39m http://localhost:5173/src/components/TransformConfigDisplay.tsx?t=1750028445161
← [33m200[39m http://localhost:5173/src/components/TransformOperationEditor.tsx?t=1750024154646
→ GET http://localhost:5173/src/components/TransformConfigDisplay.css
→ GET http://localhost:5173/src/components/TransformOperationEditor.css
← [33m200[39m http://localhost:5173/src/components/TransformPreviewPanel.tsx
→ GET http://localhost:5173/src/components/TransformPreviewPanel.css
← [33m200[39m http://localhost:5173/src/components/ProfilerUI.tsx?t=1750030188693
→ GET http://localhost:5173/src/components/ProfilerUI.css?t=1750022315517
← [33m200[39m http://localhost:5173/src/components/ResultExplorer.tsx?t=1750030490824
→ GET http://localhost:5173/src/hooks/useDebounce.ts
→ GET http://localhost:5173/src/components/ResultExplorer.css?t=1750008175222
← [33m200[39m http://localhost:5173/src/components/SentimentInsights.tsx?t=1750028445161
→ GET http://localhost:5173/src/components/SentimentInsights.css
← [33m200[39m http://localhost:5173/src/components/DataPreview.tsx
→ GET http://localhost:5173/src/components/DataPreview.css
← [33m200[39m http://localhost:5173/src/components/VirtualScrollList.tsx
→ GET http://localhost:5173/src/components/VirtualScrollList.css
← [33m200[39m http://localhost:5173/src/components/RunWizard.tsx?t=1750030330428
→ GET http://localhost:5173/src/components/RunWizard.css?t=1749994688834
← [33m200[39m http://localhost:5173/src/components/ExportErrorHandler.tsx?t=1750028445161
→ GET http://localhost:5173/src/components/ExportErrorHandler.css
← [33m200[39m http://localhost:5173/src/components/LargeFileUploader.tsx?t=1750030148913
→ GET http://localhost:5173/src/hooks/useLargeFileUpload.ts?t=1750028445161
→ GET http://localhost:5173/src/components/LargeFileUploader.css
← [33m200[39m http://localhost:5173/src/components/LargeDatasetExporter.tsx?t=1750028445161
← [33m200[39m http://localhost:5173/src/components/ElectronFeatureMonitor.tsx?t=1750028445161
→ GET http://localhost:5173/src/components/LargeDatasetExporter.css
→ GET http://localhost:5173/src/components/ElectronFeatureMonitor.css
← [33m200[39m http://localhost:5173/src/components/ApiErrorDisplay.tsx
→ GET http://localhost:5173/src/components/ApiErrorDisplay.css
← [33m200[39m http://localhost:5173/src/components/SecurityBadge.tsx
→ GET http://localhost:5173/src/components/SecurityBadge.css
← [33m200[39m http://localhost:5173/src/components/TransformPipelinePersistence.tsx?t=1750028445161
→ GET http://localhost:5173/src/components/TransformPipelinePersistence.css
← [33m200[39m http://localhost:5173/src/components/SentimentAnalysisControl.tsx?t=1750028445161
→ GET http://localhost:5173/src/components/SentimentAnalysisControl.css
← [33m200[39m http://localhost:5173/src/components/LazyComponents.css
← [33m200[39m http://localhost:5173/src/components/SecurityAuditReport.tsx?t=1750026236037
← [33m200[39m http://localhost:5173/src/components/JobQueueManager.tsx?t=1750028445161
→ GET http://localhost:5173/src/components/SecurityAuditReport.css
→ GET http://localhost:5173/src/components/JobQueueManager.css
← [33m200[39m http://localhost:5173/src/hooks/useMemoryMonitor.ts?t=1750028445161
← [33m200[39m http://localhost:5173/src/components/MemoryMonitor.css
← [33m200[39m http://localhost:5173/src/components/SSEProgressIndicator.css
← [33m200[39m http://localhost:5173/src/utils/performance.ts
← [33m200[39m http://localhost:5173/src/hooks/useApiErrorHandler.ts?t=1750028445161
← [33m200[39m http://localhost:5173/src/components/DataSourcePicker.css?t=1750008828131
← [33m200[39m http://localhost:5173/src/components/TransformDesigner.css
← [33m200[39m http://localhost:5173/src/components/TransformConfigDisplay.css
← [33m200[39m http://localhost:5173/src/components/TransformOperationEditor.css
← [33m200[39m http://localhost:5173/src/components/WebSocketStatus.css
← [33m200[39m http://localhost:5173/src/components/TransformPreviewPanel.css
← [33m200[39m http://localhost:5173/src/components/ProfilerUI.css?t=1750022315517
← [33m200[39m http://localhost:5173/src/hooks/useDebounce.ts
← [33m200[39m http://localhost:5173/src/components/DataPreview.css
← [33m200[39m http://localhost:5173/src/components/ResultExplorer.css?t=1750008175222
← [33m200[39m http://localhost:5173/src/components/VirtualScrollList.css
← [33m200[39m http://localhost:5173/src/components/SentimentInsights.css
← [33m200[39m http://localhost:5173/src/components/RunWizard.css?t=1749994688834
← [33m200[39m http://localhost:5173/src/components/ExportErrorHandler.css
← [33m200[39m http://localhost:5173/src/hooks/useLargeFileUpload.ts?t=1750028445161
← [33m200[39m http://localhost:5173/src/components/LargeFileUploader.css
← [33m200[39m http://localhost:5173/src/components/LargeDatasetExporter.css
← [33m200[39m http://localhost:5173/src/components/ElectronFeatureMonitor.css
← [33m200[39m http://localhost:5173/src/components/SecurityBadge.css
← [33m200[39m http://localhost:5173/src/components/TransformPipelinePersistence.css
← [33m200[39m http://localhost:5173/src/components/SentimentAnalysisControl.css
← [33m200[39m http://localhost:5173/src/components/ApiErrorDisplay.css
← [33m200[39m http://localhost:5173/src/components/SecurityAuditReport.css
← [33m200[39m http://localhost:5173/src/components/JobQueueManager.css

[[ATTACHMENT|artifacts/02-file-upload-File-Upload-7698c-small-CSV-file-successfully-browser-chrome/test-failed-1.png]]

[[ATTACHMENT|artifacts/02-file-upload-File-Upload-7698c-small-CSV-file-successfully-browser-chrome/video.webm]]

[[ATTACHMENT|artifacts/02-file-upload-File-Upload-7698c-small-CSV-file-successfully-browser-chrome/error-context.md]]
]]>
</system-out>
<system-err>
<![CDATA[(node:36254) [DEP0147] DeprecationWarning: In future versions of Node.js, fs.rmdir(path, { recursive: true }) will be removed. Use fs.rm(path, { recursive: true }) instead
(Use `node --trace-deprecation ...` to show where the warning was created)
]]>
</system-err>
</testcase>
<testcase name="File Upload Functionality › should upload medium CSV file with progress indication" classname="02-file-upload.spec.ts" time="1.007">
<failure message="02-file-upload.spec.ts:60:7 should upload medium CSV file with progress indication" type="FAILURE">
<![CDATA[  [browser-chrome] › 02-file-upload.spec.ts:60:7 › File Upload Functionality › should upload medium CSV file with progress indication › Upload medium CSV file 

    Error: expect.toBeAttached: Error: strict mode violation: locator('input[type="file"]') resolved to 2 elements:
        1) <input type="file" accept=".csv,.xlsx,.xls,.tsv" data-testid="file-input-button" aria-label="Select file to upload" aria-describedby="file-restrictions"/> aka getByTestId('file-input-button')
        2) <input multiple type="file" accept=".csv,.xlsx,.xls,.tsv" data-testid="hidden-file-input" aria-describedby="file-requirements" aria-label="Select data files for upload"/> aka getByTestId('hidden-file-input')

    Call log:
      - Expect "toBeAttached" with timeout 5000ms
      - waiting for locator('input[type="file"]')


       at ../fixtures/test-fixtures.ts:203

      201 |   // Now set the file input (works for both browser and Electron modes)
      202 |   const fileInput = page.locator('input[type="file"]');
    > 203 |   await expect(fileInput).toBeAttached({ timeout: 5000 });
          |                           ^
      204 |   await fileInput.setInputFiles(filePath);
      205 | };
      206 |
        at uploadFile (/Users/thomaswagner/Documents/datacloak-sentiment-workbench/packages/e2e-tests/fixtures/test-fixtures.ts:203:27)
        at /Users/thomaswagner/Documents/datacloak-sentiment-workbench/packages/e2e-tests/tests/02-file-upload.spec.ts:62:7
        at /Users/thomaswagner/Documents/datacloak-sentiment-workbench/packages/e2e-tests/tests/02-file-upload.spec.ts:61:5

    attachment #1: screenshot (image/png) ──────────────────────────────────────────────────────────
    test-results/artifacts/02-file-upload-File-Upload-0a670-le-with-progress-indication-browser-chrome/test-failed-1.png
    ────────────────────────────────────────────────────────────────────────────────────────────────

    attachment #2: video (video/webm) ──────────────────────────────────────────────────────────────
    test-results/artifacts/02-file-upload-File-Upload-0a670-le-with-progress-indication-browser-chrome/video.webm
    ────────────────────────────────────────────────────────────────────────────────────────────────

    Error Context: ../test-results/artifacts/02-file-upload-File-Upload-0a670-le-with-progress-indication-browser-chrome/error-context.md
]]>
</failure>
<system-out>
<![CDATA[→ GET http://localhost:5173/
← [33m200[39m http://localhost:5173/
→ GET http://localhost:5173/@vite/client
→ GET http://localhost:5173/src/main.tsx?t=1750030703180
→ GET http://localhost:5173/@react-refresh
← [33m200[39m http://localhost:5173/@vite/client
← [33m200[39m http://localhost:5173/src/main.tsx?t=1750030703180
→ GET http://localhost:5173/node_modules/vite/dist/client/env.mjs
→ GET http://localhost:5173/node_modules/.vite/deps/react_jsx-dev-runtime.js?v=6c3f721c
→ GET http://localhost:5173/node_modules/.vite/deps/react.js?v=6c3f721c
→ GET http://localhost:5173/node_modules/.vite/deps/react-dom_client.js?v=a50e1294
→ GET http://localhost:5173/src/index.css
→ GET http://localhost:5173/src/App.tsx?t=1750030703180
← [33m200[39m http://localhost:5173/@react-refresh
← [33m200[39m http://localhost:5173/node_modules/vite/dist/client/env.mjs
← [33m200[39m http://localhost:5173/node_modules/.vite/deps/react.js?v=6c3f721c
← [33m200[39m http://localhost:5173/node_modules/.vite/deps/react_jsx-dev-runtime.js?v=6c3f721c
→ GET http://localhost:5173/node_modules/.vite/deps/chunk-UBDIXFPO.js?v=676c4d25
← [33m200[39m http://localhost:5173/src/App.tsx?t=1750030703180
→ GET http://localhost:5173/src/App.css?t=1750030703180
→ GET http://localhost:5173/src/context/AppContext.tsx?t=1750028445161
→ GET http://localhost:5173/src/components/Navigation.tsx?t=1750030602543
→ GET http://localhost:5173/src/components/WorkflowManager.tsx?t=1750030602543
→ GET http://localhost:5173/src/components/NotificationToast.tsx?t=1750028445161
→ GET http://localhost:5173/src/components/ErrorBoundary.tsx
→ GET http://localhost:5173/src/components/ProgressIndicator.tsx?t=1750015148848
→ GET http://localhost:5173/src/components/RealTimeDashboard.tsx?t=1750028445161
← [33m200[39m http://localhost:5173/node_modules/.vite/deps/chunk-UBDIXFPO.js?v=676c4d25
← [33m200[39m http://localhost:5173/src/index.css
← [33m200[39m http://localhost:5173/src/App.css?t=1750030703180
← [33m200[39m http://localhost:5173/src/context/AppContext.tsx?t=1750028445161
← [33m200[39m http://localhost:5173/src/components/Navigation.tsx?t=1750030602543
→ GET http://localhost:5173/src/components/AppVersion.tsx
→ GET http://localhost:5173/src/components/Navigation.css?t=1749995170122
← [33m200[39m http://localhost:5173/src/components/NotificationToast.tsx?t=1750028445161
← [33m200[39m http://localhost:5173/node_modules/.vite/deps/react-dom_client.js?v=a50e1294
→ GET http://localhost:5173/src/components/NotificationToast.css
← [33m200[39m http://localhost:5173/src/components/WorkflowManager.tsx?t=1750030602543
← [33m200[39m http://localhost:5173/src/components/ErrorBoundary.tsx
→ GET http://localhost:5173/node_modules/.vite/deps/chunk-KBNVMJOC.js?v=676c4d25
← [33m200[39m http://localhost:5173/src/components/Navigation.css?t=1749995170122
← [33m200[39m http://localhost:5173/src/components/AppVersion.tsx
← [33m200[39m http://localhost:5173/src/components/ProgressIndicator.tsx?t=1750015148848
→ GET http://localhost:5173/src/components/index.ts?t=1750030602543
→ GET http://localhost:5173/src/components/LazyComponents.tsx?t=1750030490824
→ GET http://localhost:5173/src/hooks/useWebWorker.ts?t=1750014984624
→ GET http://localhost:5173/src/components/WorkflowManager.css?t=1749992255972
→ GET http://localhost:5173/src/components/ErrorBoundary.css
→ GET http://localhost:5173/src/components/AppVersion.css
→ GET http://localhost:5173/src/components/ProgressIndicator.css
← [33m200[39m http://localhost:5173/src/components/RealTimeDashboard.tsx?t=1750028445161
→ GET http://localhost:5173/src/components/MemoryMonitor.tsx?t=1750028445161
→ GET http://localhost:5173/src/components/SSEProgressIndicator.tsx?t=1750028445161
→ GET http://localhost:5173/src/components/WebSocketStatus.tsx?t=1750028445161
→ GET http://localhost:5173/src/components/RealTimeDashboard.css
← [33m200[39m http://localhost:5173/src/components/NotificationToast.css
← [33m200[39m http://localhost:5173/node_modules/.vite/deps/chunk-KBNVMJOC.js?v=676c4d25
← [33m200[39m http://localhost:5173/src/components/index.ts?t=1750030602543
→ GET http://localhost:5173/src/components/DataSourcePicker.tsx?t=1750030148913
→ GET http://localhost:5173/src/components/ProfilerUI.tsx?t=1750030188693
→ GET http://localhost:5173/src/components/TransformDesigner.tsx?t=1750030251852
→ GET http://localhost:5173/src/components/TransformOperationEditor.tsx?t=1750024154646
→ GET http://localhost:5173/src/components/TransformPreviewPanel.tsx
→ GET http://localhost:5173/src/components/TransformConfigDisplay.tsx?t=1750028445161
→ GET http://localhost:5173/src/components/RunWizard.tsx?t=1750030330428
→ GET http://localhost:5173/src/components/ResultExplorer.tsx?t=1750030490824
→ GET http://localhost:5173/src/components/SentimentInsights.tsx?t=1750028445161
→ GET http://localhost:5173/src/components/DataPreview.tsx
→ GET http://localhost:5173/src/components/VirtualScrollList.tsx
→ GET http://localhost:5173/src/components/ApiErrorDisplay.tsx
→ GET http://localhost:5173/src/components/ExportErrorHandler.tsx?t=1750028445161
→ GET http://localhost:5173/src/components/LargeFileUploader.tsx?t=1750030148913
→ GET http://localhost:5173/src/components/LargeDatasetExporter.tsx?t=1750028445161
→ GET http://localhost:5173/src/components/ElectronFeatureMonitor.tsx?t=1750028445161
→ GET http://localhost:5173/src/components/SecurityAuditReport.tsx?t=1750026236037
→ GET http://localhost:5173/src/components/SecurityBadge.tsx
→ GET http://localhost:5173/src/components/TransformPipelinePersistence.tsx?t=1750028445161
→ GET http://localhost:5173/src/components/SentimentAnalysisControl.tsx?t=1750028445161
→ GET http://localhost:5173/src/components/JobQueueManager.tsx?t=1750028445161
← [33m200[39m http://localhost:5173/src/components/WorkflowManager.css?t=1749992255972
← [33m200[39m http://localhost:5173/src/hooks/useWebWorker.ts?t=1750014984624
← [33m200[39m http://localhost:5173/src/components/LazyComponents.tsx?t=1750030490824
→ GET http://localhost:5173/src/utils/performance.ts
→ GET http://localhost:5173/src/components/LazyComponents.css
← [33m200[39m http://localhost:5173/src/components/ErrorBoundary.css
← [33m200[39m http://localhost:5173/src/components/ProgressIndicator.css
← [33m200[39m http://localhost:5173/src/components/MemoryMonitor.tsx?t=1750028445161
→ GET http://localhost:5173/src/hooks/useMemoryMonitor.ts?t=1750028445161
→ GET http://localhost:5173/src/components/MemoryMonitor.css
← [33m200[39m http://localhost:5173/src/components/SSEProgressIndicator.tsx?t=1750028445161
→ GET http://localhost:5173/src/components/SSEProgressIndicator.css
← [33m200[39m http://localhost:5173/src/components/AppVersion.css
← [33m200[39m http://localhost:5173/src/components/WebSocketStatus.tsx?t=1750028445161
→ GET http://localhost:5173/src/components/WebSocketStatus.css
← [33m200[39m http://localhost:5173/src/components/DataSourcePicker.tsx?t=1750030148913
→ GET http://localhost:5173/src/hooks/useApiErrorHandler.ts?t=1750028445161
→ GET http://localhost:5173/src/components/DataSourcePicker.css?t=1750008828131
← [33m200[39m http://localhost:5173/src/components/ProfilerUI.tsx?t=1750030188693
→ GET http://localhost:5173/src/components/ProfilerUI.css?t=1750022315517
← [33m200[39m http://localhost:5173/src/components/TransformDesigner.tsx?t=1750030251852
← [33m200[39m http://localhost:5173/src/components/RealTimeDashboard.css
→ GET http://localhost:5173/src/components/TransformDesigner.css
← [33m200[39m http://localhost:5173/src/components/TransformConfigDisplay.tsx?t=1750028445161
→ GET http://localhost:5173/src/components/TransformConfigDisplay.css
← [33m200[39m http://localhost:5173/src/components/RunWizard.tsx?t=1750030330428
→ GET http://localhost:5173/src/components/RunWizard.css?t=1749994688834
← [33m200[39m http://localhost:5173/src/components/TransformOperationEditor.tsx?t=1750024154646
→ GET http://localhost:5173/src/components/TransformOperationEditor.css
← [33m200[39m http://localhost:5173/src/components/TransformPreviewPanel.tsx
← [33m200[39m http://localhost:5173/src/components/DataPreview.tsx
→ GET http://localhost:5173/src/components/TransformPreviewPanel.css
→ GET http://localhost:5173/src/components/DataPreview.css
← [33m200[39m http://localhost:5173/src/components/VirtualScrollList.tsx
→ GET http://localhost:5173/src/components/VirtualScrollList.css
← [33m200[39m http://localhost:5173/src/components/ApiErrorDisplay.tsx
→ GET http://localhost:5173/src/components/ApiErrorDisplay.css
← [33m200[39m http://localhost:5173/src/components/ResultExplorer.tsx?t=1750030490824
→ GET http://localhost:5173/src/hooks/useDebounce.ts
→ GET http://localhost:5173/src/components/ResultExplorer.css?t=1750008175222
← [33m200[39m http://localhost:5173/src/components/SentimentInsights.tsx?t=1750028445161
→ GET http://localhost:5173/src/components/SentimentInsights.css
← [33m200[39m http://localhost:5173/src/components/LargeFileUploader.tsx?t=1750030148913
→ GET http://localhost:5173/src/hooks/useLargeFileUpload.ts?t=1750028445161
→ GET http://localhost:5173/src/components/LargeFileUploader.css
← [33m200[39m http://localhost:5173/src/components/LargeDatasetExporter.tsx?t=1750028445161
→ GET http://localhost:5173/src/components/LargeDatasetExporter.css
← [33m200[39m http://localhost:5173/src/components/ElectronFeatureMonitor.tsx?t=1750028445161
→ GET http://localhost:5173/src/components/ElectronFeatureMonitor.css
← [33m200[39m http://localhost:5173/src/components/SecurityAuditReport.tsx?t=1750026236037
→ GET http://localhost:5173/src/components/SecurityAuditReport.css
← [33m200[39m http://localhost:5173/src/components/ExportErrorHandler.tsx?t=1750028445161
→ GET http://localhost:5173/src/components/ExportErrorHandler.css
← [33m200[39m http://localhost:5173/src/components/TransformPipelinePersistence.tsx?t=1750028445161
→ GET http://localhost:5173/src/components/TransformPipelinePersistence.css
← [33m200[39m http://localhost:5173/src/components/SentimentAnalysisControl.tsx?t=1750028445161
→ GET http://localhost:5173/src/components/SentimentAnalysisControl.css
← [33m200[39m http://localhost:5173/src/utils/performance.ts
← [33m200[39m http://localhost:5173/src/components/JobQueueManager.tsx?t=1750028445161
← [33m200[39m http://localhost:5173/src/components/SecurityBadge.tsx
→ GET http://localhost:5173/src/components/JobQueueManager.css
→ GET http://localhost:5173/src/components/SecurityBadge.css
← [33m200[39m http://localhost:5173/src/hooks/useMemoryMonitor.ts?t=1750028445161
← [33m200[39m http://localhost:5173/src/components/MemoryMonitor.css
← [33m200[39m http://localhost:5173/src/components/SSEProgressIndicator.css
← [33m200[39m http://localhost:5173/src/components/WebSocketStatus.css
← [33m200[39m http://localhost:5173/src/hooks/useApiErrorHandler.ts?t=1750028445161
← [33m200[39m http://localhost:5173/src/components/TransformDesigner.css
← [33m200[39m http://localhost:5173/src/components/LazyComponents.css
← [33m200[39m http://localhost:5173/src/components/DataSourcePicker.css?t=1750008828131
← [33m200[39m http://localhost:5173/src/components/ProfilerUI.css?t=1750022315517
← [33m200[39m http://localhost:5173/src/components/TransformConfigDisplay.css
← [33m200[39m http://localhost:5173/src/components/DataPreview.css
← [33m200[39m http://localhost:5173/src/components/TransformPreviewPanel.css
← [33m200[39m http://localhost:5173/src/components/VirtualScrollList.css
← [33m200[39m http://localhost:5173/src/components/RunWizard.css?t=1749994688834
← [33m200[39m http://localhost:5173/src/components/SentimentInsights.css
← [33m200[39m http://localhost:5173/src/hooks/useDebounce.ts
← [33m200[39m http://localhost:5173/src/components/LargeDatasetExporter.css
← [33m200[39m http://localhost:5173/src/components/ElectronFeatureMonitor.css
← [33m200[39m http://localhost:5173/src/components/ApiErrorDisplay.css
← [33m200[39m http://localhost:5173/src/components/ResultExplorer.css?t=1750008175222
← [33m200[39m http://localhost:5173/src/components/SentimentAnalysisControl.css
← [33m200[39m http://localhost:5173/src/components/TransformOperationEditor.css
← [33m200[39m http://localhost:5173/src/components/LargeFileUploader.css
← [33m200[39m http://localhost:5173/src/components/TransformPipelinePersistence.css
← [33m200[39m http://localhost:5173/src/components/SecurityAuditReport.css
← [33m200[39m http://localhost:5173/src/hooks/useLargeFileUpload.ts?t=1750028445161
← [33m200[39m http://localhost:5173/src/components/ExportErrorHandler.css
← [33m200[39m http://localhost:5173/src/components/JobQueueManager.css
← [33m200[39m http://localhost:5173/src/components/SecurityBadge.css

[[ATTACHMENT|artifacts/02-file-upload-File-Upload-0a670-le-with-progress-indication-browser-chrome/test-failed-1.png]]

[[ATTACHMENT|artifacts/02-file-upload-File-Upload-0a670-le-with-progress-indication-browser-chrome/video.webm]]

[[ATTACHMENT|artifacts/02-file-upload-File-Upload-0a670-le-with-progress-indication-browser-chrome/error-context.md]]
]]>
</system-out>
<system-err>
<![CDATA[(node:36258) [DEP0147] DeprecationWarning: In future versions of Node.js, fs.rmdir(path, { recursive: true }) will be removed. Use fs.rm(path, { recursive: true }) instead
(Use `node --trace-deprecation ...` to show where the warning was created)
]]>
</system-err>
</testcase>
<testcase name="File Upload Functionality › should handle large CSV file upload" classname="02-file-upload.spec.ts" time="0.964">
<failure message="02-file-upload.spec.ts:107:7 should handle large CSV file upload" type="FAILURE">
<![CDATA[  [browser-chrome] › 02-file-upload.spec.ts:107:7 › File Upload Functionality › should handle large CSV file upload › Upload large CSV file 

    Error: expect.toBeAttached: Error: strict mode violation: locator('input[type="file"]') resolved to 2 elements:
        1) <input type="file" accept=".csv,.xlsx,.xls,.tsv" data-testid="file-input-button" aria-label="Select file to upload" aria-describedby="file-restrictions"/> aka getByTestId('file-input-button')
        2) <input multiple type="file" accept=".csv,.xlsx,.xls,.tsv" data-testid="hidden-file-input" aria-describedby="file-requirements" aria-label="Select data files for upload"/> aka getByTestId('hidden-file-input')

    Call log:
      - Expect "toBeAttached" with timeout 5000ms
      - waiting for locator('input[type="file"]')


       at ../fixtures/test-fixtures.ts:203

      201 |   // Now set the file input (works for both browser and Electron modes)
      202 |   const fileInput = page.locator('input[type="file"]');
    > 203 |   await expect(fileInput).toBeAttached({ timeout: 5000 });
          |                           ^
      204 |   await fileInput.setInputFiles(filePath);
      205 | };
      206 |
        at uploadFile (/Users/thomaswagner/Documents/datacloak-sentiment-workbench/packages/e2e-tests/fixtures/test-fixtures.ts:203:27)
        at /Users/thomaswagner/Documents/datacloak-sentiment-workbench/packages/e2e-tests/tests/02-file-upload.spec.ts:109:7
        at /Users/thomaswagner/Documents/datacloak-sentiment-workbench/packages/e2e-tests/tests/02-file-upload.spec.ts:108:5

    attachment #1: screenshot (image/png) ──────────────────────────────────────────────────────────
    test-results/artifacts/02-file-upload-File-Upload-032ed-andle-large-CSV-file-upload-browser-chrome/test-failed-1.png
    ────────────────────────────────────────────────────────────────────────────────────────────────

    attachment #2: video (video/webm) ──────────────────────────────────────────────────────────────
    test-results/artifacts/02-file-upload-File-Upload-032ed-andle-large-CSV-file-upload-browser-chrome/video.webm
    ────────────────────────────────────────────────────────────────────────────────────────────────

    Error Context: ../test-results/artifacts/02-file-upload-File-Upload-032ed-andle-large-CSV-file-upload-browser-chrome/error-context.md
]]>
</failure>
<system-out>
<![CDATA[→ GET http://localhost:5173/
← [33m200[39m http://localhost:5173/
→ GET http://localhost:5173/@vite/client
→ GET http://localhost:5173/src/main.tsx?t=1750030703180
→ GET http://localhost:5173/@react-refresh
← [33m200[39m http://localhost:5173/src/main.tsx?t=1750030703180
→ GET http://localhost:5173/node_modules/.vite/deps/react_jsx-dev-runtime.js?v=6c3f721c
→ GET http://localhost:5173/node_modules/.vite/deps/react.js?v=6c3f721c
→ GET http://localhost:5173/node_modules/.vite/deps/react-dom_client.js?v=a50e1294
→ GET http://localhost:5173/src/index.css
→ GET http://localhost:5173/src/App.tsx?t=1750030703180
← [33m200[39m http://localhost:5173/@vite/client
→ GET http://localhost:5173/node_modules/vite/dist/client/env.mjs
← [33m200[39m http://localhost:5173/node_modules/.vite/deps/react_jsx-dev-runtime.js?v=6c3f721c
→ GET http://localhost:5173/node_modules/.vite/deps/chunk-UBDIXFPO.js?v=676c4d25
← [33m200[39m http://localhost:5173/node_modules/.vite/deps/react.js?v=6c3f721c
← [33m200[39m http://localhost:5173/@react-refresh
← [33m200[39m http://localhost:5173/src/index.css
← [33m200[39m http://localhost:5173/node_modules/vite/dist/client/env.mjs
← [33m200[39m http://localhost:5173/src/App.tsx?t=1750030703180
→ GET http://localhost:5173/src/App.css?t=1750030703180
→ GET http://localhost:5173/src/context/AppContext.tsx?t=1750028445161
→ GET http://localhost:5173/src/components/Navigation.tsx?t=1750030602543
→ GET http://localhost:5173/src/components/WorkflowManager.tsx?t=1750030602543
→ GET http://localhost:5173/src/components/NotificationToast.tsx?t=1750028445161
→ GET http://localhost:5173/src/components/ErrorBoundary.tsx
→ GET http://localhost:5173/src/components/ProgressIndicator.tsx?t=1750015148848
→ GET http://localhost:5173/src/components/RealTimeDashboard.tsx?t=1750028445161
← [33m200[39m http://localhost:5173/node_modules/.vite/deps/chunk-UBDIXFPO.js?v=676c4d25
← [33m200[39m http://localhost:5173/src/App.css?t=1750030703180
← [33m200[39m http://localhost:5173/src/context/AppContext.tsx?t=1750028445161
← [33m200[39m http://localhost:5173/src/components/ProgressIndicator.tsx?t=1750015148848
→ GET http://localhost:5173/src/components/ProgressIndicator.css
← [33m200[39m http://localhost:5173/src/components/Navigation.tsx?t=1750030602543
← [33m200[39m http://localhost:5173/node_modules/.vite/deps/react-dom_client.js?v=a50e1294
→ GET http://localhost:5173/src/components/AppVersion.tsx
→ GET http://localhost:5173/src/components/Navigation.css?t=1749995170122
→ GET http://localhost:5173/node_modules/.vite/deps/chunk-KBNVMJOC.js?v=676c4d25
← [33m200[39m http://localhost:5173/src/components/NotificationToast.tsx?t=1750028445161
← [33m200[39m http://localhost:5173/src/components/WorkflowManager.tsx?t=1750030602543
→ GET http://localhost:5173/src/components/NotificationToast.css
→ GET http://localhost:5173/src/components/index.ts?t=1750030602543
→ GET http://localhost:5173/src/components/LazyComponents.tsx?t=1750030490824
→ GET http://localhost:5173/src/hooks/useWebWorker.ts?t=1750014984624
→ GET http://localhost:5173/src/components/WorkflowManager.css?t=1749992255972
← [33m200[39m http://localhost:5173/src/components/ProgressIndicator.css
← [33m200[39m http://localhost:5173/src/components/ErrorBoundary.tsx
← [33m200[39m http://localhost:5173/src/components/AppVersion.tsx
← [33m200[39m http://localhost:5173/src/components/Navigation.css?t=1749995170122
→ GET http://localhost:5173/src/components/ErrorBoundary.css
→ GET http://localhost:5173/src/components/AppVersion.css
← [33m200[39m http://localhost:5173/node_modules/.vite/deps/chunk-KBNVMJOC.js?v=676c4d25
← [33m200[39m http://localhost:5173/src/components/RealTimeDashboard.tsx?t=1750028445161
→ GET http://localhost:5173/src/components/MemoryMonitor.tsx?t=1750028445161
→ GET http://localhost:5173/src/components/SSEProgressIndicator.tsx?t=1750028445161
→ GET http://localhost:5173/src/components/WebSocketStatus.tsx?t=1750028445161
→ GET http://localhost:5173/src/components/RealTimeDashboard.css
← [33m200[39m http://localhost:5173/src/components/NotificationToast.css
← [33m200[39m http://localhost:5173/src/components/index.ts?t=1750030602543
→ GET http://localhost:5173/src/components/DataSourcePicker.tsx?t=1750030148913
→ GET http://localhost:5173/src/components/ProfilerUI.tsx?t=1750030188693
→ GET http://localhost:5173/src/components/TransformDesigner.tsx?t=1750030251852
→ GET http://localhost:5173/src/components/TransformOperationEditor.tsx?t=1750024154646
→ GET http://localhost:5173/src/components/TransformPreviewPanel.tsx
→ GET http://localhost:5173/src/components/TransformConfigDisplay.tsx?t=1750028445161
→ GET http://localhost:5173/src/components/RunWizard.tsx?t=1750030330428
→ GET http://localhost:5173/src/components/ResultExplorer.tsx?t=1750030490824
→ GET http://localhost:5173/src/components/SentimentInsights.tsx?t=1750028445161
→ GET http://localhost:5173/src/components/DataPreview.tsx
→ GET http://localhost:5173/src/components/VirtualScrollList.tsx
→ GET http://localhost:5173/src/components/ApiErrorDisplay.tsx
→ GET http://localhost:5173/src/components/ExportErrorHandler.tsx?t=1750028445161
→ GET http://localhost:5173/src/components/LargeFileUploader.tsx?t=1750030148913
→ GET http://localhost:5173/src/components/LargeDatasetExporter.tsx?t=1750028445161
→ GET http://localhost:5173/src/components/ElectronFeatureMonitor.tsx?t=1750028445161
→ GET http://localhost:5173/src/components/SecurityAuditReport.tsx?t=1750026236037
→ GET http://localhost:5173/src/components/SecurityBadge.tsx
→ GET http://localhost:5173/src/components/TransformPipelinePersistence.tsx?t=1750028445161
→ GET http://localhost:5173/src/components/SentimentAnalysisControl.tsx?t=1750028445161
→ GET http://localhost:5173/src/components/JobQueueManager.tsx?t=1750028445161
← [33m200[39m http://localhost:5173/src/components/AppVersion.css
← [33m200[39m http://localhost:5173/src/components/LazyComponents.tsx?t=1750030490824
→ GET http://localhost:5173/src/utils/performance.ts
→ GET http://localhost:5173/src/components/LazyComponents.css
← [33m200[39m http://localhost:5173/src/hooks/useWebWorker.ts?t=1750014984624
← [33m200[39m http://localhost:5173/src/components/WorkflowManager.css?t=1749992255972
← [33m200[39m http://localhost:5173/src/components/ErrorBoundary.css
← [33m200[39m http://localhost:5173/src/components/MemoryMonitor.tsx?t=1750028445161
→ GET http://localhost:5173/src/hooks/useMemoryMonitor.ts?t=1750028445161
→ GET http://localhost:5173/src/components/MemoryMonitor.css
← [33m200[39m http://localhost:5173/src/components/SSEProgressIndicator.tsx?t=1750028445161
→ GET http://localhost:5173/src/components/SSEProgressIndicator.css
← [33m200[39m http://localhost:5173/src/components/WebSocketStatus.tsx?t=1750028445161
→ GET http://localhost:5173/src/components/WebSocketStatus.css
← [33m200[39m http://localhost:5173/src/components/TransformOperationEditor.tsx?t=1750024154646
← [33m200[39m http://localhost:5173/src/components/RealTimeDashboard.css
→ GET http://localhost:5173/src/components/TransformOperationEditor.css
← [33m200[39m http://localhost:5173/src/components/DataSourcePicker.tsx?t=1750030148913
→ GET http://localhost:5173/src/hooks/useApiErrorHandler.ts?t=1750028445161
→ GET http://localhost:5173/src/components/DataSourcePicker.css?t=1750008828131
← [33m200[39m http://localhost:5173/src/components/ProfilerUI.tsx?t=1750030188693
→ GET http://localhost:5173/src/components/ProfilerUI.css?t=1750022315517
← [33m200[39m http://localhost:5173/src/components/TransformDesigner.tsx?t=1750030251852
→ GET http://localhost:5173/src/components/TransformDesigner.css
← [33m200[39m http://localhost:5173/src/components/TransformConfigDisplay.tsx?t=1750028445161
→ GET http://localhost:5173/src/components/TransformConfigDisplay.css
← [33m200[39m http://localhost:5173/src/components/RunWizard.tsx?t=1750030330428
→ GET http://localhost:5173/src/components/RunWizard.css?t=1749994688834
← [33m200[39m http://localhost:5173/src/components/ResultExplorer.tsx?t=1750030490824
→ GET http://localhost:5173/src/hooks/useDebounce.ts
→ GET http://localhost:5173/src/components/ResultExplorer.css?t=1750008175222
← [33m200[39m http://localhost:5173/src/components/SentimentInsights.tsx?t=1750028445161
→ GET http://localhost:5173/src/components/SentimentInsights.css
← [33m200[39m http://localhost:5173/src/components/TransformPreviewPanel.tsx
← [33m200[39m http://localhost:5173/src/components/VirtualScrollList.tsx
→ GET http://localhost:5173/src/components/TransformPreviewPanel.css
→ GET http://localhost:5173/src/components/VirtualScrollList.css
← [33m200[39m http://localhost:5173/src/components/ApiErrorDisplay.tsx
→ GET http://localhost:5173/src/components/ApiErrorDisplay.css
← [33m200[39m http://localhost:5173/src/components/ExportErrorHandler.tsx?t=1750028445161
→ GET http://localhost:5173/src/components/ExportErrorHandler.css
← [33m200[39m http://localhost:5173/src/components/DataPreview.tsx
→ GET http://localhost:5173/src/components/DataPreview.css
← [33m200[39m http://localhost:5173/src/components/LargeFileUploader.tsx?t=1750030148913
→ GET http://localhost:5173/src/hooks/useLargeFileUpload.ts?t=1750028445161
→ GET http://localhost:5173/src/components/LargeFileUploader.css
← [33m200[39m http://localhost:5173/src/components/ElectronFeatureMonitor.tsx?t=1750028445161
→ GET http://localhost:5173/src/components/ElectronFeatureMonitor.css
← [33m200[39m http://localhost:5173/src/components/SecurityAuditReport.tsx?t=1750026236037
→ GET http://localhost:5173/src/components/SecurityAuditReport.css
← [33m200[39m http://localhost:5173/src/components/SecurityBadge.tsx
→ GET http://localhost:5173/src/components/SecurityBadge.css
← [33m200[39m http://localhost:5173/src/components/LargeDatasetExporter.tsx?t=1750028445161
→ GET http://localhost:5173/src/components/LargeDatasetExporter.css
← [33m200[39m http://localhost:5173/src/components/LazyComponents.css
← [33m200[39m http://localhost:5173/src/utils/performance.ts
← [33m200[39m http://localhost:5173/src/components/JobQueueManager.tsx?t=1750028445161
→ GET http://localhost:5173/src/components/JobQueueManager.css
← [33m200[39m http://localhost:5173/src/hooks/useMemoryMonitor.ts?t=1750028445161
← [33m200[39m http://localhost:5173/src/components/TransformPipelinePersistence.tsx?t=1750028445161
→ GET http://localhost:5173/src/components/TransformPipelinePersistence.css
← [33m200[39m http://localhost:5173/src/components/MemoryMonitor.css
← [33m200[39m http://localhost:5173/src/components/SentimentAnalysisControl.tsx?t=1750028445161
← [33m200[39m http://localhost:5173/src/components/SSEProgressIndicator.css
→ GET http://localhost:5173/src/components/SentimentAnalysisControl.css
← [33m200[39m http://localhost:5173/src/components/WebSocketStatus.css
← [33m200[39m http://localhost:5173/src/components/TransformOperationEditor.css
← [33m200[39m http://localhost:5173/src/hooks/useApiErrorHandler.ts?t=1750028445161
← [33m200[39m http://localhost:5173/src/components/TransformDesigner.css
← [33m200[39m http://localhost:5173/src/components/ProfilerUI.css?t=1750022315517
← [33m200[39m http://localhost:5173/src/components/TransformConfigDisplay.css
← [33m200[39m http://localhost:5173/src/components/RunWizard.css?t=1749994688834
← [33m200[39m http://localhost:5173/src/components/DataSourcePicker.css?t=1750008828131
← [33m200[39m http://localhost:5173/src/hooks/useDebounce.ts
← [33m200[39m http://localhost:5173/src/components/ResultExplorer.css?t=1750008175222
← [33m200[39m http://localhost:5173/src/components/SentimentInsights.css
← [33m200[39m http://localhost:5173/src/components/DataPreview.css
← [33m200[39m http://localhost:5173/src/hooks/useLargeFileUpload.ts?t=1750028445161
← [33m200[39m http://localhost:5173/src/components/TransformPreviewPanel.css
← [33m200[39m http://localhost:5173/src/components/VirtualScrollList.css
← [33m200[39m http://localhost:5173/src/components/ApiErrorDisplay.css
← [33m200[39m http://localhost:5173/src/components/ExportErrorHandler.css
← [33m200[39m http://localhost:5173/src/components/LargeFileUploader.css
← [33m200[39m http://localhost:5173/src/components/SecurityAuditReport.css
← [33m200[39m http://localhost:5173/src/components/ElectronFeatureMonitor.css
← [33m200[39m http://localhost:5173/src/components/SecurityBadge.css
← [33m200[39m http://localhost:5173/src/components/LargeDatasetExporter.css
← [33m200[39m http://localhost:5173/src/components/JobQueueManager.css
← [33m200[39m http://localhost:5173/src/components/SentimentAnalysisControl.css
← [33m200[39m http://localhost:5173/src/components/TransformPipelinePersistence.css

[[ATTACHMENT|artifacts/02-file-upload-File-Upload-032ed-andle-large-CSV-file-upload-browser-chrome/test-failed-1.png]]

[[ATTACHMENT|artifacts/02-file-upload-File-Upload-032ed-andle-large-CSV-file-upload-browser-chrome/video.webm]]

[[ATTACHMENT|artifacts/02-file-upload-File-Upload-032ed-andle-large-CSV-file-upload-browser-chrome/error-context.md]]
]]>
</system-out>
<system-err>
<![CDATA[(node:36256) [DEP0147] DeprecationWarning: In future versions of Node.js, fs.rmdir(path, { recursive: true }) will be removed. Use fs.rm(path, { recursive: true }) instead
(Use `node --trace-deprecation ...` to show where the warning was created)
]]>
</system-err>
</testcase>
<testcase name="File Upload Functionality › should upload PII-containing file and show warnings" classname="02-file-upload.spec.ts" time="0.966">
<failure message="02-file-upload.spec.ts:137:7 should upload PII-containing file and show warnings" type="FAILURE">
<![CDATA[  [browser-chrome] › 02-file-upload.spec.ts:137:7 › File Upload Functionality › should upload PII-containing file and show warnings › Upload PII file 

    Error: expect.toBeAttached: Error: strict mode violation: locator('input[type="file"]') resolved to 2 elements:
        1) <input type="file" accept=".csv,.xlsx,.xls,.tsv" data-testid="file-input-button" aria-label="Select file to upload" aria-describedby="file-restrictions"/> aka getByTestId('file-input-button')
        2) <input multiple type="file" accept=".csv,.xlsx,.xls,.tsv" data-testid="hidden-file-input" aria-describedby="file-requirements" aria-label="Select data files for upload"/> aka getByTestId('hidden-file-input')

    Call log:
      - Expect "toBeAttached" with timeout 5000ms
      - waiting for locator('input[type="file"]')


       at ../fixtures/test-fixtures.ts:203

      201 |   // Now set the file input (works for both browser and Electron modes)
      202 |   const fileInput = page.locator('input[type="file"]');
    > 203 |   await expect(fileInput).toBeAttached({ timeout: 5000 });
          |                           ^
      204 |   await fileInput.setInputFiles(filePath);
      205 | };
      206 |
        at uploadFile (/Users/thomaswagner/Documents/datacloak-sentiment-workbench/packages/e2e-tests/fixtures/test-fixtures.ts:203:27)
        at /Users/thomaswagner/Documents/datacloak-sentiment-workbench/packages/e2e-tests/tests/02-file-upload.spec.ts:139:7
        at /Users/thomaswagner/Documents/datacloak-sentiment-workbench/packages/e2e-tests/tests/02-file-upload.spec.ts:138:5

    attachment #1: screenshot (image/png) ──────────────────────────────────────────────────────────
    test-results/artifacts/02-file-upload-File-Upload-6b334-ning-file-and-show-warnings-browser-chrome/test-failed-1.png
    ────────────────────────────────────────────────────────────────────────────────────────────────

    attachment #2: video (video/webm) ──────────────────────────────────────────────────────────────
    test-results/artifacts/02-file-upload-File-Upload-6b334-ning-file-and-show-warnings-browser-chrome/video.webm
    ────────────────────────────────────────────────────────────────────────────────────────────────

    Error Context: ../test-results/artifacts/02-file-upload-File-Upload-6b334-ning-file-and-show-warnings-browser-chrome/error-context.md
]]>
</failure>
<system-out>
<![CDATA[→ GET http://localhost:5173/
← [33m200[39m http://localhost:5173/
→ GET http://localhost:5173/@vite/client
→ GET http://localhost:5173/src/main.tsx?t=1750030703180
→ GET http://localhost:5173/@react-refresh
← [33m200[39m http://localhost:5173/src/main.tsx?t=1750030703180
→ GET http://localhost:5173/node_modules/.vite/deps/react_jsx-dev-runtime.js?v=6c3f721c
→ GET http://localhost:5173/node_modules/.vite/deps/react.js?v=6c3f721c
→ GET http://localhost:5173/node_modules/.vite/deps/react-dom_client.js?v=a50e1294
→ GET http://localhost:5173/src/index.css
→ GET http://localhost:5173/src/App.tsx?t=1750030703180
← [33m200[39m http://localhost:5173/@vite/client
→ GET http://localhost:5173/node_modules/vite/dist/client/env.mjs
← [33m200[39m http://localhost:5173/node_modules/.vite/deps/react_jsx-dev-runtime.js?v=6c3f721c
← [33m200[39m http://localhost:5173/@react-refresh
→ GET http://localhost:5173/node_modules/.vite/deps/chunk-UBDIXFPO.js?v=676c4d25
← [33m200[39m http://localhost:5173/node_modules/.vite/deps/react.js?v=6c3f721c
← [33m200[39m http://localhost:5173/node_modules/vite/dist/client/env.mjs
← [33m200[39m http://localhost:5173/src/index.css
← [33m200[39m http://localhost:5173/node_modules/.vite/deps/chunk-UBDIXFPO.js?v=676c4d25
← [33m200[39m http://localhost:5173/src/App.tsx?t=1750030703180
→ GET http://localhost:5173/src/App.css?t=1750030703180
→ GET http://localhost:5173/src/context/AppContext.tsx?t=1750028445161
→ GET http://localhost:5173/src/components/Navigation.tsx?t=1750030602543
→ GET http://localhost:5173/src/components/WorkflowManager.tsx?t=1750030602543
→ GET http://localhost:5173/src/components/NotificationToast.tsx?t=1750028445161
→ GET http://localhost:5173/src/components/ErrorBoundary.tsx
→ GET http://localhost:5173/src/components/ProgressIndicator.tsx?t=1750015148848
→ GET http://localhost:5173/src/components/RealTimeDashboard.tsx?t=1750028445161
← [33m200[39m http://localhost:5173/src/App.css?t=1750030703180
← [33m200[39m http://localhost:5173/src/context/AppContext.tsx?t=1750028445161
← [33m200[39m http://localhost:5173/src/components/Navigation.tsx?t=1750030602543
→ GET http://localhost:5173/src/components/AppVersion.tsx
→ GET http://localhost:5173/src/components/Navigation.css?t=1749995170122
← [33m200[39m http://localhost:5173/node_modules/.vite/deps/react-dom_client.js?v=a50e1294
← [33m200[39m http://localhost:5173/src/components/WorkflowManager.tsx?t=1750030602543
← [33m200[39m http://localhost:5173/src/components/ErrorBoundary.tsx
← [33m200[39m http://localhost:5173/src/components/NotificationToast.tsx?t=1750028445161
→ GET http://localhost:5173/node_modules/.vite/deps/chunk-KBNVMJOC.js?v=676c4d25
← [33m200[39m http://localhost:5173/src/components/RealTimeDashboard.tsx?t=1750028445161
← [33m200[39m http://localhost:5173/src/components/ProgressIndicator.tsx?t=1750015148848
→ GET http://localhost:5173/src/components/index.ts?t=1750030602543
→ GET http://localhost:5173/src/components/LazyComponents.tsx?t=1750030490824
→ GET http://localhost:5173/src/hooks/useWebWorker.ts?t=1750014984624
→ GET http://localhost:5173/src/components/WorkflowManager.css?t=1749992255972
→ GET http://localhost:5173/src/components/ErrorBoundary.css
→ GET http://localhost:5173/src/components/NotificationToast.css
← [33m200[39m http://localhost:5173/src/components/AppVersion.tsx
→ GET http://localhost:5173/src/components/MemoryMonitor.tsx?t=1750028445161
→ GET http://localhost:5173/src/components/SSEProgressIndicator.tsx?t=1750028445161
→ GET http://localhost:5173/src/components/WebSocketStatus.tsx?t=1750028445161
→ GET http://localhost:5173/src/components/RealTimeDashboard.css
→ GET http://localhost:5173/src/components/ProgressIndicator.css
← [33m200[39m http://localhost:5173/src/components/Navigation.css?t=1749995170122
→ GET http://localhost:5173/src/components/AppVersion.css
← [33m200[39m http://localhost:5173/node_modules/.vite/deps/chunk-KBNVMJOC.js?v=676c4d25
← [33m200[39m http://localhost:5173/src/components/index.ts?t=1750030602543
→ GET http://localhost:5173/src/components/DataSourcePicker.tsx?t=1750030148913
→ GET http://localhost:5173/src/components/ProfilerUI.tsx?t=1750030188693
→ GET http://localhost:5173/src/components/TransformDesigner.tsx?t=1750030251852
→ GET http://localhost:5173/src/components/TransformOperationEditor.tsx?t=1750024154646
→ GET http://localhost:5173/src/components/TransformPreviewPanel.tsx
→ GET http://localhost:5173/src/components/TransformConfigDisplay.tsx?t=1750028445161
→ GET http://localhost:5173/src/components/RunWizard.tsx?t=1750030330428
→ GET http://localhost:5173/src/components/ResultExplorer.tsx?t=1750030490824
→ GET http://localhost:5173/src/components/SentimentInsights.tsx?t=1750028445161
→ GET http://localhost:5173/src/components/DataPreview.tsx
→ GET http://localhost:5173/src/components/VirtualScrollList.tsx
→ GET http://localhost:5173/src/components/ApiErrorDisplay.tsx
→ GET http://localhost:5173/src/components/ExportErrorHandler.tsx?t=1750028445161
→ GET http://localhost:5173/src/components/LargeFileUploader.tsx?t=1750030148913
→ GET http://localhost:5173/src/components/LargeDatasetExporter.tsx?t=1750028445161
→ GET http://localhost:5173/src/components/ElectronFeatureMonitor.tsx?t=1750028445161
→ GET http://localhost:5173/src/components/SecurityAuditReport.tsx?t=1750026236037
→ GET http://localhost:5173/src/components/SecurityBadge.tsx
→ GET http://localhost:5173/src/components/TransformPipelinePersistence.tsx?t=1750028445161
→ GET http://localhost:5173/src/components/SentimentAnalysisControl.tsx?t=1750028445161
→ GET http://localhost:5173/src/components/JobQueueManager.tsx?t=1750028445161
← [33m200[39m http://localhost:5173/src/components/LazyComponents.tsx?t=1750030490824
→ GET http://localhost:5173/src/utils/performance.ts
→ GET http://localhost:5173/src/components/LazyComponents.css
← [33m200[39m http://localhost:5173/src/hooks/useWebWorker.ts?t=1750014984624
← [33m200[39m http://localhost:5173/src/components/WorkflowManager.css?t=1749992255972
← [33m200[39m http://localhost:5173/src/components/ErrorBoundary.css
← [33m200[39m http://localhost:5173/src/components/NotificationToast.css
← [33m200[39m http://localhost:5173/src/components/MemoryMonitor.tsx?t=1750028445161
→ GET http://localhost:5173/src/hooks/useMemoryMonitor.ts?t=1750028445161
→ GET http://localhost:5173/src/components/MemoryMonitor.css
← [33m200[39m http://localhost:5173/src/components/SSEProgressIndicator.tsx?t=1750028445161
→ GET http://localhost:5173/src/components/SSEProgressIndicator.css
← [33m200[39m http://localhost:5173/src/components/WebSocketStatus.tsx?t=1750028445161
→ GET http://localhost:5173/src/components/WebSocketStatus.css
← [33m200[39m http://localhost:5173/src/components/RealTimeDashboard.css
← [33m200[39m http://localhost:5173/src/components/AppVersion.css
← [33m200[39m http://localhost:5173/src/components/ProgressIndicator.css
← [33m200[39m http://localhost:5173/src/components/DataSourcePicker.tsx?t=1750030148913
→ GET http://localhost:5173/src/hooks/useApiErrorHandler.ts?t=1750028445161
→ GET http://localhost:5173/src/components/DataSourcePicker.css?t=1750008828131
← [33m200[39m http://localhost:5173/src/components/TransformDesigner.tsx?t=1750030251852
→ GET http://localhost:5173/src/components/TransformDesigner.css
← [33m200[39m http://localhost:5173/src/components/TransformConfigDisplay.tsx?t=1750028445161
→ GET http://localhost:5173/src/components/TransformConfigDisplay.css
← [33m200[39m http://localhost:5173/src/components/TransformOperationEditor.tsx?t=1750024154646
→ GET http://localhost:5173/src/components/TransformOperationEditor.css
← [33m200[39m http://localhost:5173/src/components/TransformPreviewPanel.tsx
→ GET http://localhost:5173/src/components/TransformPreviewPanel.css
← [33m200[39m http://localhost:5173/src/components/ProfilerUI.tsx?t=1750030188693
→ GET http://localhost:5173/src/components/ProfilerUI.css?t=1750022315517
← [33m200[39m http://localhost:5173/src/components/ResultExplorer.tsx?t=1750030490824
← [33m200[39m http://localhost:5173/src/components/DataPreview.tsx
→ GET http://localhost:5173/src/hooks/useDebounce.ts
→ GET http://localhost:5173/src/components/ResultExplorer.css?t=1750008175222
← [33m200[39m http://localhost:5173/src/components/SentimentInsights.tsx?t=1750028445161
→ GET http://localhost:5173/src/components/DataPreview.css
→ GET http://localhost:5173/src/components/SentimentInsights.css
← [33m200[39m http://localhost:5173/src/components/VirtualScrollList.tsx
→ GET http://localhost:5173/src/components/VirtualScrollList.css
← [33m200[39m http://localhost:5173/src/components/RunWizard.tsx?t=1750030330428
→ GET http://localhost:5173/src/components/RunWizard.css?t=1749994688834
← [33m200[39m http://localhost:5173/src/components/ExportErrorHandler.tsx?t=1750028445161
→ GET http://localhost:5173/src/components/ExportErrorHandler.css
← [33m200[39m http://localhost:5173/src/components/LargeFileUploader.tsx?t=1750030148913
→ GET http://localhost:5173/src/hooks/useLargeFileUpload.ts?t=1750028445161
→ GET http://localhost:5173/src/components/LargeFileUploader.css
← [33m200[39m http://localhost:5173/src/components/LargeDatasetExporter.tsx?t=1750028445161
→ GET http://localhost:5173/src/components/LargeDatasetExporter.css
← [33m200[39m http://localhost:5173/src/components/ElectronFeatureMonitor.tsx?t=1750028445161
→ GET http://localhost:5173/src/components/ElectronFeatureMonitor.css
← [33m200[39m http://localhost:5173/src/components/ApiErrorDisplay.tsx
→ GET http://localhost:5173/src/components/ApiErrorDisplay.css
← [33m200[39m http://localhost:5173/src/components/SecurityBadge.tsx
→ GET http://localhost:5173/src/components/SecurityBadge.css
← [33m200[39m http://localhost:5173/src/components/TransformPipelinePersistence.tsx?t=1750028445161
→ GET http://localhost:5173/src/components/TransformPipelinePersistence.css
← [33m200[39m http://localhost:5173/src/components/SentimentAnalysisControl.tsx?t=1750028445161
← [33m200[39m http://localhost:5173/src/components/SecurityAuditReport.tsx?t=1750026236037
→ GET http://localhost:5173/src/components/SentimentAnalysisControl.css
→ GET http://localhost:5173/src/components/SecurityAuditReport.css
← [33m200[39m http://localhost:5173/src/components/LazyComponents.css
← [33m200[39m http://localhost:5173/src/hooks/useMemoryMonitor.ts?t=1750028445161
← [33m200[39m http://localhost:5173/src/components/MemoryMonitor.css
← [33m200[39m http://localhost:5173/src/components/SSEProgressIndicator.css
← [33m200[39m http://localhost:5173/src/components/JobQueueManager.tsx?t=1750028445161
→ GET http://localhost:5173/src/components/JobQueueManager.css
← [33m200[39m http://localhost:5173/src/utils/performance.ts
← [33m200[39m http://localhost:5173/src/components/WebSocketStatus.css
← [33m200[39m http://localhost:5173/src/hooks/useApiErrorHandler.ts?t=1750028445161
← [33m200[39m http://localhost:5173/src/components/DataSourcePicker.css?t=1750008828131
← [33m200[39m http://localhost:5173/src/components/TransformDesigner.css
← [33m200[39m http://localhost:5173/src/components/TransformConfigDisplay.css
← [33m200[39m http://localhost:5173/src/components/TransformOperationEditor.css
← [33m200[39m http://localhost:5173/src/components/TransformPreviewPanel.css
← [33m200[39m http://localhost:5173/src/components/ProfilerUI.css?t=1750022315517
← [33m200[39m http://localhost:5173/src/components/VirtualScrollList.css
← [33m200[39m http://localhost:5173/src/hooks/useDebounce.ts
← [33m200[39m http://localhost:5173/src/components/ResultExplorer.css?t=1750008175222
← [33m200[39m http://localhost:5173/src/components/DataPreview.css
← [33m200[39m http://localhost:5173/src/components/SentimentInsights.css
← [33m200[39m http://localhost:5173/src/components/ExportErrorHandler.css
← [33m200[39m http://localhost:5173/src/hooks/useLargeFileUpload.ts?t=1750028445161
← [33m200[39m http://localhost:5173/src/components/RunWizard.css?t=1749994688834
← [33m200[39m http://localhost:5173/src/components/LargeFileUploader.css
← [33m200[39m http://localhost:5173/src/components/LargeDatasetExporter.css
← [33m200[39m http://localhost:5173/src/components/ElectronFeatureMonitor.css
← [33m200[39m http://localhost:5173/src/components/ApiErrorDisplay.css
← [33m200[39m http://localhost:5173/src/components/SecurityBadge.css
← [33m200[39m http://localhost:5173/src/components/TransformPipelinePersistence.css
← [33m200[39m http://localhost:5173/src/components/SentimentAnalysisControl.css
← [33m200[39m http://localhost:5173/src/components/SecurityAuditReport.css
← [33m200[39m http://localhost:5173/src/components/JobQueueManager.css

[[ATTACHMENT|artifacts/02-file-upload-File-Upload-6b334-ning-file-and-show-warnings-browser-chrome/test-failed-1.png]]

[[ATTACHMENT|artifacts/02-file-upload-File-Upload-6b334-ning-file-and-show-warnings-browser-chrome/video.webm]]

[[ATTACHMENT|artifacts/02-file-upload-File-Upload-6b334-ning-file-and-show-warnings-browser-chrome/error-context.md]]
]]>
</system-out>
<system-err>
<![CDATA[(node:36257) [DEP0147] DeprecationWarning: In future versions of Node.js, fs.rmdir(path, { recursive: true }) will be removed. Use fs.rm(path, { recursive: true }) instead
(Use `node --trace-deprecation ...` to show where the warning was created)
]]>
</system-err>
</testcase>
<testcase name="File Upload Functionality › should reject invalid file formats" classname="02-file-upload.spec.ts" time="0.834">
<failure message="02-file-upload.spec.ts:171:7 should reject invalid file formats" type="FAILURE">
<![CDATA[  [browser-chrome] › 02-file-upload.spec.ts:171:7 › File Upload Functionality › should reject invalid file formats › Attempt to upload invalid format 

    Error: locator.setInputFiles: Error: strict mode violation: locator('input[type="file"]') resolved to 2 elements:
        1) <input type="file" accept=".csv,.xlsx,.xls,.tsv" data-testid="file-input-button" aria-label="Select file to upload" aria-describedby="file-restrictions"/> aka getByTestId('file-input-button')
        2) <input multiple type="file" accept=".csv,.xlsx,.xls,.tsv" data-testid="hidden-file-input" aria-describedby="file-requirements" aria-label="Select data files for upload"/> aka getByTestId('hidden-file-input')

    Call log:
      - waiting for locator('input[type="file"]')


      174 |         // In browser mode, try to upload the invalid file
      175 |         const fileInput = page.locator('input[type="file"]');
    > 176 |         await fileInput.setInputFiles(testFiles.invalidFormat);
          |         ^
      177 |       } else {
      178 |         // In Electron mode, the file picker should filter, but we can simulate
      179 |         console.log('Electron mode: File picker should filter invalid formats');
        at /Users/thomaswagner/Documents/datacloak-sentiment-workbench/packages/e2e-tests/tests/02-file-upload.spec.ts:176:9
        at /Users/thomaswagner/Documents/datacloak-sentiment-workbench/packages/e2e-tests/tests/02-file-upload.spec.ts:172:5

    attachment #1: screenshot (image/png) ──────────────────────────────────────────────────────────
    test-results/artifacts/02-file-upload-File-Upload-b9939-reject-invalid-file-formats-browser-chrome/test-failed-1.png
    ────────────────────────────────────────────────────────────────────────────────────────────────

    attachment #2: video (video/webm) ──────────────────────────────────────────────────────────────
    test-results/artifacts/02-file-upload-File-Upload-b9939-reject-invalid-file-formats-browser-chrome/video.webm
    ────────────────────────────────────────────────────────────────────────────────────────────────

    Error Context: ../test-results/artifacts/02-file-upload-File-Upload-b9939-reject-invalid-file-formats-browser-chrome/error-context.md
]]>
</failure>
<system-out>
<![CDATA[→ GET http://localhost:5173/
← [33m200[39m http://localhost:5173/
→ GET http://localhost:5173/@vite/client
→ GET http://localhost:5173/src/main.tsx?t=1750030703180
→ GET http://localhost:5173/@react-refresh
← [33m200[39m http://localhost:5173/src/main.tsx?t=1750030703180
← [33m200[39m http://localhost:5173/@vite/client
→ GET http://localhost:5173/node_modules/.vite/deps/react_jsx-dev-runtime.js?v=6c3f721c
→ GET http://localhost:5173/node_modules/.vite/deps/react.js?v=6c3f721c
→ GET http://localhost:5173/node_modules/.vite/deps/react-dom_client.js?v=a50e1294
→ GET http://localhost:5173/src/index.css
→ GET http://localhost:5173/src/App.tsx?t=1750030703180
→ GET http://localhost:5173/node_modules/vite/dist/client/env.mjs
← [33m200[39m http://localhost:5173/node_modules/.vite/deps/react_jsx-dev-runtime.js?v=6c3f721c
← [33m200[39m http://localhost:5173/@react-refresh
→ GET http://localhost:5173/node_modules/.vite/deps/chunk-UBDIXFPO.js?v=676c4d25
← [33m200[39m http://localhost:5173/node_modules/.vite/deps/react.js?v=6c3f721c
← [33m200[39m http://localhost:5173/node_modules/vite/dist/client/env.mjs
← [33m200[39m http://localhost:5173/node_modules/.vite/deps/chunk-UBDIXFPO.js?v=676c4d25
← [33m200[39m http://localhost:5173/src/index.css
← [33m200[39m http://localhost:5173/src/App.tsx?t=1750030703180
→ GET http://localhost:5173/src/App.css?t=1750030703180
→ GET http://localhost:5173/src/context/AppContext.tsx?t=1750028445161
→ GET http://localhost:5173/src/components/Navigation.tsx?t=1750030602543
→ GET http://localhost:5173/src/components/WorkflowManager.tsx?t=1750030602543
→ GET http://localhost:5173/src/components/NotificationToast.tsx?t=1750028445161
→ GET http://localhost:5173/src/components/ErrorBoundary.tsx
→ GET http://localhost:5173/src/components/ProgressIndicator.tsx?t=1750015148848
→ GET http://localhost:5173/src/components/RealTimeDashboard.tsx?t=1750028445161
← [33m200[39m http://localhost:5173/src/App.css?t=1750030703180
← [33m200[39m http://localhost:5173/src/context/AppContext.tsx?t=1750028445161
← [33m200[39m http://localhost:5173/src/components/Navigation.tsx?t=1750030602543
→ GET http://localhost:5173/src/components/AppVersion.tsx
→ GET http://localhost:5173/src/components/Navigation.css?t=1749995170122
← [33m200[39m http://localhost:5173/src/components/NotificationToast.tsx?t=1750028445161
← [33m200[39m http://localhost:5173/src/components/WorkflowManager.tsx?t=1750030602543
→ GET http://localhost:5173/src/components/NotificationToast.css
→ GET http://localhost:5173/src/components/index.ts?t=1750030602543
→ GET http://localhost:5173/src/components/LazyComponents.tsx?t=1750030490824
→ GET http://localhost:5173/src/hooks/useWebWorker.ts?t=1750014984624
→ GET http://localhost:5173/src/components/WorkflowManager.css?t=1749992255972
← [33m200[39m http://localhost:5173/node_modules/.vite/deps/react-dom_client.js?v=a50e1294
← [33m200[39m http://localhost:5173/src/components/ErrorBoundary.tsx
→ GET http://localhost:5173/node_modules/.vite/deps/chunk-KBNVMJOC.js?v=676c4d25
→ GET http://localhost:5173/src/components/ErrorBoundary.css
← [33m200[39m http://localhost:5173/src/components/AppVersion.tsx
→ GET http://localhost:5173/src/components/AppVersion.css
← [33m200[39m http://localhost:5173/src/components/Navigation.css?t=1749995170122
← [33m200[39m http://localhost:5173/src/components/ProgressIndicator.tsx?t=1750015148848
→ GET http://localhost:5173/src/components/ProgressIndicator.css
← [33m200[39m http://localhost:5173/src/components/RealTimeDashboard.tsx?t=1750028445161
→ GET http://localhost:5173/src/components/MemoryMonitor.tsx?t=1750028445161
→ GET http://localhost:5173/src/components/SSEProgressIndicator.tsx?t=1750028445161
→ GET http://localhost:5173/src/components/WebSocketStatus.tsx?t=1750028445161
→ GET http://localhost:5173/src/components/RealTimeDashboard.css
← [33m200[39m http://localhost:5173/src/components/LazyComponents.tsx?t=1750030490824
→ GET http://localhost:5173/src/utils/performance.ts
→ GET http://localhost:5173/src/components/LazyComponents.css
← [33m200[39m http://localhost:5173/src/components/NotificationToast.css
← [33m200[39m http://localhost:5173/src/components/index.ts?t=1750030602543
→ GET http://localhost:5173/src/components/DataSourcePicker.tsx?t=1750030148913
→ GET http://localhost:5173/src/components/ProfilerUI.tsx?t=1750030188693
→ GET http://localhost:5173/src/components/TransformDesigner.tsx?t=1750030251852
→ GET http://localhost:5173/src/components/TransformOperationEditor.tsx?t=1750024154646
→ GET http://localhost:5173/src/components/TransformPreviewPanel.tsx
→ GET http://localhost:5173/src/components/TransformConfigDisplay.tsx?t=1750028445161
→ GET http://localhost:5173/src/components/RunWizard.tsx?t=1750030330428
→ GET http://localhost:5173/src/components/ResultExplorer.tsx?t=1750030490824
→ GET http://localhost:5173/src/components/SentimentInsights.tsx?t=1750028445161
→ GET http://localhost:5173/src/components/DataPreview.tsx
→ GET http://localhost:5173/src/components/VirtualScrollList.tsx
→ GET http://localhost:5173/src/components/ApiErrorDisplay.tsx
→ GET http://localhost:5173/src/components/ExportErrorHandler.tsx?t=1750028445161
→ GET http://localhost:5173/src/components/LargeFileUploader.tsx?t=1750030148913
→ GET http://localhost:5173/src/components/LargeDatasetExporter.tsx?t=1750028445161
→ GET http://localhost:5173/src/components/ElectronFeatureMonitor.tsx?t=1750028445161
→ GET http://localhost:5173/src/components/SecurityAuditReport.tsx?t=1750026236037
→ GET http://localhost:5173/src/components/SecurityBadge.tsx
→ GET http://localhost:5173/src/components/TransformPipelinePersistence.tsx?t=1750028445161
→ GET http://localhost:5173/src/components/SentimentAnalysisControl.tsx?t=1750028445161
→ GET http://localhost:5173/src/components/JobQueueManager.tsx?t=1750028445161
← [33m200[39m http://localhost:5173/src/components/ErrorBoundary.css
← [33m200[39m http://localhost:5173/src/hooks/useWebWorker.ts?t=1750014984624
← [33m200[39m http://localhost:5173/src/components/AppVersion.css
← [33m200[39m http://localhost:5173/src/components/WorkflowManager.css?t=1749992255972
← [33m200[39m http://localhost:5173/node_modules/.vite/deps/chunk-KBNVMJOC.js?v=676c4d25
← [33m200[39m http://localhost:5173/src/components/ProgressIndicator.css
← [33m200[39m http://localhost:5173/src/components/MemoryMonitor.tsx?t=1750028445161
→ GET http://localhost:5173/src/hooks/useMemoryMonitor.ts?t=1750028445161
→ GET http://localhost:5173/src/components/MemoryMonitor.css
← [33m200[39m http://localhost:5173/src/components/SSEProgressIndicator.tsx?t=1750028445161
→ GET http://localhost:5173/src/components/SSEProgressIndicator.css
← [33m200[39m http://localhost:5173/src/components/RealTimeDashboard.css
← [33m200[39m http://localhost:5173/src/components/WebSocketStatus.tsx?t=1750028445161
← [33m200[39m http://localhost:5173/src/utils/performance.ts
→ GET http://localhost:5173/src/components/WebSocketStatus.css
← [33m200[39m http://localhost:5173/src/components/LazyComponents.css
← [33m200[39m http://localhost:5173/src/components/ProfilerUI.tsx?t=1750030188693
→ GET http://localhost:5173/src/components/ProfilerUI.css?t=1750022315517
← [33m200[39m http://localhost:5173/src/components/DataSourcePicker.tsx?t=1750030148913
→ GET http://localhost:5173/src/hooks/useApiErrorHandler.ts?t=1750028445161
→ GET http://localhost:5173/src/components/DataSourcePicker.css?t=1750008828131
← [33m200[39m http://localhost:5173/src/components/RunWizard.tsx?t=1750030330428
→ GET http://localhost:5173/src/components/RunWizard.css?t=1749994688834
← [33m200[39m http://localhost:5173/src/components/TransformDesigner.tsx?t=1750030251852
→ GET http://localhost:5173/src/components/TransformDesigner.css
← [33m200[39m http://localhost:5173/src/components/TransformOperationEditor.tsx?t=1750024154646
→ GET http://localhost:5173/src/components/TransformOperationEditor.css
← [33m200[39m http://localhost:5173/src/components/TransformPreviewPanel.tsx
→ GET http://localhost:5173/src/components/TransformPreviewPanel.css
← [33m200[39m http://localhost:5173/src/components/TransformConfigDisplay.tsx?t=1750028445161
→ GET http://localhost:5173/src/components/TransformConfigDisplay.css
← [33m200[39m http://localhost:5173/src/components/DataPreview.tsx
→ GET http://localhost:5173/src/components/DataPreview.css
← [33m200[39m http://localhost:5173/src/components/SentimentInsights.tsx?t=1750028445161
→ GET http://localhost:5173/src/components/SentimentInsights.css
← [33m200[39m http://localhost:5173/src/components/VirtualScrollList.tsx
→ GET http://localhost:5173/src/components/VirtualScrollList.css
← [33m200[39m http://localhost:5173/src/components/ApiErrorDisplay.tsx
→ GET http://localhost:5173/src/components/ApiErrorDisplay.css
← [33m200[39m http://localhost:5173/src/components/ResultExplorer.tsx?t=1750030490824
→ GET http://localhost:5173/src/hooks/useDebounce.ts
→ GET http://localhost:5173/src/components/ResultExplorer.css?t=1750008175222
← [33m200[39m http://localhost:5173/src/components/LargeFileUploader.tsx?t=1750030148913
→ GET http://localhost:5173/src/hooks/useLargeFileUpload.ts?t=1750028445161
→ GET http://localhost:5173/src/components/LargeFileUploader.css
← [33m200[39m http://localhost:5173/src/components/LargeDatasetExporter.tsx?t=1750028445161
← [33m200[39m http://localhost:5173/src/components/ElectronFeatureMonitor.tsx?t=1750028445161
→ GET http://localhost:5173/src/components/LargeDatasetExporter.css
→ GET http://localhost:5173/src/components/ElectronFeatureMonitor.css
← [33m200[39m http://localhost:5173/src/components/SecurityAuditReport.tsx?t=1750026236037
→ GET http://localhost:5173/src/components/SecurityAuditReport.css
← [33m200[39m http://localhost:5173/src/components/ExportErrorHandler.tsx?t=1750028445161
→ GET http://localhost:5173/src/components/ExportErrorHandler.css
← [33m200[39m http://localhost:5173/src/components/TransformPipelinePersistence.tsx?t=1750028445161
→ GET http://localhost:5173/src/components/TransformPipelinePersistence.css
← [33m200[39m http://localhost:5173/src/components/SentimentAnalysisControl.tsx?t=1750028445161
→ GET http://localhost:5173/src/components/SentimentAnalysisControl.css
← [33m200[39m http://localhost:5173/src/components/JobQueueManager.tsx?t=1750028445161
→ GET http://localhost:5173/src/components/JobQueueManager.css
← [33m200[39m http://localhost:5173/src/components/SecurityBadge.tsx
→ GET http://localhost:5173/src/components/SecurityBadge.css
← [33m200[39m http://localhost:5173/src/components/SSEProgressIndicator.css
← [33m200[39m http://localhost:5173/src/components/WebSocketStatus.css
← [33m200[39m http://localhost:5173/src/components/ProfilerUI.css?t=1750022315517
← [33m200[39m http://localhost:5173/src/hooks/useApiErrorHandler.ts?t=1750028445161
← [33m200[39m http://localhost:5173/src/hooks/useMemoryMonitor.ts?t=1750028445161
← [33m200[39m http://localhost:5173/src/components/MemoryMonitor.css
← [33m200[39m http://localhost:5173/src/components/DataSourcePicker.css?t=1750008828131
← [33m200[39m http://localhost:5173/src/components/RunWizard.css?t=1749994688834
← [33m200[39m http://localhost:5173/src/components/DataPreview.css
← [33m200[39m http://localhost:5173/src/components/TransformDesigner.css
← [33m200[39m http://localhost:5173/src/components/TransformOperationEditor.css
← [33m200[39m http://localhost:5173/src/components/TransformPreviewPanel.css
← [33m200[39m http://localhost:5173/src/components/TransformConfigDisplay.css
← [33m200[39m http://localhost:5173/src/components/VirtualScrollList.css
← [33m200[39m http://localhost:5173/src/components/SentimentInsights.css
← [33m200[39m http://localhost:5173/src/components/ApiErrorDisplay.css
← [33m200[39m http://localhost:5173/src/components/LargeFileUploader.css
← [33m200[39m http://localhost:5173/src/hooks/useDebounce.ts
← [33m200[39m http://localhost:5173/src/components/ResultExplorer.css?t=1750008175222
← [33m200[39m http://localhost:5173/src/components/LargeDatasetExporter.css
← [33m200[39m http://localhost:5173/src/hooks/useLargeFileUpload.ts?t=1750028445161
← [33m200[39m http://localhost:5173/src/components/ElectronFeatureMonitor.css
← [33m200[39m http://localhost:5173/src/components/JobQueueManager.css
← [33m200[39m http://localhost:5173/src/components/SecurityAuditReport.css
← [33m200[39m http://localhost:5173/src/components/ExportErrorHandler.css
← [33m200[39m http://localhost:5173/src/components/TransformPipelinePersistence.css
← [33m200[39m http://localhost:5173/src/components/SentimentAnalysisControl.css
← [33m200[39m http://localhost:5173/src/components/SecurityBadge.css

[[ATTACHMENT|artifacts/02-file-upload-File-Upload-b9939-reject-invalid-file-formats-browser-chrome/test-failed-1.png]]

[[ATTACHMENT|artifacts/02-file-upload-File-Upload-b9939-reject-invalid-file-formats-browser-chrome/video.webm]]

[[ATTACHMENT|artifacts/02-file-upload-File-Upload-b9939-reject-invalid-file-formats-browser-chrome/error-context.md]]
]]>
</system-out>
<system-err>
<![CDATA[(node:36259) [DEP0147] DeprecationWarning: In future versions of Node.js, fs.rmdir(path, { recursive: true }) will be removed. Use fs.rm(path, { recursive: true }) instead
(Use `node --trace-deprecation ...` to show where the warning was created)
]]>
</system-err>
</testcase>
<testcase name="File Upload Functionality › should handle malformed CSV gracefully" classname="02-file-upload.spec.ts" time="0.98">
<failure message="02-file-upload.spec.ts:208:7 should handle malformed CSV gracefully" type="FAILURE">
<![CDATA[  [browser-chrome] › 02-file-upload.spec.ts:208:7 › File Upload Functionality › should handle malformed CSV gracefully › Upload malformed CSV 

    Error: expect.toBeAttached: Error: strict mode violation: locator('input[type="file"]') resolved to 2 elements:
        1) <input type="file" accept=".csv,.xlsx,.xls,.tsv" data-testid="file-input-button" aria-label="Select file to upload" aria-describedby="file-restrictions"/> aka getByTestId('file-input-button')
        2) <input multiple type="file" accept=".csv,.xlsx,.xls,.tsv" data-testid="hidden-file-input" aria-describedby="file-requirements" aria-label="Select data files for upload"/> aka getByTestId('hidden-file-input')

    Call log:
      - Expect "toBeAttached" with timeout 5000ms
      - waiting for locator('input[type="file"]')


       at ../fixtures/test-fixtures.ts:203

      201 |   // Now set the file input (works for both browser and Electron modes)
      202 |   const fileInput = page.locator('input[type="file"]');
    > 203 |   await expect(fileInput).toBeAttached({ timeout: 5000 });
          |                           ^
      204 |   await fileInput.setInputFiles(filePath);
      205 | };
      206 |
        at uploadFile (/Users/thomaswagner/Documents/datacloak-sentiment-workbench/packages/e2e-tests/fixtures/test-fixtures.ts:203:27)
        at /Users/thomaswagner/Documents/datacloak-sentiment-workbench/packages/e2e-tests/tests/02-file-upload.spec.ts:210:7
        at /Users/thomaswagner/Documents/datacloak-sentiment-workbench/packages/e2e-tests/tests/02-file-upload.spec.ts:209:5

    attachment #1: screenshot (image/png) ──────────────────────────────────────────────────────────
    test-results/artifacts/02-file-upload-File-Upload-2abe1-le-malformed-CSV-gracefully-browser-chrome/test-failed-1.png
    ────────────────────────────────────────────────────────────────────────────────────────────────

    attachment #2: video (video/webm) ──────────────────────────────────────────────────────────────
    test-results/artifacts/02-file-upload-File-Upload-2abe1-le-malformed-CSV-gracefully-browser-chrome/video.webm
    ────────────────────────────────────────────────────────────────────────────────────────────────

    Error Context: ../test-results/artifacts/02-file-upload-File-Upload-2abe1-le-malformed-CSV-gracefully-browser-chrome/error-context.md
]]>
</failure>
<system-out>
<![CDATA[→ GET http://localhost:5173/
← [33m200[39m http://localhost:5173/
→ GET http://localhost:5173/@vite/client
→ GET http://localhost:5173/src/main.tsx?t=1750030703180
→ GET http://localhost:5173/@react-refresh
← [33m200[39m http://localhost:5173/src/main.tsx?t=1750030703180
→ GET http://localhost:5173/node_modules/.vite/deps/react_jsx-dev-runtime.js?v=6c3f721c
→ GET http://localhost:5173/node_modules/.vite/deps/react.js?v=6c3f721c
→ GET http://localhost:5173/node_modules/.vite/deps/react-dom_client.js?v=a50e1294
→ GET http://localhost:5173/src/index.css
→ GET http://localhost:5173/src/App.tsx?t=1750030703180
← [33m200[39m http://localhost:5173/@vite/client
→ GET http://localhost:5173/node_modules/vite/dist/client/env.mjs
← [33m200[39m http://localhost:5173/@react-refresh
← [33m200[39m http://localhost:5173/node_modules/.vite/deps/react_jsx-dev-runtime.js?v=6c3f721c
→ GET http://localhost:5173/node_modules/.vite/deps/chunk-UBDIXFPO.js?v=676c4d25
← [33m200[39m http://localhost:5173/node_modules/.vite/deps/react.js?v=6c3f721c
← [33m200[39m http://localhost:5173/node_modules/vite/dist/client/env.mjs
← [33m200[39m http://localhost:5173/src/index.css
← [33m200[39m http://localhost:5173/node_modules/.vite/deps/chunk-UBDIXFPO.js?v=676c4d25
← [33m200[39m http://localhost:5173/src/App.tsx?t=1750030703180
→ GET http://localhost:5173/src/App.css?t=1750030703180
→ GET http://localhost:5173/src/context/AppContext.tsx?t=1750028445161
→ GET http://localhost:5173/src/components/Navigation.tsx?t=1750030602543
→ GET http://localhost:5173/src/components/WorkflowManager.tsx?t=1750030602543
→ GET http://localhost:5173/src/components/NotificationToast.tsx?t=1750028445161
→ GET http://localhost:5173/src/components/ErrorBoundary.tsx
→ GET http://localhost:5173/src/components/ProgressIndicator.tsx?t=1750015148848
→ GET http://localhost:5173/src/components/RealTimeDashboard.tsx?t=1750028445161
← [33m200[39m http://localhost:5173/src/App.css?t=1750030703180
← [33m200[39m http://localhost:5173/src/context/AppContext.tsx?t=1750028445161
← [33m200[39m http://localhost:5173/src/components/Navigation.tsx?t=1750030602543
→ GET http://localhost:5173/src/components/AppVersion.tsx
→ GET http://localhost:5173/src/components/Navigation.css?t=1749995170122
← [33m200[39m http://localhost:5173/src/components/WorkflowManager.tsx?t=1750030602543
← [33m200[39m http://localhost:5173/src/components/AppVersion.tsx
← [33m200[39m http://localhost:5173/node_modules/.vite/deps/react-dom_client.js?v=a50e1294
← [33m200[39m http://localhost:5173/src/components/NotificationToast.tsx?t=1750028445161
→ GET http://localhost:5173/src/components/index.ts?t=1750030602543
→ GET http://localhost:5173/src/components/LazyComponents.tsx?t=1750030490824
→ GET http://localhost:5173/src/hooks/useWebWorker.ts?t=1750014984624
→ GET http://localhost:5173/src/components/WorkflowManager.css?t=1749992255972
→ GET http://localhost:5173/src/components/AppVersion.css
← [33m200[39m http://localhost:5173/src/components/ErrorBoundary.tsx
← [33m200[39m http://localhost:5173/src/components/ProgressIndicator.tsx?t=1750015148848
→ GET http://localhost:5173/node_modules/.vite/deps/chunk-KBNVMJOC.js?v=676c4d25
→ GET http://localhost:5173/src/components/NotificationToast.css
→ GET http://localhost:5173/src/components/ErrorBoundary.css
→ GET http://localhost:5173/src/components/ProgressIndicator.css
← [33m200[39m http://localhost:5173/src/components/RealTimeDashboard.tsx?t=1750028445161
→ GET http://localhost:5173/src/components/MemoryMonitor.tsx?t=1750028445161
→ GET http://localhost:5173/src/components/SSEProgressIndicator.tsx?t=1750028445161
→ GET http://localhost:5173/src/components/WebSocketStatus.tsx?t=1750028445161
→ GET http://localhost:5173/src/components/RealTimeDashboard.css
← [33m200[39m http://localhost:5173/src/components/Navigation.css?t=1749995170122
← [33m200[39m http://localhost:5173/src/components/index.ts?t=1750030602543
→ GET http://localhost:5173/src/components/DataSourcePicker.tsx?t=1750030148913
→ GET http://localhost:5173/src/components/ProfilerUI.tsx?t=1750030188693
→ GET http://localhost:5173/src/components/TransformDesigner.tsx?t=1750030251852
→ GET http://localhost:5173/src/components/TransformOperationEditor.tsx?t=1750024154646
→ GET http://localhost:5173/src/components/TransformPreviewPanel.tsx
→ GET http://localhost:5173/src/components/TransformConfigDisplay.tsx?t=1750028445161
→ GET http://localhost:5173/src/components/RunWizard.tsx?t=1750030330428
→ GET http://localhost:5173/src/components/ResultExplorer.tsx?t=1750030490824
→ GET http://localhost:5173/src/components/SentimentInsights.tsx?t=1750028445161
→ GET http://localhost:5173/src/components/DataPreview.tsx
→ GET http://localhost:5173/src/components/VirtualScrollList.tsx
→ GET http://localhost:5173/src/components/ApiErrorDisplay.tsx
→ GET http://localhost:5173/src/components/ExportErrorHandler.tsx?t=1750028445161
→ GET http://localhost:5173/src/components/LargeFileUploader.tsx?t=1750030148913
→ GET http://localhost:5173/src/components/LargeDatasetExporter.tsx?t=1750028445161
→ GET http://localhost:5173/src/components/ElectronFeatureMonitor.tsx?t=1750028445161
→ GET http://localhost:5173/src/components/SecurityAuditReport.tsx?t=1750026236037
→ GET http://localhost:5173/src/components/SecurityBadge.tsx
→ GET http://localhost:5173/src/components/TransformPipelinePersistence.tsx?t=1750028445161
→ GET http://localhost:5173/src/components/SentimentAnalysisControl.tsx?t=1750028445161
→ GET http://localhost:5173/src/components/JobQueueManager.tsx?t=1750028445161
← [33m200[39m http://localhost:5173/src/components/AppVersion.css
← [33m200[39m http://localhost:5173/src/hooks/useWebWorker.ts?t=1750014984624
← [33m200[39m http://localhost:5173/src/components/WorkflowManager.css?t=1749992255972
← [33m200[39m http://localhost:5173/src/components/LazyComponents.tsx?t=1750030490824
→ GET http://localhost:5173/src/utils/performance.ts
→ GET http://localhost:5173/src/components/LazyComponents.css
← [33m200[39m http://localhost:5173/src/components/NotificationToast.css
← [33m200[39m http://localhost:5173/node_modules/.vite/deps/chunk-KBNVMJOC.js?v=676c4d25
← [33m200[39m http://localhost:5173/src/components/ErrorBoundary.css
← [33m200[39m http://localhost:5173/src/components/ProgressIndicator.css
← [33m200[39m http://localhost:5173/src/components/MemoryMonitor.tsx?t=1750028445161
→ GET http://localhost:5173/src/hooks/useMemoryMonitor.ts?t=1750028445161
→ GET http://localhost:5173/src/components/MemoryMonitor.css
← [33m200[39m http://localhost:5173/src/components/SSEProgressIndicator.tsx?t=1750028445161
→ GET http://localhost:5173/src/components/SSEProgressIndicator.css
← [33m200[39m http://localhost:5173/src/components/RealTimeDashboard.css
← [33m200[39m http://localhost:5173/src/components/DataSourcePicker.tsx?t=1750030148913
→ GET http://localhost:5173/src/hooks/useApiErrorHandler.ts?t=1750028445161
→ GET http://localhost:5173/src/components/DataSourcePicker.css?t=1750008828131
← [33m200[39m http://localhost:5173/src/components/ProfilerUI.tsx?t=1750030188693
→ GET http://localhost:5173/src/components/ProfilerUI.css?t=1750022315517
← [33m200[39m http://localhost:5173/src/components/TransformDesigner.tsx?t=1750030251852
→ GET http://localhost:5173/src/components/TransformDesigner.css
← [33m200[39m http://localhost:5173/src/components/WebSocketStatus.tsx?t=1750028445161
→ GET http://localhost:5173/src/components/WebSocketStatus.css
← [33m200[39m http://localhost:5173/src/components/TransformPreviewPanel.tsx
→ GET http://localhost:5173/src/components/TransformPreviewPanel.css
← [33m200[39m http://localhost:5173/src/components/TransformConfigDisplay.tsx?t=1750028445161
→ GET http://localhost:5173/src/components/TransformConfigDisplay.css
← [33m200[39m http://localhost:5173/src/components/RunWizard.tsx?t=1750030330428
→ GET http://localhost:5173/src/components/RunWizard.css?t=1749994688834
← [33m200[39m http://localhost:5173/src/components/TransformOperationEditor.tsx?t=1750024154646
← [33m200[39m http://localhost:5173/src/components/DataPreview.tsx
→ GET http://localhost:5173/src/components/TransformOperationEditor.css
→ GET http://localhost:5173/src/components/DataPreview.css
← [33m200[39m http://localhost:5173/src/components/VirtualScrollList.tsx
→ GET http://localhost:5173/src/components/VirtualScrollList.css
← [33m200[39m http://localhost:5173/src/components/ApiErrorDisplay.tsx
→ GET http://localhost:5173/src/components/ApiErrorDisplay.css
← [33m200[39m http://localhost:5173/src/components/ResultExplorer.tsx?t=1750030490824
→ GET http://localhost:5173/src/hooks/useDebounce.ts
→ GET http://localhost:5173/src/components/ResultExplorer.css?t=1750008175222
← [33m200[39m http://localhost:5173/src/components/SentimentInsights.tsx?t=1750028445161
→ GET http://localhost:5173/src/components/SentimentInsights.css
← [33m200[39m http://localhost:5173/src/components/LargeFileUploader.tsx?t=1750030148913
→ GET http://localhost:5173/src/hooks/useLargeFileUpload.ts?t=1750028445161
→ GET http://localhost:5173/src/components/LargeFileUploader.css
← [33m200[39m http://localhost:5173/src/components/LargeDatasetExporter.tsx?t=1750028445161
→ GET http://localhost:5173/src/components/LargeDatasetExporter.css
← [33m200[39m http://localhost:5173/src/components/ElectronFeatureMonitor.tsx?t=1750028445161
→ GET http://localhost:5173/src/components/ElectronFeatureMonitor.css
← [33m200[39m http://localhost:5173/src/components/SecurityAuditReport.tsx?t=1750026236037
→ GET http://localhost:5173/src/components/SecurityAuditReport.css
← [33m200[39m http://localhost:5173/src/components/ExportErrorHandler.tsx?t=1750028445161
→ GET http://localhost:5173/src/components/ExportErrorHandler.css
← [33m200[39m http://localhost:5173/src/components/TransformPipelinePersistence.tsx?t=1750028445161
→ GET http://localhost:5173/src/components/TransformPipelinePersistence.css
← [33m200[39m http://localhost:5173/src/components/SentimentAnalysisControl.tsx?t=1750028445161
→ GET http://localhost:5173/src/components/SentimentAnalysisControl.css
← [33m200[39m http://localhost:5173/src/components/JobQueueManager.tsx?t=1750028445161
← [33m200[39m http://localhost:5173/src/utils/performance.ts
→ GET http://localhost:5173/src/components/JobQueueManager.css
← [33m200[39m http://localhost:5173/src/components/SecurityBadge.tsx
→ GET http://localhost:5173/src/components/SecurityBadge.css
← [33m200[39m http://localhost:5173/src/hooks/useMemoryMonitor.ts?t=1750028445161
← [33m200[39m http://localhost:5173/src/components/MemoryMonitor.css
← [33m200[39m http://localhost:5173/src/components/SSEProgressIndicator.css
← [33m200[39m http://localhost:5173/src/hooks/useApiErrorHandler.ts?t=1750028445161
← [33m200[39m http://localhost:5173/src/components/DataSourcePicker.css?t=1750008828131
← [33m200[39m http://localhost:5173/src/components/LazyComponents.css
← [33m200[39m http://localhost:5173/src/components/ProfilerUI.css?t=1750022315517
← [33m200[39m http://localhost:5173/src/components/TransformDesigner.css
← [33m200[39m http://localhost:5173/src/components/WebSocketStatus.css
← [33m200[39m http://localhost:5173/src/components/TransformOperationEditor.css
← [33m200[39m http://localhost:5173/src/components/TransformPreviewPanel.css
← [33m200[39m http://localhost:5173/src/components/TransformConfigDisplay.css
← [33m200[39m http://localhost:5173/src/components/RunWizard.css?t=1749994688834
← [33m200[39m http://localhost:5173/src/components/ApiErrorDisplay.css
← [33m200[39m http://localhost:5173/src/hooks/useDebounce.ts
← [33m200[39m http://localhost:5173/src/components/DataPreview.css
← [33m200[39m http://localhost:5173/src/components/VirtualScrollList.css
← [33m200[39m http://localhost:5173/src/hooks/useLargeFileUpload.ts?t=1750028445161
← [33m200[39m http://localhost:5173/src/components/LargeFileUploader.css
← [33m200[39m http://localhost:5173/src/components/ResultExplorer.css?t=1750008175222
← [33m200[39m http://localhost:5173/src/components/SentimentInsights.css
← [33m200[39m http://localhost:5173/src/components/SecurityAuditReport.css
← [33m200[39m http://localhost:5173/src/components/LargeDatasetExporter.css
← [33m200[39m http://localhost:5173/src/components/ElectronFeatureMonitor.css
← [33m200[39m http://localhost:5173/src/components/JobQueueManager.css
← [33m200[39m http://localhost:5173/src/components/ExportErrorHandler.css
← [33m200[39m http://localhost:5173/src/components/TransformPipelinePersistence.css
← [33m200[39m http://localhost:5173/src/components/SentimentAnalysisControl.css
← [33m200[39m http://localhost:5173/src/components/SecurityBadge.css

[[ATTACHMENT|artifacts/02-file-upload-File-Upload-2abe1-le-malformed-CSV-gracefully-browser-chrome/test-failed-1.png]]

[[ATTACHMENT|artifacts/02-file-upload-File-Upload-2abe1-le-malformed-CSV-gracefully-browser-chrome/video.webm]]

[[ATTACHMENT|artifacts/02-file-upload-File-Upload-2abe1-le-malformed-CSV-gracefully-browser-chrome/error-context.md]]
]]>
</system-out>
<system-err>
<![CDATA[(node:36255) [DEP0147] DeprecationWarning: In future versions of Node.js, fs.rmdir(path, { recursive: true }) will be removed. Use fs.rm(path, { recursive: true }) instead
(Use `node --trace-deprecation ...` to show where the warning was created)
]]>
</system-err>
</testcase>
<testcase name="File Upload Functionality › should support drag and drop file upload" classname="02-file-upload.spec.ts" time="5.974">
<failure message="02-file-upload.spec.ts:241:7 should support drag and drop file upload" type="FAILURE">
<![CDATA[  [browser-chrome] › 02-file-upload.spec.ts:241:7 › File Upload Functionality › should support drag and drop file upload › Drag and drop file 

    Error: Timed out 5000ms waiting for expect(locator).toBeVisible()

    Locator: locator('.drop-zone, [data-testid="drop-zone"]')
    Expected: visible
    Received: <element(s) not found>
    Call log:
      - Expect "toBeVisible" with timeout 5000ms
      - waiting for locator('.drop-zone, [data-testid="drop-zone"]')


      242 |     await test.step('Drag and drop file', async () => {
      243 |       const dropZone = page.locator('.drop-zone, [data-testid="drop-zone"]');
    > 244 |       await expect(dropZone).toBeVisible();
          |                              ^
      245 |       
      246 |       if (browserMode) {
      247 |         // Create a realistic drag and drop simulation for browser
        at /Users/thomaswagner/Documents/datacloak-sentiment-workbench/packages/e2e-tests/tests/02-file-upload.spec.ts:244:30
        at /Users/thomaswagner/Documents/datacloak-sentiment-workbench/packages/e2e-tests/tests/02-file-upload.spec.ts:242:16

    attachment #1: screenshot (image/png) ──────────────────────────────────────────────────────────
    test-results/artifacts/02-file-upload-File-Upload-28b70-t-drag-and-drop-file-upload-browser-chrome/test-failed-1.png
    ────────────────────────────────────────────────────────────────────────────────────────────────

    attachment #2: video (video/webm) ──────────────────────────────────────────────────────────────
    test-results/artifacts/02-file-upload-File-Upload-28b70-t-drag-and-drop-file-upload-browser-chrome/video.webm
    ────────────────────────────────────────────────────────────────────────────────────────────────

    Error Context: ../test-results/artifacts/02-file-upload-File-Upload-28b70-t-drag-and-drop-file-upload-browser-chrome/error-context.md
]]>
</failure>
<system-out>
<![CDATA[→ GET http://localhost:5173/
← [33m200[39m http://localhost:5173/
→ GET http://localhost:5173/@vite/client
→ GET http://localhost:5173/src/main.tsx?t=1750030703180
→ GET http://localhost:5173/@react-refresh
← [33m200[39m http://localhost:5173/src/main.tsx?t=1750030703180
→ GET http://localhost:5173/node_modules/.vite/deps/react_jsx-dev-runtime.js?v=6c3f721c
→ GET http://localhost:5173/node_modules/.vite/deps/react.js?v=6c3f721c
→ GET http://localhost:5173/node_modules/.vite/deps/react-dom_client.js?v=a50e1294
→ GET http://localhost:5173/src/index.css
→ GET http://localhost:5173/src/App.tsx?t=1750030703180
← [33m200[39m http://localhost:5173/@vite/client
→ GET http://localhost:5173/node_modules/vite/dist/client/env.mjs
← [33m200[39m http://localhost:5173/node_modules/.vite/deps/react_jsx-dev-runtime.js?v=6c3f721c
← [33m200[39m http://localhost:5173/@react-refresh
→ GET http://localhost:5173/node_modules/.vite/deps/chunk-UBDIXFPO.js?v=676c4d25
← [33m200[39m http://localhost:5173/node_modules/.vite/deps/react.js?v=6c3f721c
← [33m200[39m http://localhost:5173/node_modules/vite/dist/client/env.mjs
← [33m200[39m http://localhost:5173/src/index.css
← [33m200[39m http://localhost:5173/src/App.tsx?t=1750030703180
← [33m200[39m http://localhost:5173/node_modules/.vite/deps/chunk-UBDIXFPO.js?v=676c4d25
→ GET http://localhost:5173/src/App.css?t=1750030703180
→ GET http://localhost:5173/src/context/AppContext.tsx?t=1750028445161
→ GET http://localhost:5173/src/components/Navigation.tsx?t=1750030602543
→ GET http://localhost:5173/src/components/WorkflowManager.tsx?t=1750030602543
→ GET http://localhost:5173/src/components/NotificationToast.tsx?t=1750028445161
→ GET http://localhost:5173/src/components/ErrorBoundary.tsx
→ GET http://localhost:5173/src/components/ProgressIndicator.tsx?t=1750015148848
→ GET http://localhost:5173/src/components/RealTimeDashboard.tsx?t=1750028445161
← [33m200[39m http://localhost:5173/src/App.css?t=1750030703180
← [33m200[39m http://localhost:5173/src/context/AppContext.tsx?t=1750028445161
← [33m200[39m http://localhost:5173/src/components/Navigation.tsx?t=1750030602543
→ GET http://localhost:5173/src/components/AppVersion.tsx
→ GET http://localhost:5173/src/components/Navigation.css?t=1749995170122
← [33m200[39m http://localhost:5173/src/components/WorkflowManager.tsx?t=1750030602543
→ GET http://localhost:5173/src/components/index.ts?t=1750030602543
→ GET http://localhost:5173/src/components/LazyComponents.tsx?t=1750030490824
→ GET http://localhost:5173/src/hooks/useWebWorker.ts?t=1750014984624
→ GET http://localhost:5173/src/components/WorkflowManager.css?t=1749992255972
← [33m200[39m http://localhost:5173/src/components/NotificationToast.tsx?t=1750028445161
← [33m200[39m http://localhost:5173/src/components/ErrorBoundary.tsx
← [33m200[39m http://localhost:5173/src/components/AppVersion.tsx
← [33m200[39m http://localhost:5173/src/components/RealTimeDashboard.tsx?t=1750028445161
→ GET http://localhost:5173/src/components/NotificationToast.css
← [33m200[39m http://localhost:5173/src/components/ProgressIndicator.tsx?t=1750015148848
→ GET http://localhost:5173/src/components/ErrorBoundary.css
→ GET http://localhost:5173/src/components/AppVersion.css
→ GET http://localhost:5173/src/components/MemoryMonitor.tsx?t=1750028445161
→ GET http://localhost:5173/src/components/SSEProgressIndicator.tsx?t=1750028445161
→ GET http://localhost:5173/src/components/WebSocketStatus.tsx?t=1750028445161
→ GET http://localhost:5173/src/components/RealTimeDashboard.css
← [33m200[39m http://localhost:5173/src/components/Navigation.css?t=1749995170122
→ GET http://localhost:5173/src/components/ProgressIndicator.css
← [33m200[39m http://localhost:5173/node_modules/.vite/deps/react-dom_client.js?v=a50e1294
→ GET http://localhost:5173/node_modules/.vite/deps/chunk-KBNVMJOC.js?v=676c4d25
← [33m200[39m http://localhost:5173/src/components/index.ts?t=1750030602543
← [33m200[39m http://localhost:5173/src/hooks/useWebWorker.ts?t=1750014984624
→ GET http://localhost:5173/src/components/DataSourcePicker.tsx?t=1750030148913
→ GET http://localhost:5173/src/components/ProfilerUI.tsx?t=1750030188693
→ GET http://localhost:5173/src/components/TransformDesigner.tsx?t=1750030251852
→ GET http://localhost:5173/src/components/TransformOperationEditor.tsx?t=1750024154646
→ GET http://localhost:5173/src/components/TransformPreviewPanel.tsx
→ GET http://localhost:5173/src/components/TransformConfigDisplay.tsx?t=1750028445161
→ GET http://localhost:5173/src/components/RunWizard.tsx?t=1750030330428
→ GET http://localhost:5173/src/components/ResultExplorer.tsx?t=1750030490824
→ GET http://localhost:5173/src/components/SentimentInsights.tsx?t=1750028445161
→ GET http://localhost:5173/src/components/DataPreview.tsx
→ GET http://localhost:5173/src/components/VirtualScrollList.tsx
→ GET http://localhost:5173/src/components/ApiErrorDisplay.tsx
→ GET http://localhost:5173/src/components/ExportErrorHandler.tsx?t=1750028445161
→ GET http://localhost:5173/src/components/LargeFileUploader.tsx?t=1750030148913
→ GET http://localhost:5173/src/components/LargeDatasetExporter.tsx?t=1750028445161
→ GET http://localhost:5173/src/components/ElectronFeatureMonitor.tsx?t=1750028445161
→ GET http://localhost:5173/src/components/SecurityAuditReport.tsx?t=1750026236037
→ GET http://localhost:5173/src/components/SecurityBadge.tsx
→ GET http://localhost:5173/src/components/TransformPipelinePersistence.tsx?t=1750028445161
→ GET http://localhost:5173/src/components/SentimentAnalysisControl.tsx?t=1750028445161
→ GET http://localhost:5173/src/components/JobQueueManager.tsx?t=1750028445161
← [33m200[39m http://localhost:5173/src/components/WorkflowManager.css?t=1749992255972
← [33m200[39m http://localhost:5173/src/components/LazyComponents.tsx?t=1750030490824
← [33m200[39m http://localhost:5173/src/components/NotificationToast.css
→ GET http://localhost:5173/src/utils/performance.ts
→ GET http://localhost:5173/src/components/LazyComponents.css
← [33m200[39m http://localhost:5173/src/components/ErrorBoundary.css
← [33m200[39m http://localhost:5173/src/components/AppVersion.css
← [33m200[39m http://localhost:5173/src/components/MemoryMonitor.tsx?t=1750028445161
→ GET http://localhost:5173/src/hooks/useMemoryMonitor.ts?t=1750028445161
→ GET http://localhost:5173/src/components/MemoryMonitor.css
← [33m200[39m http://localhost:5173/src/components/SSEProgressIndicator.tsx?t=1750028445161
→ GET http://localhost:5173/src/components/SSEProgressIndicator.css
← [33m200[39m http://localhost:5173/src/components/RealTimeDashboard.css
← [33m200[39m http://localhost:5173/src/components/WebSocketStatus.tsx?t=1750028445161
← [33m200[39m http://localhost:5173/src/components/ProgressIndicator.css
← [33m200[39m http://localhost:5173/node_modules/.vite/deps/chunk-KBNVMJOC.js?v=676c4d25
← [33m200[39m http://localhost:5173/src/components/DataSourcePicker.tsx?t=1750030148913
→ GET http://localhost:5173/src/components/WebSocketStatus.css
→ GET http://localhost:5173/src/hooks/useApiErrorHandler.ts?t=1750028445161
→ GET http://localhost:5173/src/components/DataSourcePicker.css?t=1750008828131
← [33m200[39m http://localhost:5173/src/components/ProfilerUI.tsx?t=1750030188693
→ GET http://localhost:5173/src/components/ProfilerUI.css?t=1750022315517
← [33m200[39m http://localhost:5173/src/components/TransformDesigner.tsx?t=1750030251852
→ GET http://localhost:5173/src/components/TransformDesigner.css
← [33m200[39m http://localhost:5173/src/components/TransformOperationEditor.tsx?t=1750024154646
→ GET http://localhost:5173/src/components/TransformOperationEditor.css
← [33m200[39m http://localhost:5173/src/components/TransformPreviewPanel.tsx
→ GET http://localhost:5173/src/components/TransformPreviewPanel.css
← [33m200[39m http://localhost:5173/src/components/TransformConfigDisplay.tsx?t=1750028445161
→ GET http://localhost:5173/src/components/TransformConfigDisplay.css
← [33m200[39m http://localhost:5173/src/components/RunWizard.tsx?t=1750030330428
→ GET http://localhost:5173/src/components/RunWizard.css?t=1749994688834
← [33m200[39m http://localhost:5173/src/components/SentimentInsights.tsx?t=1750028445161
→ GET http://localhost:5173/src/components/SentimentInsights.css
← [33m200[39m http://localhost:5173/src/components/DataPreview.tsx
→ GET http://localhost:5173/src/components/DataPreview.css
← [33m200[39m http://localhost:5173/src/components/ResultExplorer.tsx?t=1750030490824
→ GET http://localhost:5173/src/hooks/useDebounce.ts
→ GET http://localhost:5173/src/components/ResultExplorer.css?t=1750008175222
← [33m200[39m http://localhost:5173/src/components/LargeFileUploader.tsx?t=1750030148913
→ GET http://localhost:5173/src/hooks/useLargeFileUpload.ts?t=1750028445161
→ GET http://localhost:5173/src/components/LargeFileUploader.css
← [33m200[39m http://localhost:5173/src/components/LargeDatasetExporter.tsx?t=1750028445161
→ GET http://localhost:5173/src/components/LargeDatasetExporter.css
← [33m200[39m http://localhost:5173/src/components/VirtualScrollList.tsx
→ GET http://localhost:5173/src/components/VirtualScrollList.css
← [33m200[39m http://localhost:5173/src/components/ApiErrorDisplay.tsx
→ GET http://localhost:5173/src/components/ApiErrorDisplay.css
← [33m200[39m http://localhost:5173/src/components/ExportErrorHandler.tsx?t=1750028445161
→ GET http://localhost:5173/src/components/ExportErrorHandler.css
← [33m200[39m http://localhost:5173/src/components/SecurityAuditReport.tsx?t=1750026236037
→ GET http://localhost:5173/src/components/SecurityAuditReport.css
← [33m200[39m http://localhost:5173/src/components/SecurityBadge.tsx
→ GET http://localhost:5173/src/components/SecurityBadge.css
← [33m200[39m http://localhost:5173/src/components/ElectronFeatureMonitor.tsx?t=1750028445161
→ GET http://localhost:5173/src/components/ElectronFeatureMonitor.css
← [33m200[39m http://localhost:5173/src/components/LazyComponents.css
← [33m200[39m http://localhost:5173/src/utils/performance.ts
← [33m200[39m http://localhost:5173/src/hooks/useMemoryMonitor.ts?t=1750028445161
← [33m200[39m http://localhost:5173/src/components/TransformPipelinePersistence.tsx?t=1750028445161
→ GET http://localhost:5173/src/components/TransformPipelinePersistence.css
← [33m200[39m http://localhost:5173/src/components/SentimentAnalysisControl.tsx?t=1750028445161
→ GET http://localhost:5173/src/components/SentimentAnalysisControl.css
← [33m200[39m http://localhost:5173/src/components/MemoryMonitor.css
← [33m200[39m http://localhost:5173/src/components/SSEProgressIndicator.css
← [33m200[39m http://localhost:5173/src/components/JobQueueManager.tsx?t=1750028445161
→ GET http://localhost:5173/src/components/JobQueueManager.css
← [33m200[39m http://localhost:5173/src/components/WebSocketStatus.css
← [33m200[39m http://localhost:5173/src/hooks/useApiErrorHandler.ts?t=1750028445161
← [33m200[39m http://localhost:5173/src/components/DataSourcePicker.css?t=1750008828131
← [33m200[39m http://localhost:5173/src/components/TransformDesigner.css
← [33m200[39m http://localhost:5173/src/components/TransformOperationEditor.css
← [33m200[39m http://localhost:5173/src/components/ProfilerUI.css?t=1750022315517
← [33m200[39m http://localhost:5173/src/components/TransformPreviewPanel.css
← [33m200[39m http://localhost:5173/src/components/RunWizard.css?t=1749994688834
← [33m200[39m http://localhost:5173/src/components/TransformConfigDisplay.css
← [33m200[39m http://localhost:5173/src/components/SentimentInsights.css
← [33m200[39m http://localhost:5173/src/components/DataPreview.css
← [33m200[39m http://localhost:5173/src/components/ResultExplorer.css?t=1750008175222
← [33m200[39m http://localhost:5173/src/hooks/useDebounce.ts
← [33m200[39m http://localhost:5173/src/hooks/useLargeFileUpload.ts?t=1750028445161
← [33m200[39m http://localhost:5173/src/components/LargeFileUploader.css
← [33m200[39m http://localhost:5173/src/components/LargeDatasetExporter.css
← [33m200[39m http://localhost:5173/src/components/VirtualScrollList.css
← [33m200[39m http://localhost:5173/src/components/ApiErrorDisplay.css
← [33m200[39m http://localhost:5173/src/components/ExportErrorHandler.css
← [33m200[39m http://localhost:5173/src/components/SecurityAuditReport.css
← [33m200[39m http://localhost:5173/src/components/SecurityBadge.css
← [33m200[39m http://localhost:5173/src/components/ElectronFeatureMonitor.css
← [33m200[39m http://localhost:5173/src/components/TransformPipelinePersistence.css
← [33m200[39m http://localhost:5173/src/components/SentimentAnalysisControl.css
← [33m200[39m http://localhost:5173/src/components/JobQueueManager.css

[[ATTACHMENT|artifacts/02-file-upload-File-Upload-28b70-t-drag-and-drop-file-upload-browser-chrome/test-failed-1.png]]

[[ATTACHMENT|artifacts/02-file-upload-File-Upload-28b70-t-drag-and-drop-file-upload-browser-chrome/video.webm]]

[[ATTACHMENT|artifacts/02-file-upload-File-Upload-28b70-t-drag-and-drop-file-upload-browser-chrome/error-context.md]]
]]>
</system-out>
<system-err>
<![CDATA[(node:36306) [DEP0147] DeprecationWarning: In future versions of Node.js, fs.rmdir(path, { recursive: true }) will be removed. Use fs.rm(path, { recursive: true }) instead
(Use `node --trace-deprecation ...` to show where the warning was created)
]]>
</system-err>
</testcase>
<testcase name="File Upload Functionality › should show file requirements and help text" classname="02-file-upload.spec.ts" time="1.059">
<system-out>
<![CDATA[→ GET http://localhost:5173/
← [33m200[39m http://localhost:5173/
→ GET http://localhost:5173/@vite/client
→ GET http://localhost:5173/src/main.tsx?t=1750030703180
→ GET http://localhost:5173/@react-refresh
← [33m200[39m http://localhost:5173/src/main.tsx?t=1750030703180
→ GET http://localhost:5173/node_modules/.vite/deps/react_jsx-dev-runtime.js?v=6c3f721c
→ GET http://localhost:5173/node_modules/.vite/deps/react.js?v=6c3f721c
→ GET http://localhost:5173/node_modules/.vite/deps/react-dom_client.js?v=a50e1294
→ GET http://localhost:5173/src/index.css
→ GET http://localhost:5173/src/App.tsx?t=1750030703180
← [33m200[39m http://localhost:5173/@vite/client
→ GET http://localhost:5173/node_modules/vite/dist/client/env.mjs
← [33m200[39m http://localhost:5173/@react-refresh
← [33m200[39m http://localhost:5173/node_modules/.vite/deps/react_jsx-dev-runtime.js?v=6c3f721c
→ GET http://localhost:5173/node_modules/.vite/deps/chunk-UBDIXFPO.js?v=676c4d25
← [33m200[39m http://localhost:5173/node_modules/.vite/deps/react.js?v=6c3f721c
← [33m200[39m http://localhost:5173/node_modules/vite/dist/client/env.mjs
← [33m200[39m http://localhost:5173/src/index.css
← [33m200[39m http://localhost:5173/node_modules/.vite/deps/chunk-UBDIXFPO.js?v=676c4d25
← [33m200[39m http://localhost:5173/src/App.tsx?t=1750030703180
→ GET http://localhost:5173/src/App.css?t=1750030703180
→ GET http://localhost:5173/src/context/AppContext.tsx?t=1750028445161
→ GET http://localhost:5173/src/components/Navigation.tsx?t=1750030602543
→ GET http://localhost:5173/src/components/WorkflowManager.tsx?t=1750030602543
→ GET http://localhost:5173/src/components/NotificationToast.tsx?t=1750028445161
→ GET http://localhost:5173/src/components/ErrorBoundary.tsx
→ GET http://localhost:5173/src/components/ProgressIndicator.tsx?t=1750015148848
→ GET http://localhost:5173/src/components/RealTimeDashboard.tsx?t=1750028445161
← [33m200[39m http://localhost:5173/src/App.css?t=1750030703180
← [33m200[39m http://localhost:5173/src/context/AppContext.tsx?t=1750028445161
← [33m200[39m http://localhost:5173/src/components/Navigation.tsx?t=1750030602543
→ GET http://localhost:5173/src/components/AppVersion.tsx
→ GET http://localhost:5173/src/components/Navigation.css?t=1749995170122
← [33m200[39m http://localhost:5173/src/components/WorkflowManager.tsx?t=1750030602543
→ GET http://localhost:5173/src/components/index.ts?t=1750030602543
→ GET http://localhost:5173/src/components/LazyComponents.tsx?t=1750030490824
→ GET http://localhost:5173/src/hooks/useWebWorker.ts?t=1750014984624
→ GET http://localhost:5173/src/components/WorkflowManager.css?t=1749992255972
← [33m200[39m http://localhost:5173/node_modules/.vite/deps/react-dom_client.js?v=a50e1294
← [33m200[39m http://localhost:5173/src/components/NotificationToast.tsx?t=1750028445161
→ GET http://localhost:5173/node_modules/.vite/deps/chunk-KBNVMJOC.js?v=676c4d25
→ GET http://localhost:5173/src/components/NotificationToast.css
← [33m200[39m http://localhost:5173/src/components/RealTimeDashboard.tsx?t=1750028445161
→ GET http://localhost:5173/src/components/MemoryMonitor.tsx?t=1750028445161
→ GET http://localhost:5173/src/components/SSEProgressIndicator.tsx?t=1750028445161
→ GET http://localhost:5173/src/components/WebSocketStatus.tsx?t=1750028445161
→ GET http://localhost:5173/src/components/RealTimeDashboard.css
← [33m200[39m http://localhost:5173/src/components/AppVersion.tsx
← [33m200[39m http://localhost:5173/src/components/ErrorBoundary.tsx
→ GET http://localhost:5173/src/components/AppVersion.css
→ GET http://localhost:5173/src/components/ErrorBoundary.css
← [33m200[39m http://localhost:5173/src/components/ProgressIndicator.tsx?t=1750015148848
← [33m200[39m http://localhost:5173/src/components/Navigation.css?t=1749995170122
→ GET http://localhost:5173/src/components/ProgressIndicator.css
← [33m200[39m http://localhost:5173/src/components/index.ts?t=1750030602543
→ GET http://localhost:5173/src/components/DataSourcePicker.tsx?t=1750030148913
→ GET http://localhost:5173/src/components/ProfilerUI.tsx?t=1750030188693
→ GET http://localhost:5173/src/components/TransformDesigner.tsx?t=1750030251852
→ GET http://localhost:5173/src/components/TransformOperationEditor.tsx?t=1750024154646
→ GET http://localhost:5173/src/components/TransformPreviewPanel.tsx
→ GET http://localhost:5173/src/components/TransformConfigDisplay.tsx?t=1750028445161
→ GET http://localhost:5173/src/components/RunWizard.tsx?t=1750030330428
→ GET http://localhost:5173/src/components/ResultExplorer.tsx?t=1750030490824
→ GET http://localhost:5173/src/components/SentimentInsights.tsx?t=1750028445161
→ GET http://localhost:5173/src/components/DataPreview.tsx
→ GET http://localhost:5173/src/components/VirtualScrollList.tsx
→ GET http://localhost:5173/src/components/ApiErrorDisplay.tsx
→ GET http://localhost:5173/src/components/ExportErrorHandler.tsx?t=1750028445161
→ GET http://localhost:5173/src/components/LargeFileUploader.tsx?t=1750030148913
→ GET http://localhost:5173/src/components/LargeDatasetExporter.tsx?t=1750028445161
→ GET http://localhost:5173/src/components/ElectronFeatureMonitor.tsx?t=1750028445161
→ GET http://localhost:5173/src/components/SecurityAuditReport.tsx?t=1750026236037
→ GET http://localhost:5173/src/components/SecurityBadge.tsx
→ GET http://localhost:5173/src/components/TransformPipelinePersistence.tsx?t=1750028445161
→ GET http://localhost:5173/src/components/SentimentAnalysisControl.tsx?t=1750028445161
→ GET http://localhost:5173/src/components/JobQueueManager.tsx?t=1750028445161
← [33m200[39m http://localhost:5173/src/components/LazyComponents.tsx?t=1750030490824
→ GET http://localhost:5173/src/utils/performance.ts
→ GET http://localhost:5173/src/components/LazyComponents.css
← [33m200[39m http://localhost:5173/src/hooks/useWebWorker.ts?t=1750014984624
← [33m200[39m http://localhost:5173/src/components/WorkflowManager.css?t=1749992255972
← [33m200[39m http://localhost:5173/node_modules/.vite/deps/chunk-KBNVMJOC.js?v=676c4d25
← [33m200[39m http://localhost:5173/src/components/NotificationToast.css
← [33m200[39m http://localhost:5173/src/components/MemoryMonitor.tsx?t=1750028445161
→ GET http://localhost:5173/src/hooks/useMemoryMonitor.ts?t=1750028445161
→ GET http://localhost:5173/src/components/MemoryMonitor.css
← [33m200[39m http://localhost:5173/src/components/SSEProgressIndicator.tsx?t=1750028445161
→ GET http://localhost:5173/src/components/SSEProgressIndicator.css
← [33m200[39m http://localhost:5173/src/components/WebSocketStatus.tsx?t=1750028445161
→ GET http://localhost:5173/src/components/WebSocketStatus.css
← [33m200[39m http://localhost:5173/src/components/DataSourcePicker.tsx?t=1750030148913
← [33m200[39m http://localhost:5173/src/components/RealTimeDashboard.css
→ GET http://localhost:5173/src/hooks/useApiErrorHandler.ts?t=1750028445161
→ GET http://localhost:5173/src/components/DataSourcePicker.css?t=1750008828131
← [33m200[39m http://localhost:5173/src/components/ProfilerUI.tsx?t=1750030188693
→ GET http://localhost:5173/src/components/ProfilerUI.css?t=1750022315517
← [33m200[39m http://localhost:5173/src/components/AppVersion.css
← [33m200[39m http://localhost:5173/src/components/ErrorBoundary.css
← [33m200[39m http://localhost:5173/src/components/ProgressIndicator.css
← [33m200[39m http://localhost:5173/src/components/TransformDesigner.tsx?t=1750030251852
→ GET http://localhost:5173/src/components/TransformDesigner.css
← [33m200[39m http://localhost:5173/src/components/TransformOperationEditor.tsx?t=1750024154646
→ GET http://localhost:5173/src/components/TransformOperationEditor.css
← [33m200[39m http://localhost:5173/src/components/TransformPreviewPanel.tsx
→ GET http://localhost:5173/src/components/TransformPreviewPanel.css
← [33m200[39m http://localhost:5173/src/components/TransformConfigDisplay.tsx?t=1750028445161
→ GET http://localhost:5173/src/components/TransformConfigDisplay.css
← [33m200[39m http://localhost:5173/src/components/RunWizard.tsx?t=1750030330428
→ GET http://localhost:5173/src/components/RunWizard.css?t=1749994688834
← [33m200[39m http://localhost:5173/src/components/DataPreview.tsx
→ GET http://localhost:5173/src/components/DataPreview.css
← [33m200[39m http://localhost:5173/src/components/SentimentInsights.tsx?t=1750028445161
← [33m200[39m http://localhost:5173/src/components/VirtualScrollList.tsx
→ GET http://localhost:5173/src/components/SentimentInsights.css
→ GET http://localhost:5173/src/components/VirtualScrollList.css
← [33m200[39m http://localhost:5173/src/components/ApiErrorDisplay.tsx
→ GET http://localhost:5173/src/components/ApiErrorDisplay.css
← [33m200[39m http://localhost:5173/src/components/ResultExplorer.tsx?t=1750030490824
← [33m200[39m http://localhost:5173/src/components/LargeFileUploader.tsx?t=1750030148913
→ GET http://localhost:5173/src/hooks/useDebounce.ts
→ GET http://localhost:5173/src/components/ResultExplorer.css?t=1750008175222
→ GET http://localhost:5173/src/hooks/useLargeFileUpload.ts?t=1750028445161
→ GET http://localhost:5173/src/components/LargeFileUploader.css
← [33m200[39m http://localhost:5173/src/components/LargeDatasetExporter.tsx?t=1750028445161
→ GET http://localhost:5173/src/components/LargeDatasetExporter.css
← [33m200[39m http://localhost:5173/src/components/ElectronFeatureMonitor.tsx?t=1750028445161
→ GET http://localhost:5173/src/components/ElectronFeatureMonitor.css
← [33m200[39m http://localhost:5173/src/components/SecurityAuditReport.tsx?t=1750026236037
→ GET http://localhost:5173/src/components/SecurityAuditReport.css
← [33m200[39m http://localhost:5173/src/components/ExportErrorHandler.tsx?t=1750028445161
→ GET http://localhost:5173/src/components/ExportErrorHandler.css
← [33m200[39m http://localhost:5173/src/components/TransformPipelinePersistence.tsx?t=1750028445161
→ GET http://localhost:5173/src/components/TransformPipelinePersistence.css
← [33m200[39m http://localhost:5173/src/components/SentimentAnalysisControl.tsx?t=1750028445161
→ GET http://localhost:5173/src/components/SentimentAnalysisControl.css
← [33m200[39m http://localhost:5173/src/components/JobQueueManager.tsx?t=1750028445161
→ GET http://localhost:5173/src/components/JobQueueManager.css
← [33m200[39m http://localhost:5173/src/components/LazyComponents.css
← [33m200[39m http://localhost:5173/src/components/MemoryMonitor.css
← [33m200[39m http://localhost:5173/src/hooks/useMemoryMonitor.ts?t=1750028445161
← [33m200[39m http://localhost:5173/src/components/SecurityBadge.tsx
← [33m200[39m http://localhost:5173/src/components/WebSocketStatus.css
← [33m200[39m http://localhost:5173/src/components/SSEProgressIndicator.css
← [33m200[39m http://localhost:5173/src/utils/performance.ts
← [33m200[39m http://localhost:5173/src/components/DataSourcePicker.css?t=1750008828131
← [33m200[39m http://localhost:5173/src/hooks/useApiErrorHandler.ts?t=1750028445161
→ GET http://localhost:5173/src/components/SecurityBadge.css
← [33m200[39m http://localhost:5173/src/components/ProfilerUI.css?t=1750022315517
← [33m200[39m http://localhost:5173/src/components/TransformDesigner.css
← [33m200[39m http://localhost:5173/src/components/TransformOperationEditor.css
← [33m200[39m http://localhost:5173/src/components/DataPreview.css
← [33m200[39m http://localhost:5173/src/components/SentimentInsights.css
← [33m200[39m http://localhost:5173/src/components/TransformPreviewPanel.css
← [33m200[39m http://localhost:5173/src/components/TransformConfigDisplay.css
← [33m200[39m http://localhost:5173/src/components/RunWizard.css?t=1749994688834
← [33m200[39m http://localhost:5173/src/components/ApiErrorDisplay.css
← [33m200[39m http://localhost:5173/src/hooks/useDebounce.ts
← [33m200[39m http://localhost:5173/src/components/VirtualScrollList.css
← [33m200[39m http://localhost:5173/src/components/LargeDatasetExporter.css
← [33m200[39m http://localhost:5173/src/components/ElectronFeatureMonitor.css
← [33m200[39m http://localhost:5173/src/components/ResultExplorer.css?t=1750008175222
← [33m200[39m http://localhost:5173/src/hooks/useLargeFileUpload.ts?t=1750028445161
← [33m200[39m http://localhost:5173/src/components/LargeFileUploader.css
← [33m200[39m http://localhost:5173/src/components/ExportErrorHandler.css
← [33m200[39m http://localhost:5173/src/components/TransformPipelinePersistence.css
← [33m200[39m http://localhost:5173/src/components/SentimentAnalysisControl.css
← [33m200[39m http://localhost:5173/src/components/JobQueueManager.css
← [33m200[39m http://localhost:5173/src/components/SecurityAuditReport.css
← [33m200[39m http://localhost:5173/src/components/SecurityBadge.css
Help text available: false
]]>
</system-out>
</testcase>
<testcase name="File Upload Error Scenarios › should handle server upload errors gracefully" classname="02-file-upload.spec.ts" time="1.114">
<failure message="02-file-upload.spec.ts:351:7 should handle server upload errors gracefully" type="FAILURE">
<![CDATA[  [browser-chrome] › 02-file-upload.spec.ts:351:7 › File Upload Error Scenarios › should handle server upload errors gracefully › Attempt upload with server error 

    Error: expect.toBeAttached: Error: strict mode violation: locator('input[type="file"]') resolved to 2 elements:
        1) <input type="file" accept=".csv,.xlsx,.xls,.tsv" data-testid="file-input-button" aria-label="Select file to upload" aria-describedby="file-restrictions"/> aka getByTestId('file-input-button')
        2) <input multiple type="file" accept=".csv,.xlsx,.xls,.tsv" data-testid="hidden-file-input" aria-describedby="file-requirements" aria-label="Select data files for upload"/> aka getByTestId('hidden-file-input')

    Call log:
      - Expect "toBeAttached" with timeout 5000ms
      - waiting for locator('input[type="file"]')


       at ../fixtures/test-fixtures.ts:203

      201 |   // Now set the file input (works for both browser and Electron modes)
      202 |   const fileInput = page.locator('input[type="file"]');
    > 203 |   await expect(fileInput).toBeAttached({ timeout: 5000 });
          |                           ^
      204 |   await fileInput.setInputFiles(filePath);
      205 | };
      206 |
        at uploadFile (/Users/thomaswagner/Documents/datacloak-sentiment-workbench/packages/e2e-tests/fixtures/test-fixtures.ts:203:27)
        at /Users/thomaswagner/Documents/datacloak-sentiment-workbench/packages/e2e-tests/tests/02-file-upload.spec.ts:365:7
        at /Users/thomaswagner/Documents/datacloak-sentiment-workbench/packages/e2e-tests/tests/02-file-upload.spec.ts:364:5

    attachment #1: screenshot (image/png) ──────────────────────────────────────────────────────────
    test-results/artifacts/02-file-upload-File-Upload-cab16-er-upload-errors-gracefully-browser-chrome/test-failed-1.png
    ────────────────────────────────────────────────────────────────────────────────────────────────

    attachment #2: video (video/webm) ──────────────────────────────────────────────────────────────
    test-results/artifacts/02-file-upload-File-Upload-cab16-er-upload-errors-gracefully-browser-chrome/video.webm
    ────────────────────────────────────────────────────────────────────────────────────────────────

    Error Context: ../test-results/artifacts/02-file-upload-File-Upload-cab16-er-upload-errors-gracefully-browser-chrome/error-context.md
]]>
</failure>
<system-out>
<![CDATA[
[[ATTACHMENT|artifacts/02-file-upload-File-Upload-cab16-er-upload-errors-gracefully-browser-chrome/test-failed-1.png]]

[[ATTACHMENT|artifacts/02-file-upload-File-Upload-cab16-er-upload-errors-gracefully-browser-chrome/video.webm]]

[[ATTACHMENT|artifacts/02-file-upload-File-Upload-cab16-er-upload-errors-gracefully-browser-chrome/error-context.md]]
]]>
</system-out>
<system-err>
<![CDATA[(node:36308) [DEP0147] DeprecationWarning: In future versions of Node.js, fs.rmdir(path, { recursive: true }) will be removed. Use fs.rm(path, { recursive: true }) instead
(Use `node --trace-deprecation ...` to show where the warning was created)
]]>
</system-err>
</testcase>
<testcase name="File Upload Error Scenarios › should handle network connectivity issues" classname="02-file-upload.spec.ts" time="1.139">
<failure message="02-file-upload.spec.ts:394:7 should handle network connectivity issues" type="FAILURE">
<![CDATA[  [browser-chrome] › 02-file-upload.spec.ts:394:7 › File Upload Error Scenarios › should handle network connectivity issues › Attempt upload with network timeout 

    Error: expect.toBeAttached: Error: strict mode violation: locator('input[type="file"]') resolved to 2 elements:
        1) <input type="file" accept=".csv,.xlsx,.xls,.tsv" data-testid="file-input-button" aria-label="Select file to upload" aria-describedby="file-restrictions"/> aka getByTestId('file-input-button')
        2) <input multiple type="file" accept=".csv,.xlsx,.xls,.tsv" data-testid="hidden-file-input" aria-describedby="file-requirements" aria-label="Select data files for upload"/> aka getByTestId('hidden-file-input')

    Call log:
      - Expect "toBeAttached" with timeout 5000ms
      - waiting for locator('input[type="file"]')


       at ../fixtures/test-fixtures.ts:203

      201 |   // Now set the file input (works for both browser and Electron modes)
      202 |   const fileInput = page.locator('input[type="file"]');
    > 203 |   await expect(fileInput).toBeAttached({ timeout: 5000 });
          |                           ^
      204 |   await fileInput.setInputFiles(filePath);
      205 | };
      206 |
        at uploadFile (/Users/thomaswagner/Documents/datacloak-sentiment-workbench/packages/e2e-tests/fixtures/test-fixtures.ts:203:27)
        at /Users/thomaswagner/Documents/datacloak-sentiment-workbench/packages/e2e-tests/tests/02-file-upload.spec.ts:407:7
        at /Users/thomaswagner/Documents/datacloak-sentiment-workbench/packages/e2e-tests/tests/02-file-upload.spec.ts:406:5

    attachment #1: screenshot (image/png) ──────────────────────────────────────────────────────────
    test-results/artifacts/02-file-upload-File-Upload-54e94-network-connectivity-issues-browser-chrome/test-failed-1.png
    ────────────────────────────────────────────────────────────────────────────────────────────────

    attachment #2: video (video/webm) ──────────────────────────────────────────────────────────────
    test-results/artifacts/02-file-upload-File-Upload-54e94-network-connectivity-issues-browser-chrome/video.webm
    ────────────────────────────────────────────────────────────────────────────────────────────────

    Error Context: ../test-results/artifacts/02-file-upload-File-Upload-54e94-network-connectivity-issues-browser-chrome/error-context.md
]]>
</failure>
<system-out>
<![CDATA[
[[ATTACHMENT|artifacts/02-file-upload-File-Upload-54e94-network-connectivity-issues-browser-chrome/test-failed-1.png]]

[[ATTACHMENT|artifacts/02-file-upload-File-Upload-54e94-network-connectivity-issues-browser-chrome/video.webm]]

[[ATTACHMENT|artifacts/02-file-upload-File-Upload-54e94-network-connectivity-issues-browser-chrome/error-context.md]]
]]>
</system-out>
<system-err>
<![CDATA[(node:36309) [DEP0147] DeprecationWarning: In future versions of Node.js, fs.rmdir(path, { recursive: true }) will be removed. Use fs.rm(path, { recursive: true }) instead
(Use `node --trace-deprecation ...` to show where the warning was created)
]]>
</system-err>
</testcase>
</testsuite>
<testsuite name="03-pii-detection.spec.ts" timestamp="2025-06-15T23:53:34.693Z" hostname="browser-chrome" tests="7" failures="7" skipped="0" time="7.235" errors="0">
<testcase name="Field Detection and PII Identification › should detect common field types correctly" classname="03-pii-detection.spec.ts" time="1.126">
<failure message="03-pii-detection.spec.ts:11:7 should detect common field types correctly" type="FAILURE">
<![CDATA[  [browser-chrome] › 03-pii-detection.spec.ts:11:7 › Field Detection and PII Identification › should detect common field types correctly › Upload test file with various field types 

    Error: expect.toBeAttached: Error: strict mode violation: locator('input[type="file"]') resolved to 2 elements:
        1) <input type="file" accept=".csv,.xlsx,.xls,.tsv" data-testid="file-input-button" aria-label="Select file to upload" aria-describedby="file-restrictions"/> aka getByTestId('file-input-button')
        2) <input multiple type="file" accept=".csv,.xlsx,.xls,.tsv" data-testid="hidden-file-input" aria-describedby="file-requirements" aria-label="Select data files for upload"/> aka getByTestId('hidden-file-input')

    Call log:
      - Expect "toBeAttached" with timeout 5000ms
      - waiting for locator('input[type="file"]')


       at ../fixtures/test-fixtures.ts:203

      201 |   // Now set the file input (works for both browser and Electron modes)
      202 |   const fileInput = page.locator('input[type="file"]');
    > 203 |   await expect(fileInput).toBeAttached({ timeout: 5000 });
          |                           ^
      204 |   await fileInput.setInputFiles(filePath);
      205 | };
      206 |
        at uploadFile (/Users/thomaswagner/Documents/datacloak-sentiment-workbench/packages/e2e-tests/fixtures/test-fixtures.ts:203:27)
        at /Users/thomaswagner/Documents/datacloak-sentiment-workbench/packages/e2e-tests/tests/03-pii-detection.spec.ts:13:7
        at /Users/thomaswagner/Documents/datacloak-sentiment-workbench/packages/e2e-tests/tests/03-pii-detection.spec.ts:12:5

    attachment #1: screenshot (image/png) ──────────────────────────────────────────────────────────
    test-results/artifacts/03-pii-detection-Field-Det-c67b4-ommon-field-types-correctly-browser-chrome/test-failed-1.png
    ────────────────────────────────────────────────────────────────────────────────────────────────

    attachment #2: video (video/webm) ──────────────────────────────────────────────────────────────
    test-results/artifacts/03-pii-detection-Field-Det-c67b4-ommon-field-types-correctly-browser-chrome/video.webm
    ────────────────────────────────────────────────────────────────────────────────────────────────

    Error Context: ../test-results/artifacts/03-pii-detection-Field-Det-c67b4-ommon-field-types-correctly-browser-chrome/error-context.md
]]>
</failure>
<system-out>
<![CDATA[
[[ATTACHMENT|artifacts/03-pii-detection-Field-Det-c67b4-ommon-field-types-correctly-browser-chrome/test-failed-1.png]]

[[ATTACHMENT|artifacts/03-pii-detection-Field-Det-c67b4-ommon-field-types-correctly-browser-chrome/video.webm]]

[[ATTACHMENT|artifacts/03-pii-detection-Field-Det-c67b4-ommon-field-types-correctly-browser-chrome/error-context.md]]
]]>
</system-out>
<system-err>
<![CDATA[(node:36310) [DEP0147] DeprecationWarning: In future versions of Node.js, fs.rmdir(path, { recursive: true }) will be removed. Use fs.rm(path, { recursive: true }) instead
(Use `node --trace-deprecation ...` to show where the warning was created)
]]>
</system-err>
</testcase>
<testcase name="Field Detection and PII Identification › should identify PII fields and show security warnings" classname="03-pii-detection.spec.ts" time="0.979">
<failure message="03-pii-detection.spec.ts:86:7 should identify PII fields and show security warnings" type="FAILURE">
<![CDATA[  [browser-chrome] › 03-pii-detection.spec.ts:86:7 › Field Detection and PII Identification › should identify PII fields and show security warnings › Upload file with PII data 

    Error: expect.toBeAttached: Error: strict mode violation: locator('input[type="file"]') resolved to 2 elements:
        1) <input type="file" accept=".csv,.xlsx,.xls,.tsv" data-testid="file-input-button" aria-label="Select file to upload" aria-describedby="file-restrictions"/> aka getByTestId('file-input-button')
        2) <input multiple type="file" accept=".csv,.xlsx,.xls,.tsv" data-testid="hidden-file-input" aria-describedby="file-requirements" aria-label="Select data files for upload"/> aka getByTestId('hidden-file-input')

    Call log:
      - Expect "toBeAttached" with timeout 5000ms
      - waiting for locator('input[type="file"]')


       at ../fixtures/test-fixtures.ts:203

      201 |   // Now set the file input (works for both browser and Electron modes)
      202 |   const fileInput = page.locator('input[type="file"]');
    > 203 |   await expect(fileInput).toBeAttached({ timeout: 5000 });
          |                           ^
      204 |   await fileInput.setInputFiles(filePath);
      205 | };
      206 |
        at uploadFile (/Users/thomaswagner/Documents/datacloak-sentiment-workbench/packages/e2e-tests/fixtures/test-fixtures.ts:203:27)
        at /Users/thomaswagner/Documents/datacloak-sentiment-workbench/packages/e2e-tests/tests/03-pii-detection.spec.ts:88:7
        at /Users/thomaswagner/Documents/datacloak-sentiment-workbench/packages/e2e-tests/tests/03-pii-detection.spec.ts:87:5

    attachment #1: screenshot (image/png) ──────────────────────────────────────────────────────────
    test-results/artifacts/03-pii-detection-Field-Det-d0558--and-show-security-warnings-browser-chrome/test-failed-1.png
    ────────────────────────────────────────────────────────────────────────────────────────────────

    attachment #2: video (video/webm) ──────────────────────────────────────────────────────────────
    test-results/artifacts/03-pii-detection-Field-Det-d0558--and-show-security-warnings-browser-chrome/video.webm
    ────────────────────────────────────────────────────────────────────────────────────────────────

    Error Context: ../test-results/artifacts/03-pii-detection-Field-Det-d0558--and-show-security-warnings-browser-chrome/error-context.md
]]>
</failure>
<system-out>
<![CDATA[
[[ATTACHMENT|artifacts/03-pii-detection-Field-Det-d0558--and-show-security-warnings-browser-chrome/test-failed-1.png]]

[[ATTACHMENT|artifacts/03-pii-detection-Field-Det-d0558--and-show-security-warnings-browser-chrome/video.webm]]

[[ATTACHMENT|artifacts/03-pii-detection-Field-Det-d0558--and-show-security-warnings-browser-chrome/error-context.md]]
]]>
</system-out>
<system-err>
<![CDATA[(node:36311) [DEP0147] DeprecationWarning: In future versions of Node.js, fs.rmdir(path, { recursive: true }) will be removed. Use fs.rm(path, { recursive: true }) instead
(Use `node --trace-deprecation ...` to show where the warning was created)
]]>
</system-err>
</testcase>
<testcase name="Field Detection and PII Identification › should show field statistics and data quality metrics" classname="03-pii-detection.spec.ts" time="0.885">
<failure message="03-pii-detection.spec.ts:158:7 should show field statistics and data quality metrics" type="FAILURE">
<![CDATA[  [browser-chrome] › 03-pii-detection.spec.ts:158:7 › Field Detection and PII Identification › should show field statistics and data quality metrics › Upload file and navigate to profiling 

    Error: expect.toBeAttached: Error: strict mode violation: locator('input[type="file"]') resolved to 2 elements:
        1) <input type="file" accept=".csv,.xlsx,.xls,.tsv" data-testid="file-input-button" aria-label="Select file to upload" aria-describedby="file-restrictions"/> aka getByTestId('file-input-button')
        2) <input multiple type="file" accept=".csv,.xlsx,.xls,.tsv" data-testid="hidden-file-input" aria-describedby="file-requirements" aria-label="Select data files for upload"/> aka getByTestId('hidden-file-input')

    Call log:
      - Expect "toBeAttached" with timeout 5000ms
      - waiting for locator('input[type="file"]')


       at ../fixtures/test-fixtures.ts:203

      201 |   // Now set the file input (works for both browser and Electron modes)
      202 |   const fileInput = page.locator('input[type="file"]');
    > 203 |   await expect(fileInput).toBeAttached({ timeout: 5000 });
          |                           ^
      204 |   await fileInput.setInputFiles(filePath);
      205 | };
      206 |
        at uploadFile (/Users/thomaswagner/Documents/datacloak-sentiment-workbench/packages/e2e-tests/fixtures/test-fixtures.ts:203:27)
        at /Users/thomaswagner/Documents/datacloak-sentiment-workbench/packages/e2e-tests/tests/03-pii-detection.spec.ts:160:7
        at /Users/thomaswagner/Documents/datacloak-sentiment-workbench/packages/e2e-tests/tests/03-pii-detection.spec.ts:159:5

    attachment #1: screenshot (image/png) ──────────────────────────────────────────────────────────
    test-results/artifacts/03-pii-detection-Field-Det-08802-cs-and-data-quality-metrics-browser-chrome/test-failed-1.png
    ────────────────────────────────────────────────────────────────────────────────────────────────

    attachment #2: video (video/webm) ──────────────────────────────────────────────────────────────
    test-results/artifacts/03-pii-detection-Field-Det-08802-cs-and-data-quality-metrics-browser-chrome/video.webm
    ────────────────────────────────────────────────────────────────────────────────────────────────

    Error Context: ../test-results/artifacts/03-pii-detection-Field-Det-08802-cs-and-data-quality-metrics-browser-chrome/error-context.md
]]>
</failure>
<system-out>
<![CDATA[
[[ATTACHMENT|artifacts/03-pii-detection-Field-Det-08802-cs-and-data-quality-metrics-browser-chrome/test-failed-1.png]]

[[ATTACHMENT|artifacts/03-pii-detection-Field-Det-08802-cs-and-data-quality-metrics-browser-chrome/video.webm]]

[[ATTACHMENT|artifacts/03-pii-detection-Field-Det-08802-cs-and-data-quality-metrics-browser-chrome/error-context.md]]
]]>
</system-out>
<system-err>
<![CDATA[(node:36307) [DEP0147] DeprecationWarning: In future versions of Node.js, fs.rmdir(path, { recursive: true }) will be removed. Use fs.rm(path, { recursive: true }) instead
(Use `node --trace-deprecation ...` to show where the warning was created)
]]>
</system-err>
</testcase>
<testcase name="Field Detection and PII Identification › should handle field inference with low confidence" classname="03-pii-detection.spec.ts" time="1.141">
<failure message="03-pii-detection.spec.ts:220:7 should handle field inference with low confidence" type="FAILURE">
<![CDATA[  [browser-chrome] › 03-pii-detection.spec.ts:220:7 › Field Detection and PII Identification › should handle field inference with low confidence › Upload file and check for GPT assistance 

    Error: expect.toBeAttached: Error: strict mode violation: locator('input[type="file"]') resolved to 2 elements:
        1) <input type="file" accept=".csv,.xlsx,.xls,.tsv" data-testid="file-input-button" aria-label="Select file to upload" aria-describedby="file-restrictions"/> aka getByTestId('file-input-button')
        2) <input multiple type="file" accept=".csv,.xlsx,.xls,.tsv" data-testid="hidden-file-input" aria-describedby="file-requirements" aria-label="Select data files for upload"/> aka getByTestId('hidden-file-input')

    Call log:
      - Expect "toBeAttached" with timeout 5000ms
      - waiting for locator('input[type="file"]')


       at ../fixtures/test-fixtures.ts:203

      201 |   // Now set the file input (works for both browser and Electron modes)
      202 |   const fileInput = page.locator('input[type="file"]');
    > 203 |   await expect(fileInput).toBeAttached({ timeout: 5000 });
          |                           ^
      204 |   await fileInput.setInputFiles(filePath);
      205 | };
      206 |
        at uploadFile (/Users/thomaswagner/Documents/datacloak-sentiment-workbench/packages/e2e-tests/fixtures/test-fixtures.ts:203:27)
        at /Users/thomaswagner/Documents/datacloak-sentiment-workbench/packages/e2e-tests/tests/03-pii-detection.spec.ts:222:7
        at /Users/thomaswagner/Documents/datacloak-sentiment-workbench/packages/e2e-tests/tests/03-pii-detection.spec.ts:221:5

    attachment #1: screenshot (image/png) ──────────────────────────────────────────────────────────
    test-results/artifacts/03-pii-detection-Field-Det-5c19f-ference-with-low-confidence-browser-chrome/test-failed-1.png
    ────────────────────────────────────────────────────────────────────────────────────────────────

    attachment #2: video (video/webm) ──────────────────────────────────────────────────────────────
    test-results/artifacts/03-pii-detection-Field-Det-5c19f-ference-with-low-confidence-browser-chrome/video.webm
    ────────────────────────────────────────────────────────────────────────────────────────────────

    Error Context: ../test-results/artifacts/03-pii-detection-Field-Det-5c19f-ference-with-low-confidence-browser-chrome/error-context.md
]]>
</failure>
<system-out>
<![CDATA[
[[ATTACHMENT|artifacts/03-pii-detection-Field-Det-5c19f-ference-with-low-confidence-browser-chrome/test-failed-1.png]]

[[ATTACHMENT|artifacts/03-pii-detection-Field-Det-5c19f-ference-with-low-confidence-browser-chrome/video.webm]]

[[ATTACHMENT|artifacts/03-pii-detection-Field-Det-5c19f-ference-with-low-confidence-browser-chrome/error-context.md]]
]]>
</system-out>
<system-err>
<![CDATA[(node:36346) [DEP0147] DeprecationWarning: In future versions of Node.js, fs.rmdir(path, { recursive: true }) will be removed. Use fs.rm(path, { recursive: true }) instead
(Use `node --trace-deprecation ...` to show where the warning was created)
]]>
</system-err>
</testcase>
<testcase name="Field Detection and PII Identification › should allow manual field type corrections" classname="03-pii-detection.spec.ts" time="1.037">
<failure message="03-pii-detection.spec.ts:258:7 should allow manual field type corrections" type="FAILURE">
<![CDATA[  [browser-chrome] › 03-pii-detection.spec.ts:258:7 › Field Detection and PII Identification › should allow manual field type corrections › Upload file and navigate to field editing 

    Error: expect.toBeAttached: Error: strict mode violation: locator('input[type="file"]') resolved to 2 elements:
        1) <input type="file" accept=".csv,.xlsx,.xls,.tsv" data-testid="file-input-button" aria-label="Select file to upload" aria-describedby="file-restrictions"/> aka getByTestId('file-input-button')
        2) <input multiple type="file" accept=".csv,.xlsx,.xls,.tsv" data-testid="hidden-file-input" aria-describedby="file-requirements" aria-label="Select data files for upload"/> aka getByTestId('hidden-file-input')

    Call log:
      - Expect "toBeAttached" with timeout 5000ms
      - waiting for locator('input[type="file"]')


       at ../fixtures/test-fixtures.ts:203

      201 |   // Now set the file input (works for both browser and Electron modes)
      202 |   const fileInput = page.locator('input[type="file"]');
    > 203 |   await expect(fileInput).toBeAttached({ timeout: 5000 });
          |                           ^
      204 |   await fileInput.setInputFiles(filePath);
      205 | };
      206 |
        at uploadFile (/Users/thomaswagner/Documents/datacloak-sentiment-workbench/packages/e2e-tests/fixtures/test-fixtures.ts:203:27)
        at /Users/thomaswagner/Documents/datacloak-sentiment-workbench/packages/e2e-tests/tests/03-pii-detection.spec.ts:260:7
        at /Users/thomaswagner/Documents/datacloak-sentiment-workbench/packages/e2e-tests/tests/03-pii-detection.spec.ts:259:5

    attachment #1: screenshot (image/png) ──────────────────────────────────────────────────────────
    test-results/artifacts/03-pii-detection-Field-Det-24fdf-nual-field-type-corrections-browser-chrome/test-failed-1.png
    ────────────────────────────────────────────────────────────────────────────────────────────────

    attachment #2: video (video/webm) ──────────────────────────────────────────────────────────────
    test-results/artifacts/03-pii-detection-Field-Det-24fdf-nual-field-type-corrections-browser-chrome/video.webm
    ────────────────────────────────────────────────────────────────────────────────────────────────

    Error Context: ../test-results/artifacts/03-pii-detection-Field-Det-24fdf-nual-field-type-corrections-browser-chrome/error-context.md
]]>
</failure>
<system-out>
<![CDATA[
[[ATTACHMENT|artifacts/03-pii-detection-Field-Det-24fdf-nual-field-type-corrections-browser-chrome/test-failed-1.png]]

[[ATTACHMENT|artifacts/03-pii-detection-Field-Det-24fdf-nual-field-type-corrections-browser-chrome/video.webm]]

[[ATTACHMENT|artifacts/03-pii-detection-Field-Det-24fdf-nual-field-type-corrections-browser-chrome/error-context.md]]
]]>
</system-out>
<system-err>
<![CDATA[(node:36347) [DEP0147] DeprecationWarning: In future versions of Node.js, fs.rmdir(path, { recursive: true }) will be removed. Use fs.rm(path, { recursive: true }) instead
(Use `node --trace-deprecation ...` to show where the warning was created)
]]>
</system-err>
</testcase>
<testcase name="Field Detection and PII Identification › should display field count and row count summaries" classname="03-pii-detection.spec.ts" time="1.062">
<failure message="03-pii-detection.spec.ts:302:7 should display field count and row count summaries" type="FAILURE">
<![CDATA[  [browser-chrome] › 03-pii-detection.spec.ts:302:7 › Field Detection and PII Identification › should display field count and row count summaries › Upload file and check summary information 

    Error: expect.toBeAttached: Error: strict mode violation: locator('input[type="file"]') resolved to 2 elements:
        1) <input type="file" accept=".csv,.xlsx,.xls,.tsv" data-testid="file-input-button" aria-label="Select file to upload" aria-describedby="file-restrictions"/> aka getByTestId('file-input-button')
        2) <input multiple type="file" accept=".csv,.xlsx,.xls,.tsv" data-testid="hidden-file-input" aria-describedby="file-requirements" aria-label="Select data files for upload"/> aka getByTestId('hidden-file-input')

    Call log:
      - Expect "toBeAttached" with timeout 5000ms
      - waiting for locator('input[type="file"]')


       at ../fixtures/test-fixtures.ts:203

      201 |   // Now set the file input (works for both browser and Electron modes)
      202 |   const fileInput = page.locator('input[type="file"]');
    > 203 |   await expect(fileInput).toBeAttached({ timeout: 5000 });
          |                           ^
      204 |   await fileInput.setInputFiles(filePath);
      205 | };
      206 |
        at uploadFile (/Users/thomaswagner/Documents/datacloak-sentiment-workbench/packages/e2e-tests/fixtures/test-fixtures.ts:203:27)
        at /Users/thomaswagner/Documents/datacloak-sentiment-workbench/packages/e2e-tests/tests/03-pii-detection.spec.ts:304:7
        at /Users/thomaswagner/Documents/datacloak-sentiment-workbench/packages/e2e-tests/tests/03-pii-detection.spec.ts:303:5

    attachment #1: screenshot (image/png) ──────────────────────────────────────────────────────────
    test-results/artifacts/03-pii-detection-Field-Det-1eb83-unt-and-row-count-summaries-browser-chrome/test-failed-1.png
    ────────────────────────────────────────────────────────────────────────────────────────────────

    attachment #2: video (video/webm) ──────────────────────────────────────────────────────────────
    test-results/artifacts/03-pii-detection-Field-Det-1eb83-unt-and-row-count-summaries-browser-chrome/video.webm
    ────────────────────────────────────────────────────────────────────────────────────────────────

    Error Context: ../test-results/artifacts/03-pii-detection-Field-Det-1eb83-unt-and-row-count-summaries-browser-chrome/error-context.md
]]>
</failure>
<system-out>
<![CDATA[
[[ATTACHMENT|artifacts/03-pii-detection-Field-Det-1eb83-unt-and-row-count-summaries-browser-chrome/test-failed-1.png]]

[[ATTACHMENT|artifacts/03-pii-detection-Field-Det-1eb83-unt-and-row-count-summaries-browser-chrome/video.webm]]

[[ATTACHMENT|artifacts/03-pii-detection-Field-Det-1eb83-unt-and-row-count-summaries-browser-chrome/error-context.md]]
]]>
</system-out>
<system-err>
<![CDATA[(node:36348) [DEP0147] DeprecationWarning: In future versions of Node.js, fs.rmdir(path, { recursive: true }) will be removed. Use fs.rm(path, { recursive: true }) instead
(Use `node --trace-deprecation ...` to show where the warning was created)
]]>
</system-err>
</testcase>
<testcase name="Field Detection and PII Identification › should handle empty or invalid columns gracefully" classname="03-pii-detection.spec.ts" time="1.005">
<failure message="03-pii-detection.spec.ts:342:7 should handle empty or invalid columns gracefully" type="FAILURE">
<![CDATA[  [browser-chrome] › 03-pii-detection.spec.ts:342:7 › Field Detection and PII Identification › should handle empty or invalid columns gracefully › Upload malformed file 

    Error: expect.toBeAttached: Error: strict mode violation: locator('input[type="file"]') resolved to 2 elements:
        1) <input type="file" accept=".csv,.xlsx,.xls,.tsv" data-testid="file-input-button" aria-label="Select file to upload" aria-describedby="file-restrictions"/> aka getByTestId('file-input-button')
        2) <input multiple type="file" accept=".csv,.xlsx,.xls,.tsv" data-testid="hidden-file-input" aria-describedby="file-requirements" aria-label="Select data files for upload"/> aka getByTestId('hidden-file-input')

    Call log:
      - Expect "toBeAttached" with timeout 5000ms
      - waiting for locator('input[type="file"]')


       at ../fixtures/test-fixtures.ts:203

      201 |   // Now set the file input (works for both browser and Electron modes)
      202 |   const fileInput = page.locator('input[type="file"]');
    > 203 |   await expect(fileInput).toBeAttached({ timeout: 5000 });
          |                           ^
      204 |   await fileInput.setInputFiles(filePath);
      205 | };
      206 |
        at uploadFile (/Users/thomaswagner/Documents/datacloak-sentiment-workbench/packages/e2e-tests/fixtures/test-fixtures.ts:203:27)
        at /Users/thomaswagner/Documents/datacloak-sentiment-workbench/packages/e2e-tests/tests/03-pii-detection.spec.ts:344:7
        at /Users/thomaswagner/Documents/datacloak-sentiment-workbench/packages/e2e-tests/tests/03-pii-detection.spec.ts:343:5

    attachment #1: screenshot (image/png) ──────────────────────────────────────────────────────────
    test-results/artifacts/03-pii-detection-Field-Det-15b4e--invalid-columns-gracefully-browser-chrome/test-failed-1.png
    ────────────────────────────────────────────────────────────────────────────────────────────────

    attachment #2: video (video/webm) ──────────────────────────────────────────────────────────────
    test-results/artifacts/03-pii-detection-Field-Det-15b4e--invalid-columns-gracefully-browser-chrome/video.webm
    ────────────────────────────────────────────────────────────────────────────────────────────────

    Error Context: ../test-results/artifacts/03-pii-detection-Field-Det-15b4e--invalid-columns-gracefully-browser-chrome/error-context.md
]]>
</failure>
<system-out>
<![CDATA[
[[ATTACHMENT|artifacts/03-pii-detection-Field-Det-15b4e--invalid-columns-gracefully-browser-chrome/test-failed-1.png]]

[[ATTACHMENT|artifacts/03-pii-detection-Field-Det-15b4e--invalid-columns-gracefully-browser-chrome/video.webm]]

[[ATTACHMENT|artifacts/03-pii-detection-Field-Det-15b4e--invalid-columns-gracefully-browser-chrome/error-context.md]]
]]>
</system-out>
<system-err>
<![CDATA[(node:36350) [DEP0147] DeprecationWarning: In future versions of Node.js, fs.rmdir(path, { recursive: true }) will be removed. Use fs.rm(path, { recursive: true }) instead
(Use `node --trace-deprecation ...` to show where the warning was created)
]]>
</system-err>
</testcase>
</testsuite>
<testsuite name="04-transform-operations.spec.ts" timestamp="2025-06-15T23:53:34.693Z" hostname="browser-chrome" tests="9" failures="9" skipped="0" time="9.946" errors="0">
<testcase name="Data Transform Operations › should display available transformation options" classname="04-transform-operations.spec.ts" time="1.011">
<failure message="04-transform-operations.spec.ts:26:7 should display available transformation options" type="FAILURE">
<![CDATA[  [browser-chrome] › 04-transform-operations.spec.ts:26:7 › Data Transform Operations › should display available transformation options 

    Error: expect.toBeAttached: Error: strict mode violation: locator('input[type="file"]') resolved to 2 elements:
        1) <input type="file" accept=".csv,.xlsx,.xls,.tsv" data-testid="file-input-button" aria-label="Select file to upload" aria-describedby="file-restrictions"/> aka getByTestId('file-input-button')
        2) <input multiple type="file" accept=".csv,.xlsx,.xls,.tsv" data-testid="hidden-file-input" aria-describedby="file-requirements" aria-label="Select data files for upload"/> aka getByTestId('hidden-file-input')

    Call log:
      - Expect "toBeAttached" with timeout 5000ms
      - waiting for locator('input[type="file"]')


       at ../fixtures/test-fixtures.ts:203

      201 |   // Now set the file input (works for both browser and Electron modes)
      202 |   const fileInput = page.locator('input[type="file"]');
    > 203 |   await expect(fileInput).toBeAttached({ timeout: 5000 });
          |                           ^
      204 |   await fileInput.setInputFiles(filePath);
      205 | };
      206 |
        at uploadFile (/Users/thomaswagner/Documents/datacloak-sentiment-workbench/packages/e2e-tests/fixtures/test-fixtures.ts:203:27)
        at navigateToTransformStep (/Users/thomaswagner/Documents/datacloak-sentiment-workbench/packages/e2e-tests/tests/04-transform-operations.spec.ts:13:5)
        at /Users/thomaswagner/Documents/datacloak-sentiment-workbench/packages/e2e-tests/tests/04-transform-operations.spec.ts:27:5

    attachment #1: screenshot (image/png) ──────────────────────────────────────────────────────────
    test-results/artifacts/04-transform-operations-Da-ab53d-able-transformation-options-browser-chrome/test-failed-1.png
    ────────────────────────────────────────────────────────────────────────────────────────────────

    attachment #2: video (video/webm) ──────────────────────────────────────────────────────────────
    test-results/artifacts/04-transform-operations-Da-ab53d-able-transformation-options-browser-chrome/video.webm
    ────────────────────────────────────────────────────────────────────────────────────────────────

    Error Context: ../test-results/artifacts/04-transform-operations-Da-ab53d-able-transformation-options-browser-chrome/error-context.md
]]>
</failure>
<system-out>
<![CDATA[
[[ATTACHMENT|artifacts/04-transform-operations-Da-ab53d-able-transformation-options-browser-chrome/test-failed-1.png]]

[[ATTACHMENT|artifacts/04-transform-operations-Da-ab53d-able-transformation-options-browser-chrome/video.webm]]

[[ATTACHMENT|artifacts/04-transform-operations-Da-ab53d-able-transformation-options-browser-chrome/error-context.md]]
]]>
</system-out>
<system-err>
<![CDATA[(node:36351) [DEP0147] DeprecationWarning: In future versions of Node.js, fs.rmdir(path, { recursive: true }) will be removed. Use fs.rm(path, { recursive: true }) instead
(Use `node --trace-deprecation ...` to show where the warning was created)
]]>
</system-err>
</testcase>
<testcase name="Data Transform Operations › should support data filtering operations" classname="04-transform-operations.spec.ts" time="1.107">
<failure message="04-transform-operations.spec.ts:72:7 should support data filtering operations" type="FAILURE">
<![CDATA[  [browser-chrome] › 04-transform-operations.spec.ts:72:7 › Data Transform Operations › should support data filtering operations 

    Error: expect.toBeAttached: Error: strict mode violation: locator('input[type="file"]') resolved to 2 elements:
        1) <input type="file" accept=".csv,.xlsx,.xls,.tsv" data-testid="file-input-button" aria-label="Select file to upload" aria-describedby="file-restrictions"/> aka getByTestId('file-input-button')
        2) <input multiple type="file" accept=".csv,.xlsx,.xls,.tsv" data-testid="hidden-file-input" aria-describedby="file-requirements" aria-label="Select data files for upload"/> aka getByTestId('hidden-file-input')

    Call log:
      - Expect "toBeAttached" with timeout 5000ms
      - waiting for locator('input[type="file"]')


       at ../fixtures/test-fixtures.ts:203

      201 |   // Now set the file input (works for both browser and Electron modes)
      202 |   const fileInput = page.locator('input[type="file"]');
    > 203 |   await expect(fileInput).toBeAttached({ timeout: 5000 });
          |                           ^
      204 |   await fileInput.setInputFiles(filePath);
      205 | };
      206 |
        at uploadFile (/Users/thomaswagner/Documents/datacloak-sentiment-workbench/packages/e2e-tests/fixtures/test-fixtures.ts:203:27)
        at navigateToTransformStep (/Users/thomaswagner/Documents/datacloak-sentiment-workbench/packages/e2e-tests/tests/04-transform-operations.spec.ts:13:5)
        at /Users/thomaswagner/Documents/datacloak-sentiment-workbench/packages/e2e-tests/tests/04-transform-operations.spec.ts:73:5

    attachment #1: screenshot (image/png) ──────────────────────────────────────────────────────────
    test-results/artifacts/04-transform-operations-Da-d30b3-t-data-filtering-operations-browser-chrome/test-failed-1.png
    ────────────────────────────────────────────────────────────────────────────────────────────────

    attachment #2: video (video/webm) ──────────────────────────────────────────────────────────────
    test-results/artifacts/04-transform-operations-Da-d30b3-t-data-filtering-operations-browser-chrome/video.webm
    ────────────────────────────────────────────────────────────────────────────────────────────────

    Error Context: ../test-results/artifacts/04-transform-operations-Da-d30b3-t-data-filtering-operations-browser-chrome/error-context.md
]]>
</failure>
<system-out>
<![CDATA[
[[ATTACHMENT|artifacts/04-transform-operations-Da-d30b3-t-data-filtering-operations-browser-chrome/test-failed-1.png]]

[[ATTACHMENT|artifacts/04-transform-operations-Da-d30b3-t-data-filtering-operations-browser-chrome/video.webm]]

[[ATTACHMENT|artifacts/04-transform-operations-Da-d30b3-t-data-filtering-operations-browser-chrome/error-context.md]]
]]>
</system-out>
<system-err>
<![CDATA[(node:36388) [DEP0147] DeprecationWarning: In future versions of Node.js, fs.rmdir(path, { recursive: true }) will be removed. Use fs.rm(path, { recursive: true }) instead
(Use `node --trace-deprecation ...` to show where the warning was created)
]]>
</system-err>
</testcase>
<testcase name="Data Transform Operations › should support data sorting and ordering" classname="04-transform-operations.spec.ts" time="1.111">
<failure message="04-transform-operations.spec.ts:128:7 should support data sorting and ordering" type="FAILURE">
<![CDATA[  [browser-chrome] › 04-transform-operations.spec.ts:128:7 › Data Transform Operations › should support data sorting and ordering 

    Error: expect.toBeAttached: Error: strict mode violation: locator('input[type="file"]') resolved to 2 elements:
        1) <input type="file" accept=".csv,.xlsx,.xls,.tsv" data-testid="file-input-button" aria-label="Select file to upload" aria-describedby="file-restrictions"/> aka getByTestId('file-input-button')
        2) <input multiple type="file" accept=".csv,.xlsx,.xls,.tsv" data-testid="hidden-file-input" aria-describedby="file-requirements" aria-label="Select data files for upload"/> aka getByTestId('hidden-file-input')

    Call log:
      - Expect "toBeAttached" with timeout 5000ms
      - waiting for locator('input[type="file"]')


       at ../fixtures/test-fixtures.ts:203

      201 |   // Now set the file input (works for both browser and Electron modes)
      202 |   const fileInput = page.locator('input[type="file"]');
    > 203 |   await expect(fileInput).toBeAttached({ timeout: 5000 });
          |                           ^
      204 |   await fileInput.setInputFiles(filePath);
      205 | };
      206 |
        at uploadFile (/Users/thomaswagner/Documents/datacloak-sentiment-workbench/packages/e2e-tests/fixtures/test-fixtures.ts:203:27)
        at navigateToTransformStep (/Users/thomaswagner/Documents/datacloak-sentiment-workbench/packages/e2e-tests/tests/04-transform-operations.spec.ts:13:5)
        at /Users/thomaswagner/Documents/datacloak-sentiment-workbench/packages/e2e-tests/tests/04-transform-operations.spec.ts:129:5

    attachment #1: screenshot (image/png) ──────────────────────────────────────────────────────────
    test-results/artifacts/04-transform-operations-Da-a109c-t-data-sorting-and-ordering-browser-chrome/test-failed-1.png
    ────────────────────────────────────────────────────────────────────────────────────────────────

    attachment #2: video (video/webm) ──────────────────────────────────────────────────────────────
    test-results/artifacts/04-transform-operations-Da-a109c-t-data-sorting-and-ordering-browser-chrome/video.webm
    ────────────────────────────────────────────────────────────────────────────────────────────────

    Error Context: ../test-results/artifacts/04-transform-operations-Da-a109c-t-data-sorting-and-ordering-browser-chrome/error-context.md
]]>
</failure>
<system-out>
<![CDATA[
[[ATTACHMENT|artifacts/04-transform-operations-Da-a109c-t-data-sorting-and-ordering-browser-chrome/test-failed-1.png]]

[[ATTACHMENT|artifacts/04-transform-operations-Da-a109c-t-data-sorting-and-ordering-browser-chrome/video.webm]]

[[ATTACHMENT|artifacts/04-transform-operations-Da-a109c-t-data-sorting-and-ordering-browser-chrome/error-context.md]]
]]>
</system-out>
<system-err>
<![CDATA[(node:36389) [DEP0147] DeprecationWarning: In future versions of Node.js, fs.rmdir(path, { recursive: true }) will be removed. Use fs.rm(path, { recursive: true }) instead
(Use `node --trace-deprecation ...` to show where the warning was created)
]]>
</system-err>
</testcase>
<testcase name="Data Transform Operations › should support field renaming and formatting" classname="04-transform-operations.spec.ts" time="1.036">
<failure message="04-transform-operations.spec.ts:161:7 should support field renaming and formatting" type="FAILURE">
<![CDATA[  [browser-chrome] › 04-transform-operations.spec.ts:161:7 › Data Transform Operations › should support field renaming and formatting 

    Error: expect.toBeAttached: Error: strict mode violation: locator('input[type="file"]') resolved to 2 elements:
        1) <input type="file" accept=".csv,.xlsx,.xls,.tsv" data-testid="file-input-button" aria-label="Select file to upload" aria-describedby="file-restrictions"/> aka getByTestId('file-input-button')
        2) <input multiple type="file" accept=".csv,.xlsx,.xls,.tsv" data-testid="hidden-file-input" aria-describedby="file-requirements" aria-label="Select data files for upload"/> aka getByTestId('hidden-file-input')

    Call log:
      - Expect "toBeAttached" with timeout 5000ms
      - waiting for locator('input[type="file"]')


       at ../fixtures/test-fixtures.ts:203

      201 |   // Now set the file input (works for both browser and Electron modes)
      202 |   const fileInput = page.locator('input[type="file"]');
    > 203 |   await expect(fileInput).toBeAttached({ timeout: 5000 });
          |                           ^
      204 |   await fileInput.setInputFiles(filePath);
      205 | };
      206 |
        at uploadFile (/Users/thomaswagner/Documents/datacloak-sentiment-workbench/packages/e2e-tests/fixtures/test-fixtures.ts:203:27)
        at navigateToTransformStep (/Users/thomaswagner/Documents/datacloak-sentiment-workbench/packages/e2e-tests/tests/04-transform-operations.spec.ts:13:5)
        at /Users/thomaswagner/Documents/datacloak-sentiment-workbench/packages/e2e-tests/tests/04-transform-operations.spec.ts:162:5

    attachment #1: screenshot (image/png) ──────────────────────────────────────────────────────────
    test-results/artifacts/04-transform-operations-Da-1f758-eld-renaming-and-formatting-browser-chrome/test-failed-1.png
    ────────────────────────────────────────────────────────────────────────────────────────────────

    attachment #2: video (video/webm) ──────────────────────────────────────────────────────────────
    test-results/artifacts/04-transform-operations-Da-1f758-eld-renaming-and-formatting-browser-chrome/video.webm
    ────────────────────────────────────────────────────────────────────────────────────────────────

    Error Context: ../test-results/artifacts/04-transform-operations-Da-1f758-eld-renaming-and-formatting-browser-chrome/error-context.md
]]>
</failure>
<system-out>
<![CDATA[
[[ATTACHMENT|artifacts/04-transform-operations-Da-1f758-eld-renaming-and-formatting-browser-chrome/test-failed-1.png]]

[[ATTACHMENT|artifacts/04-transform-operations-Da-1f758-eld-renaming-and-formatting-browser-chrome/video.webm]]

[[ATTACHMENT|artifacts/04-transform-operations-Da-1f758-eld-renaming-and-formatting-browser-chrome/error-context.md]]
]]>
</system-out>
<system-err>
<![CDATA[(node:36390) [DEP0147] DeprecationWarning: In future versions of Node.js, fs.rmdir(path, { recursive: true }) will be removed. Use fs.rm(path, { recursive: true }) instead
(Use `node --trace-deprecation ...` to show where the warning was created)
]]>
</system-err>
</testcase>
<testcase name="Data Transform Operations › should provide transform preview functionality" classname="04-transform-operations.spec.ts" time="1.026">
<failure message="04-transform-operations.spec.ts:188:7 should provide transform preview functionality" type="FAILURE">
<![CDATA[  [browser-chrome] › 04-transform-operations.spec.ts:188:7 › Data Transform Operations › should provide transform preview functionality 

    Error: expect.toBeAttached: Error: strict mode violation: locator('input[type="file"]') resolved to 2 elements:
        1) <input type="file" accept=".csv,.xlsx,.xls,.tsv" data-testid="file-input-button" aria-label="Select file to upload" aria-describedby="file-restrictions"/> aka getByTestId('file-input-button')
        2) <input multiple type="file" accept=".csv,.xlsx,.xls,.tsv" data-testid="hidden-file-input" aria-describedby="file-requirements" aria-label="Select data files for upload"/> aka getByTestId('hidden-file-input')

    Call log:
      - Expect "toBeAttached" with timeout 5000ms
      - waiting for locator('input[type="file"]')


       at ../fixtures/test-fixtures.ts:203

      201 |   // Now set the file input (works for both browser and Electron modes)
      202 |   const fileInput = page.locator('input[type="file"]');
    > 203 |   await expect(fileInput).toBeAttached({ timeout: 5000 });
          |                           ^
      204 |   await fileInput.setInputFiles(filePath);
      205 | };
      206 |
        at uploadFile (/Users/thomaswagner/Documents/datacloak-sentiment-workbench/packages/e2e-tests/fixtures/test-fixtures.ts:203:27)
        at navigateToTransformStep (/Users/thomaswagner/Documents/datacloak-sentiment-workbench/packages/e2e-tests/tests/04-transform-operations.spec.ts:13:5)
        at /Users/thomaswagner/Documents/datacloak-sentiment-workbench/packages/e2e-tests/tests/04-transform-operations.spec.ts:189:5

    attachment #1: screenshot (image/png) ──────────────────────────────────────────────────────────
    test-results/artifacts/04-transform-operations-Da-6e95a-sform-preview-functionality-browser-chrome/test-failed-1.png
    ────────────────────────────────────────────────────────────────────────────────────────────────

    attachment #2: video (video/webm) ──────────────────────────────────────────────────────────────
    test-results/artifacts/04-transform-operations-Da-6e95a-sform-preview-functionality-browser-chrome/video.webm
    ────────────────────────────────────────────────────────────────────────────────────────────────

    Error Context: ../test-results/artifacts/04-transform-operations-Da-6e95a-sform-preview-functionality-browser-chrome/error-context.md
]]>
</failure>
<system-out>
<![CDATA[
[[ATTACHMENT|artifacts/04-transform-operations-Da-6e95a-sform-preview-functionality-browser-chrome/test-failed-1.png]]

[[ATTACHMENT|artifacts/04-transform-operations-Da-6e95a-sform-preview-functionality-browser-chrome/video.webm]]

[[ATTACHMENT|artifacts/04-transform-operations-Da-6e95a-sform-preview-functionality-browser-chrome/error-context.md]]
]]>
</system-out>
<system-err>
<![CDATA[(node:36391) [DEP0147] DeprecationWarning: In future versions of Node.js, fs.rmdir(path, { recursive: true }) will be removed. Use fs.rm(path, { recursive: true }) instead
(Use `node --trace-deprecation ...` to show where the warning was created)
]]>
</system-err>
</testcase>
<testcase name="Data Transform Operations › should allow skipping optional transformations" classname="04-transform-operations.spec.ts" time="1.052">
<failure message="04-transform-operations.spec.ts:243:7 should allow skipping optional transformations" type="FAILURE">
<![CDATA[  [browser-chrome] › 04-transform-operations.spec.ts:243:7 › Data Transform Operations › should allow skipping optional transformations 

    Error: expect.toBeAttached: Error: strict mode violation: locator('input[type="file"]') resolved to 2 elements:
        1) <input type="file" accept=".csv,.xlsx,.xls,.tsv" data-testid="file-input-button" aria-label="Select file to upload" aria-describedby="file-restrictions"/> aka getByTestId('file-input-button')
        2) <input multiple type="file" accept=".csv,.xlsx,.xls,.tsv" data-testid="hidden-file-input" aria-describedby="file-requirements" aria-label="Select data files for upload"/> aka getByTestId('hidden-file-input')

    Call log:
      - Expect "toBeAttached" with timeout 5000ms
      - waiting for locator('input[type="file"]')


       at ../fixtures/test-fixtures.ts:203

      201 |   // Now set the file input (works for both browser and Electron modes)
      202 |   const fileInput = page.locator('input[type="file"]');
    > 203 |   await expect(fileInput).toBeAttached({ timeout: 5000 });
          |                           ^
      204 |   await fileInput.setInputFiles(filePath);
      205 | };
      206 |
        at uploadFile (/Users/thomaswagner/Documents/datacloak-sentiment-workbench/packages/e2e-tests/fixtures/test-fixtures.ts:203:27)
        at navigateToTransformStep (/Users/thomaswagner/Documents/datacloak-sentiment-workbench/packages/e2e-tests/tests/04-transform-operations.spec.ts:13:5)
        at /Users/thomaswagner/Documents/datacloak-sentiment-workbench/packages/e2e-tests/tests/04-transform-operations.spec.ts:244:5

    attachment #1: screenshot (image/png) ──────────────────────────────────────────────────────────
    test-results/artifacts/04-transform-operations-Da-557d1-ng-optional-transformations-browser-chrome/test-failed-1.png
    ────────────────────────────────────────────────────────────────────────────────────────────────

    attachment #2: video (video/webm) ──────────────────────────────────────────────────────────────
    test-results/artifacts/04-transform-operations-Da-557d1-ng-optional-transformations-browser-chrome/video.webm
    ────────────────────────────────────────────────────────────────────────────────────────────────

    Error Context: ../test-results/artifacts/04-transform-operations-Da-557d1-ng-optional-transformations-browser-chrome/error-context.md
]]>
</failure>
<system-out>
<![CDATA[
[[ATTACHMENT|artifacts/04-transform-operations-Da-557d1-ng-optional-transformations-browser-chrome/test-failed-1.png]]

[[ATTACHMENT|artifacts/04-transform-operations-Da-557d1-ng-optional-transformations-browser-chrome/video.webm]]

[[ATTACHMENT|artifacts/04-transform-operations-Da-557d1-ng-optional-transformations-browser-chrome/error-context.md]]
]]>
</system-out>
<system-err>
<![CDATA[(node:36392) [DEP0147] DeprecationWarning: In future versions of Node.js, fs.rmdir(path, { recursive: true }) will be removed. Use fs.rm(path, { recursive: true }) instead
(Use `node --trace-deprecation ...` to show where the warning was created)
]]>
</system-err>
</testcase>
<testcase name="Data Transform Operations › should handle transform validation and errors" classname="04-transform-operations.spec.ts" time="1.146">
<failure message="04-transform-operations.spec.ts:281:7 should handle transform validation and errors" type="FAILURE">
<![CDATA[  [browser-chrome] › 04-transform-operations.spec.ts:281:7 › Data Transform Operations › should handle transform validation and errors 

    Error: expect.toBeAttached: Error: strict mode violation: locator('input[type="file"]') resolved to 2 elements:
        1) <input type="file" accept=".csv,.xlsx,.xls,.tsv" data-testid="file-input-button" aria-label="Select file to upload" aria-describedby="file-restrictions"/> aka getByTestId('file-input-button')
        2) <input multiple type="file" accept=".csv,.xlsx,.xls,.tsv" data-testid="hidden-file-input" aria-describedby="file-requirements" aria-label="Select data files for upload"/> aka getByTestId('hidden-file-input')

    Call log:
      - Expect "toBeAttached" with timeout 5000ms
      - waiting for locator('input[type="file"]')


       at ../fixtures/test-fixtures.ts:203

      201 |   // Now set the file input (works for both browser and Electron modes)
      202 |   const fileInput = page.locator('input[type="file"]');
    > 203 |   await expect(fileInput).toBeAttached({ timeout: 5000 });
          |                           ^
      204 |   await fileInput.setInputFiles(filePath);
      205 | };
      206 |
        at uploadFile (/Users/thomaswagner/Documents/datacloak-sentiment-workbench/packages/e2e-tests/fixtures/test-fixtures.ts:203:27)
        at navigateToTransformStep (/Users/thomaswagner/Documents/datacloak-sentiment-workbench/packages/e2e-tests/tests/04-transform-operations.spec.ts:13:5)
        at /Users/thomaswagner/Documents/datacloak-sentiment-workbench/packages/e2e-tests/tests/04-transform-operations.spec.ts:282:5

    attachment #1: screenshot (image/png) ──────────────────────────────────────────────────────────
    test-results/artifacts/04-transform-operations-Da-bd0cc-sform-validation-and-errors-browser-chrome/test-failed-1.png
    ────────────────────────────────────────────────────────────────────────────────────────────────

    attachment #2: video (video/webm) ──────────────────────────────────────────────────────────────
    test-results/artifacts/04-transform-operations-Da-bd0cc-sform-validation-and-errors-browser-chrome/video.webm
    ────────────────────────────────────────────────────────────────────────────────────────────────

    Error Context: ../test-results/artifacts/04-transform-operations-Da-bd0cc-sform-validation-and-errors-browser-chrome/error-context.md
]]>
</failure>
<system-out>
<![CDATA[
[[ATTACHMENT|artifacts/04-transform-operations-Da-bd0cc-sform-validation-and-errors-browser-chrome/test-failed-1.png]]

[[ATTACHMENT|artifacts/04-transform-operations-Da-bd0cc-sform-validation-and-errors-browser-chrome/video.webm]]

[[ATTACHMENT|artifacts/04-transform-operations-Da-bd0cc-sform-validation-and-errors-browser-chrome/error-context.md]]
]]>
</system-out>
<system-err>
<![CDATA[(node:36419) [DEP0147] DeprecationWarning: In future versions of Node.js, fs.rmdir(path, { recursive: true }) will be removed. Use fs.rm(path, { recursive: true }) instead
(Use `node --trace-deprecation ...` to show where the warning was created)
]]>
</system-err>
</testcase>
<testcase name="Data Transform Operations › should save and display transform configuration" classname="04-transform-operations.spec.ts" time="1.241">
<failure message="04-transform-operations.spec.ts:346:7 should save and display transform configuration" type="FAILURE">
<![CDATA[  [browser-chrome] › 04-transform-operations.spec.ts:346:7 › Data Transform Operations › should save and display transform configuration 

    Error: expect.toBeAttached: Error: strict mode violation: locator('input[type="file"]') resolved to 2 elements:
        1) <input type="file" accept=".csv,.xlsx,.xls,.tsv" data-testid="file-input-button" aria-label="Select file to upload" aria-describedby="file-restrictions"/> aka getByTestId('file-input-button')
        2) <input multiple type="file" accept=".csv,.xlsx,.xls,.tsv" data-testid="hidden-file-input" aria-describedby="file-requirements" aria-label="Select data files for upload"/> aka getByTestId('hidden-file-input')

    Call log:
      - Expect "toBeAttached" with timeout 5000ms
      - waiting for locator('input[type="file"]')


       at ../fixtures/test-fixtures.ts:203

      201 |   // Now set the file input (works for both browser and Electron modes)
      202 |   const fileInput = page.locator('input[type="file"]');
    > 203 |   await expect(fileInput).toBeAttached({ timeout: 5000 });
          |                           ^
      204 |   await fileInput.setInputFiles(filePath);
      205 | };
      206 |
        at uploadFile (/Users/thomaswagner/Documents/datacloak-sentiment-workbench/packages/e2e-tests/fixtures/test-fixtures.ts:203:27)
        at navigateToTransformStep (/Users/thomaswagner/Documents/datacloak-sentiment-workbench/packages/e2e-tests/tests/04-transform-operations.spec.ts:13:5)
        at /Users/thomaswagner/Documents/datacloak-sentiment-workbench/packages/e2e-tests/tests/04-transform-operations.spec.ts:347:5

    attachment #1: screenshot (image/png) ──────────────────────────────────────────────────────────
    test-results/artifacts/04-transform-operations-Da-49512-lay-transform-configuration-browser-chrome/test-failed-1.png
    ────────────────────────────────────────────────────────────────────────────────────────────────

    attachment #2: video (video/webm) ──────────────────────────────────────────────────────────────
    test-results/artifacts/04-transform-operations-Da-49512-lay-transform-configuration-browser-chrome/video.webm
    ────────────────────────────────────────────────────────────────────────────────────────────────

    Error Context: ../test-results/artifacts/04-transform-operations-Da-49512-lay-transform-configuration-browser-chrome/error-context.md
]]>
</failure>
<system-out>
<![CDATA[
[[ATTACHMENT|artifacts/04-transform-operations-Da-49512-lay-transform-configuration-browser-chrome/test-failed-1.png]]

[[ATTACHMENT|artifacts/04-transform-operations-Da-49512-lay-transform-configuration-browser-chrome/video.webm]]

[[ATTACHMENT|artifacts/04-transform-operations-Da-49512-lay-transform-configuration-browser-chrome/error-context.md]]
]]>
</system-out>
<system-err>
<![CDATA[(node:36420) [DEP0147] DeprecationWarning: In future versions of Node.js, fs.rmdir(path, { recursive: true }) will be removed. Use fs.rm(path, { recursive: true }) instead
(Use `node --trace-deprecation ...` to show where the warning was created)
]]>
</system-err>
</testcase>
<testcase name="Data Transform Operations › should handle large dataset transformations" classname="04-transform-operations.spec.ts" time="1.216">
<failure message="04-transform-operations.spec.ts:394:7 should handle large dataset transformations" type="FAILURE">
<![CDATA[  [browser-chrome] › 04-transform-operations.spec.ts:394:7 › Data Transform Operations › should handle large dataset transformations › Upload large file and navigate to transform 

    Error: expect.toBeAttached: Error: strict mode violation: locator('input[type="file"]') resolved to 2 elements:
        1) <input type="file" accept=".csv,.xlsx,.xls,.tsv" data-testid="file-input-button" aria-label="Select file to upload" aria-describedby="file-restrictions"/> aka getByTestId('file-input-button')
        2) <input multiple type="file" accept=".csv,.xlsx,.xls,.tsv" data-testid="hidden-file-input" aria-describedby="file-requirements" aria-label="Select data files for upload"/> aka getByTestId('hidden-file-input')

    Call log:
      - Expect "toBeAttached" with timeout 5000ms
      - waiting for locator('input[type="file"]')


       at ../fixtures/test-fixtures.ts:203

      201 |   // Now set the file input (works for both browser and Electron modes)
      202 |   const fileInput = page.locator('input[type="file"]');
    > 203 |   await expect(fileInput).toBeAttached({ timeout: 5000 });
          |                           ^
      204 |   await fileInput.setInputFiles(filePath);
      205 | };
      206 |
        at uploadFile (/Users/thomaswagner/Documents/datacloak-sentiment-workbench/packages/e2e-tests/fixtures/test-fixtures.ts:203:27)
        at /Users/thomaswagner/Documents/datacloak-sentiment-workbench/packages/e2e-tests/tests/04-transform-operations.spec.ts:396:7
        at /Users/thomaswagner/Documents/datacloak-sentiment-workbench/packages/e2e-tests/tests/04-transform-operations.spec.ts:395:5

    attachment #1: screenshot (image/png) ──────────────────────────────────────────────────────────
    test-results/artifacts/04-transform-operations-Da-40873-rge-dataset-transformations-browser-chrome/test-failed-1.png
    ────────────────────────────────────────────────────────────────────────────────────────────────

    attachment #2: video (video/webm) ──────────────────────────────────────────────────────────────
    test-results/artifacts/04-transform-operations-Da-40873-rge-dataset-transformations-browser-chrome/video.webm
    ────────────────────────────────────────────────────────────────────────────────────────────────

    Error Context: ../test-results/artifacts/04-transform-operations-Da-40873-rge-dataset-transformations-browser-chrome/error-context.md
]]>
</failure>
<system-out>
<![CDATA[
[[ATTACHMENT|artifacts/04-transform-operations-Da-40873-rge-dataset-transformations-browser-chrome/test-failed-1.png]]

[[ATTACHMENT|artifacts/04-transform-operations-Da-40873-rge-dataset-transformations-browser-chrome/video.webm]]

[[ATTACHMENT|artifacts/04-transform-operations-Da-40873-rge-dataset-transformations-browser-chrome/error-context.md]]
]]>
</system-out>
<system-err>
<![CDATA[(node:36421) [DEP0147] DeprecationWarning: In future versions of Node.js, fs.rmdir(path, { recursive: true }) will be removed. Use fs.rm(path, { recursive: true }) instead
(Use `node --trace-deprecation ...` to show where the warning was created)
]]>
</system-err>
</testcase>
</testsuite>
<testsuite name="05-sentiment-analysis.spec.ts" timestamp="2025-06-15T23:53:34.693Z" hostname="browser-chrome" tests="8" failures="8" skipped="0" time="8.736" errors="0">
<testcase name="Sentiment Analysis with OpenAI Integration › should display sentiment analysis configuration options" classname="05-sentiment-analysis.spec.ts" time="1.13">
<failure message="05-sentiment-analysis.spec.ts:26:7 should display sentiment analysis configuration options" type="FAILURE">
<![CDATA[  [browser-chrome] › 05-sentiment-analysis.spec.ts:26:7 › Sentiment Analysis with OpenAI Integration › should display sentiment analysis configuration options 

    Error: expect.toBeAttached: Error: strict mode violation: locator('input[type="file"]') resolved to 2 elements:
        1) <input type="file" accept=".csv,.xlsx,.xls,.tsv" data-testid="file-input-button" aria-label="Select file to upload" aria-describedby="file-restrictions"/> aka getByTestId('file-input-button')
        2) <input multiple type="file" accept=".csv,.xlsx,.xls,.tsv" data-testid="hidden-file-input" aria-describedby="file-requirements" aria-label="Select data files for upload"/> aka getByTestId('hidden-file-input')

    Call log:
      - Expect "toBeAttached" with timeout 5000ms
      - waiting for locator('input[type="file"]')


       at ../fixtures/test-fixtures.ts:203

      201 |   // Now set the file input (works for both browser and Electron modes)
      202 |   const fileInput = page.locator('input[type="file"]');
    > 203 |   await expect(fileInput).toBeAttached({ timeout: 5000 });
          |                           ^
      204 |   await fileInput.setInputFiles(filePath);
      205 | };
      206 |
        at uploadFile (/Users/thomaswagner/Documents/datacloak-sentiment-workbench/packages/e2e-tests/fixtures/test-fixtures.ts:203:27)
        at navigateToSentimentStep (/Users/thomaswagner/Documents/datacloak-sentiment-workbench/packages/e2e-tests/tests/05-sentiment-analysis.spec.ts:13:5)
        at /Users/thomaswagner/Documents/datacloak-sentiment-workbench/packages/e2e-tests/tests/05-sentiment-analysis.spec.ts:27:5

    attachment #1: screenshot (image/png) ──────────────────────────────────────────────────────────
    test-results/artifacts/05-sentiment-analysis-Sent-ce23e-lysis-configuration-options-browser-chrome/test-failed-1.png
    ────────────────────────────────────────────────────────────────────────────────────────────────

    attachment #2: video (video/webm) ──────────────────────────────────────────────────────────────
    test-results/artifacts/05-sentiment-analysis-Sent-ce23e-lysis-configuration-options-browser-chrome/video.webm
    ────────────────────────────────────────────────────────────────────────────────────────────────

    Error Context: ../test-results/artifacts/05-sentiment-analysis-Sent-ce23e-lysis-configuration-options-browser-chrome/error-context.md
]]>
</failure>
<system-out>
<![CDATA[
[[ATTACHMENT|artifacts/05-sentiment-analysis-Sent-ce23e-lysis-configuration-options-browser-chrome/test-failed-1.png]]

[[ATTACHMENT|artifacts/05-sentiment-analysis-Sent-ce23e-lysis-configuration-options-browser-chrome/video.webm]]

[[ATTACHMENT|artifacts/05-sentiment-analysis-Sent-ce23e-lysis-configuration-options-browser-chrome/error-context.md]]
]]>
</system-out>
<system-err>
<![CDATA[(node:36422) [DEP0147] DeprecationWarning: In future versions of Node.js, fs.rmdir(path, { recursive: true }) will be removed. Use fs.rm(path, { recursive: true }) instead
(Use `node --trace-deprecation ...` to show where the warning was created)
]]>
</system-err>
</testcase>
<testcase name="Sentiment Analysis with OpenAI Integration › should display cost estimation for sentiment analysis" classname="05-sentiment-analysis.spec.ts" time="1.047">
<failure message="05-sentiment-analysis.spec.ts:91:7 should display cost estimation for sentiment analysis" type="FAILURE">
<![CDATA[  [browser-chrome] › 05-sentiment-analysis.spec.ts:91:7 › Sentiment Analysis with OpenAI Integration › should display cost estimation for sentiment analysis 

    Error: expect.toBeAttached: Error: strict mode violation: locator('input[type="file"]') resolved to 2 elements:
        1) <input type="file" accept=".csv,.xlsx,.xls,.tsv" data-testid="file-input-button" aria-label="Select file to upload" aria-describedby="file-restrictions"/> aka getByTestId('file-input-button')
        2) <input multiple type="file" accept=".csv,.xlsx,.xls,.tsv" data-testid="hidden-file-input" aria-describedby="file-requirements" aria-label="Select data files for upload"/> aka getByTestId('hidden-file-input')

    Call log:
      - Expect "toBeAttached" with timeout 5000ms
      - waiting for locator('input[type="file"]')


       at ../fixtures/test-fixtures.ts:203

      201 |   // Now set the file input (works for both browser and Electron modes)
      202 |   const fileInput = page.locator('input[type="file"]');
    > 203 |   await expect(fileInput).toBeAttached({ timeout: 5000 });
          |                           ^
      204 |   await fileInput.setInputFiles(filePath);
      205 | };
      206 |
        at uploadFile (/Users/thomaswagner/Documents/datacloak-sentiment-workbench/packages/e2e-tests/fixtures/test-fixtures.ts:203:27)
        at navigateToSentimentStep (/Users/thomaswagner/Documents/datacloak-sentiment-workbench/packages/e2e-tests/tests/05-sentiment-analysis.spec.ts:13:5)
        at /Users/thomaswagner/Documents/datacloak-sentiment-workbench/packages/e2e-tests/tests/05-sentiment-analysis.spec.ts:92:5

    attachment #1: screenshot (image/png) ──────────────────────────────────────────────────────────
    test-results/artifacts/05-sentiment-analysis-Sent-ceae8-tion-for-sentiment-analysis-browser-chrome/test-failed-1.png
    ────────────────────────────────────────────────────────────────────────────────────────────────

    attachment #2: video (video/webm) ──────────────────────────────────────────────────────────────
    test-results/artifacts/05-sentiment-analysis-Sent-ceae8-tion-for-sentiment-analysis-browser-chrome/video.webm
    ────────────────────────────────────────────────────────────────────────────────────────────────

    Error Context: ../test-results/artifacts/05-sentiment-analysis-Sent-ceae8-tion-for-sentiment-analysis-browser-chrome/error-context.md
]]>
</failure>
<system-out>
<![CDATA[
[[ATTACHMENT|artifacts/05-sentiment-analysis-Sent-ceae8-tion-for-sentiment-analysis-browser-chrome/test-failed-1.png]]

[[ATTACHMENT|artifacts/05-sentiment-analysis-Sent-ceae8-tion-for-sentiment-analysis-browser-chrome/video.webm]]

[[ATTACHMENT|artifacts/05-sentiment-analysis-Sent-ceae8-tion-for-sentiment-analysis-browser-chrome/error-context.md]]
]]>
</system-out>
<system-err>
<![CDATA[(node:36423) [DEP0147] DeprecationWarning: In future versions of Node.js, fs.rmdir(path, { recursive: true }) will be removed. Use fs.rm(path, { recursive: true }) instead
(Use `node --trace-deprecation ...` to show where the warning was created)
]]>
</system-err>
</testcase>
<testcase name="Sentiment Analysis with OpenAI Integration › should start sentiment analysis job successfully" classname="05-sentiment-analysis.spec.ts" time="1.085">
<failure message="05-sentiment-analysis.spec.ts:142:7 should start sentiment analysis job successfully" type="FAILURE">
<![CDATA[  [browser-chrome] › 05-sentiment-analysis.spec.ts:142:7 › Sentiment Analysis with OpenAI Integration › should start sentiment analysis job successfully 

    Error: expect.toBeAttached: Error: strict mode violation: locator('input[type="file"]') resolved to 2 elements:
        1) <input type="file" accept=".csv,.xlsx,.xls,.tsv" data-testid="file-input-button" aria-label="Select file to upload" aria-describedby="file-restrictions"/> aka getByTestId('file-input-button')
        2) <input multiple type="file" accept=".csv,.xlsx,.xls,.tsv" data-testid="hidden-file-input" aria-describedby="file-requirements" aria-label="Select data files for upload"/> aka getByTestId('hidden-file-input')

    Call log:
      - Expect "toBeAttached" with timeout 5000ms
      - waiting for locator('input[type="file"]')


       at ../fixtures/test-fixtures.ts:203

      201 |   // Now set the file input (works for both browser and Electron modes)
      202 |   const fileInput = page.locator('input[type="file"]');
    > 203 |   await expect(fileInput).toBeAttached({ timeout: 5000 });
          |                           ^
      204 |   await fileInput.setInputFiles(filePath);
      205 | };
      206 |
        at uploadFile (/Users/thomaswagner/Documents/datacloak-sentiment-workbench/packages/e2e-tests/fixtures/test-fixtures.ts:203:27)
        at navigateToSentimentStep (/Users/thomaswagner/Documents/datacloak-sentiment-workbench/packages/e2e-tests/tests/05-sentiment-analysis.spec.ts:13:5)
        at /Users/thomaswagner/Documents/datacloak-sentiment-workbench/packages/e2e-tests/tests/05-sentiment-analysis.spec.ts:143:5

    attachment #1: screenshot (image/png) ──────────────────────────────────────────────────────────
    test-results/artifacts/05-sentiment-analysis-Sent-1964d-t-analysis-job-successfully-browser-chrome/test-failed-1.png
    ────────────────────────────────────────────────────────────────────────────────────────────────

    attachment #2: video (video/webm) ──────────────────────────────────────────────────────────────
    test-results/artifacts/05-sentiment-analysis-Sent-1964d-t-analysis-job-successfully-browser-chrome/video.webm
    ────────────────────────────────────────────────────────────────────────────────────────────────

    Error Context: ../test-results/artifacts/05-sentiment-analysis-Sent-1964d-t-analysis-job-successfully-browser-chrome/error-context.md
]]>
</failure>
<system-out>
<![CDATA[
[[ATTACHMENT|artifacts/05-sentiment-analysis-Sent-1964d-t-analysis-job-successfully-browser-chrome/test-failed-1.png]]

[[ATTACHMENT|artifacts/05-sentiment-analysis-Sent-1964d-t-analysis-job-successfully-browser-chrome/video.webm]]

[[ATTACHMENT|artifacts/05-sentiment-analysis-Sent-1964d-t-analysis-job-successfully-browser-chrome/error-context.md]]
]]>
</system-out>
<system-err>
<![CDATA[(node:36424) [DEP0147] DeprecationWarning: In future versions of Node.js, fs.rmdir(path, { recursive: true }) will be removed. Use fs.rm(path, { recursive: true }) instead
(Use `node --trace-deprecation ...` to show where the warning was created)
]]>
</system-err>
</testcase>
<testcase name="Sentiment Analysis with OpenAI Integration › should show progress during sentiment analysis" classname="05-sentiment-analysis.spec.ts" time="1.024">
<failure message="05-sentiment-analysis.spec.ts:200:7 should show progress during sentiment analysis" type="FAILURE">
<![CDATA[  [browser-chrome] › 05-sentiment-analysis.spec.ts:200:7 › Sentiment Analysis with OpenAI Integration › should show progress during sentiment analysis 

    Error: expect.toBeAttached: Error: strict mode violation: locator('input[type="file"]') resolved to 2 elements:
        1) <input type="file" accept=".csv,.xlsx,.xls,.tsv" data-testid="file-input-button" aria-label="Select file to upload" aria-describedby="file-restrictions"/> aka getByTestId('file-input-button')
        2) <input multiple type="file" accept=".csv,.xlsx,.xls,.tsv" data-testid="hidden-file-input" aria-describedby="file-requirements" aria-label="Select data files for upload"/> aka getByTestId('hidden-file-input')

    Call log:
      - Expect "toBeAttached" with timeout 5000ms
      - waiting for locator('input[type="file"]')


       at ../fixtures/test-fixtures.ts:203

      201 |   // Now set the file input (works for both browser and Electron modes)
      202 |   const fileInput = page.locator('input[type="file"]');
    > 203 |   await expect(fileInput).toBeAttached({ timeout: 5000 });
          |                           ^
      204 |   await fileInput.setInputFiles(filePath);
      205 | };
      206 |
        at uploadFile (/Users/thomaswagner/Documents/datacloak-sentiment-workbench/packages/e2e-tests/fixtures/test-fixtures.ts:203:27)
        at navigateToSentimentStep (/Users/thomaswagner/Documents/datacloak-sentiment-workbench/packages/e2e-tests/tests/05-sentiment-analysis.spec.ts:13:5)
        at /Users/thomaswagner/Documents/datacloak-sentiment-workbench/packages/e2e-tests/tests/05-sentiment-analysis.spec.ts:201:5

    attachment #1: screenshot (image/png) ──────────────────────────────────────────────────────────
    test-results/artifacts/05-sentiment-analysis-Sent-7be6e-s-during-sentiment-analysis-browser-chrome/test-failed-1.png
    ────────────────────────────────────────────────────────────────────────────────────────────────

    attachment #2: video (video/webm) ──────────────────────────────────────────────────────────────
    test-results/artifacts/05-sentiment-analysis-Sent-7be6e-s-during-sentiment-analysis-browser-chrome/video.webm
    ────────────────────────────────────────────────────────────────────────────────────────────────

    Error Context: ../test-results/artifacts/05-sentiment-analysis-Sent-7be6e-s-during-sentiment-analysis-browser-chrome/error-context.md
]]>
</failure>
<system-out>
<![CDATA[
[[ATTACHMENT|artifacts/05-sentiment-analysis-Sent-7be6e-s-during-sentiment-analysis-browser-chrome/test-failed-1.png]]

[[ATTACHMENT|artifacts/05-sentiment-analysis-Sent-7be6e-s-during-sentiment-analysis-browser-chrome/video.webm]]

[[ATTACHMENT|artifacts/05-sentiment-analysis-Sent-7be6e-s-during-sentiment-analysis-browser-chrome/error-context.md]]
]]>
</system-out>
<system-err>
<![CDATA[(node:36462) [DEP0147] DeprecationWarning: In future versions of Node.js, fs.rmdir(path, { recursive: true }) will be removed. Use fs.rm(path, { recursive: true }) instead
(Use `node --trace-deprecation ...` to show where the warning was created)
]]>
</system-err>
</testcase>
<testcase name="Sentiment Analysis with OpenAI Integration › should complete sentiment analysis and show results" classname="05-sentiment-analysis.spec.ts" time="1.129">
<failure message="05-sentiment-analysis.spec.ts:270:7 should complete sentiment analysis and show results" type="FAILURE">
<![CDATA[  [browser-chrome] › 05-sentiment-analysis.spec.ts:270:7 › Sentiment Analysis with OpenAI Integration › should complete sentiment analysis and show results 

    Error: expect.toBeAttached: Error: strict mode violation: locator('input[type="file"]') resolved to 2 elements:
        1) <input type="file" accept=".csv,.xlsx,.xls,.tsv" data-testid="file-input-button" aria-label="Select file to upload" aria-describedby="file-restrictions"/> aka getByTestId('file-input-button')
        2) <input multiple type="file" accept=".csv,.xlsx,.xls,.tsv" data-testid="hidden-file-input" aria-describedby="file-requirements" aria-label="Select data files for upload"/> aka getByTestId('hidden-file-input')

    Call log:
      - Expect "toBeAttached" with timeout 5000ms
      - waiting for locator('input[type="file"]')


       at ../fixtures/test-fixtures.ts:203

      201 |   // Now set the file input (works for both browser and Electron modes)
      202 |   const fileInput = page.locator('input[type="file"]');
    > 203 |   await expect(fileInput).toBeAttached({ timeout: 5000 });
          |                           ^
      204 |   await fileInput.setInputFiles(filePath);
      205 | };
      206 |
        at uploadFile (/Users/thomaswagner/Documents/datacloak-sentiment-workbench/packages/e2e-tests/fixtures/test-fixtures.ts:203:27)
        at navigateToSentimentStep (/Users/thomaswagner/Documents/datacloak-sentiment-workbench/packages/e2e-tests/tests/05-sentiment-analysis.spec.ts:13:5)
        at /Users/thomaswagner/Documents/datacloak-sentiment-workbench/packages/e2e-tests/tests/05-sentiment-analysis.spec.ts:271:5

    attachment #1: screenshot (image/png) ──────────────────────────────────────────────────────────
    test-results/artifacts/05-sentiment-analysis-Sent-e1769-t-analysis-and-show-results-browser-chrome/test-failed-1.png
    ────────────────────────────────────────────────────────────────────────────────────────────────

    attachment #2: video (video/webm) ──────────────────────────────────────────────────────────────
    test-results/artifacts/05-sentiment-analysis-Sent-e1769-t-analysis-and-show-results-browser-chrome/video.webm
    ────────────────────────────────────────────────────────────────────────────────────────────────

    Error Context: ../test-results/artifacts/05-sentiment-analysis-Sent-e1769-t-analysis-and-show-results-browser-chrome/error-context.md
]]>
</failure>
<system-out>
<![CDATA[
[[ATTACHMENT|artifacts/05-sentiment-analysis-Sent-e1769-t-analysis-and-show-results-browser-chrome/test-failed-1.png]]

[[ATTACHMENT|artifacts/05-sentiment-analysis-Sent-e1769-t-analysis-and-show-results-browser-chrome/video.webm]]

[[ATTACHMENT|artifacts/05-sentiment-analysis-Sent-e1769-t-analysis-and-show-results-browser-chrome/error-context.md]]
]]>
</system-out>
<system-err>
<![CDATA[(node:36463) [DEP0147] DeprecationWarning: In future versions of Node.js, fs.rmdir(path, { recursive: true }) will be removed. Use fs.rm(path, { recursive: true }) instead
(Use `node --trace-deprecation ...` to show where the warning was created)
]]>
</system-err>
</testcase>
<testcase name="Sentiment Analysis with OpenAI Integration › should handle OpenAI API errors gracefully" classname="05-sentiment-analysis.spec.ts" time="1.213">
<failure message="05-sentiment-analysis.spec.ts:345:7 should handle OpenAI API errors gracefully" type="FAILURE">
<![CDATA[  [browser-chrome] › 05-sentiment-analysis.spec.ts:345:7 › Sentiment Analysis with OpenAI Integration › should handle OpenAI API errors gracefully 

    Error: expect.toBeAttached: Error: strict mode violation: locator('input[type="file"]') resolved to 2 elements:
        1) <input type="file" accept=".csv,.xlsx,.xls,.tsv" data-testid="file-input-button" aria-label="Select file to upload" aria-describedby="file-restrictions"/> aka getByTestId('file-input-button')
        2) <input multiple type="file" accept=".csv,.xlsx,.xls,.tsv" data-testid="hidden-file-input" aria-describedby="file-requirements" aria-label="Select data files for upload"/> aka getByTestId('hidden-file-input')

    Call log:
      - Expect "toBeAttached" with timeout 5000ms
      - waiting for locator('input[type="file"]')


       at ../fixtures/test-fixtures.ts:203

      201 |   // Now set the file input (works for both browser and Electron modes)
      202 |   const fileInput = page.locator('input[type="file"]');
    > 203 |   await expect(fileInput).toBeAttached({ timeout: 5000 });
          |                           ^
      204 |   await fileInput.setInputFiles(filePath);
      205 | };
      206 |
        at uploadFile (/Users/thomaswagner/Documents/datacloak-sentiment-workbench/packages/e2e-tests/fixtures/test-fixtures.ts:203:27)
        at navigateToSentimentStep (/Users/thomaswagner/Documents/datacloak-sentiment-workbench/packages/e2e-tests/tests/05-sentiment-analysis.spec.ts:13:5)
        at /Users/thomaswagner/Documents/datacloak-sentiment-workbench/packages/e2e-tests/tests/05-sentiment-analysis.spec.ts:346:5

    attachment #1: screenshot (image/png) ──────────────────────────────────────────────────────────
    test-results/artifacts/05-sentiment-analysis-Sent-3bcfd-penAI-API-errors-gracefully-browser-chrome/test-failed-1.png
    ────────────────────────────────────────────────────────────────────────────────────────────────

    attachment #2: video (video/webm) ──────────────────────────────────────────────────────────────
    test-results/artifacts/05-sentiment-analysis-Sent-3bcfd-penAI-API-errors-gracefully-browser-chrome/video.webm
    ────────────────────────────────────────────────────────────────────────────────────────────────

    Error Context: ../test-results/artifacts/05-sentiment-analysis-Sent-3bcfd-penAI-API-errors-gracefully-browser-chrome/error-context.md
]]>
</failure>
<system-out>
<![CDATA[
[[ATTACHMENT|artifacts/05-sentiment-analysis-Sent-3bcfd-penAI-API-errors-gracefully-browser-chrome/test-failed-1.png]]

[[ATTACHMENT|artifacts/05-sentiment-analysis-Sent-3bcfd-penAI-API-errors-gracefully-browser-chrome/video.webm]]

[[ATTACHMENT|artifacts/05-sentiment-analysis-Sent-3bcfd-penAI-API-errors-gracefully-browser-chrome/error-context.md]]
]]>
</system-out>
<system-err>
<![CDATA[(node:36464) [DEP0147] DeprecationWarning: In future versions of Node.js, fs.rmdir(path, { recursive: true }) will be removed. Use fs.rm(path, { recursive: true }) instead
(Use `node --trace-deprecation ...` to show where the warning was created)
]]>
</system-err>
</testcase>
<testcase name="Sentiment Analysis with OpenAI Integration › should test different sentiment datasets" classname="05-sentiment-analysis.spec.ts" time="1.114">
<failure message="05-sentiment-analysis.spec.ts:400:7 should test different sentiment datasets" type="FAILURE">
<![CDATA[  [browser-chrome] › 05-sentiment-analysis.spec.ts:400:7 › Sentiment Analysis with OpenAI Integration › should test different sentiment datasets › Test positive sentiment dataset 

    Error: expect.toBeAttached: Error: strict mode violation: locator('input[type="file"]') resolved to 2 elements:
        1) <input type="file" accept=".csv,.xlsx,.xls,.tsv" data-testid="file-input-button" aria-label="Select file to upload" aria-describedby="file-restrictions"/> aka getByTestId('file-input-button')
        2) <input multiple type="file" accept=".csv,.xlsx,.xls,.tsv" data-testid="hidden-file-input" aria-describedby="file-requirements" aria-label="Select data files for upload"/> aka getByTestId('hidden-file-input')

    Call log:
      - Expect "toBeAttached" with timeout 5000ms
      - waiting for locator('input[type="file"]')


       at ../fixtures/test-fixtures.ts:203

      201 |   // Now set the file input (works for both browser and Electron modes)
      202 |   const fileInput = page.locator('input[type="file"]');
    > 203 |   await expect(fileInput).toBeAttached({ timeout: 5000 });
          |                           ^
      204 |   await fileInput.setInputFiles(filePath);
      205 | };
      206 |
        at uploadFile (/Users/thomaswagner/Documents/datacloak-sentiment-workbench/packages/e2e-tests/fixtures/test-fixtures.ts:203:27)
        at /Users/thomaswagner/Documents/datacloak-sentiment-workbench/packages/e2e-tests/tests/05-sentiment-analysis.spec.ts:402:7
        at /Users/thomaswagner/Documents/datacloak-sentiment-workbench/packages/e2e-tests/tests/05-sentiment-analysis.spec.ts:401:5

    attachment #1: screenshot (image/png) ──────────────────────────────────────────────────────────
    test-results/artifacts/05-sentiment-analysis-Sent-7e926-ifferent-sentiment-datasets-browser-chrome/test-failed-1.png
    ────────────────────────────────────────────────────────────────────────────────────────────────

    attachment #2: video (video/webm) ──────────────────────────────────────────────────────────────
    test-results/artifacts/05-sentiment-analysis-Sent-7e926-ifferent-sentiment-datasets-browser-chrome/video.webm
    ────────────────────────────────────────────────────────────────────────────────────────────────

    Error Context: ../test-results/artifacts/05-sentiment-analysis-Sent-7e926-ifferent-sentiment-datasets-browser-chrome/error-context.md
]]>
</failure>
<system-out>
<![CDATA[
[[ATTACHMENT|artifacts/05-sentiment-analysis-Sent-7e926-ifferent-sentiment-datasets-browser-chrome/test-failed-1.png]]

[[ATTACHMENT|artifacts/05-sentiment-analysis-Sent-7e926-ifferent-sentiment-datasets-browser-chrome/video.webm]]

[[ATTACHMENT|artifacts/05-sentiment-analysis-Sent-7e926-ifferent-sentiment-datasets-browser-chrome/error-context.md]]
]]>
</system-out>
<system-err>
<![CDATA[(node:36465) [DEP0147] DeprecationWarning: In future versions of Node.js, fs.rmdir(path, { recursive: true }) will be removed. Use fs.rm(path, { recursive: true }) instead
(Use `node --trace-deprecation ...` to show where the warning was created)
]]>
</system-err>
</testcase>
<testcase name="Sentiment Analysis with OpenAI Integration › should provide sentiment analysis insights and metrics" classname="05-sentiment-analysis.spec.ts" time="0.994">
<failure message="05-sentiment-analysis.spec.ts:448:7 should provide sentiment analysis insights and metrics" type="FAILURE">
<![CDATA[  [browser-chrome] › 05-sentiment-analysis.spec.ts:448:7 › Sentiment Analysis with OpenAI Integration › should provide sentiment analysis insights and metrics 

    Error: expect.toBeAttached: Error: strict mode violation: locator('input[type="file"]') resolved to 2 elements:
        1) <input type="file" accept=".csv,.xlsx,.xls,.tsv" data-testid="file-input-button" aria-label="Select file to upload" aria-describedby="file-restrictions"/> aka getByTestId('file-input-button')
        2) <input multiple type="file" accept=".csv,.xlsx,.xls,.tsv" data-testid="hidden-file-input" aria-describedby="file-requirements" aria-label="Select data files for upload"/> aka getByTestId('hidden-file-input')

    Call log:
      - Expect "toBeAttached" with timeout 5000ms
      - waiting for locator('input[type="file"]')


       at ../fixtures/test-fixtures.ts:203

      201 |   // Now set the file input (works for both browser and Electron modes)
      202 |   const fileInput = page.locator('input[type="file"]');
    > 203 |   await expect(fileInput).toBeAttached({ timeout: 5000 });
          |                           ^
      204 |   await fileInput.setInputFiles(filePath);
      205 | };
      206 |
        at uploadFile (/Users/thomaswagner/Documents/datacloak-sentiment-workbench/packages/e2e-tests/fixtures/test-fixtures.ts:203:27)
        at navigateToSentimentStep (/Users/thomaswagner/Documents/datacloak-sentiment-workbench/packages/e2e-tests/tests/05-sentiment-analysis.spec.ts:13:5)
        at /Users/thomaswagner/Documents/datacloak-sentiment-workbench/packages/e2e-tests/tests/05-sentiment-analysis.spec.ts:449:5

    attachment #1: screenshot (image/png) ──────────────────────────────────────────────────────────
    test-results/artifacts/05-sentiment-analysis-Sent-27977-alysis-insights-and-metrics-browser-chrome/test-failed-1.png
    ────────────────────────────────────────────────────────────────────────────────────────────────

    attachment #2: video (video/webm) ──────────────────────────────────────────────────────────────
    test-results/artifacts/05-sentiment-analysis-Sent-27977-alysis-insights-and-metrics-browser-chrome/video.webm
    ────────────────────────────────────────────────────────────────────────────────────────────────

    Error Context: ../test-results/artifacts/05-sentiment-analysis-Sent-27977-alysis-insights-and-metrics-browser-chrome/error-context.md
]]>
</failure>
<system-out>
<![CDATA[
[[ATTACHMENT|artifacts/05-sentiment-analysis-Sent-27977-alysis-insights-and-metrics-browser-chrome/test-failed-1.png]]

[[ATTACHMENT|artifacts/05-sentiment-analysis-Sent-27977-alysis-insights-and-metrics-browser-chrome/video.webm]]

[[ATTACHMENT|artifacts/05-sentiment-analysis-Sent-27977-alysis-insights-and-metrics-browser-chrome/error-context.md]]
]]>
</system-out>
<system-err>
<![CDATA[(node:36466) [DEP0147] DeprecationWarning: In future versions of Node.js, fs.rmdir(path, { recursive: true }) will be removed. Use fs.rm(path, { recursive: true }) instead
(Use `node --trace-deprecation ...` to show where the warning was created)
]]>
</system-err>
</testcase>
</testsuite>
<testsuite name="06-results-export.spec.ts" timestamp="2025-06-15T23:53:34.693Z" hostname="browser-chrome" tests="9" failures="9" skipped="0" time="9.329" errors="0">
<testcase name="Results Export Functionality › should display sentiment analysis results overview" classname="06-results-export.spec.ts" time="1.047">
<failure message="06-results-export.spec.ts:44:7 should display sentiment analysis results overview" type="FAILURE">
<![CDATA[  [browser-chrome] › 06-results-export.spec.ts:44:7 › Results Export Functionality › should display sentiment analysis results overview 

    Error: expect.toBeAttached: Error: strict mode violation: locator('input[type="file"]') resolved to 2 elements:
        1) <input type="file" accept=".csv,.xlsx,.xls,.tsv" data-testid="file-input-button" aria-label="Select file to upload" aria-describedby="file-restrictions"/> aka getByTestId('file-input-button')
        2) <input multiple type="file" accept=".csv,.xlsx,.xls,.tsv" data-testid="hidden-file-input" aria-describedby="file-requirements" aria-label="Select data files for upload"/> aka getByTestId('hidden-file-input')

    Call log:
      - Expect "toBeAttached" with timeout 5000ms
      - waiting for locator('input[type="file"]')


       at ../fixtures/test-fixtures.ts:203

      201 |   // Now set the file input (works for both browser and Electron modes)
      202 |   const fileInput = page.locator('input[type="file"]');
    > 203 |   await expect(fileInput).toBeAttached({ timeout: 5000 });
          |                           ^
      204 |   await fileInput.setInputFiles(filePath);
      205 | };
      206 |
        at uploadFile (/Users/thomaswagner/Documents/datacloak-sentiment-workbench/packages/e2e-tests/fixtures/test-fixtures.ts:203:27)
        at navigateToResultsStep (/Users/thomaswagner/Documents/datacloak-sentiment-workbench/packages/e2e-tests/tests/06-results-export.spec.ts:13:5)
        at /Users/thomaswagner/Documents/datacloak-sentiment-workbench/packages/e2e-tests/tests/06-results-export.spec.ts:45:5

    attachment #1: screenshot (image/png) ──────────────────────────────────────────────────────────
    test-results/artifacts/06-results-export-Results--768e8-t-analysis-results-overview-browser-chrome/test-failed-1.png
    ────────────────────────────────────────────────────────────────────────────────────────────────

    attachment #2: video (video/webm) ──────────────────────────────────────────────────────────────
    test-results/artifacts/06-results-export-Results--768e8-t-analysis-results-overview-browser-chrome/video.webm
    ────────────────────────────────────────────────────────────────────────────────────────────────

    Error Context: ../test-results/artifacts/06-results-export-Results--768e8-t-analysis-results-overview-browser-chrome/error-context.md
]]>
</failure>
<system-out>
<![CDATA[
[[ATTACHMENT|artifacts/06-results-export-Results--768e8-t-analysis-results-overview-browser-chrome/test-failed-1.png]]

[[ATTACHMENT|artifacts/06-results-export-Results--768e8-t-analysis-results-overview-browser-chrome/video.webm]]

[[ATTACHMENT|artifacts/06-results-export-Results--768e8-t-analysis-results-overview-browser-chrome/error-context.md]]
]]>
</system-out>
<system-err>
<![CDATA[(node:36467) [DEP0147] DeprecationWarning: In future versions of Node.js, fs.rmdir(path, { recursive: true }) will be removed. Use fs.rm(path, { recursive: true }) instead
(Use `node --trace-deprecation ...` to show where the warning was created)
]]>
</system-err>
</testcase>
<testcase name="Results Export Functionality › should provide multiple export format options" classname="06-results-export.spec.ts" time="1.009">
<failure message="06-results-export.spec.ts:96:7 should provide multiple export format options" type="FAILURE">
<![CDATA[  [browser-chrome] › 06-results-export.spec.ts:96:7 › Results Export Functionality › should provide multiple export format options 

    Error: expect.toBeAttached: Error: strict mode violation: locator('input[type="file"]') resolved to 2 elements:
        1) <input type="file" accept=".csv,.xlsx,.xls,.tsv" data-testid="file-input-button" aria-label="Select file to upload" aria-describedby="file-restrictions"/> aka getByTestId('file-input-button')
        2) <input multiple type="file" accept=".csv,.xlsx,.xls,.tsv" data-testid="hidden-file-input" aria-describedby="file-requirements" aria-label="Select data files for upload"/> aka getByTestId('hidden-file-input')

    Call log:
      - Expect "toBeAttached" with timeout 5000ms
      - waiting for locator('input[type="file"]')


       at ../fixtures/test-fixtures.ts:203

      201 |   // Now set the file input (works for both browser and Electron modes)
      202 |   const fileInput = page.locator('input[type="file"]');
    > 203 |   await expect(fileInput).toBeAttached({ timeout: 5000 });
          |                           ^
      204 |   await fileInput.setInputFiles(filePath);
      205 | };
      206 |
        at uploadFile (/Users/thomaswagner/Documents/datacloak-sentiment-workbench/packages/e2e-tests/fixtures/test-fixtures.ts:203:27)
        at navigateToResultsStep (/Users/thomaswagner/Documents/datacloak-sentiment-workbench/packages/e2e-tests/tests/06-results-export.spec.ts:13:5)
        at /Users/thomaswagner/Documents/datacloak-sentiment-workbench/packages/e2e-tests/tests/06-results-export.spec.ts:97:5

    attachment #1: screenshot (image/png) ──────────────────────────────────────────────────────────
    test-results/artifacts/06-results-export-Results--e4090-tiple-export-format-options-browser-chrome/test-failed-1.png
    ────────────────────────────────────────────────────────────────────────────────────────────────

    attachment #2: video (video/webm) ──────────────────────────────────────────────────────────────
    test-results/artifacts/06-results-export-Results--e4090-tiple-export-format-options-browser-chrome/video.webm
    ────────────────────────────────────────────────────────────────────────────────────────────────

    Error Context: ../test-results/artifacts/06-results-export-Results--e4090-tiple-export-format-options-browser-chrome/error-context.md
]]>
</failure>
<system-out>
<![CDATA[
[[ATTACHMENT|artifacts/06-results-export-Results--e4090-tiple-export-format-options-browser-chrome/test-failed-1.png]]

[[ATTACHMENT|artifacts/06-results-export-Results--e4090-tiple-export-format-options-browser-chrome/video.webm]]

[[ATTACHMENT|artifacts/06-results-export-Results--e4090-tiple-export-format-options-browser-chrome/error-context.md]]
]]>
</system-out>
<system-err>
<![CDATA[(node:36498) [DEP0147] DeprecationWarning: In future versions of Node.js, fs.rmdir(path, { recursive: true }) will be removed. Use fs.rm(path, { recursive: true }) instead
(Use `node --trace-deprecation ...` to show where the warning was created)
]]>
</system-err>
</testcase>
<testcase name="Results Export Functionality › should successfully export results as CSV" classname="06-results-export.spec.ts" time="1.021">
<failure message="06-results-export.spec.ts:156:7 should successfully export results as CSV" type="FAILURE">
<![CDATA[  [browser-chrome] › 06-results-export.spec.ts:156:7 › Results Export Functionality › should successfully export results as CSV 

    Error: expect.toBeAttached: Error: strict mode violation: locator('input[type="file"]') resolved to 2 elements:
        1) <input type="file" accept=".csv,.xlsx,.xls,.tsv" data-testid="file-input-button" aria-label="Select file to upload" aria-describedby="file-restrictions"/> aka getByTestId('file-input-button')
        2) <input multiple type="file" accept=".csv,.xlsx,.xls,.tsv" data-testid="hidden-file-input" aria-describedby="file-requirements" aria-label="Select data files for upload"/> aka getByTestId('hidden-file-input')

    Call log:
      - Expect "toBeAttached" with timeout 5000ms
      - waiting for locator('input[type="file"]')


       at ../fixtures/test-fixtures.ts:203

      201 |   // Now set the file input (works for both browser and Electron modes)
      202 |   const fileInput = page.locator('input[type="file"]');
    > 203 |   await expect(fileInput).toBeAttached({ timeout: 5000 });
          |                           ^
      204 |   await fileInput.setInputFiles(filePath);
      205 | };
      206 |
        at uploadFile (/Users/thomaswagner/Documents/datacloak-sentiment-workbench/packages/e2e-tests/fixtures/test-fixtures.ts:203:27)
        at navigateToResultsStep (/Users/thomaswagner/Documents/datacloak-sentiment-workbench/packages/e2e-tests/tests/06-results-export.spec.ts:13:5)
        at /Users/thomaswagner/Documents/datacloak-sentiment-workbench/packages/e2e-tests/tests/06-results-export.spec.ts:157:5

    attachment #1: screenshot (image/png) ──────────────────────────────────────────────────────────
    test-results/artifacts/06-results-export-Results--3ef7e-fully-export-results-as-CSV-browser-chrome/test-failed-1.png
    ────────────────────────────────────────────────────────────────────────────────────────────────

    attachment #2: video (video/webm) ──────────────────────────────────────────────────────────────
    test-results/artifacts/06-results-export-Results--3ef7e-fully-export-results-as-CSV-browser-chrome/video.webm
    ────────────────────────────────────────────────────────────────────────────────────────────────

    Error Context: ../test-results/artifacts/06-results-export-Results--3ef7e-fully-export-results-as-CSV-browser-chrome/error-context.md
]]>
</failure>
<system-out>
<![CDATA[
[[ATTACHMENT|artifacts/06-results-export-Results--3ef7e-fully-export-results-as-CSV-browser-chrome/test-failed-1.png]]

[[ATTACHMENT|artifacts/06-results-export-Results--3ef7e-fully-export-results-as-CSV-browser-chrome/video.webm]]

[[ATTACHMENT|artifacts/06-results-export-Results--3ef7e-fully-export-results-as-CSV-browser-chrome/error-context.md]]
]]>
</system-out>
<system-err>
<![CDATA[(node:36499) [DEP0147] DeprecationWarning: In future versions of Node.js, fs.rmdir(path, { recursive: true }) will be removed. Use fs.rm(path, { recursive: true }) instead
(Use `node --trace-deprecation ...` to show where the warning was created)
]]>
</system-err>
</testcase>
<testcase name="Results Export Functionality › should successfully export results as Excel" classname="06-results-export.spec.ts" time="1.047">
<failure message="06-results-export.spec.ts:217:7 should successfully export results as Excel" type="FAILURE">
<![CDATA[  [browser-chrome] › 06-results-export.spec.ts:217:7 › Results Export Functionality › should successfully export results as Excel 

    Error: expect.toBeAttached: Error: strict mode violation: locator('input[type="file"]') resolved to 2 elements:
        1) <input type="file" accept=".csv,.xlsx,.xls,.tsv" data-testid="file-input-button" aria-label="Select file to upload" aria-describedby="file-restrictions"/> aka getByTestId('file-input-button')
        2) <input multiple type="file" accept=".csv,.xlsx,.xls,.tsv" data-testid="hidden-file-input" aria-describedby="file-requirements" aria-label="Select data files for upload"/> aka getByTestId('hidden-file-input')

    Call log:
      - Expect "toBeAttached" with timeout 5000ms
      - waiting for locator('input[type="file"]')


       at ../fixtures/test-fixtures.ts:203

      201 |   // Now set the file input (works for both browser and Electron modes)
      202 |   const fileInput = page.locator('input[type="file"]');
    > 203 |   await expect(fileInput).toBeAttached({ timeout: 5000 });
          |                           ^
      204 |   await fileInput.setInputFiles(filePath);
      205 | };
      206 |
        at uploadFile (/Users/thomaswagner/Documents/datacloak-sentiment-workbench/packages/e2e-tests/fixtures/test-fixtures.ts:203:27)
        at navigateToResultsStep (/Users/thomaswagner/Documents/datacloak-sentiment-workbench/packages/e2e-tests/tests/06-results-export.spec.ts:13:5)
        at /Users/thomaswagner/Documents/datacloak-sentiment-workbench/packages/e2e-tests/tests/06-results-export.spec.ts:218:5

    attachment #1: screenshot (image/png) ──────────────────────────────────────────────────────────
    test-results/artifacts/06-results-export-Results--3da77-lly-export-results-as-Excel-browser-chrome/test-failed-1.png
    ────────────────────────────────────────────────────────────────────────────────────────────────

    attachment #2: video (video/webm) ──────────────────────────────────────────────────────────────
    test-results/artifacts/06-results-export-Results--3da77-lly-export-results-as-Excel-browser-chrome/video.webm
    ────────────────────────────────────────────────────────────────────────────────────────────────

    Error Context: ../test-results/artifacts/06-results-export-Results--3da77-lly-export-results-as-Excel-browser-chrome/error-context.md
]]>
</failure>
<system-out>
<![CDATA[
[[ATTACHMENT|artifacts/06-results-export-Results--3da77-lly-export-results-as-Excel-browser-chrome/test-failed-1.png]]

[[ATTACHMENT|artifacts/06-results-export-Results--3da77-lly-export-results-as-Excel-browser-chrome/video.webm]]

[[ATTACHMENT|artifacts/06-results-export-Results--3da77-lly-export-results-as-Excel-browser-chrome/error-context.md]]
]]>
</system-out>
<system-err>
<![CDATA[(node:36500) [DEP0147] DeprecationWarning: In future versions of Node.js, fs.rmdir(path, { recursive: true }) will be removed. Use fs.rm(path, { recursive: true }) instead
(Use `node --trace-deprecation ...` to show where the warning was created)
]]>
</system-err>
</testcase>
<testcase name="Results Export Functionality › should successfully export results as JSON" classname="06-results-export.spec.ts" time="1.051">
<failure message="06-results-export.spec.ts:267:7 should successfully export results as JSON" type="FAILURE">
<![CDATA[  [browser-chrome] › 06-results-export.spec.ts:267:7 › Results Export Functionality › should successfully export results as JSON 

    Error: expect.toBeAttached: Error: strict mode violation: locator('input[type="file"]') resolved to 2 elements:
        1) <input type="file" accept=".csv,.xlsx,.xls,.tsv" data-testid="file-input-button" aria-label="Select file to upload" aria-describedby="file-restrictions"/> aka getByTestId('file-input-button')
        2) <input multiple type="file" accept=".csv,.xlsx,.xls,.tsv" data-testid="hidden-file-input" aria-describedby="file-requirements" aria-label="Select data files for upload"/> aka getByTestId('hidden-file-input')

    Call log:
      - Expect "toBeAttached" with timeout 5000ms
      - waiting for locator('input[type="file"]')


       at ../fixtures/test-fixtures.ts:203

      201 |   // Now set the file input (works for both browser and Electron modes)
      202 |   const fileInput = page.locator('input[type="file"]');
    > 203 |   await expect(fileInput).toBeAttached({ timeout: 5000 });
          |                           ^
      204 |   await fileInput.setInputFiles(filePath);
      205 | };
      206 |
        at uploadFile (/Users/thomaswagner/Documents/datacloak-sentiment-workbench/packages/e2e-tests/fixtures/test-fixtures.ts:203:27)
        at navigateToResultsStep (/Users/thomaswagner/Documents/datacloak-sentiment-workbench/packages/e2e-tests/tests/06-results-export.spec.ts:13:5)
        at /Users/thomaswagner/Documents/datacloak-sentiment-workbench/packages/e2e-tests/tests/06-results-export.spec.ts:268:5

    attachment #1: screenshot (image/png) ──────────────────────────────────────────────────────────
    test-results/artifacts/06-results-export-Results--59e0a-ully-export-results-as-JSON-browser-chrome/test-failed-1.png
    ────────────────────────────────────────────────────────────────────────────────────────────────

    attachment #2: video (video/webm) ──────────────────────────────────────────────────────────────
    test-results/artifacts/06-results-export-Results--59e0a-ully-export-results-as-JSON-browser-chrome/video.webm
    ────────────────────────────────────────────────────────────────────────────────────────────────

    Error Context: ../test-results/artifacts/06-results-export-Results--59e0a-ully-export-results-as-JSON-browser-chrome/error-context.md
]]>
</failure>
<system-out>
<![CDATA[
[[ATTACHMENT|artifacts/06-results-export-Results--59e0a-ully-export-results-as-JSON-browser-chrome/test-failed-1.png]]

[[ATTACHMENT|artifacts/06-results-export-Results--59e0a-ully-export-results-as-JSON-browser-chrome/video.webm]]

[[ATTACHMENT|artifacts/06-results-export-Results--59e0a-ully-export-results-as-JSON-browser-chrome/error-context.md]]
]]>
</system-out>
<system-err>
<![CDATA[(node:36501) [DEP0147] DeprecationWarning: In future versions of Node.js, fs.rmdir(path, { recursive: true }) will be removed. Use fs.rm(path, { recursive: true }) instead
(Use `node --trace-deprecation ...` to show where the warning was created)
]]>
</system-err>
</testcase>
<testcase name="Results Export Functionality › should provide filtering and column selection for export" classname="06-results-export.spec.ts" time="1.007">
<failure message="06-results-export.spec.ts:317:7 should provide filtering and column selection for export" type="FAILURE">
<![CDATA[  [browser-chrome] › 06-results-export.spec.ts:317:7 › Results Export Functionality › should provide filtering and column selection for export 

    Error: expect.toBeAttached: Error: strict mode violation: locator('input[type="file"]') resolved to 2 elements:
        1) <input type="file" accept=".csv,.xlsx,.xls,.tsv" data-testid="file-input-button" aria-label="Select file to upload" aria-describedby="file-restrictions"/> aka getByTestId('file-input-button')
        2) <input multiple type="file" accept=".csv,.xlsx,.xls,.tsv" data-testid="hidden-file-input" aria-describedby="file-requirements" aria-label="Select data files for upload"/> aka getByTestId('hidden-file-input')

    Call log:
      - Expect "toBeAttached" with timeout 5000ms
      - waiting for locator('input[type="file"]')


       at ../fixtures/test-fixtures.ts:203

      201 |   // Now set the file input (works for both browser and Electron modes)
      202 |   const fileInput = page.locator('input[type="file"]');
    > 203 |   await expect(fileInput).toBeAttached({ timeout: 5000 });
          |                           ^
      204 |   await fileInput.setInputFiles(filePath);
      205 | };
      206 |
        at uploadFile (/Users/thomaswagner/Documents/datacloak-sentiment-workbench/packages/e2e-tests/fixtures/test-fixtures.ts:203:27)
        at navigateToResultsStep (/Users/thomaswagner/Documents/datacloak-sentiment-workbench/packages/e2e-tests/tests/06-results-export.spec.ts:13:5)
        at /Users/thomaswagner/Documents/datacloak-sentiment-workbench/packages/e2e-tests/tests/06-results-export.spec.ts:318:5

    attachment #1: screenshot (image/png) ──────────────────────────────────────────────────────────
    test-results/artifacts/06-results-export-Results--07a95-column-selection-for-export-browser-chrome/test-failed-1.png
    ────────────────────────────────────────────────────────────────────────────────────────────────

    attachment #2: video (video/webm) ──────────────────────────────────────────────────────────────
    test-results/artifacts/06-results-export-Results--07a95-column-selection-for-export-browser-chrome/video.webm
    ────────────────────────────────────────────────────────────────────────────────────────────────

    Error Context: ../test-results/artifacts/06-results-export-Results--07a95-column-selection-for-export-browser-chrome/error-context.md
]]>
</failure>
<system-out>
<![CDATA[
[[ATTACHMENT|artifacts/06-results-export-Results--07a95-column-selection-for-export-browser-chrome/test-failed-1.png]]

[[ATTACHMENT|artifacts/06-results-export-Results--07a95-column-selection-for-export-browser-chrome/video.webm]]

[[ATTACHMENT|artifacts/06-results-export-Results--07a95-column-selection-for-export-browser-chrome/error-context.md]]
]]>
</system-out>
<system-err>
<![CDATA[(node:36502) [DEP0147] DeprecationWarning: In future versions of Node.js, fs.rmdir(path, { recursive: true }) will be removed. Use fs.rm(path, { recursive: true }) instead
(Use `node --trace-deprecation ...` to show where the warning was created)
]]>
</system-err>
</testcase>
<testcase name="Results Export Functionality › should handle large dataset exports" classname="06-results-export.spec.ts" time="1">
<failure message="06-results-export.spec.ts:384:7 should handle large dataset exports" type="FAILURE">
<![CDATA[  [browser-chrome] › 06-results-export.spec.ts:384:7 › Results Export Functionality › should handle large dataset exports › Complete workflow with large dataset 

    Error: expect.toBeAttached: Error: strict mode violation: locator('input[type="file"]') resolved to 2 elements:
        1) <input type="file" accept=".csv,.xlsx,.xls,.tsv" data-testid="file-input-button" aria-label="Select file to upload" aria-describedby="file-restrictions"/> aka getByTestId('file-input-button')
        2) <input multiple type="file" accept=".csv,.xlsx,.xls,.tsv" data-testid="hidden-file-input" aria-describedby="file-requirements" aria-label="Select data files for upload"/> aka getByTestId('hidden-file-input')

    Call log:
      - Expect "toBeAttached" with timeout 5000ms
      - waiting for locator('input[type="file"]')


       at ../fixtures/test-fixtures.ts:203

      201 |   // Now set the file input (works for both browser and Electron modes)
      202 |   const fileInput = page.locator('input[type="file"]');
    > 203 |   await expect(fileInput).toBeAttached({ timeout: 5000 });
          |                           ^
      204 |   await fileInput.setInputFiles(filePath);
      205 | };
      206 |
        at uploadFile (/Users/thomaswagner/Documents/datacloak-sentiment-workbench/packages/e2e-tests/fixtures/test-fixtures.ts:203:27)
        at /Users/thomaswagner/Documents/datacloak-sentiment-workbench/packages/e2e-tests/tests/06-results-export.spec.ts:387:7
        at /Users/thomaswagner/Documents/datacloak-sentiment-workbench/packages/e2e-tests/tests/06-results-export.spec.ts:385:5

    attachment #1: screenshot (image/png) ──────────────────────────────────────────────────────────
    test-results/artifacts/06-results-export-Results--5201d-andle-large-dataset-exports-browser-chrome/test-failed-1.png
    ────────────────────────────────────────────────────────────────────────────────────────────────

    attachment #2: video (video/webm) ──────────────────────────────────────────────────────────────
    test-results/artifacts/06-results-export-Results--5201d-andle-large-dataset-exports-browser-chrome/video.webm
    ────────────────────────────────────────────────────────────────────────────────────────────────

    Error Context: ../test-results/artifacts/06-results-export-Results--5201d-andle-large-dataset-exports-browser-chrome/error-context.md
]]>
</failure>
<system-out>
<![CDATA[
[[ATTACHMENT|artifacts/06-results-export-Results--5201d-andle-large-dataset-exports-browser-chrome/test-failed-1.png]]

[[ATTACHMENT|artifacts/06-results-export-Results--5201d-andle-large-dataset-exports-browser-chrome/video.webm]]

[[ATTACHMENT|artifacts/06-results-export-Results--5201d-andle-large-dataset-exports-browser-chrome/error-context.md]]
]]>
</system-out>
<system-err>
<![CDATA[(node:36503) [DEP0147] DeprecationWarning: In future versions of Node.js, fs.rmdir(path, { recursive: true }) will be removed. Use fs.rm(path, { recursive: true }) instead
(Use `node --trace-deprecation ...` to show where the warning was created)
]]>
</system-err>
</testcase>
<testcase name="Results Export Functionality › should handle export errors gracefully" classname="06-results-export.spec.ts" time="1.096">
<failure message="06-results-export.spec.ts:451:7 should handle export errors gracefully" type="FAILURE">
<![CDATA[  [browser-chrome] › 06-results-export.spec.ts:451:7 › Results Export Functionality › should handle export errors gracefully 

    Error: expect.toBeAttached: Error: strict mode violation: locator('input[type="file"]') resolved to 2 elements:
        1) <input type="file" accept=".csv,.xlsx,.xls,.tsv" data-testid="file-input-button" aria-label="Select file to upload" aria-describedby="file-restrictions"/> aka getByTestId('file-input-button')
        2) <input multiple type="file" accept=".csv,.xlsx,.xls,.tsv" data-testid="hidden-file-input" aria-describedby="file-requirements" aria-label="Select data files for upload"/> aka getByTestId('hidden-file-input')

    Call log:
      - Expect "toBeAttached" with timeout 5000ms
      - waiting for locator('input[type="file"]')


       at ../fixtures/test-fixtures.ts:203

      201 |   // Now set the file input (works for both browser and Electron modes)
      202 |   const fileInput = page.locator('input[type="file"]');
    > 203 |   await expect(fileInput).toBeAttached({ timeout: 5000 });
          |                           ^
      204 |   await fileInput.setInputFiles(filePath);
      205 | };
      206 |
        at uploadFile (/Users/thomaswagner/Documents/datacloak-sentiment-workbench/packages/e2e-tests/fixtures/test-fixtures.ts:203:27)
        at navigateToResultsStep (/Users/thomaswagner/Documents/datacloak-sentiment-workbench/packages/e2e-tests/tests/06-results-export.spec.ts:13:5)
        at /Users/thomaswagner/Documents/datacloak-sentiment-workbench/packages/e2e-tests/tests/06-results-export.spec.ts:452:5

    attachment #1: screenshot (image/png) ──────────────────────────────────────────────────────────
    test-results/artifacts/06-results-export-Results--39f14-le-export-errors-gracefully-browser-chrome/test-failed-1.png
    ────────────────────────────────────────────────────────────────────────────────────────────────

    attachment #2: video (video/webm) ──────────────────────────────────────────────────────────────
    test-results/artifacts/06-results-export-Results--39f14-le-export-errors-gracefully-browser-chrome/video.webm
    ────────────────────────────────────────────────────────────────────────────────────────────────

    Error Context: ../test-results/artifacts/06-results-export-Results--39f14-le-export-errors-gracefully-browser-chrome/error-context.md
]]>
</failure>
<system-out>
<![CDATA[
[[ATTACHMENT|artifacts/06-results-export-Results--39f14-le-export-errors-gracefully-browser-chrome/test-failed-1.png]]

[[ATTACHMENT|artifacts/06-results-export-Results--39f14-le-export-errors-gracefully-browser-chrome/video.webm]]

[[ATTACHMENT|artifacts/06-results-export-Results--39f14-le-export-errors-gracefully-browser-chrome/error-context.md]]
]]>
</system-out>
<system-err>
<![CDATA[(node:36529) [DEP0147] DeprecationWarning: In future versions of Node.js, fs.rmdir(path, { recursive: true }) will be removed. Use fs.rm(path, { recursive: true }) instead
(Use `node --trace-deprecation ...` to show where the warning was created)
]]>
</system-err>
</testcase>
<testcase name="Results Export Functionality › should provide download progress and completion feedback" classname="06-results-export.spec.ts" time="1.051">
<failure message="06-results-export.spec.ts:506:7 should provide download progress and completion feedback" type="FAILURE">
<![CDATA[  [browser-chrome] › 06-results-export.spec.ts:506:7 › Results Export Functionality › should provide download progress and completion feedback 

    Error: expect.toBeAttached: Error: strict mode violation: locator('input[type="file"]') resolved to 2 elements:
        1) <input type="file" accept=".csv,.xlsx,.xls,.tsv" data-testid="file-input-button" aria-label="Select file to upload" aria-describedby="file-restrictions"/> aka getByTestId('file-input-button')
        2) <input multiple type="file" accept=".csv,.xlsx,.xls,.tsv" data-testid="hidden-file-input" aria-describedby="file-requirements" aria-label="Select data files for upload"/> aka getByTestId('hidden-file-input')

    Call log:
      - Expect "toBeAttached" with timeout 5000ms
      - waiting for locator('input[type="file"]')


       at ../fixtures/test-fixtures.ts:203

      201 |   // Now set the file input (works for both browser and Electron modes)
      202 |   const fileInput = page.locator('input[type="file"]');
    > 203 |   await expect(fileInput).toBeAttached({ timeout: 5000 });
          |                           ^
      204 |   await fileInput.setInputFiles(filePath);
      205 | };
      206 |
        at uploadFile (/Users/thomaswagner/Documents/datacloak-sentiment-workbench/packages/e2e-tests/fixtures/test-fixtures.ts:203:27)
        at navigateToResultsStep (/Users/thomaswagner/Documents/datacloak-sentiment-workbench/packages/e2e-tests/tests/06-results-export.spec.ts:13:5)
        at /Users/thomaswagner/Documents/datacloak-sentiment-workbench/packages/e2e-tests/tests/06-results-export.spec.ts:507:5

    attachment #1: screenshot (image/png) ──────────────────────────────────────────────────────────
    test-results/artifacts/06-results-export-Results--1b461-ess-and-completion-feedback-browser-chrome/test-failed-1.png
    ────────────────────────────────────────────────────────────────────────────────────────────────

    attachment #2: video (video/webm) ──────────────────────────────────────────────────────────────
    test-results/artifacts/06-results-export-Results--1b461-ess-and-completion-feedback-browser-chrome/video.webm
    ────────────────────────────────────────────────────────────────────────────────────────────────

    Error Context: ../test-results/artifacts/06-results-export-Results--1b461-ess-and-completion-feedback-browser-chrome/error-context.md
]]>
</failure>
<system-out>
<![CDATA[
[[ATTACHMENT|artifacts/06-results-export-Results--1b461-ess-and-completion-feedback-browser-chrome/test-failed-1.png]]

[[ATTACHMENT|artifacts/06-results-export-Results--1b461-ess-and-completion-feedback-browser-chrome/video.webm]]

[[ATTACHMENT|artifacts/06-results-export-Results--1b461-ess-and-completion-feedback-browser-chrome/error-context.md]]
]]>
</system-out>
<system-err>
<![CDATA[(node:36535) [DEP0147] DeprecationWarning: In future versions of Node.js, fs.rmdir(path, { recursive: true }) will be removed. Use fs.rm(path, { recursive: true }) instead
(Use `node --trace-deprecation ...` to show where the warning was created)
]]>
</system-err>
</testcase>
</testsuite>
<testsuite name="07-large-file-handling.spec.ts" timestamp="2025-06-15T23:53:34.693Z" hostname="browser-chrome" tests="7" failures="7" skipped="0" time="4.15" errors="0">
<testcase name="Large File Handling › test 1GB file upload" classname="07-large-file-handling.spec.ts" time="0.911">
<failure message="07-large-file-handling.spec.ts:14:7 test 1GB file upload" type="FAILURE">
<![CDATA[  [browser-chrome] › 07-large-file-handling.spec.ts:14:7 › Large File Handling › test 1GB file upload 

    Error: locator.click: Error: strict mode violation: locator('button').filter({ hasText: /upload|select.*file/i }) resolved to 2 elements:
        1) <button data-step="upload" aria-current="step" aria-label="Upload Data - current " title="Select and upload your data files" class="workflow-step step current active ">…</button> aka getByRole('button', { name: 'Upload Data - current' })
        2) <button type="button" class="browse-files-button" data-testid="browse-files-button">…</button> aka getByTestId('browse-files-button')

    Call log:
      - waiting for locator('button').filter({ hasText: /upload|select.*file/i })


      19 |     
      20 |     const uploadButton = page.locator('button').filter({ hasText: /upload|select.*file/i });
    > 21 |     await uploadButton.click();
         |                        ^
      22 |     
      23 |     // Set up monitoring
      24 |     const startTime = Date.now();
        at /Users/thomaswagner/Documents/datacloak-sentiment-workbench/packages/e2e-tests/tests/07-large-file-handling.spec.ts:21:24

    attachment #1: screenshot (image/png) ──────────────────────────────────────────────────────────
    test-results/artifacts/07-large-file-handling-Lar-2e43d-ndling-test-1GB-file-upload-browser-chrome/test-failed-1.png
    ────────────────────────────────────────────────────────────────────────────────────────────────

    attachment #2: video (video/webm) ──────────────────────────────────────────────────────────────
    test-results/artifacts/07-large-file-handling-Lar-2e43d-ndling-test-1GB-file-upload-browser-chrome/video.webm
    ────────────────────────────────────────────────────────────────────────────────────────────────

    Error Context: ../test-results/artifacts/07-large-file-handling-Lar-2e43d-ndling-test-1GB-file-upload-browser-chrome/error-context.md
]]>
</failure>
<system-out>
<![CDATA[
[[ATTACHMENT|artifacts/07-large-file-handling-Lar-2e43d-ndling-test-1GB-file-upload-browser-chrome/test-failed-1.png]]

[[ATTACHMENT|artifacts/07-large-file-handling-Lar-2e43d-ndling-test-1GB-file-upload-browser-chrome/video.webm]]

[[ATTACHMENT|artifacts/07-large-file-handling-Lar-2e43d-ndling-test-1GB-file-upload-browser-chrome/error-context.md]]
]]>
</system-out>
</testcase>
<testcase name="Large File Handling › monitor memory usage during large file processing" classname="07-large-file-handling.spec.ts" time="0.496">
<failure message="07-large-file-handling.spec.ts:66:7 monitor memory usage during large file processing" type="FAILURE">
<![CDATA[  [browser-chrome] › 07-large-file-handling.spec.ts:66:7 › Large File Handling › monitor memory usage during large file processing 

    Error: locator.click: Error: strict mode violation: locator('button').filter({ hasText: /upload|select.*file/i }) resolved to 2 elements:
        1) <button data-step="upload" aria-current="step" aria-label="Upload Data - current " title="Select and upload your data files" class="workflow-step step current active ">…</button> aka getByRole('button', { name: 'Upload Data - current' })
        2) <button type="button" class="browse-files-button" data-testid="browse-files-button">…</button> aka getByTestId('browse-files-button')

    Call log:
      - waiting for locator('button').filter({ hasText: /upload|select.*file/i })


      86 |     // Perform file operations
      87 |     const uploadButton = page.locator('button').filter({ hasText: /upload|select.*file/i });
    > 88 |     await uploadButton.click();
         |                        ^
      89 |     
      90 |     const fileInput = page.locator('input[type="file"]');
      91 |     const mediumFilePath = path.join(__dirname, '../fixtures/medium-test.csv');
        at /Users/thomaswagner/Documents/datacloak-sentiment-workbench/packages/e2e-tests/tests/07-large-file-handling.spec.ts:88:24

    attachment #1: screenshot (image/png) ──────────────────────────────────────────────────────────
    test-results/artifacts/07-large-file-handling-Lar-768c0-uring-large-file-processing-browser-chrome/test-failed-1.png
    ────────────────────────────────────────────────────────────────────────────────────────────────

    attachment #2: video (video/webm) ──────────────────────────────────────────────────────────────
    test-results/artifacts/07-large-file-handling-Lar-768c0-uring-large-file-processing-browser-chrome/video.webm
    ────────────────────────────────────────────────────────────────────────────────────────────────

    Error Context: ../test-results/artifacts/07-large-file-handling-Lar-768c0-uring-large-file-processing-browser-chrome/error-context.md
]]>
</failure>
<system-out>
<![CDATA[
[[ATTACHMENT|artifacts/07-large-file-handling-Lar-768c0-uring-large-file-processing-browser-chrome/test-failed-1.png]]

[[ATTACHMENT|artifacts/07-large-file-handling-Lar-768c0-uring-large-file-processing-browser-chrome/video.webm]]

[[ATTACHMENT|artifacts/07-large-file-handling-Lar-768c0-uring-large-file-processing-browser-chrome/error-context.md]]
]]>
</system-out>
</testcase>
<testcase name="Large File Handling › verify streaming works for large files" classname="07-large-file-handling.spec.ts" time="0.504">
<failure message="07-large-file-handling.spec.ts:112:7 verify streaming works for large files" type="FAILURE">
<![CDATA[  [browser-chrome] › 07-large-file-handling.spec.ts:112:7 › Large File Handling › verify streaming works for large files 

    Error: locator.click: Error: strict mode violation: locator('button').filter({ hasText: /upload|select.*file/i }) resolved to 2 elements:
        1) <button data-step="upload" aria-current="step" aria-label="Upload Data - current " title="Select and upload your data files" class="workflow-step step current active ">…</button> aka getByRole('button', { name: 'Upload Data - current' })
        2) <button type="button" class="browse-files-button" data-testid="browse-files-button">…</button> aka getByTestId('browse-files-button')

    Call log:
      - waiting for locator('button').filter({ hasText: /upload|select.*file/i })


      125 |     
      126 |     const uploadButton = page.locator('button').filter({ hasText: /upload|select.*file/i });
    > 127 |     await uploadButton.click();
          |                        ^
      128 |     
      129 |     const fileInput = page.locator('input[type="file"]');
      130 |     const testFile = path.join(__dirname, '../fixtures/medium-test.csv');
        at /Users/thomaswagner/Documents/datacloak-sentiment-workbench/packages/e2e-tests/tests/07-large-file-handling.spec.ts:127:24

    attachment #1: screenshot (image/png) ──────────────────────────────────────────────────────────
    test-results/artifacts/07-large-file-handling-Lar-ca791-aming-works-for-large-files-browser-chrome/test-failed-1.png
    ────────────────────────────────────────────────────────────────────────────────────────────────

    attachment #2: video (video/webm) ──────────────────────────────────────────────────────────────
    test-results/artifacts/07-large-file-handling-Lar-ca791-aming-works-for-large-files-browser-chrome/video.webm
    ────────────────────────────────────────────────────────────────────────────────────────────────

    Error Context: ../test-results/artifacts/07-large-file-handling-Lar-ca791-aming-works-for-large-files-browser-chrome/error-context.md
]]>
</failure>
<system-out>
<![CDATA[
[[ATTACHMENT|artifacts/07-large-file-handling-Lar-ca791-aming-works-for-large-files-browser-chrome/test-failed-1.png]]

[[ATTACHMENT|artifacts/07-large-file-handling-Lar-ca791-aming-works-for-large-files-browser-chrome/video.webm]]

[[ATTACHMENT|artifacts/07-large-file-handling-Lar-ca791-aming-works-for-large-files-browser-chrome/error-context.md]]
]]>
</system-out>
</testcase>
<testcase name="Large File Handling › check performance benchmarks for different file sizes" classname="07-large-file-handling.spec.ts" time="0.907">
<failure message="07-large-file-handling.spec.ts:140:7 check performance benchmarks for different file sizes" type="FAILURE">
<![CDATA[  [browser-chrome] › 07-large-file-handling.spec.ts:140:7 › Large File Handling › check performance benchmarks for different file sizes 

    Error: locator.click: Error: strict mode violation: locator('button').filter({ hasText: /upload|select.*file/i }) resolved to 2 elements:
        1) <button data-step="upload" aria-current="step" aria-label="Upload Data - current " title="Select and upload your data files" class="workflow-step step current active ">…</button> aka getByRole('button', { name: 'Upload Data - current' })
        2) <button type="button" class="browse-files-button" data-testid="browse-files-button">…</button> aka getByTestId('browse-files-button')

    Call log:
      - waiting for locator('button').filter({ hasText: /upload|select.*file/i })


      159 |       
      160 |       const uploadButton = page.locator('button').filter({ hasText: /upload|select.*file/i });
    > 161 |       await uploadButton.click();
          |                          ^
      162 |       
      163 |       const fileInput = page.locator('input[type="file"]');
      164 |       await fileInput.setInputFiles(filePath);
        at /Users/thomaswagner/Documents/datacloak-sentiment-workbench/packages/e2e-tests/tests/07-large-file-handling.spec.ts:161:26

    attachment #1: screenshot (image/png) ──────────────────────────────────────────────────────────
    test-results/artifacts/07-large-file-handling-Lar-f2543-ks-for-different-file-sizes-browser-chrome/test-failed-1.png
    ────────────────────────────────────────────────────────────────────────────────────────────────

    attachment #2: video (video/webm) ──────────────────────────────────────────────────────────────
    test-results/artifacts/07-large-file-handling-Lar-f2543-ks-for-different-file-sizes-browser-chrome/video.webm
    ────────────────────────────────────────────────────────────────────────────────────────────────

    Error Context: ../test-results/artifacts/07-large-file-handling-Lar-f2543-ks-for-different-file-sizes-browser-chrome/error-context.md
]]>
</failure>
<system-out>
<![CDATA[
[[ATTACHMENT|artifacts/07-large-file-handling-Lar-f2543-ks-for-different-file-sizes-browser-chrome/test-failed-1.png]]

[[ATTACHMENT|artifacts/07-large-file-handling-Lar-f2543-ks-for-different-file-sizes-browser-chrome/video.webm]]

[[ATTACHMENT|artifacts/07-large-file-handling-Lar-f2543-ks-for-different-file-sizes-browser-chrome/error-context.md]]
]]>
</system-out>
</testcase>
<testcase name="Large File Handling › verify UI remains responsive during large file processing" classname="07-large-file-handling.spec.ts" time="0.451">
<failure message="07-large-file-handling.spec.ts:189:7 verify UI remains responsive during large file processing" type="FAILURE">
<![CDATA[  [browser-chrome] › 07-large-file-handling.spec.ts:189:7 › Large File Handling › verify UI remains responsive during large file processing 

    Error: locator.click: Error: strict mode violation: locator('button').filter({ hasText: /upload|select.*file/i }) resolved to 2 elements:
        1) <button data-step="upload" aria-current="step" aria-label="Upload Data - current " title="Select and upload your data files" class="workflow-step step current active ">…</button> aka getByRole('button', { name: 'Upload Data - current' })
        2) <button type="button" class="browse-files-button" data-testid="browse-files-button">…</button> aka getByTestId('browse-files-button')

    Call log:
      - waiting for locator('button').filter({ hasText: /upload|select.*file/i })


      192 |     // Start file upload
      193 |     const uploadButton = page.locator('button').filter({ hasText: /upload|select.*file/i });
    > 194 |     await uploadButton.click();
          |                        ^
      195 |     
      196 |     const fileInput = page.locator('input[type="file"]');
      197 |     const testFile = path.join(__dirname, '../fixtures/medium-test.csv');
        at /Users/thomaswagner/Documents/datacloak-sentiment-workbench/packages/e2e-tests/tests/07-large-file-handling.spec.ts:194:24

    attachment #1: screenshot (image/png) ──────────────────────────────────────────────────────────
    test-results/artifacts/07-large-file-handling-Lar-4f009-uring-large-file-processing-browser-chrome/test-failed-1.png
    ────────────────────────────────────────────────────────────────────────────────────────────────

    attachment #2: video (video/webm) ──────────────────────────────────────────────────────────────
    test-results/artifacts/07-large-file-handling-Lar-4f009-uring-large-file-processing-browser-chrome/video.webm
    ────────────────────────────────────────────────────────────────────────────────────────────────

    Error Context: ../test-results/artifacts/07-large-file-handling-Lar-4f009-uring-large-file-processing-browser-chrome/error-context.md
]]>
</failure>
<system-out>
<![CDATA[
[[ATTACHMENT|artifacts/07-large-file-handling-Lar-4f009-uring-large-file-processing-browser-chrome/test-failed-1.png]]

[[ATTACHMENT|artifacts/07-large-file-handling-Lar-4f009-uring-large-file-processing-browser-chrome/video.webm]]

[[ATTACHMENT|artifacts/07-large-file-handling-Lar-4f009-uring-large-file-processing-browser-chrome/error-context.md]]
]]>
</system-out>
</testcase>
<testcase name="Large File Handling › verify batch processing for multiple large files" classname="07-large-file-handling.spec.ts" time="0.443">
<failure message="07-large-file-handling.spec.ts:227:7 verify batch processing for multiple large files" type="FAILURE">
<![CDATA[  [browser-chrome] › 07-large-file-handling.spec.ts:227:7 › Large File Handling › verify batch processing for multiple large files 

    Error: locator.click: Error: strict mode violation: locator('button').filter({ hasText: /upload|select.*file/i }) resolved to 2 elements:
        1) <button data-step="upload" aria-current="step" aria-label="Upload Data - current " title="Select and upload your data files" class="workflow-step step current active ">…</button> aka getByRole('button', { name: 'Upload Data - current' })
        2) <button type="button" class="browse-files-button" data-testid="browse-files-button">…</button> aka getByTestId('browse-files-button')

    Call log:
      - waiting for locator('button').filter({ hasText: /upload|select.*file/i })


      229 |     
      230 |     const uploadButton = page.locator('button').filter({ hasText: /upload|select.*file/i });
    > 231 |     await uploadButton.click();
          |                        ^
      232 |     
      233 |     const fileInput = page.locator('input[type="file"]');
      234 |     
        at /Users/thomaswagner/Documents/datacloak-sentiment-workbench/packages/e2e-tests/tests/07-large-file-handling.spec.ts:231:24

    attachment #1: screenshot (image/png) ──────────────────────────────────────────────────────────
    test-results/artifacts/07-large-file-handling-Lar-7c6e7-ng-for-multiple-large-files-browser-chrome/test-failed-1.png
    ────────────────────────────────────────────────────────────────────────────────────────────────

    attachment #2: video (video/webm) ──────────────────────────────────────────────────────────────
    test-results/artifacts/07-large-file-handling-Lar-7c6e7-ng-for-multiple-large-files-browser-chrome/video.webm
    ────────────────────────────────────────────────────────────────────────────────────────────────

    Error Context: ../test-results/artifacts/07-large-file-handling-Lar-7c6e7-ng-for-multiple-large-files-browser-chrome/error-context.md
]]>
</failure>
<system-out>
<![CDATA[
[[ATTACHMENT|artifacts/07-large-file-handling-Lar-7c6e7-ng-for-multiple-large-files-browser-chrome/test-failed-1.png]]

[[ATTACHMENT|artifacts/07-large-file-handling-Lar-7c6e7-ng-for-multiple-large-files-browser-chrome/video.webm]]

[[ATTACHMENT|artifacts/07-large-file-handling-Lar-7c6e7-ng-for-multiple-large-files-browser-chrome/error-context.md]]
]]>
</system-out>
</testcase>
<testcase name="Large File Handling › verify progress indicators for large file operations" classname="07-large-file-handling.spec.ts" time="0.438">
<failure message="07-large-file-handling.spec.ts:264:7 verify progress indicators for large file operations" type="FAILURE">
<![CDATA[  [browser-chrome] › 07-large-file-handling.spec.ts:264:7 › Large File Handling › verify progress indicators for large file operations 

    Error: locator.click: Error: strict mode violation: locator('button').filter({ hasText: /upload|select.*file/i }) resolved to 2 elements:
        1) <button data-step="upload" aria-current="step" aria-label="Upload Data - current " title="Select and upload your data files" class="workflow-step step current active ">…</button> aka getByRole('button', { name: 'Upload Data - current' })
        2) <button type="button" class="browse-files-button" data-testid="browse-files-button">…</button> aka getByTestId('browse-files-button')

    Call log:
      - waiting for locator('button').filter({ hasText: /upload|select.*file/i })


      266 |     
      267 |     const uploadButton = page.locator('button').filter({ hasText: /upload|select.*file/i });
    > 268 |     await uploadButton.click();
          |                        ^
      269 |     
      270 |     const fileInput = page.locator('input[type="file"]');
      271 |     const testFile = path.join(__dirname, '../fixtures/medium-test.csv');
        at /Users/thomaswagner/Documents/datacloak-sentiment-workbench/packages/e2e-tests/tests/07-large-file-handling.spec.ts:268:24

    attachment #1: screenshot (image/png) ──────────────────────────────────────────────────────────
    test-results/artifacts/07-large-file-handling-Lar-9c95a-s-for-large-file-operations-browser-chrome/test-failed-1.png
    ────────────────────────────────────────────────────────────────────────────────────────────────

    attachment #2: video (video/webm) ──────────────────────────────────────────────────────────────
    test-results/artifacts/07-large-file-handling-Lar-9c95a-s-for-large-file-operations-browser-chrome/video.webm
    ────────────────────────────────────────────────────────────────────────────────────────────────

    Error Context: ../test-results/artifacts/07-large-file-handling-Lar-9c95a-s-for-large-file-operations-browser-chrome/error-context.md
]]>
</failure>
<system-out>
<![CDATA[
[[ATTACHMENT|artifacts/07-large-file-handling-Lar-9c95a-s-for-large-file-operations-browser-chrome/test-failed-1.png]]

[[ATTACHMENT|artifacts/07-large-file-handling-Lar-9c95a-s-for-large-file-operations-browser-chrome/video.webm]]

[[ATTACHMENT|artifacts/07-large-file-handling-Lar-9c95a-s-for-large-file-operations-browser-chrome/error-context.md]]
]]>
</system-out>
</testcase>
</testsuite>
<testsuite name="08-security-features.spec.ts" timestamp="2025-06-15T23:53:34.693Z" hostname="browser-chrome" tests="8" failures="8" skipped="0" time="8.267" errors="0">
<testcase name="Security Features Integration › should detect and display PII during file upload" classname="08-security-features.spec.ts" time="1.07">
<failure message="08-security-features.spec.ts:9:7 should detect and display PII during file upload" type="FAILURE">
<![CDATA[  [browser-chrome] › 08-security-features.spec.ts:9:7 › Security Features Integration › should detect and display PII during file upload › Upload file with PII data 

    Error: expect.toBeAttached: Error: strict mode violation: locator('input[type="file"]') resolved to 2 elements:
        1) <input type="file" accept=".csv,.xlsx,.xls,.tsv" data-testid="file-input-button" aria-label="Select file to upload" aria-describedby="file-restrictions"/> aka getByTestId('file-input-button')
        2) <input multiple type="file" accept=".csv,.xlsx,.xls,.tsv" data-testid="hidden-file-input" aria-describedby="file-requirements" aria-label="Select data files for upload"/> aka getByTestId('hidden-file-input')

    Call log:
      - Expect "toBeAttached" with timeout 5000ms
      - waiting for locator('input[type="file"]')


       at ../fixtures/test-fixtures.ts:203

      201 |   // Now set the file input (works for both browser and Electron modes)
      202 |   const fileInput = page.locator('input[type="file"]');
    > 203 |   await expect(fileInput).toBeAttached({ timeout: 5000 });
          |                           ^
      204 |   await fileInput.setInputFiles(filePath);
      205 | };
      206 |
        at uploadFile (/Users/thomaswagner/Documents/datacloak-sentiment-workbench/packages/e2e-tests/fixtures/test-fixtures.ts:203:27)
        at /Users/thomaswagner/Documents/datacloak-sentiment-workbench/packages/e2e-tests/tests/08-security-features.spec.ts:11:7
        at /Users/thomaswagner/Documents/datacloak-sentiment-workbench/packages/e2e-tests/tests/08-security-features.spec.ts:10:5

    attachment #1: screenshot (image/png) ──────────────────────────────────────────────────────────
    test-results/artifacts/08-security-features-Secur-f5e36-play-PII-during-file-upload-browser-chrome/test-failed-1.png
    ────────────────────────────────────────────────────────────────────────────────────────────────

    attachment #2: video (video/webm) ──────────────────────────────────────────────────────────────
    test-results/artifacts/08-security-features-Secur-f5e36-play-PII-during-file-upload-browser-chrome/video.webm
    ────────────────────────────────────────────────────────────────────────────────────────────────

    Error Context: ../test-results/artifacts/08-security-features-Secur-f5e36-play-PII-during-file-upload-browser-chrome/error-context.md
]]>
</failure>
<system-out>
<![CDATA[
[[ATTACHMENT|artifacts/08-security-features-Secur-f5e36-play-PII-during-file-upload-browser-chrome/test-failed-1.png]]

[[ATTACHMENT|artifacts/08-security-features-Secur-f5e36-play-PII-during-file-upload-browser-chrome/video.webm]]

[[ATTACHMENT|artifacts/08-security-features-Secur-f5e36-play-PII-during-file-upload-browser-chrome/error-context.md]]
]]>
</system-out>
<system-err>
<![CDATA[(node:36567) [DEP0147] DeprecationWarning: In future versions of Node.js, fs.rmdir(path, { recursive: true }) will be removed. Use fs.rm(path, { recursive: true }) instead
(Use `node --trace-deprecation ...` to show where the warning was created)
]]>
</system-err>
</testcase>
<testcase name="Security Features Integration › should provide PII masking options" classname="08-security-features.spec.ts" time="1.032">
<failure message="08-security-features.spec.ts:42:7 should provide PII masking options" type="FAILURE">
<![CDATA[  [browser-chrome] › 08-security-features.spec.ts:42:7 › Security Features Integration › should provide PII masking options 

    Error: expect.toBeAttached: Error: strict mode violation: locator('input[type="file"]') resolved to 2 elements:
        1) <input type="file" accept=".csv,.xlsx,.xls,.tsv" data-testid="file-input-button" aria-label="Select file to upload" aria-describedby="file-restrictions"/> aka getByTestId('file-input-button')
        2) <input multiple type="file" accept=".csv,.xlsx,.xls,.tsv" data-testid="hidden-file-input" aria-describedby="file-requirements" aria-label="Select data files for upload"/> aka getByTestId('hidden-file-input')

    Call log:
      - Expect "toBeAttached" with timeout 5000ms
      - waiting for locator('input[type="file"]')


       at ../fixtures/test-fixtures.ts:203

      201 |   // Now set the file input (works for both browser and Electron modes)
      202 |   const fileInput = page.locator('input[type="file"]');
    > 203 |   await expect(fileInput).toBeAttached({ timeout: 5000 });
          |                           ^
      204 |   await fileInput.setInputFiles(filePath);
      205 | };
      206 |
        at uploadFile (/Users/thomaswagner/Documents/datacloak-sentiment-workbench/packages/e2e-tests/fixtures/test-fixtures.ts:203:27)
        at /Users/thomaswagner/Documents/datacloak-sentiment-workbench/packages/e2e-tests/tests/08-security-features.spec.ts:43:5

    attachment #1: screenshot (image/png) ──────────────────────────────────────────────────────────
    test-results/artifacts/08-security-features-Secur-972ff-provide-PII-masking-options-browser-chrome/test-failed-1.png
    ────────────────────────────────────────────────────────────────────────────────────────────────

    attachment #2: video (video/webm) ──────────────────────────────────────────────────────────────
    test-results/artifacts/08-security-features-Secur-972ff-provide-PII-masking-options-browser-chrome/video.webm
    ────────────────────────────────────────────────────────────────────────────────────────────────

    Error Context: ../test-results/artifacts/08-security-features-Secur-972ff-provide-PII-masking-options-browser-chrome/error-context.md
]]>
</failure>
<system-out>
<![CDATA[
[[ATTACHMENT|artifacts/08-security-features-Secur-972ff-provide-PII-masking-options-browser-chrome/test-failed-1.png]]

[[ATTACHMENT|artifacts/08-security-features-Secur-972ff-provide-PII-masking-options-browser-chrome/video.webm]]

[[ATTACHMENT|artifacts/08-security-features-Secur-972ff-provide-PII-masking-options-browser-chrome/error-context.md]]
]]>
</system-out>
<system-err>
<![CDATA[(node:36574) [DEP0147] DeprecationWarning: In future versions of Node.js, fs.rmdir(path, { recursive: true }) will be removed. Use fs.rm(path, { recursive: true }) instead
(Use `node --trace-deprecation ...` to show where the warning was created)
]]>
</system-err>
</testcase>
<testcase name="Security Features Integration › should generate security audit report" classname="08-security-features.spec.ts" time="1.079">
<failure message="08-security-features.spec.ts:71:7 should generate security audit report" type="FAILURE">
<![CDATA[  [browser-chrome] › 08-security-features.spec.ts:71:7 › Security Features Integration › should generate security audit report 

    Error: expect.toBeAttached: Error: strict mode violation: locator('input[type="file"]') resolved to 2 elements:
        1) <input type="file" accept=".csv,.xlsx,.xls,.tsv" data-testid="file-input-button" aria-label="Select file to upload" aria-describedby="file-restrictions"/> aka getByTestId('file-input-button')
        2) <input multiple type="file" accept=".csv,.xlsx,.xls,.tsv" data-testid="hidden-file-input" aria-describedby="file-requirements" aria-label="Select data files for upload"/> aka getByTestId('hidden-file-input')

    Call log:
      - Expect "toBeAttached" with timeout 5000ms
      - waiting for locator('input[type="file"]')


       at ../fixtures/test-fixtures.ts:203

      201 |   // Now set the file input (works for both browser and Electron modes)
      202 |   const fileInput = page.locator('input[type="file"]');
    > 203 |   await expect(fileInput).toBeAttached({ timeout: 5000 });
          |                           ^
      204 |   await fileInput.setInputFiles(filePath);
      205 | };
      206 |
        at uploadFile (/Users/thomaswagner/Documents/datacloak-sentiment-workbench/packages/e2e-tests/fixtures/test-fixtures.ts:203:27)
        at /Users/thomaswagner/Documents/datacloak-sentiment-workbench/packages/e2e-tests/tests/08-security-features.spec.ts:97:5

    attachment #1: screenshot (image/png) ──────────────────────────────────────────────────────────
    test-results/artifacts/08-security-features-Secur-505d3-erate-security-audit-report-browser-chrome/test-failed-1.png
    ────────────────────────────────────────────────────────────────────────────────────────────────

    attachment #2: video (video/webm) ──────────────────────────────────────────────────────────────
    test-results/artifacts/08-security-features-Secur-505d3-erate-security-audit-report-browser-chrome/video.webm
    ────────────────────────────────────────────────────────────────────────────────────────────────

    Error Context: ../test-results/artifacts/08-security-features-Secur-505d3-erate-security-audit-report-browser-chrome/error-context.md
]]>
</failure>
<system-out>
<![CDATA[
[[ATTACHMENT|artifacts/08-security-features-Secur-505d3-erate-security-audit-report-browser-chrome/test-failed-1.png]]

[[ATTACHMENT|artifacts/08-security-features-Secur-505d3-erate-security-audit-report-browser-chrome/video.webm]]

[[ATTACHMENT|artifacts/08-security-features-Secur-505d3-erate-security-audit-report-browser-chrome/error-context.md]]
]]>
</system-out>
<system-err>
<![CDATA[(node:36580) [DEP0147] DeprecationWarning: In future versions of Node.js, fs.rmdir(path, { recursive: true }) will be removed. Use fs.rm(path, { recursive: true }) instead
(Use `node --trace-deprecation ...` to show where the warning was created)
]]>
</system-err>
</testcase>
<testcase name="Security Features Integration › should track security events in real-time" classname="08-security-features.spec.ts" time="1.098">
<failure message="08-security-features.spec.ts:127:7 should track security events in real-time" type="FAILURE">
<![CDATA[  [browser-chrome] › 08-security-features.spec.ts:127:7 › Security Features Integration › should track security events in real-time 

    Error: expect.toBeAttached: Error: strict mode violation: locator('input[type="file"]') resolved to 2 elements:
        1) <input type="file" accept=".csv,.xlsx,.xls,.tsv" data-testid="file-input-button" aria-label="Select file to upload" aria-describedby="file-restrictions"/> aka getByTestId('file-input-button')
        2) <input multiple type="file" accept=".csv,.xlsx,.xls,.tsv" data-testid="hidden-file-input" aria-describedby="file-requirements" aria-label="Select data files for upload"/> aka getByTestId('hidden-file-input')

    Call log:
      - Expect "toBeAttached" with timeout 5000ms
      - waiting for locator('input[type="file"]')


       at ../fixtures/test-fixtures.ts:203

      201 |   // Now set the file input (works for both browser and Electron modes)
      202 |   const fileInput = page.locator('input[type="file"]');
    > 203 |   await expect(fileInput).toBeAttached({ timeout: 5000 });
          |                           ^
      204 |   await fileInput.setInputFiles(filePath);
      205 | };
      206 |
        at uploadFile (/Users/thomaswagner/Documents/datacloak-sentiment-workbench/packages/e2e-tests/fixtures/test-fixtures.ts:203:27)
        at /Users/thomaswagner/Documents/datacloak-sentiment-workbench/packages/e2e-tests/tests/08-security-features.spec.ts:128:5

    attachment #1: screenshot (image/png) ──────────────────────────────────────────────────────────
    test-results/artifacts/08-security-features-Secur-d1450-ecurity-events-in-real-time-browser-chrome/test-failed-1.png
    ────────────────────────────────────────────────────────────────────────────────────────────────

    attachment #2: video (video/webm) ──────────────────────────────────────────────────────────────
    test-results/artifacts/08-security-features-Secur-d1450-ecurity-events-in-real-time-browser-chrome/video.webm
    ────────────────────────────────────────────────────────────────────────────────────────────────

    Error Context: ../test-results/artifacts/08-security-features-Secur-d1450-ecurity-events-in-real-time-browser-chrome/error-context.md
]]>
</failure>
<system-out>
<![CDATA[
[[ATTACHMENT|artifacts/08-security-features-Secur-d1450-ecurity-events-in-real-time-browser-chrome/test-failed-1.png]]

[[ATTACHMENT|artifacts/08-security-features-Secur-d1450-ecurity-events-in-real-time-browser-chrome/video.webm]]

[[ATTACHMENT|artifacts/08-security-features-Secur-d1450-ecurity-events-in-real-time-browser-chrome/error-context.md]]
]]>
</system-out>
<system-err>
<![CDATA[(node:36597) [DEP0147] DeprecationWarning: In future versions of Node.js, fs.rmdir(path, { recursive: true }) will be removed. Use fs.rm(path, { recursive: true }) instead
(Use `node --trace-deprecation ...` to show where the warning was created)
]]>
</system-err>
</testcase>
<testcase name="Security Features Integration › should mask PII before sentiment analysis" classname="08-security-features.spec.ts" time="1.055">
<failure message="08-security-features.spec.ts:152:7 should mask PII before sentiment analysis" type="FAILURE">
<![CDATA[  [browser-chrome] › 08-security-features.spec.ts:152:7 › Security Features Integration › should mask PII before sentiment analysis 

    Error: expect.toBeAttached: Error: strict mode violation: locator('input[type="file"]') resolved to 2 elements:
        1) <input type="file" accept=".csv,.xlsx,.xls,.tsv" data-testid="file-input-button" aria-label="Select file to upload" aria-describedby="file-restrictions"/> aka getByTestId('file-input-button')
        2) <input multiple type="file" accept=".csv,.xlsx,.xls,.tsv" data-testid="hidden-file-input" aria-describedby="file-requirements" aria-label="Select data files for upload"/> aka getByTestId('hidden-file-input')

    Call log:
      - Expect "toBeAttached" with timeout 5000ms
      - waiting for locator('input[type="file"]')


       at ../fixtures/test-fixtures.ts:203

      201 |   // Now set the file input (works for both browser and Electron modes)
      202 |   const fileInput = page.locator('input[type="file"]');
    > 203 |   await expect(fileInput).toBeAttached({ timeout: 5000 });
          |                           ^
      204 |   await fileInput.setInputFiles(filePath);
      205 | };
      206 |
        at uploadFile (/Users/thomaswagner/Documents/datacloak-sentiment-workbench/packages/e2e-tests/fixtures/test-fixtures.ts:203:27)
        at /Users/thomaswagner/Documents/datacloak-sentiment-workbench/packages/e2e-tests/tests/08-security-features.spec.ts:153:5

    attachment #1: screenshot (image/png) ──────────────────────────────────────────────────────────
    test-results/artifacts/08-security-features-Secur-55cfc-I-before-sentiment-analysis-browser-chrome/test-failed-1.png
    ────────────────────────────────────────────────────────────────────────────────────────────────

    attachment #2: video (video/webm) ──────────────────────────────────────────────────────────────
    test-results/artifacts/08-security-features-Secur-55cfc-I-before-sentiment-analysis-browser-chrome/video.webm
    ────────────────────────────────────────────────────────────────────────────────────────────────

    Error Context: ../test-results/artifacts/08-security-features-Secur-55cfc-I-before-sentiment-analysis-browser-chrome/error-context.md
]]>
</failure>
<system-out>
<![CDATA[
[[ATTACHMENT|artifacts/08-security-features-Secur-55cfc-I-before-sentiment-analysis-browser-chrome/test-failed-1.png]]

[[ATTACHMENT|artifacts/08-security-features-Secur-55cfc-I-before-sentiment-analysis-browser-chrome/video.webm]]

[[ATTACHMENT|artifacts/08-security-features-Secur-55cfc-I-before-sentiment-analysis-browser-chrome/error-context.md]]
]]>
</system-out>
<system-err>
<![CDATA[(node:36598) [DEP0147] DeprecationWarning: In future versions of Node.js, fs.rmdir(path, { recursive: true }) will be removed. Use fs.rm(path, { recursive: true }) instead
(Use `node --trace-deprecation ...` to show where the warning was created)
]]>
</system-err>
</testcase>
<testcase name="Security Features Integration › should handle security API endpoints" classname="08-security-features.spec.ts" time="0.955">
<failure message="08-security-features.spec.ts:183:7 should handle security API endpoints" type="FAILURE">
<![CDATA[  [browser-chrome] › 08-security-features.spec.ts:183:7 › Security Features Integration › should handle security API endpoints › Test security scan API 

    Error: expect(received).toBeTruthy()

    Received: undefined

      195 |       });
      196 |       
    > 197 |       expect(response.success).toBeTruthy();
          |                                ^
      198 |       console.log('✓ Security scan API working');
      199 |     });
      200 |
        at /Users/thomaswagner/Documents/datacloak-sentiment-workbench/packages/e2e-tests/tests/08-security-features.spec.ts:197:32
        at /Users/thomaswagner/Documents/datacloak-sentiment-workbench/packages/e2e-tests/tests/08-security-features.spec.ts:185:5

    attachment #1: screenshot (image/png) ──────────────────────────────────────────────────────────
    test-results/artifacts/08-security-features-Secur-5d14c-ndle-security-API-endpoints-browser-chrome/test-failed-1.png
    ────────────────────────────────────────────────────────────────────────────────────────────────

    attachment #2: video (video/webm) ──────────────────────────────────────────────────────────────
    test-results/artifacts/08-security-features-Secur-5d14c-ndle-security-API-endpoints-browser-chrome/video.webm
    ────────────────────────────────────────────────────────────────────────────────────────────────

    Error Context: ../test-results/artifacts/08-security-features-Secur-5d14c-ndle-security-API-endpoints-browser-chrome/error-context.md
]]>
</failure>
<system-out>
<![CDATA[
[[ATTACHMENT|artifacts/08-security-features-Secur-5d14c-ndle-security-API-endpoints-browser-chrome/test-failed-1.png]]

[[ATTACHMENT|artifacts/08-security-features-Secur-5d14c-ndle-security-API-endpoints-browser-chrome/video.webm]]

[[ATTACHMENT|artifacts/08-security-features-Secur-5d14c-ndle-security-API-endpoints-browser-chrome/error-context.md]]
]]>
</system-out>
</testcase>
<testcase name="Security Features Integration › should show security monitoring dashboard" classname="08-security-features.spec.ts" time="1.004">
<failure message="08-security-features.spec.ts:215:7 should show security monitoring dashboard" type="FAILURE">
<![CDATA[  [browser-chrome] › 08-security-features.spec.ts:215:7 › Security Features Integration › should show security monitoring dashboard 

    Error: expect.toBeAttached: Error: strict mode violation: locator('input[type="file"]') resolved to 2 elements:
        1) <input type="file" accept=".csv,.xlsx,.xls,.tsv" data-testid="file-input-button" aria-label="Select file to upload" aria-describedby="file-restrictions"/> aka getByTestId('file-input-button')
        2) <input multiple type="file" accept=".csv,.xlsx,.xls,.tsv" data-testid="hidden-file-input" aria-describedby="file-requirements" aria-label="Select data files for upload"/> aka getByTestId('hidden-file-input')

    Call log:
      - Expect "toBeAttached" with timeout 5000ms
      - waiting for locator('input[type="file"]')


       at ../fixtures/test-fixtures.ts:203

      201 |   // Now set the file input (works for both browser and Electron modes)
      202 |   const fileInput = page.locator('input[type="file"]');
    > 203 |   await expect(fileInput).toBeAttached({ timeout: 5000 });
          |                           ^
      204 |   await fileInput.setInputFiles(filePath);
      205 | };
      206 |
        at uploadFile (/Users/thomaswagner/Documents/datacloak-sentiment-workbench/packages/e2e-tests/fixtures/test-fixtures.ts:203:27)
        at /Users/thomaswagner/Documents/datacloak-sentiment-workbench/packages/e2e-tests/tests/08-security-features.spec.ts:216:5

    attachment #1: screenshot (image/png) ──────────────────────────────────────────────────────────
    test-results/artifacts/08-security-features-Secur-aba55-curity-monitoring-dashboard-browser-chrome/test-failed-1.png
    ────────────────────────────────────────────────────────────────────────────────────────────────

    attachment #2: video (video/webm) ──────────────────────────────────────────────────────────────
    test-results/artifacts/08-security-features-Secur-aba55-curity-monitoring-dashboard-browser-chrome/video.webm
    ────────────────────────────────────────────────────────────────────────────────────────────────

    Error Context: ../test-results/artifacts/08-security-features-Secur-aba55-curity-monitoring-dashboard-browser-chrome/error-context.md
]]>
</failure>
<system-out>
<![CDATA[
[[ATTACHMENT|artifacts/08-security-features-Secur-aba55-curity-monitoring-dashboard-browser-chrome/test-failed-1.png]]

[[ATTACHMENT|artifacts/08-security-features-Secur-aba55-curity-monitoring-dashboard-browser-chrome/video.webm]]

[[ATTACHMENT|artifacts/08-security-features-Secur-aba55-curity-monitoring-dashboard-browser-chrome/error-context.md]]
]]>
</system-out>
<system-err>
<![CDATA[(node:36610) [DEP0147] DeprecationWarning: In future versions of Node.js, fs.rmdir(path, { recursive: true }) will be removed. Use fs.rm(path, { recursive: true }) instead
(Use `node --trace-deprecation ...` to show where the warning was created)
]]>
</system-err>
</testcase>
<testcase name="Security Features Integration › should export security audit report" classname="08-security-features.spec.ts" time="0.974">
<failure message="08-security-features.spec.ts:247:7 should export security audit report" type="FAILURE">
<![CDATA[  [browser-chrome] › 08-security-features.spec.ts:247:7 › Security Features Integration › should export security audit report 

    Error: expect.toBeAttached: Error: strict mode violation: locator('input[type="file"]') resolved to 2 elements:
        1) <input type="file" accept=".csv,.xlsx,.xls,.tsv" data-testid="file-input-button" aria-label="Select file to upload" aria-describedby="file-restrictions"/> aka getByTestId('file-input-button')
        2) <input multiple type="file" accept=".csv,.xlsx,.xls,.tsv" data-testid="hidden-file-input" aria-describedby="file-requirements" aria-label="Select data files for upload"/> aka getByTestId('hidden-file-input')

    Call log:
      - Expect "toBeAttached" with timeout 5000ms
      - waiting for locator('input[type="file"]')


       at ../fixtures/test-fixtures.ts:203

      201 |   // Now set the file input (works for both browser and Electron modes)
      202 |   const fileInput = page.locator('input[type="file"]');
    > 203 |   await expect(fileInput).toBeAttached({ timeout: 5000 });
          |                           ^
      204 |   await fileInput.setInputFiles(filePath);
      205 | };
      206 |
        at uploadFile (/Users/thomaswagner/Documents/datacloak-sentiment-workbench/packages/e2e-tests/fixtures/test-fixtures.ts:203:27)
        at /Users/thomaswagner/Documents/datacloak-sentiment-workbench/packages/e2e-tests/tests/08-security-features.spec.ts:248:5

    attachment #1: screenshot (image/png) ──────────────────────────────────────────────────────────
    test-results/artifacts/08-security-features-Secur-584eb-xport-security-audit-report-browser-chrome/test-failed-1.png
    ────────────────────────────────────────────────────────────────────────────────────────────────

    attachment #2: video (video/webm) ──────────────────────────────────────────────────────────────
    test-results/artifacts/08-security-features-Secur-584eb-xport-security-audit-report-browser-chrome/video.webm
    ────────────────────────────────────────────────────────────────────────────────────────────────

    Error Context: ../test-results/artifacts/08-security-features-Secur-584eb-xport-security-audit-report-browser-chrome/error-context.md
]]>
</failure>
<system-out>
<![CDATA[
[[ATTACHMENT|artifacts/08-security-features-Secur-584eb-xport-security-audit-report-browser-chrome/test-failed-1.png]]

[[ATTACHMENT|artifacts/08-security-features-Secur-584eb-xport-security-audit-report-browser-chrome/video.webm]]

[[ATTACHMENT|artifacts/08-security-features-Secur-584eb-xport-security-audit-report-browser-chrome/error-context.md]]
]]>
</system-out>
<system-err>
<![CDATA[(node:36623) [DEP0147] DeprecationWarning: In future versions of Node.js, fs.rmdir(path, { recursive: true }) will be removed. Use fs.rm(path, { recursive: true }) instead
(Use `node --trace-deprecation ...` to show where the warning was created)
]]>
</system-err>
</testcase>
</testsuite>
<testsuite name="09-chunked-processing.spec.ts" timestamp="2025-06-15T23:53:34.693Z" hostname="browser-chrome" tests="5" failures="5" skipped="0" time="5.386" errors="0">
<testcase name="Chunked Processing for Large Files › should process large files in 256MB chunks" classname="09-chunked-processing.spec.ts" time="1.016">
<failure message="09-chunked-processing.spec.ts:39:7 should process large files in 256MB chunks" type="FAILURE">
<![CDATA[  [browser-chrome] › 09-chunked-processing.spec.ts:39:7 › Chunked Processing for Large Files › should process large files in 256MB chunks › Upload large file 

    Error: locator.setInputFiles: Error: strict mode violation: locator('input[type="file"]') resolved to 2 elements:
        1) <input type="file" accept=".csv,.xlsx,.xls,.tsv" data-testid="file-input-button" aria-label="Select file to upload" aria-describedby="file-restrictions"/> aka getByTestId('file-input-button')
        2) <input multiple type="file" accept=".csv,.xlsx,.xls,.tsv" data-testid="hidden-file-input" aria-describedby="file-requirements" aria-label="Select data files for upload"/> aka getByTestId('hidden-file-input')

    Call log:
      - waiting for locator('input[type="file"]')


      50 |       
      51 |       const fileInput = page.locator('input[type="file"]');
    > 52 |       await fileInput.setInputFiles(largeTestFile);
         |       ^
      53 |       console.log('✓ Large file selected for upload');
      54 |     });
      55 |
        at /Users/thomaswagner/Documents/datacloak-sentiment-workbench/packages/e2e-tests/tests/09-chunked-processing.spec.ts:52:7
        at /Users/thomaswagner/Documents/datacloak-sentiment-workbench/packages/e2e-tests/tests/09-chunked-processing.spec.ts:43:5

    attachment #1: screenshot (image/png) ──────────────────────────────────────────────────────────
    test-results/artifacts/09-chunked-processing-Chun-a188e-large-files-in-256MB-chunks-browser-chrome/test-failed-1.png
    ────────────────────────────────────────────────────────────────────────────────────────────────

    attachment #2: video (video/webm) ──────────────────────────────────────────────────────────────
    test-results/artifacts/09-chunked-processing-Chun-a188e-large-files-in-256MB-chunks-browser-chrome/video.webm
    ────────────────────────────────────────────────────────────────────────────────────────────────

    Error Context: ../test-results/artifacts/09-chunked-processing-Chun-a188e-large-files-in-256MB-chunks-browser-chrome/error-context.md
]]>
</failure>
<system-out>
<![CDATA[✓ Created 300MB test file: /tmp/e2e-large-files/large-test-300mb.csv

[[ATTACHMENT|artifacts/09-chunked-processing-Chun-a188e-large-files-in-256MB-chunks-browser-chrome/test-failed-1.png]]

[[ATTACHMENT|artifacts/09-chunked-processing-Chun-a188e-large-files-in-256MB-chunks-browser-chrome/video.webm]]

[[ATTACHMENT|artifacts/09-chunked-processing-Chun-a188e-large-files-in-256MB-chunks-browser-chrome/error-context.md]]
]]>
</system-out>
</testcase>
<testcase name="Chunked Processing for Large Files › should handle chunk upload failures gracefully" classname="09-chunked-processing.spec.ts" time="1.121">
<failure message="09-chunked-processing.spec.ts:109:7 should handle chunk upload failures gracefully" type="FAILURE">
<![CDATA[  [browser-chrome] › 09-chunked-processing.spec.ts:109:7 › Chunked Processing for Large Files › should handle chunk upload failures gracefully › Upload file with chunk failure 

    Error: locator.setInputFiles: Error: strict mode violation: locator('input[type="file"]') resolved to 2 elements:
        1) <input type="file" accept=".csv,.xlsx,.xls,.tsv" data-testid="file-input-button" aria-label="Select file to upload" aria-describedby="file-restrictions"/> aka getByTestId('file-input-button')
        2) <input multiple type="file" accept=".csv,.xlsx,.xls,.tsv" data-testid="hidden-file-input" aria-describedby="file-requirements" aria-label="Select data files for upload"/> aka getByTestId('hidden-file-input')

    Call log:
      - waiting for locator('input[type="file"]')


      133 |       
      134 |       const fileInput = page.locator('input[type="file"]');
    > 135 |       await fileInput.setInputFiles(largeTestFile);
          |       ^
      136 |     });
      137 |
      138 |     await test.step('Verify chunk retry mechanism', async () => {
        at /Users/thomaswagner/Documents/datacloak-sentiment-workbench/packages/e2e-tests/tests/09-chunked-processing.spec.ts:135:7
        at /Users/thomaswagner/Documents/datacloak-sentiment-workbench/packages/e2e-tests/tests/09-chunked-processing.spec.ts:128:5

    attachment #1: screenshot (image/png) ──────────────────────────────────────────────────────────
    test-results/artifacts/09-chunked-processing-Chun-00e96--upload-failures-gracefully-browser-chrome/test-failed-1.png
    ────────────────────────────────────────────────────────────────────────────────────────────────

    attachment #2: video (video/webm) ──────────────────────────────────────────────────────────────
    test-results/artifacts/09-chunked-processing-Chun-00e96--upload-failures-gracefully-browser-chrome/video.webm
    ────────────────────────────────────────────────────────────────────────────────────────────────

    Error Context: ../test-results/artifacts/09-chunked-processing-Chun-00e96--upload-failures-gracefully-browser-chrome/error-context.md
]]>
</failure>
<system-out>
<![CDATA[✓ Created 300MB test file: /tmp/e2e-large-files/large-test-300mb.csv

[[ATTACHMENT|artifacts/09-chunked-processing-Chun-00e96--upload-failures-gracefully-browser-chrome/test-failed-1.png]]

[[ATTACHMENT|artifacts/09-chunked-processing-Chun-00e96--upload-failures-gracefully-browser-chrome/video.webm]]

[[ATTACHMENT|artifacts/09-chunked-processing-Chun-00e96--upload-failures-gracefully-browser-chrome/error-context.md]]
]]>
</system-out>
</testcase>
<testcase name="Chunked Processing for Large Files › should maintain data integrity across chunks" classname="09-chunked-processing.spec.ts" time="1.13">
<failure message="09-chunked-processing.spec.ts:161:7 should maintain data integrity across chunks" type="FAILURE">
<![CDATA[  [browser-chrome] › 09-chunked-processing.spec.ts:161:7 › Chunked Processing for Large Files › should maintain data integrity across chunks › Upload and process chunked file 

    Error: locator.setInputFiles: Error: strict mode violation: locator('input[type="file"]') resolved to 2 elements:
        1) <input type="file" accept=".csv,.xlsx,.xls,.tsv" data-testid="file-input-button" aria-label="Select file to upload" aria-describedby="file-restrictions"/> aka getByTestId('file-input-button')
        2) <input multiple type="file" accept=".csv,.xlsx,.xls,.tsv" data-testid="hidden-file-input" aria-describedby="file-requirements" aria-label="Select data files for upload"/> aka getByTestId('hidden-file-input')

    Call log:
      - waiting for locator('input[type="file"]')


      170 |       
      171 |       const fileInput = page.locator('input[type="file"]');
    > 172 |       await fileInput.setInputFiles(largeTestFile);
          |       ^
      173 |       
      174 |       // Wait for processing to complete
      175 |       await page.waitForTimeout(10000); // Give time for chunked upload
        at /Users/thomaswagner/Documents/datacloak-sentiment-workbench/packages/e2e-tests/tests/09-chunked-processing.spec.ts:172:7
        at /Users/thomaswagner/Documents/datacloak-sentiment-workbench/packages/e2e-tests/tests/09-chunked-processing.spec.ts:165:5

    attachment #1: screenshot (image/png) ──────────────────────────────────────────────────────────
    test-results/artifacts/09-chunked-processing-Chun-6d5e9-ata-integrity-across-chunks-browser-chrome/test-failed-1.png
    ────────────────────────────────────────────────────────────────────────────────────────────────

    attachment #2: video (video/webm) ──────────────────────────────────────────────────────────────
    test-results/artifacts/09-chunked-processing-Chun-6d5e9-ata-integrity-across-chunks-browser-chrome/video.webm
    ────────────────────────────────────────────────────────────────────────────────────────────────

    Error Context: ../test-results/artifacts/09-chunked-processing-Chun-6d5e9-ata-integrity-across-chunks-browser-chrome/error-context.md
]]>
</failure>
<system-out>
<![CDATA[✓ Created 300MB test file: /tmp/e2e-large-files/large-test-300mb.csv

[[ATTACHMENT|artifacts/09-chunked-processing-Chun-6d5e9-ata-integrity-across-chunks-browser-chrome/test-failed-1.png]]

[[ATTACHMENT|artifacts/09-chunked-processing-Chun-6d5e9-ata-integrity-across-chunks-browser-chrome/video.webm]]

[[ATTACHMENT|artifacts/09-chunked-processing-Chun-6d5e9-ata-integrity-across-chunks-browser-chrome/error-context.md]]
]]>
</system-out>
</testcase>
<testcase name="Chunked Processing for Large Files › should show accurate progress for streaming operations" classname="09-chunked-processing.spec.ts" time="1.109">
<failure message="09-chunked-processing.spec.ts:200:7 should show accurate progress for streaming operations" type="FAILURE">
<![CDATA[  [browser-chrome] › 09-chunked-processing.spec.ts:200:7 › Chunked Processing for Large Files › should show accurate progress for streaming operations › Monitor streaming progress 

    Error: locator.setInputFiles: Error: strict mode violation: locator('input[type="file"]') resolved to 2 elements:
        1) <input type="file" accept=".csv,.xlsx,.xls,.tsv" data-testid="file-input-button" aria-label="Select file to upload" aria-describedby="file-restrictions"/> aka getByTestId('file-input-button')
        2) <input multiple type="file" accept=".csv,.xlsx,.xls,.tsv" data-testid="hidden-file-input" aria-describedby="file-requirements" aria-label="Select data files for upload"/> aka getByTestId('hidden-file-input')

    Call log:
      - waiting for locator('input[type="file"]')


      209 |       
      210 |       const fileInput = page.locator('input[type="file"]');
    > 211 |       await fileInput.setInputFiles(largeTestFile);
          |       ^
      212 |       
      213 |       // Monitor progress updates
      214 |       const progressBar = page.locator('[role="progressbar"], .progress-bar').first();
        at /Users/thomaswagner/Documents/datacloak-sentiment-workbench/packages/e2e-tests/tests/09-chunked-processing.spec.ts:211:7
        at /Users/thomaswagner/Documents/datacloak-sentiment-workbench/packages/e2e-tests/tests/09-chunked-processing.spec.ts:204:5

    attachment #1: screenshot (image/png) ──────────────────────────────────────────────────────────
    test-results/artifacts/09-chunked-processing-Chun-a2fda-ss-for-streaming-operations-browser-chrome/test-failed-1.png
    ────────────────────────────────────────────────────────────────────────────────────────────────

    attachment #2: video (video/webm) ──────────────────────────────────────────────────────────────
    test-results/artifacts/09-chunked-processing-Chun-a2fda-ss-for-streaming-operations-browser-chrome/video.webm
    ────────────────────────────────────────────────────────────────────────────────────────────────

    Error Context: ../test-results/artifacts/09-chunked-processing-Chun-a2fda-ss-for-streaming-operations-browser-chrome/error-context.md
]]>
</failure>
<system-out>
<![CDATA[✓ Created 300MB test file: /tmp/e2e-large-files/large-test-300mb.csv

[[ATTACHMENT|artifacts/09-chunked-processing-Chun-a2fda-ss-for-streaming-operations-browser-chrome/test-failed-1.png]]

[[ATTACHMENT|artifacts/09-chunked-processing-Chun-a2fda-ss-for-streaming-operations-browser-chrome/video.webm]]

[[ATTACHMENT|artifacts/09-chunked-processing-Chun-a2fda-ss-for-streaming-operations-browser-chrome/error-context.md]]
]]>
</system-out>
</testcase>
<testcase name="Chunked Processing for Large Files › should optimize chunk size based on network conditions" classname="09-chunked-processing.spec.ts" time="1.01">
<failure message="09-chunked-processing.spec.ts:252:7 should optimize chunk size based on network conditions" type="FAILURE">
<![CDATA[  [browser-chrome] › 09-chunked-processing.spec.ts:252:7 › Chunked Processing for Large Files › should optimize chunk size based on network conditions › Check adaptive chunking 

    Error: ENOENT: no such file or directory, stat '/tmp/e2e-large-files/large-test-300mb.csv'

      264 |       
      265 |       const fileInput = page.locator('input[type="file"]');
    > 266 |       await fileInput.setInputFiles(largeTestFile);
          |       ^
      267 |       
      268 |       // Monitor chunk size adaptations
      269 |       if (await chunkInfo.isVisible({ timeout: 5000 }).catch(() => false)) {
        at /Users/thomaswagner/Documents/datacloak-sentiment-workbench/packages/e2e-tests/tests/09-chunked-processing.spec.ts:266:7
        at /Users/thomaswagner/Documents/datacloak-sentiment-workbench/packages/e2e-tests/tests/09-chunked-processing.spec.ts:256:5

    attachment #1: screenshot (image/png) ──────────────────────────────────────────────────────────
    test-results/artifacts/09-chunked-processing-Chun-e9df1-based-on-network-conditions-browser-chrome/test-failed-1.png
    ────────────────────────────────────────────────────────────────────────────────────────────────

    attachment #2: video (video/webm) ──────────────────────────────────────────────────────────────
    test-results/artifacts/09-chunked-processing-Chun-e9df1-based-on-network-conditions-browser-chrome/video.webm
    ────────────────────────────────────────────────────────────────────────────────────────────────

    Error Context: ../test-results/artifacts/09-chunked-processing-Chun-e9df1-based-on-network-conditions-browser-chrome/error-context.md
]]>
</failure>
<system-out>
<![CDATA[✓ Created 300MB test file: /tmp/e2e-large-files/large-test-300mb.csv

[[ATTACHMENT|artifacts/09-chunked-processing-Chun-e9df1-based-on-network-conditions-browser-chrome/test-failed-1.png]]

[[ATTACHMENT|artifacts/09-chunked-processing-Chun-e9df1-based-on-network-conditions-browser-chrome/video.webm]]

[[ATTACHMENT|artifacts/09-chunked-processing-Chun-e9df1-based-on-network-conditions-browser-chrome/error-context.md]]
]]>
</system-out>
</testcase>
</testsuite>
<testsuite name="10-job-queue-system.spec.ts" timestamp="2025-06-15T23:53:34.693Z" hostname="browser-chrome" tests="8" failures="6" skipped="0" time="8.373" errors="0">
<testcase name="Job Queue System › should create and track background jobs" classname="10-job-queue-system.spec.ts" time="1.055">
<failure message="10-job-queue-system.spec.ts:9:7 should create and track background jobs" type="FAILURE">
<![CDATA[  [browser-chrome] › 10-job-queue-system.spec.ts:9:7 › Job Queue System › should create and track background jobs › Upload file to create processing job 

    Error: expect.toBeAttached: Error: strict mode violation: locator('input[type="file"]') resolved to 2 elements:
        1) <input type="file" accept=".csv,.xlsx,.xls,.tsv" data-testid="file-input-button" aria-label="Select file to upload" aria-describedby="file-restrictions"/> aka getByTestId('file-input-button')
        2) <input multiple type="file" accept=".csv,.xlsx,.xls,.tsv" data-testid="hidden-file-input" aria-describedby="file-requirements" aria-label="Select data files for upload"/> aka getByTestId('hidden-file-input')

    Call log:
      - Expect "toBeAttached" with timeout 5000ms
      - waiting for locator('input[type="file"]')


       at ../fixtures/test-fixtures.ts:203

      201 |   // Now set the file input (works for both browser and Electron modes)
      202 |   const fileInput = page.locator('input[type="file"]');
    > 203 |   await expect(fileInput).toBeAttached({ timeout: 5000 });
          |                           ^
      204 |   await fileInput.setInputFiles(filePath);
      205 | };
      206 |
        at uploadFile (/Users/thomaswagner/Documents/datacloak-sentiment-workbench/packages/e2e-tests/fixtures/test-fixtures.ts:203:27)
        at /Users/thomaswagner/Documents/datacloak-sentiment-workbench/packages/e2e-tests/tests/10-job-queue-system.spec.ts:11:7
        at /Users/thomaswagner/Documents/datacloak-sentiment-workbench/packages/e2e-tests/tests/10-job-queue-system.spec.ts:10:5

    attachment #1: screenshot (image/png) ──────────────────────────────────────────────────────────
    test-results/artifacts/10-job-queue-system-Job-Qu-9ee3d-e-and-track-background-jobs-browser-chrome/test-failed-1.png
    ────────────────────────────────────────────────────────────────────────────────────────────────

    attachment #2: video (video/webm) ──────────────────────────────────────────────────────────────
    test-results/artifacts/10-job-queue-system-Job-Qu-9ee3d-e-and-track-background-jobs-browser-chrome/video.webm
    ────────────────────────────────────────────────────────────────────────────────────────────────

    Error Context: ../test-results/artifacts/10-job-queue-system-Job-Qu-9ee3d-e-and-track-background-jobs-browser-chrome/error-context.md
]]>
</failure>
<system-out>
<![CDATA[
[[ATTACHMENT|artifacts/10-job-queue-system-Job-Qu-9ee3d-e-and-track-background-jobs-browser-chrome/test-failed-1.png]]

[[ATTACHMENT|artifacts/10-job-queue-system-Job-Qu-9ee3d-e-and-track-background-jobs-browser-chrome/video.webm]]

[[ATTACHMENT|artifacts/10-job-queue-system-Job-Qu-9ee3d-e-and-track-background-jobs-browser-chrome/error-context.md]]
]]>
</system-out>
<system-err>
<![CDATA[(node:36648) [DEP0147] DeprecationWarning: In future versions of Node.js, fs.rmdir(path, { recursive: true }) will be removed. Use fs.rm(path, { recursive: true }) instead
(Use `node --trace-deprecation ...` to show where the warning was created)
]]>
</system-err>
</testcase>
<testcase name="Job Queue System › should handle multiple concurrent jobs" classname="10-job-queue-system.spec.ts" time="1.1">
<failure message="10-job-queue-system.spec.ts:49:7 should handle multiple concurrent jobs" type="FAILURE">
<![CDATA[  [browser-chrome] › 10-job-queue-system.spec.ts:49:7 › Job Queue System › should handle multiple concurrent jobs › Create multiple jobs 

    Error: expect.toBeAttached: Error: strict mode violation: locator('input[type="file"]') resolved to 2 elements:
        1) <input type="file" accept=".csv,.xlsx,.xls,.tsv" data-testid="file-input-button" aria-label="Select file to upload" aria-describedby="file-restrictions"/> aka getByTestId('file-input-button')
        2) <input multiple type="file" accept=".csv,.xlsx,.xls,.tsv" data-testid="hidden-file-input" aria-describedby="file-requirements" aria-label="Select data files for upload"/> aka getByTestId('hidden-file-input')

    Call log:
      - Expect "toBeAttached" with timeout 5000ms
      - waiting for locator('input[type="file"]')


       at ../fixtures/test-fixtures.ts:203

      201 |   // Now set the file input (works for both browser and Electron modes)
      202 |   const fileInput = page.locator('input[type="file"]');
    > 203 |   await expect(fileInput).toBeAttached({ timeout: 5000 });
          |                           ^
      204 |   await fileInput.setInputFiles(filePath);
      205 | };
      206 |
        at uploadFile (/Users/thomaswagner/Documents/datacloak-sentiment-workbench/packages/e2e-tests/fixtures/test-fixtures.ts:203:27)
        at /Users/thomaswagner/Documents/datacloak-sentiment-workbench/packages/e2e-tests/tests/10-job-queue-system.spec.ts:53:9
        at /Users/thomaswagner/Documents/datacloak-sentiment-workbench/packages/e2e-tests/tests/10-job-queue-system.spec.ts:50:5

    attachment #1: screenshot (image/png) ──────────────────────────────────────────────────────────
    test-results/artifacts/10-job-queue-system-Job-Qu-3f2ae-le-multiple-concurrent-jobs-browser-chrome/test-failed-1.png
    ────────────────────────────────────────────────────────────────────────────────────────────────

    attachment #2: video (video/webm) ──────────────────────────────────────────────────────────────
    test-results/artifacts/10-job-queue-system-Job-Qu-3f2ae-le-multiple-concurrent-jobs-browser-chrome/video.webm
    ────────────────────────────────────────────────────────────────────────────────────────────────

    Error Context: ../test-results/artifacts/10-job-queue-system-Job-Qu-3f2ae-le-multiple-concurrent-jobs-browser-chrome/error-context.md
]]>
</failure>
<system-out>
<![CDATA[
[[ATTACHMENT|artifacts/10-job-queue-system-Job-Qu-3f2ae-le-multiple-concurrent-jobs-browser-chrome/test-failed-1.png]]

[[ATTACHMENT|artifacts/10-job-queue-system-Job-Qu-3f2ae-le-multiple-concurrent-jobs-browser-chrome/video.webm]]

[[ATTACHMENT|artifacts/10-job-queue-system-Job-Qu-3f2ae-le-multiple-concurrent-jobs-browser-chrome/error-context.md]]
]]>
</system-out>
<system-err>
<![CDATA[(node:36664) [DEP0147] DeprecationWarning: In future versions of Node.js, fs.rmdir(path, { recursive: true }) will be removed. Use fs.rm(path, { recursive: true }) instead
(Use `node --trace-deprecation ...` to show where the warning was created)
]]>
</system-err>
</testcase>
<testcase name="Job Queue System › should respect job priority scheduling" classname="10-job-queue-system.spec.ts" time="0.947">
</testcase>
<testcase name="Job Queue System › should support job cancellation" classname="10-job-queue-system.spec.ts" time="1.194">
<failure message="10-job-queue-system.spec.ts:130:7 should support job cancellation" type="FAILURE">
<![CDATA[  [browser-chrome] › 10-job-queue-system.spec.ts:130:7 › Job Queue System › should support job cancellation 

    Error: expect.toBeAttached: Error: strict mode violation: locator('input[type="file"]') resolved to 2 elements:
        1) <input type="file" accept=".csv,.xlsx,.xls,.tsv" data-testid="file-input-button" aria-label="Select file to upload" aria-describedby="file-restrictions"/> aka getByTestId('file-input-button')
        2) <input multiple type="file" accept=".csv,.xlsx,.xls,.tsv" data-testid="hidden-file-input" aria-describedby="file-requirements" aria-label="Select data files for upload"/> aka getByTestId('hidden-file-input')

    Call log:
      - Expect "toBeAttached" with timeout 5000ms
      - waiting for locator('input[type="file"]')


       at ../fixtures/test-fixtures.ts:203

      201 |   // Now set the file input (works for both browser and Electron modes)
      202 |   const fileInput = page.locator('input[type="file"]');
    > 203 |   await expect(fileInput).toBeAttached({ timeout: 5000 });
          |                           ^
      204 |   await fileInput.setInputFiles(filePath);
      205 | };
      206 |
        at uploadFile (/Users/thomaswagner/Documents/datacloak-sentiment-workbench/packages/e2e-tests/fixtures/test-fixtures.ts:203:27)
        at /Users/thomaswagner/Documents/datacloak-sentiment-workbench/packages/e2e-tests/tests/10-job-queue-system.spec.ts:131:5

    attachment #1: screenshot (image/png) ──────────────────────────────────────────────────────────
    test-results/artifacts/10-job-queue-system-Job-Qu-ee173-ld-support-job-cancellation-browser-chrome/test-failed-1.png
    ────────────────────────────────────────────────────────────────────────────────────────────────

    attachment #2: video (video/webm) ──────────────────────────────────────────────────────────────
    test-results/artifacts/10-job-queue-system-Job-Qu-ee173-ld-support-job-cancellation-browser-chrome/video.webm
    ────────────────────────────────────────────────────────────────────────────────────────────────

    Error Context: ../test-results/artifacts/10-job-queue-system-Job-Qu-ee173-ld-support-job-cancellation-browser-chrome/error-context.md
]]>
</failure>
<system-out>
<![CDATA[
[[ATTACHMENT|artifacts/10-job-queue-system-Job-Qu-ee173-ld-support-job-cancellation-browser-chrome/test-failed-1.png]]

[[ATTACHMENT|artifacts/10-job-queue-system-Job-Qu-ee173-ld-support-job-cancellation-browser-chrome/video.webm]]

[[ATTACHMENT|artifacts/10-job-queue-system-Job-Qu-ee173-ld-support-job-cancellation-browser-chrome/error-context.md]]
]]>
</system-out>
<system-err>
<![CDATA[(node:36676) [DEP0147] DeprecationWarning: In future versions of Node.js, fs.rmdir(path, { recursive: true }) will be removed. Use fs.rm(path, { recursive: true }) instead
(Use `node --trace-deprecation ...` to show where the warning was created)
]]>
</system-err>
</testcase>
<testcase name="Job Queue System › should retry failed jobs with exponential backoff" classname="10-job-queue-system.spec.ts" time="0.981">
<failure message="10-job-queue-system.spec.ts:164:7 should retry failed jobs with exponential backoff" type="FAILURE">
<![CDATA[  [browser-chrome] › 10-job-queue-system.spec.ts:164:7 › Job Queue System › should retry failed jobs with exponential backoff › Create job that will fail 

    ReferenceError: testFiles is not defined

      180 |
      181 |     await test.step('Create job that will fail', async () => {
    > 182 |       await uploadFile(page, testFiles.small, browserMode);
          |                              ^
      183 |     });
      184 |
      185 |     await test.step('Monitor retry attempts', async () => {
        at /Users/thomaswagner/Documents/datacloak-sentiment-workbench/packages/e2e-tests/tests/10-job-queue-system.spec.ts:182:30
        at /Users/thomaswagner/Documents/datacloak-sentiment-workbench/packages/e2e-tests/tests/10-job-queue-system.spec.ts:181:16

    attachment #1: screenshot (image/png) ──────────────────────────────────────────────────────────
    test-results/artifacts/10-job-queue-system-Job-Qu-6fb9b-bs-with-exponential-backoff-browser-chrome/test-failed-1.png
    ────────────────────────────────────────────────────────────────────────────────────────────────

    attachment #2: video (video/webm) ──────────────────────────────────────────────────────────────
    test-results/artifacts/10-job-queue-system-Job-Qu-6fb9b-bs-with-exponential-backoff-browser-chrome/video.webm
    ────────────────────────────────────────────────────────────────────────────────────────────────

    Error Context: ../test-results/artifacts/10-job-queue-system-Job-Qu-6fb9b-bs-with-exponential-backoff-browser-chrome/error-context.md
]]>
</failure>
<system-out>
<![CDATA[
[[ATTACHMENT|artifacts/10-job-queue-system-Job-Qu-6fb9b-bs-with-exponential-backoff-browser-chrome/test-failed-1.png]]

[[ATTACHMENT|artifacts/10-job-queue-system-Job-Qu-6fb9b-bs-with-exponential-backoff-browser-chrome/video.webm]]

[[ATTACHMENT|artifacts/10-job-queue-system-Job-Qu-6fb9b-bs-with-exponential-backoff-browser-chrome/error-context.md]]
]]>
</system-out>
</testcase>
<testcase name="Job Queue System › should track job types separately" classname="10-job-queue-system.spec.ts" time="1.134">
<failure message="10-job-queue-system.spec.ts:221:7 should track job types separately" type="FAILURE">
<![CDATA[  [browser-chrome] › 10-job-queue-system.spec.ts:221:7 › Job Queue System › should track job types separately › Create different job types 

    Error: expect.toBeAttached: Error: strict mode violation: locator('input[type="file"]') resolved to 2 elements:
        1) <input type="file" accept=".csv,.xlsx,.xls,.tsv" data-testid="file-input-button" aria-label="Select file to upload" aria-describedby="file-restrictions"/> aka getByTestId('file-input-button')
        2) <input multiple type="file" accept=".csv,.xlsx,.xls,.tsv" data-testid="hidden-file-input" aria-describedby="file-requirements" aria-label="Select data files for upload"/> aka getByTestId('hidden-file-input')

    Call log:
      - Expect "toBeAttached" with timeout 5000ms
      - waiting for locator('input[type="file"]')


       at ../fixtures/test-fixtures.ts:203

      201 |   // Now set the file input (works for both browser and Electron modes)
      202 |   const fileInput = page.locator('input[type="file"]');
    > 203 |   await expect(fileInput).toBeAttached({ timeout: 5000 });
          |                           ^
      204 |   await fileInput.setInputFiles(filePath);
      205 | };
      206 |
        at uploadFile (/Users/thomaswagner/Documents/datacloak-sentiment-workbench/packages/e2e-tests/fixtures/test-fixtures.ts:203:27)
        at /Users/thomaswagner/Documents/datacloak-sentiment-workbench/packages/e2e-tests/tests/10-job-queue-system.spec.ts:224:7
        at /Users/thomaswagner/Documents/datacloak-sentiment-workbench/packages/e2e-tests/tests/10-job-queue-system.spec.ts:222:5

    attachment #1: screenshot (image/png) ──────────────────────────────────────────────────────────
    test-results/artifacts/10-job-queue-system-Job-Qu-dda36--track-job-types-separately-browser-chrome/test-failed-1.png
    ────────────────────────────────────────────────────────────────────────────────────────────────

    attachment #2: video (video/webm) ──────────────────────────────────────────────────────────────
    test-results/artifacts/10-job-queue-system-Job-Qu-dda36--track-job-types-separately-browser-chrome/video.webm
    ────────────────────────────────────────────────────────────────────────────────────────────────

    Error Context: ../test-results/artifacts/10-job-queue-system-Job-Qu-dda36--track-job-types-separately-browser-chrome/error-context.md
]]>
</failure>
<system-out>
<![CDATA[
[[ATTACHMENT|artifacts/10-job-queue-system-Job-Qu-dda36--track-job-types-separately-browser-chrome/test-failed-1.png]]

[[ATTACHMENT|artifacts/10-job-queue-system-Job-Qu-dda36--track-job-types-separately-browser-chrome/video.webm]]

[[ATTACHMENT|artifacts/10-job-queue-system-Job-Qu-dda36--track-job-types-separately-browser-chrome/error-context.md]]
]]>
</system-out>
<system-err>
<![CDATA[(node:36683) [DEP0147] DeprecationWarning: In future versions of Node.js, fs.rmdir(path, { recursive: true }) will be removed. Use fs.rm(path, { recursive: true }) instead
(Use `node --trace-deprecation ...` to show where the warning was created)
]]>
</system-err>
</testcase>
<testcase name="Job Queue System › should show job queue metrics" classname="10-job-queue-system.spec.ts" time="0.885">
</testcase>
<testcase name="Job Queue System › should persist job history" classname="10-job-queue-system.spec.ts" time="1.077">
<failure message="10-job-queue-system.spec.ts:298:7 should persist job history" type="FAILURE">
<![CDATA[  [browser-chrome] › 10-job-queue-system.spec.ts:298:7 › Job Queue System › should persist job history › Create jobs 

    Error: expect.toBeAttached: Error: strict mode violation: locator('input[type="file"]') resolved to 2 elements:
        1) <input type="file" accept=".csv,.xlsx,.xls,.tsv" data-testid="file-input-button" aria-label="Select file to upload" aria-describedby="file-restrictions"/> aka getByTestId('file-input-button')
        2) <input multiple type="file" accept=".csv,.xlsx,.xls,.tsv" data-testid="hidden-file-input" aria-describedby="file-requirements" aria-label="Select data files for upload"/> aka getByTestId('hidden-file-input')

    Call log:
      - Expect "toBeAttached" with timeout 5000ms
      - waiting for locator('input[type="file"]')


       at ../fixtures/test-fixtures.ts:203

      201 |   // Now set the file input (works for both browser and Electron modes)
      202 |   const fileInput = page.locator('input[type="file"]');
    > 203 |   await expect(fileInput).toBeAttached({ timeout: 5000 });
          |                           ^
      204 |   await fileInput.setInputFiles(filePath);
      205 | };
      206 |
        at uploadFile (/Users/thomaswagner/Documents/datacloak-sentiment-workbench/packages/e2e-tests/fixtures/test-fixtures.ts:203:27)
        at /Users/thomaswagner/Documents/datacloak-sentiment-workbench/packages/e2e-tests/tests/10-job-queue-system.spec.ts:300:7
        at /Users/thomaswagner/Documents/datacloak-sentiment-workbench/packages/e2e-tests/tests/10-job-queue-system.spec.ts:299:5

    attachment #1: screenshot (image/png) ──────────────────────────────────────────────────────────
    test-results/artifacts/10-job-queue-system-Job-Qu-67f64--should-persist-job-history-browser-chrome/test-failed-1.png
    ────────────────────────────────────────────────────────────────────────────────────────────────

    attachment #2: video (video/webm) ──────────────────────────────────────────────────────────────
    test-results/artifacts/10-job-queue-system-Job-Qu-67f64--should-persist-job-history-browser-chrome/video.webm
    ────────────────────────────────────────────────────────────────────────────────────────────────

    Error Context: ../test-results/artifacts/10-job-queue-system-Job-Qu-67f64--should-persist-job-history-browser-chrome/error-context.md
]]>
</failure>
<system-out>
<![CDATA[
[[ATTACHMENT|artifacts/10-job-queue-system-Job-Qu-67f64--should-persist-job-history-browser-chrome/test-failed-1.png]]

[[ATTACHMENT|artifacts/10-job-queue-system-Job-Qu-67f64--should-persist-job-history-browser-chrome/video.webm]]

[[ATTACHMENT|artifacts/10-job-queue-system-Job-Qu-67f64--should-persist-job-history-browser-chrome/error-context.md]]
]]>
</system-out>
<system-err>
<![CDATA[(node:36700) [DEP0147] DeprecationWarning: In future versions of Node.js, fs.rmdir(path, { recursive: true }) will be removed. Use fs.rm(path, { recursive: true }) instead
(Use `node --trace-deprecation ...` to show where the warning was created)
]]>
</system-err>
</testcase>
</testsuite>
<testsuite name="11-memory-monitoring.spec.ts" timestamp="2025-06-15T23:53:34.693Z" hostname="browser-chrome" tests="8" failures="4" skipped="0" time="30.82" errors="0">
<testcase name="Memory Monitoring and Management › should display real-time memory usage" classname="11-memory-monitoring.spec.ts" time="0.866">
<failure message="11-memory-monitoring.spec.ts:9:7 should display real-time memory usage" type="FAILURE">
<![CDATA[  [browser-chrome] › 11-memory-monitoring.spec.ts:9:7 › Memory Monitoring and Management › should display real-time memory usage › Check memory indicator 

    Error: expect(received).toMatch(expected)

    Expected pattern: /\d+\s*(MB|GB)/i
    Received string:  "✅0%"

      16 |         
      17 |         // Should show memory in MB or GB
    > 18 |         expect(memoryText).toMatch(/\d+\s*(MB|GB)/i);
         |                            ^
      19 |       }
      20 |     });
      21 |
        at /Users/thomaswagner/Documents/datacloak-sentiment-workbench/packages/e2e-tests/tests/11-memory-monitoring.spec.ts:18:28
        at /Users/thomaswagner/Documents/datacloak-sentiment-workbench/packages/e2e-tests/tests/11-memory-monitoring.spec.ts:10:5

    attachment #1: screenshot (image/png) ──────────────────────────────────────────────────────────
    test-results/artifacts/11-memory-monitoring-Memor-b425c-play-real-time-memory-usage-browser-chrome/test-failed-1.png
    ────────────────────────────────────────────────────────────────────────────────────────────────

    attachment #2: video (video/webm) ──────────────────────────────────────────────────────────────
    test-results/artifacts/11-memory-monitoring-Memor-b425c-play-real-time-memory-usage-browser-chrome/video.webm
    ────────────────────────────────────────────────────────────────────────────────────────────────

    Error Context: ../test-results/artifacts/11-memory-monitoring-Memor-b425c-play-real-time-memory-usage-browser-chrome/error-context.md
]]>
</failure>
<system-out>
<![CDATA[✓ Current memory usage: ✅0%

[[ATTACHMENT|artifacts/11-memory-monitoring-Memor-b425c-play-real-time-memory-usage-browser-chrome/test-failed-1.png]]

[[ATTACHMENT|artifacts/11-memory-monitoring-Memor-b425c-play-real-time-memory-usage-browser-chrome/video.webm]]

[[ATTACHMENT|artifacts/11-memory-monitoring-Memor-b425c-play-real-time-memory-usage-browser-chrome/error-context.md]]
]]>
</system-out>
<system-err>
<![CDATA[(node:36675) [DEP0147] DeprecationWarning: In future versions of Node.js, fs.rmdir(path, { recursive: true }) will be removed. Use fs.rm(path, { recursive: true }) instead
(Use `node --trace-deprecation ...` to show where the warning was created)
]]>
</system-err>
</testcase>
<testcase name="Memory Monitoring and Management › should show memory threshold alerts" classname="11-memory-monitoring.spec.ts" time="16.488">
<failure message="11-memory-monitoring.spec.ts:46:7 should show memory threshold alerts" type="FAILURE">
<![CDATA[  [browser-chrome] › 11-memory-monitoring.spec.ts:46:7 › Memory Monitoring and Management › should show memory threshold alerts › Verify memory warning 

    TimeoutError: locator.getAttribute: Timeout 15000ms exceeded.
    Call log:
      - waiting for locator('[data-testid="memory-warning"], .memory-alert')


      76 |       
      77 |       // Check if warning has appropriate severity
    > 78 |       const warningSeverity = await memoryWarning.getAttribute('data-severity');
         |                                                   ^
      79 |       if (warningSeverity) {
      80 |         expect(['warning', 'critical']).toContain(warningSeverity);
      81 |         console.log(`✓ Warning severity: ${warningSeverity}`);
        at /Users/thomaswagner/Documents/datacloak-sentiment-workbench/packages/e2e-tests/tests/11-memory-monitoring.spec.ts:78:51
        at /Users/thomaswagner/Documents/datacloak-sentiment-workbench/packages/e2e-tests/tests/11-memory-monitoring.spec.ts:67:5

    attachment #1: screenshot (image/png) ──────────────────────────────────────────────────────────
    test-results/artifacts/11-memory-monitoring-Memor-f0e73-how-memory-threshold-alerts-browser-chrome/test-failed-1.png
    ────────────────────────────────────────────────────────────────────────────────────────────────

    attachment #2: video (video/webm) ──────────────────────────────────────────────────────────────
    test-results/artifacts/11-memory-monitoring-Memor-f0e73-how-memory-threshold-alerts-browser-chrome/video.webm
    ────────────────────────────────────────────────────────────────────────────────────────────────

    Error Context: ../test-results/artifacts/11-memory-monitoring-Memor-f0e73-how-memory-threshold-alerts-browser-chrome/error-context.md
]]>
</failure>
<system-out>
<![CDATA[
[[ATTACHMENT|artifacts/11-memory-monitoring-Memor-f0e73-how-memory-threshold-alerts-browser-chrome/test-failed-1.png]]

[[ATTACHMENT|artifacts/11-memory-monitoring-Memor-f0e73-how-memory-threshold-alerts-browser-chrome/video.webm]]

[[ATTACHMENT|artifacts/11-memory-monitoring-Memor-f0e73-how-memory-threshold-alerts-browser-chrome/error-context.md]]
]]>
</system-out>
</testcase>
<testcase name="Memory Monitoring and Management › should connect to WebSocket for real-time updates" classname="11-memory-monitoring.spec.ts" time="8.867">
</testcase>
<testcase name="Memory Monitoring and Management › should trigger garbage collection on high memory" classname="11-memory-monitoring.spec.ts" time="0.859">
</testcase>
<testcase name="Memory Monitoring and Management › should show memory usage breakdown" classname="11-memory-monitoring.spec.ts" time="0.919">
<failure message="11-memory-monitoring.spec.ts:188:7 should show memory usage breakdown" type="FAILURE">
<![CDATA[  [browser-chrome] › 11-memory-monitoring.spec.ts:188:7 › Memory Monitoring and Management › should show memory usage breakdown 

    Error: expect.toBeAttached: Error: strict mode violation: locator('input[type="file"]') resolved to 2 elements:
        1) <input type="file" accept=".csv,.xlsx,.xls,.tsv" data-testid="file-input-button" aria-label="Select file to upload" aria-describedby="file-restrictions"/> aka getByTestId('file-input-button')
        2) <input multiple type="file" accept=".csv,.xlsx,.xls,.tsv" data-testid="hidden-file-input" aria-describedby="file-requirements" aria-label="Select data files for upload"/> aka getByTestId('hidden-file-input')

    Call log:
      - Expect "toBeAttached" with timeout 5000ms
      - waiting for locator('input[type="file"]')


       at ../fixtures/test-fixtures.ts:203

      201 |   // Now set the file input (works for both browser and Electron modes)
      202 |   const fileInput = page.locator('input[type="file"]');
    > 203 |   await expect(fileInput).toBeAttached({ timeout: 5000 });
          |                           ^
      204 |   await fileInput.setInputFiles(filePath);
      205 | };
      206 |
        at uploadFile (/Users/thomaswagner/Documents/datacloak-sentiment-workbench/packages/e2e-tests/fixtures/test-fixtures.ts:203:27)
        at /Users/thomaswagner/Documents/datacloak-sentiment-workbench/packages/e2e-tests/tests/11-memory-monitoring.spec.ts:189:5

    attachment #1: screenshot (image/png) ──────────────────────────────────────────────────────────
    test-results/artifacts/11-memory-monitoring-Memor-31db1-show-memory-usage-breakdown-browser-chrome/test-failed-1.png
    ────────────────────────────────────────────────────────────────────────────────────────────────

    attachment #2: video (video/webm) ──────────────────────────────────────────────────────────────
    test-results/artifacts/11-memory-monitoring-Memor-31db1-show-memory-usage-breakdown-browser-chrome/video.webm
    ────────────────────────────────────────────────────────────────────────────────────────────────

    Error Context: ../test-results/artifacts/11-memory-monitoring-Memor-31db1-show-memory-usage-breakdown-browser-chrome/error-context.md
]]>
</failure>
<system-out>
<![CDATA[
[[ATTACHMENT|artifacts/11-memory-monitoring-Memor-31db1-show-memory-usage-breakdown-browser-chrome/test-failed-1.png]]

[[ATTACHMENT|artifacts/11-memory-monitoring-Memor-31db1-show-memory-usage-breakdown-browser-chrome/video.webm]]

[[ATTACHMENT|artifacts/11-memory-monitoring-Memor-31db1-show-memory-usage-breakdown-browser-chrome/error-context.md]]
]]>
</system-out>
<system-err>
<![CDATA[(node:36684) [DEP0147] DeprecationWarning: In future versions of Node.js, fs.rmdir(path, { recursive: true }) will be removed. Use fs.rm(path, { recursive: true }) instead
(Use `node --trace-deprecation ...` to show where the warning was created)
]]>
</system-err>
</testcase>
<testcase name="Memory Monitoring and Management › should provide memory optimization recommendations" classname="11-memory-monitoring.spec.ts" time="0.849">
</testcase>
<testcase name="Memory Monitoring and Management › should track memory leaks" classname="11-memory-monitoring.spec.ts" time="1.071">
<failure message="11-memory-monitoring.spec.ts:253:7 should track memory leaks" type="FAILURE">
<![CDATA[  [browser-chrome] › 11-memory-monitoring.spec.ts:253:7 › Memory Monitoring and Management › should track memory leaks › Perform memory-intensive operations 

    Error: expect.toBeAttached: Error: strict mode violation: locator('input[type="file"]') resolved to 2 elements:
        1) <input type="file" accept=".csv,.xlsx,.xls,.tsv" data-testid="file-input-button" aria-label="Select file to upload" aria-describedby="file-restrictions"/> aka getByTestId('file-input-button')
        2) <input multiple type="file" accept=".csv,.xlsx,.xls,.tsv" data-testid="hidden-file-input" aria-describedby="file-requirements" aria-label="Select data files for upload"/> aka getByTestId('hidden-file-input')

    Call log:
      - Expect "toBeAttached" with timeout 5000ms
      - waiting for locator('input[type="file"]')


       at ../fixtures/test-fixtures.ts:203

      201 |   // Now set the file input (works for both browser and Electron modes)
      202 |   const fileInput = page.locator('input[type="file"]');
    > 203 |   await expect(fileInput).toBeAttached({ timeout: 5000 });
          |                           ^
      204 |   await fileInput.setInputFiles(filePath);
      205 | };
      206 |
        at uploadFile (/Users/thomaswagner/Documents/datacloak-sentiment-workbench/packages/e2e-tests/fixtures/test-fixtures.ts:203:27)
        at /Users/thomaswagner/Documents/datacloak-sentiment-workbench/packages/e2e-tests/tests/11-memory-monitoring.spec.ts:257:9
        at /Users/thomaswagner/Documents/datacloak-sentiment-workbench/packages/e2e-tests/tests/11-memory-monitoring.spec.ts:254:5

    attachment #1: screenshot (image/png) ──────────────────────────────────────────────────────────
    test-results/artifacts/11-memory-monitoring-Memor-bd2e8-t-should-track-memory-leaks-browser-chrome/test-failed-1.png
    ────────────────────────────────────────────────────────────────────────────────────────────────

    attachment #2: video (video/webm) ──────────────────────────────────────────────────────────────
    test-results/artifacts/11-memory-monitoring-Memor-bd2e8-t-should-track-memory-leaks-browser-chrome/video.webm
    ────────────────────────────────────────────────────────────────────────────────────────────────

    Error Context: ../test-results/artifacts/11-memory-monitoring-Memor-bd2e8-t-should-track-memory-leaks-browser-chrome/error-context.md
]]>
</failure>
<system-out>
<![CDATA[
[[ATTACHMENT|artifacts/11-memory-monitoring-Memor-bd2e8-t-should-track-memory-leaks-browser-chrome/test-failed-1.png]]

[[ATTACHMENT|artifacts/11-memory-monitoring-Memor-bd2e8-t-should-track-memory-leaks-browser-chrome/video.webm]]

[[ATTACHMENT|artifacts/11-memory-monitoring-Memor-bd2e8-t-should-track-memory-leaks-browser-chrome/error-context.md]]
]]>
</system-out>
<system-err>
<![CDATA[(node:36736) [DEP0147] DeprecationWarning: In future versions of Node.js, fs.rmdir(path, { recursive: true }) will be removed. Use fs.rm(path, { recursive: true }) instead
(Use `node --trace-deprecation ...` to show where the warning was created)
]]>
</system-err>
</testcase>
<testcase name="Memory Monitoring and Management › should show memory usage history graph" classname="11-memory-monitoring.spec.ts" time="0.901">
</testcase>
</testsuite>
<testsuite name="12-sse-progress.spec.ts" timestamp="2025-06-15T23:53:34.693Z" hostname="browser-chrome" tests="9" failures="8" skipped="0" time="18.995" errors="0">
<testcase name="Server-Sent Events (SSE) Progress Tracking › should establish SSE connection for long operations" classname="12-sse-progress.spec.ts" time="0.99">
<failure message="12-sse-progress.spec.ts:9:7 should establish SSE connection for long operations" type="FAILURE">
<![CDATA[  [browser-chrome] › 12-sse-progress.spec.ts:9:7 › Server-Sent Events (SSE) Progress Tracking › should establish SSE connection for long operations › Start long operation 

    Error: expect.toBeAttached: Error: strict mode violation: locator('input[type="file"]') resolved to 2 elements:
        1) <input type="file" accept=".csv,.xlsx,.xls,.tsv" data-testid="file-input-button" aria-label="Select file to upload" aria-describedby="file-restrictions"/> aka getByTestId('file-input-button')
        2) <input multiple type="file" accept=".csv,.xlsx,.xls,.tsv" data-testid="hidden-file-input" aria-describedby="file-requirements" aria-label="Select data files for upload"/> aka getByTestId('hidden-file-input')

    Call log:
      - Expect "toBeAttached" with timeout 5000ms
      - waiting for locator('input[type="file"]')


       at ../fixtures/test-fixtures.ts:203

      201 |   // Now set the file input (works for both browser and Electron modes)
      202 |   const fileInput = page.locator('input[type="file"]');
    > 203 |   await expect(fileInput).toBeAttached({ timeout: 5000 });
          |                           ^
      204 |   await fileInput.setInputFiles(filePath);
      205 | };
      206 |
        at uploadFile (/Users/thomaswagner/Documents/datacloak-sentiment-workbench/packages/e2e-tests/fixtures/test-fixtures.ts:203:27)
        at /Users/thomaswagner/Documents/datacloak-sentiment-workbench/packages/e2e-tests/tests/12-sse-progress.spec.ts:11:7
        at /Users/thomaswagner/Documents/datacloak-sentiment-workbench/packages/e2e-tests/tests/12-sse-progress.spec.ts:10:5

    attachment #1: screenshot (image/png) ──────────────────────────────────────────────────────────
    test-results/artifacts/12-sse-progress-Server-Sen-4197e-nection-for-long-operations-browser-chrome/test-failed-1.png
    ────────────────────────────────────────────────────────────────────────────────────────────────

    attachment #2: video (video/webm) ──────────────────────────────────────────────────────────────
    test-results/artifacts/12-sse-progress-Server-Sen-4197e-nection-for-long-operations-browser-chrome/video.webm
    ────────────────────────────────────────────────────────────────────────────────────────────────

    Error Context: ../test-results/artifacts/12-sse-progress-Server-Sen-4197e-nection-for-long-operations-browser-chrome/error-context.md
]]>
</failure>
<system-out>
<![CDATA[
[[ATTACHMENT|artifacts/12-sse-progress-Server-Sen-4197e-nection-for-long-operations-browser-chrome/test-failed-1.png]]

[[ATTACHMENT|artifacts/12-sse-progress-Server-Sen-4197e-nection-for-long-operations-browser-chrome/video.webm]]

[[ATTACHMENT|artifacts/12-sse-progress-Server-Sen-4197e-nection-for-long-operations-browser-chrome/error-context.md]]
]]>
</system-out>
<system-err>
<![CDATA[(node:36721) [DEP0147] DeprecationWarning: In future versions of Node.js, fs.rmdir(path, { recursive: true }) will be removed. Use fs.rm(path, { recursive: true }) instead
(Use `node --trace-deprecation ...` to show where the warning was created)
]]>
</system-err>
</testcase>
<testcase name="Server-Sent Events (SSE) Progress Tracking › should receive real-time progress updates" classname="12-sse-progress.spec.ts" time="10.821">
<system-err>
<![CDATA[(node:36725) [DEP0147] DeprecationWarning: In future versions of Node.js, fs.rmdir(path, { recursive: true }) will be removed. Use fs.rm(path, { recursive: true }) instead
(Use `node --trace-deprecation ...` to show where the warning was created)
]]>
</system-err>
</testcase>
<testcase name="Server-Sent Events (SSE) Progress Tracking › should handle SSE reconnection on disconnect" classname="12-sse-progress.spec.ts" time="1.083">
<failure message="12-sse-progress.spec.ts:112:7 should handle SSE reconnection on disconnect" type="FAILURE">
<![CDATA[  [browser-chrome] › 12-sse-progress.spec.ts:112:7 › Server-Sent Events (SSE) Progress Tracking › should handle SSE reconnection on disconnect 

    Error: expect.toBeAttached: Error: strict mode violation: locator('input[type="file"]') resolved to 2 elements:
        1) <input type="file" accept=".csv,.xlsx,.xls,.tsv" data-testid="file-input-button" aria-label="Select file to upload" aria-describedby="file-restrictions"/> aka getByTestId('file-input-button')
        2) <input multiple type="file" accept=".csv,.xlsx,.xls,.tsv" data-testid="hidden-file-input" aria-describedby="file-requirements" aria-label="Select data files for upload"/> aka getByTestId('hidden-file-input')

    Call log:
      - Expect "toBeAttached" with timeout 5000ms
      - waiting for locator('input[type="file"]')


       at ../fixtures/test-fixtures.ts:203

      201 |   // Now set the file input (works for both browser and Electron modes)
      202 |   const fileInput = page.locator('input[type="file"]');
    > 203 |   await expect(fileInput).toBeAttached({ timeout: 5000 });
          |                           ^
      204 |   await fileInput.setInputFiles(filePath);
      205 | };
      206 |
        at uploadFile (/Users/thomaswagner/Documents/datacloak-sentiment-workbench/packages/e2e-tests/fixtures/test-fixtures.ts:203:27)
        at /Users/thomaswagner/Documents/datacloak-sentiment-workbench/packages/e2e-tests/tests/12-sse-progress.spec.ts:113:5

    attachment #1: screenshot (image/png) ──────────────────────────────────────────────────────────
    test-results/artifacts/12-sse-progress-Server-Sen-03ff7--reconnection-on-disconnect-browser-chrome/test-failed-1.png
    ────────────────────────────────────────────────────────────────────────────────────────────────

    attachment #2: video (video/webm) ──────────────────────────────────────────────────────────────
    test-results/artifacts/12-sse-progress-Server-Sen-03ff7--reconnection-on-disconnect-browser-chrome/video.webm
    ────────────────────────────────────────────────────────────────────────────────────────────────

    Error Context: ../test-results/artifacts/12-sse-progress-Server-Sen-03ff7--reconnection-on-disconnect-browser-chrome/error-context.md
]]>
</failure>
<system-out>
<![CDATA[
[[ATTACHMENT|artifacts/12-sse-progress-Server-Sen-03ff7--reconnection-on-disconnect-browser-chrome/test-failed-1.png]]

[[ATTACHMENT|artifacts/12-sse-progress-Server-Sen-03ff7--reconnection-on-disconnect-browser-chrome/video.webm]]

[[ATTACHMENT|artifacts/12-sse-progress-Server-Sen-03ff7--reconnection-on-disconnect-browser-chrome/error-context.md]]
]]>
</system-out>
<system-err>
<![CDATA[(node:36765) [DEP0147] DeprecationWarning: In future versions of Node.js, fs.rmdir(path, { recursive: true }) will be removed. Use fs.rm(path, { recursive: true }) instead
(Use `node --trace-deprecation ...` to show where the warning was created)
]]>
</system-err>
</testcase>
<testcase name="Server-Sent Events (SSE) Progress Tracking › should track progress for sentiment analysis" classname="12-sse-progress.spec.ts" time="1.076">
<failure message="12-sse-progress.spec.ts:153:7 should track progress for sentiment analysis" type="FAILURE">
<![CDATA[  [browser-chrome] › 12-sse-progress.spec.ts:153:7 › Server-Sent Events (SSE) Progress Tracking › should track progress for sentiment analysis 

    Error: expect.toBeAttached: Error: strict mode violation: locator('input[type="file"]') resolved to 2 elements:
        1) <input type="file" accept=".csv,.xlsx,.xls,.tsv" data-testid="file-input-button" aria-label="Select file to upload" aria-describedby="file-restrictions"/> aka getByTestId('file-input-button')
        2) <input multiple type="file" accept=".csv,.xlsx,.xls,.tsv" data-testid="hidden-file-input" aria-describedby="file-requirements" aria-label="Select data files for upload"/> aka getByTestId('hidden-file-input')

    Call log:
      - Expect "toBeAttached" with timeout 5000ms
      - waiting for locator('input[type="file"]')


       at ../fixtures/test-fixtures.ts:203

      201 |   // Now set the file input (works for both browser and Electron modes)
      202 |   const fileInput = page.locator('input[type="file"]');
    > 203 |   await expect(fileInput).toBeAttached({ timeout: 5000 });
          |                           ^
      204 |   await fileInput.setInputFiles(filePath);
      205 | };
      206 |
        at uploadFile (/Users/thomaswagner/Documents/datacloak-sentiment-workbench/packages/e2e-tests/fixtures/test-fixtures.ts:203:27)
        at /Users/thomaswagner/Documents/datacloak-sentiment-workbench/packages/e2e-tests/tests/12-sse-progress.spec.ts:154:5

    attachment #1: screenshot (image/png) ──────────────────────────────────────────────────────────
    test-results/artifacts/12-sse-progress-Server-Sen-292f3-ress-for-sentiment-analysis-browser-chrome/test-failed-1.png
    ────────────────────────────────────────────────────────────────────────────────────────────────

    attachment #2: video (video/webm) ──────────────────────────────────────────────────────────────
    test-results/artifacts/12-sse-progress-Server-Sen-292f3-ress-for-sentiment-analysis-browser-chrome/video.webm
    ────────────────────────────────────────────────────────────────────────────────────────────────

    Error Context: ../test-results/artifacts/12-sse-progress-Server-Sen-292f3-ress-for-sentiment-analysis-browser-chrome/error-context.md
]]>
</failure>
<system-out>
<![CDATA[
[[ATTACHMENT|artifacts/12-sse-progress-Server-Sen-292f3-ress-for-sentiment-analysis-browser-chrome/test-failed-1.png]]

[[ATTACHMENT|artifacts/12-sse-progress-Server-Sen-292f3-ress-for-sentiment-analysis-browser-chrome/video.webm]]

[[ATTACHMENT|artifacts/12-sse-progress-Server-Sen-292f3-ress-for-sentiment-analysis-browser-chrome/error-context.md]]
]]>
</system-out>
<system-err>
<![CDATA[(node:36766) [DEP0147] DeprecationWarning: In future versions of Node.js, fs.rmdir(path, { recursive: true }) will be removed. Use fs.rm(path, { recursive: true }) instead
(Use `node --trace-deprecation ...` to show where the warning was created)
]]>
</system-err>
</testcase>
<testcase name="Server-Sent Events (SSE) Progress Tracking › should handle concurrent SSE connections" classname="12-sse-progress.spec.ts" time="0.937">
<failure message="12-sse-progress.spec.ts:196:7 should handle concurrent SSE connections" type="FAILURE">
<![CDATA[  [browser-chrome] › 12-sse-progress.spec.ts:196:7 › Server-Sent Events (SSE) Progress Tracking › should handle concurrent SSE connections › Start multiple operations 

    Error: expect.toBeAttached: Error: strict mode violation: locator('input[type="file"]') resolved to 2 elements:
        1) <input type="file" accept=".csv,.xlsx,.xls,.tsv" data-testid="file-input-button" aria-label="Select file to upload" aria-describedby="file-restrictions"/> aka getByTestId('file-input-button')
        2) <input multiple type="file" accept=".csv,.xlsx,.xls,.tsv" data-testid="hidden-file-input" aria-describedby="file-requirements" aria-label="Select data files for upload"/> aka getByTestId('hidden-file-input')

    Call log:
      - Expect "toBeAttached" with timeout 5000ms
      - waiting for locator('input[type="file"]')


       at ../fixtures/test-fixtures.ts:203

      201 |   // Now set the file input (works for both browser and Electron modes)
      202 |   const fileInput = page.locator('input[type="file"]');
    > 203 |   await expect(fileInput).toBeAttached({ timeout: 5000 });
          |                           ^
      204 |   await fileInput.setInputFiles(filePath);
      205 | };
      206 |
        at uploadFile (/Users/thomaswagner/Documents/datacloak-sentiment-workbench/packages/e2e-tests/fixtures/test-fixtures.ts:203:27)
        at /Users/thomaswagner/Documents/datacloak-sentiment-workbench/packages/e2e-tests/tests/12-sse-progress.spec.ts:199:7
        at /Users/thomaswagner/Documents/datacloak-sentiment-workbench/packages/e2e-tests/tests/12-sse-progress.spec.ts:197:5

    attachment #1: screenshot (image/png) ──────────────────────────────────────────────────────────
    test-results/artifacts/12-sse-progress-Server-Sen-0ca9b--concurrent-SSE-connections-browser-chrome/test-failed-1.png
    ────────────────────────────────────────────────────────────────────────────────────────────────

    attachment #2: video (video/webm) ──────────────────────────────────────────────────────────────
    test-results/artifacts/12-sse-progress-Server-Sen-0ca9b--concurrent-SSE-connections-browser-chrome/video.webm
    ────────────────────────────────────────────────────────────────────────────────────────────────

    Error Context: ../test-results/artifacts/12-sse-progress-Server-Sen-0ca9b--concurrent-SSE-connections-browser-chrome/error-context.md
]]>
</failure>
<system-out>
<![CDATA[
[[ATTACHMENT|artifacts/12-sse-progress-Server-Sen-0ca9b--concurrent-SSE-connections-browser-chrome/test-failed-1.png]]

[[ATTACHMENT|artifacts/12-sse-progress-Server-Sen-0ca9b--concurrent-SSE-connections-browser-chrome/video.webm]]

[[ATTACHMENT|artifacts/12-sse-progress-Server-Sen-0ca9b--concurrent-SSE-connections-browser-chrome/error-context.md]]
]]>
</system-out>
<system-err>
<![CDATA[(node:36742) [DEP0147] DeprecationWarning: In future versions of Node.js, fs.rmdir(path, { recursive: true }) will be removed. Use fs.rm(path, { recursive: true }) instead
(Use `node --trace-deprecation ...` to show where the warning was created)
]]>
</system-err>
</testcase>
<testcase name="Server-Sent Events (SSE) Progress Tracking › should show accurate progress for chunked operations" classname="12-sse-progress.spec.ts" time="1.032">
<failure message="12-sse-progress.spec.ts:229:7 should show accurate progress for chunked operations" type="FAILURE">
<![CDATA[  [browser-chrome] › 12-sse-progress.spec.ts:229:7 › Server-Sent Events (SSE) Progress Tracking › should show accurate progress for chunked operations 

    Error: expect.toBeAttached: Error: strict mode violation: locator('input[type="file"]') resolved to 2 elements:
        1) <input type="file" accept=".csv,.xlsx,.xls,.tsv" data-testid="file-input-button" aria-label="Select file to upload" aria-describedby="file-restrictions"/> aka getByTestId('file-input-button')
        2) <input multiple type="file" accept=".csv,.xlsx,.xls,.tsv" data-testid="hidden-file-input" aria-describedby="file-requirements" aria-label="Select data files for upload"/> aka getByTestId('hidden-file-input')

    Call log:
      - Expect "toBeAttached" with timeout 5000ms
      - waiting for locator('input[type="file"]')


       at ../fixtures/test-fixtures.ts:203

      201 |   // Now set the file input (works for both browser and Electron modes)
      202 |   const fileInput = page.locator('input[type="file"]');
    > 203 |   await expect(fileInput).toBeAttached({ timeout: 5000 });
          |                           ^
      204 |   await fileInput.setInputFiles(filePath);
      205 | };
      206 |
        at uploadFile (/Users/thomaswagner/Documents/datacloak-sentiment-workbench/packages/e2e-tests/fixtures/test-fixtures.ts:203:27)
        at /Users/thomaswagner/Documents/datacloak-sentiment-workbench/packages/e2e-tests/tests/12-sse-progress.spec.ts:230:5

    attachment #1: screenshot (image/png) ──────────────────────────────────────────────────────────
    test-results/artifacts/12-sse-progress-Server-Sen-68fcf-ress-for-chunked-operations-browser-chrome/test-failed-1.png
    ────────────────────────────────────────────────────────────────────────────────────────────────

    attachment #2: video (video/webm) ──────────────────────────────────────────────────────────────
    test-results/artifacts/12-sse-progress-Server-Sen-68fcf-ress-for-chunked-operations-browser-chrome/video.webm
    ────────────────────────────────────────────────────────────────────────────────────────────────

    Error Context: ../test-results/artifacts/12-sse-progress-Server-Sen-68fcf-ress-for-chunked-operations-browser-chrome/error-context.md
]]>
</failure>
<system-out>
<![CDATA[
[[ATTACHMENT|artifacts/12-sse-progress-Server-Sen-68fcf-ress-for-chunked-operations-browser-chrome/test-failed-1.png]]

[[ATTACHMENT|artifacts/12-sse-progress-Server-Sen-68fcf-ress-for-chunked-operations-browser-chrome/video.webm]]

[[ATTACHMENT|artifacts/12-sse-progress-Server-Sen-68fcf-ress-for-chunked-operations-browser-chrome/error-context.md]]
]]>
</system-out>
<system-err>
<![CDATA[(node:36780) [DEP0147] DeprecationWarning: In future versions of Node.js, fs.rmdir(path, { recursive: true }) will be removed. Use fs.rm(path, { recursive: true }) instead
(Use `node --trace-deprecation ...` to show where the warning was created)
]]>
</system-err>
</testcase>
<testcase name="Server-Sent Events (SSE) Progress Tracking › should handle SSE error events" classname="12-sse-progress.spec.ts" time="0.924">
<failure message="12-sse-progress.spec.ts:269:7 should handle SSE error events" type="FAILURE">
<![CDATA[  [browser-chrome] › 12-sse-progress.spec.ts:269:7 › Server-Sent Events (SSE) Progress Tracking › should handle SSE error events › Handle SSE errors gracefully 

    ReferenceError: testFiles is not defined

      289 |
      290 |     await test.step('Handle SSE errors gracefully', async () => {
    > 291 |       await uploadFile(page, testFiles.small, browserMode);
          |                              ^
      292 |
      293 |       // Check for error handling
      294 |       const errorMessage = page.locator('[data-testid="sse-error"], .progress-error');
        at /Users/thomaswagner/Documents/datacloak-sentiment-workbench/packages/e2e-tests/tests/12-sse-progress.spec.ts:291:30
        at /Users/thomaswagner/Documents/datacloak-sentiment-workbench/packages/e2e-tests/tests/12-sse-progress.spec.ts:290:16

    attachment #1: screenshot (image/png) ──────────────────────────────────────────────────────────
    test-results/artifacts/12-sse-progress-Server-Sen-da712-uld-handle-SSE-error-events-browser-chrome/test-failed-1.png
    ────────────────────────────────────────────────────────────────────────────────────────────────

    attachment #2: video (video/webm) ──────────────────────────────────────────────────────────────
    test-results/artifacts/12-sse-progress-Server-Sen-da712-uld-handle-SSE-error-events-browser-chrome/video.webm
    ────────────────────────────────────────────────────────────────────────────────────────────────

    Error Context: ../test-results/artifacts/12-sse-progress-Server-Sen-da712-uld-handle-SSE-error-events-browser-chrome/error-context.md
]]>
</failure>
<system-out>
<![CDATA[
[[ATTACHMENT|artifacts/12-sse-progress-Server-Sen-da712-uld-handle-SSE-error-events-browser-chrome/test-failed-1.png]]

[[ATTACHMENT|artifacts/12-sse-progress-Server-Sen-da712-uld-handle-SSE-error-events-browser-chrome/video.webm]]

[[ATTACHMENT|artifacts/12-sse-progress-Server-Sen-da712-uld-handle-SSE-error-events-browser-chrome/error-context.md]]
]]>
</system-out>
</testcase>
<testcase name="Server-Sent Events (SSE) Progress Tracking › should cleanup SSE connections on completion" classname="12-sse-progress.spec.ts" time="1.035">
<failure message="12-sse-progress.spec.ts:304:7 should cleanup SSE connections on completion" type="FAILURE">
<![CDATA[  [browser-chrome] › 12-sse-progress.spec.ts:304:7 › Server-Sent Events (SSE) Progress Tracking › should cleanup SSE connections on completion 

    Error: expect.toBeAttached: Error: strict mode violation: locator('input[type="file"]') resolved to 2 elements:
        1) <input type="file" accept=".csv,.xlsx,.xls,.tsv" data-testid="file-input-button" aria-label="Select file to upload" aria-describedby="file-restrictions"/> aka getByTestId('file-input-button')
        2) <input multiple type="file" accept=".csv,.xlsx,.xls,.tsv" data-testid="hidden-file-input" aria-describedby="file-requirements" aria-label="Select data files for upload"/> aka getByTestId('hidden-file-input')

    Call log:
      - Expect "toBeAttached" with timeout 5000ms
      - waiting for locator('input[type="file"]')


       at ../fixtures/test-fixtures.ts:203

      201 |   // Now set the file input (works for both browser and Electron modes)
      202 |   const fileInput = page.locator('input[type="file"]');
    > 203 |   await expect(fileInput).toBeAttached({ timeout: 5000 });
          |                           ^
      204 |   await fileInput.setInputFiles(filePath);
      205 | };
      206 |
        at uploadFile (/Users/thomaswagner/Documents/datacloak-sentiment-workbench/packages/e2e-tests/fixtures/test-fixtures.ts:203:27)
        at /Users/thomaswagner/Documents/datacloak-sentiment-workbench/packages/e2e-tests/tests/12-sse-progress.spec.ts:305:5

    attachment #1: screenshot (image/png) ──────────────────────────────────────────────────────────
    test-results/artifacts/12-sse-progress-Server-Sen-b3843-E-connections-on-completion-browser-chrome/test-failed-1.png
    ────────────────────────────────────────────────────────────────────────────────────────────────

    attachment #2: video (video/webm) ──────────────────────────────────────────────────────────────
    test-results/artifacts/12-sse-progress-Server-Sen-b3843-E-connections-on-completion-browser-chrome/video.webm
    ────────────────────────────────────────────────────────────────────────────────────────────────

    Error Context: ../test-results/artifacts/12-sse-progress-Server-Sen-b3843-E-connections-on-completion-browser-chrome/error-context.md
]]>
</failure>
<system-out>
<![CDATA[
[[ATTACHMENT|artifacts/12-sse-progress-Server-Sen-b3843-E-connections-on-completion-browser-chrome/test-failed-1.png]]

[[ATTACHMENT|artifacts/12-sse-progress-Server-Sen-b3843-E-connections-on-completion-browser-chrome/video.webm]]

[[ATTACHMENT|artifacts/12-sse-progress-Server-Sen-b3843-E-connections-on-completion-browser-chrome/error-context.md]]
]]>
</system-out>
<system-err>
<![CDATA[(node:36784) [DEP0147] DeprecationWarning: In future versions of Node.js, fs.rmdir(path, { recursive: true }) will be removed. Use fs.rm(path, { recursive: true }) instead
(Use `node --trace-deprecation ...` to show where the warning was created)
]]>
</system-err>
</testcase>
<testcase name="Server-Sent Events (SSE) Progress Tracking › should provide progress details in SSE events" classname="12-sse-progress.spec.ts" time="1.097">
<failure message="12-sse-progress.spec.ts:324:7 should provide progress details in SSE events" type="FAILURE">
<![CDATA[  [browser-chrome] › 12-sse-progress.spec.ts:324:7 › Server-Sent Events (SSE) Progress Tracking › should provide progress details in SSE events 

    Error: expect.toBeAttached: Error: strict mode violation: locator('input[type="file"]') resolved to 2 elements:
        1) <input type="file" accept=".csv,.xlsx,.xls,.tsv" data-testid="file-input-button" aria-label="Select file to upload" aria-describedby="file-restrictions"/> aka getByTestId('file-input-button')
        2) <input multiple type="file" accept=".csv,.xlsx,.xls,.tsv" data-testid="hidden-file-input" aria-describedby="file-requirements" aria-label="Select data files for upload"/> aka getByTestId('hidden-file-input')

    Call log:
      - Expect "toBeAttached" with timeout 5000ms
      - waiting for locator('input[type="file"]')


       at ../fixtures/test-fixtures.ts:203

      201 |   // Now set the file input (works for both browser and Electron modes)
      202 |   const fileInput = page.locator('input[type="file"]');
    > 203 |   await expect(fileInput).toBeAttached({ timeout: 5000 });
          |                           ^
      204 |   await fileInput.setInputFiles(filePath);
      205 | };
      206 |
        at uploadFile (/Users/thomaswagner/Documents/datacloak-sentiment-workbench/packages/e2e-tests/fixtures/test-fixtures.ts:203:27)
        at /Users/thomaswagner/Documents/datacloak-sentiment-workbench/packages/e2e-tests/tests/12-sse-progress.spec.ts:325:5

    attachment #1: screenshot (image/png) ──────────────────────────────────────────────────────────
    test-results/artifacts/12-sse-progress-Server-Sen-d0086-gress-details-in-SSE-events-browser-chrome/test-failed-1.png
    ────────────────────────────────────────────────────────────────────────────────────────────────

    attachment #2: video (video/webm) ──────────────────────────────────────────────────────────────
    test-results/artifacts/12-sse-progress-Server-Sen-d0086-gress-details-in-SSE-events-browser-chrome/video.webm
    ────────────────────────────────────────────────────────────────────────────────────────────────

    Error Context: ../test-results/artifacts/12-sse-progress-Server-Sen-d0086-gress-details-in-SSE-events-browser-chrome/error-context.md
]]>
</failure>
<system-out>
<![CDATA[
[[ATTACHMENT|artifacts/12-sse-progress-Server-Sen-d0086-gress-details-in-SSE-events-browser-chrome/test-failed-1.png]]

[[ATTACHMENT|artifacts/12-sse-progress-Server-Sen-d0086-gress-details-in-SSE-events-browser-chrome/video.webm]]

[[ATTACHMENT|artifacts/12-sse-progress-Server-Sen-d0086-gress-details-in-SSE-events-browser-chrome/error-context.md]]
]]>
</system-out>
<system-err>
<![CDATA[(node:36800) [DEP0147] DeprecationWarning: In future versions of Node.js, fs.rmdir(path, { recursive: true }) will be removed. Use fs.rm(path, { recursive: true }) instead
(Use `node --trace-deprecation ...` to show where the warning was created)
]]>
</system-err>
</testcase>
</testsuite>
<testsuite name="csv-upload.spec.ts" timestamp="2025-06-15T23:53:34.693Z" hostname="browser-chrome" tests="3" failures="1" skipped="2" time="3.524" errors="0">
<testcase name="CSV File Upload › should upload CSV via file picker and detect fields" classname="csv-upload.spec.ts" time="1.256">
<failure message="csv-upload.spec.ts:62:7 should upload CSV via file picker and detect fields" type="FAILURE">
<![CDATA[  [browser-chrome] › csv-upload.spec.ts:62:7 › CSV File Upload › should upload CSV via file picker and detect fields 

    Error: locator.setInputFiles: Error: strict mode violation: locator('input[type="file"]') resolved to 2 elements:
        1) <input type="file" accept=".csv,.xlsx,.xls,.tsv" data-testid="file-input-button" aria-label="Select file to upload" aria-describedby="file-restrictions"/> aka getByTestId('file-input-button')
        2) <input multiple type="file" accept=".csv,.xlsx,.xls,.tsv" data-testid="hidden-file-input" aria-describedby="file-requirements" aria-label="Select data files for upload"/> aka getByTestId('hidden-file-input')

    Call log:
      - waiting for locator('input[type="file"]')


      77 |     if (await hiddenFileInput.count() > 0) {
      78 |       console.log('Found hidden file input, uploading directly...');
    > 79 |       await hiddenFileInput.setInputFiles(csvFilePath);
         |       ^
      80 |       uploadFound = true;
      81 |     }
      82 |     
        at /Users/thomaswagner/Documents/datacloak-sentiment-workbench/packages/e2e-tests/tests/csv-upload.spec.ts:79:7

    attachment #1: screenshot (image/png) ──────────────────────────────────────────────────────────
    test-results/artifacts/csv-upload-CSV-File-Upload-bb328-le-picker-and-detect-fields-browser-chrome/test-failed-1.png
    ────────────────────────────────────────────────────────────────────────────────────────────────

    attachment #2: video (video/webm) ──────────────────────────────────────────────────────────────
    test-results/artifacts/csv-upload-CSV-File-Upload-bb328-le-picker-and-detect-fields-browser-chrome/video.webm
    ────────────────────────────────────────────────────────────────────────────────────────────────

    Error Context: ../test-results/artifacts/csv-upload-CSV-File-Upload-bb328-le-picker-and-detect-fields-browser-chrome/error-context.md
]]>
</failure>
<system-out>
<![CDATA[→ GET http://localhost:5173/
← [33m200[39m http://localhost:5173/
→ GET http://localhost:5173/@vite/client
→ GET http://localhost:5173/src/main.tsx?t=1750030703180
→ GET http://localhost:5173/@react-refresh
← [33m200[39m http://localhost:5173/@vite/client
→ GET http://localhost:5173/node_modules/vite/dist/client/env.mjs
← [33m200[39m http://localhost:5173/src/main.tsx?t=1750030703180
→ GET http://localhost:5173/node_modules/.vite/deps/react_jsx-dev-runtime.js?v=6c3f721c
→ GET http://localhost:5173/node_modules/.vite/deps/react.js?v=6c3f721c
→ GET http://localhost:5173/node_modules/.vite/deps/react-dom_client.js?v=a50e1294
→ GET http://localhost:5173/src/index.css
→ GET http://localhost:5173/src/App.tsx?t=1750030703180
← [33m200[39m http://localhost:5173/node_modules/vite/dist/client/env.mjs
← [33m200[39m http://localhost:5173/@react-refresh
← [33m200[39m http://localhost:5173/node_modules/.vite/deps/react_jsx-dev-runtime.js?v=6c3f721c
← [33m200[39m http://localhost:5173/node_modules/.vite/deps/react.js?v=6c3f721c
→ GET http://localhost:5173/node_modules/.vite/deps/chunk-UBDIXFPO.js?v=676c4d25
← [33m200[39m http://localhost:5173/src/App.tsx?t=1750030703180
→ GET http://localhost:5173/src/App.css?t=1750030703180
→ GET http://localhost:5173/src/context/AppContext.tsx?t=1750028445161
→ GET http://localhost:5173/src/components/Navigation.tsx?t=1750030602543
→ GET http://localhost:5173/src/components/WorkflowManager.tsx?t=1750030602543
→ GET http://localhost:5173/src/components/NotificationToast.tsx?t=1750028445161
→ GET http://localhost:5173/src/components/ErrorBoundary.tsx
→ GET http://localhost:5173/src/components/ProgressIndicator.tsx?t=1750015148848
→ GET http://localhost:5173/src/components/RealTimeDashboard.tsx?t=1750028445161
← [33m200[39m http://localhost:5173/src/App.css?t=1750030703180
← [33m200[39m http://localhost:5173/node_modules/.vite/deps/chunk-UBDIXFPO.js?v=676c4d25
← [33m200[39m http://localhost:5173/src/context/AppContext.tsx?t=1750028445161
← [33m200[39m http://localhost:5173/src/components/Navigation.tsx?t=1750030602543
← [33m200[39m http://localhost:5173/src/index.css
→ GET http://localhost:5173/src/components/AppVersion.tsx
→ GET http://localhost:5173/src/components/Navigation.css?t=1749995170122
← [33m200[39m http://localhost:5173/src/components/WorkflowManager.tsx?t=1750030602543
← [33m200[39m http://localhost:5173/src/components/NotificationToast.tsx?t=1750028445161
→ GET http://localhost:5173/src/components/index.ts?t=1750030602543
→ GET http://localhost:5173/src/components/LazyComponents.tsx?t=1750030490824
→ GET http://localhost:5173/src/hooks/useWebWorker.ts?t=1750014984624
→ GET http://localhost:5173/src/components/WorkflowManager.css?t=1749992255972
→ GET http://localhost:5173/src/components/NotificationToast.css
← [33m200[39m http://localhost:5173/src/components/ErrorBoundary.tsx
← [33m200[39m http://localhost:5173/node_modules/.vite/deps/react-dom_client.js?v=a50e1294
← [33m200[39m http://localhost:5173/src/components/Navigation.css?t=1749995170122
→ GET http://localhost:5173/src/components/ErrorBoundary.css
← [33m200[39m http://localhost:5173/src/components/ProgressIndicator.tsx?t=1750015148848
→ GET http://localhost:5173/node_modules/.vite/deps/chunk-KBNVMJOC.js?v=676c4d25
← [33m200[39m http://localhost:5173/src/components/RealTimeDashboard.tsx?t=1750028445161
← [33m200[39m http://localhost:5173/src/components/AppVersion.tsx
→ GET http://localhost:5173/src/components/ProgressIndicator.css
→ GET http://localhost:5173/src/components/MemoryMonitor.tsx?t=1750028445161
→ GET http://localhost:5173/src/components/SSEProgressIndicator.tsx?t=1750028445161
→ GET http://localhost:5173/src/components/WebSocketStatus.tsx?t=1750028445161
→ GET http://localhost:5173/src/components/RealTimeDashboard.css
→ GET http://localhost:5173/src/components/AppVersion.css
← [33m200[39m http://localhost:5173/src/hooks/useWebWorker.ts?t=1750014984624
← [33m200[39m http://localhost:5173/src/components/WorkflowManager.css?t=1749992255972
← [33m200[39m http://localhost:5173/src/components/NotificationToast.css
← [33m200[39m http://localhost:5173/src/components/index.ts?t=1750030602543
→ GET http://localhost:5173/src/components/DataSourcePicker.tsx?t=1750030148913
→ GET http://localhost:5173/src/components/ProfilerUI.tsx?t=1750030188693
→ GET http://localhost:5173/src/components/TransformDesigner.tsx?t=1750030251852
→ GET http://localhost:5173/src/components/TransformOperationEditor.tsx?t=1750024154646
→ GET http://localhost:5173/src/components/TransformPreviewPanel.tsx
→ GET http://localhost:5173/src/components/TransformConfigDisplay.tsx?t=1750028445161
→ GET http://localhost:5173/src/components/RunWizard.tsx?t=1750030330428
→ GET http://localhost:5173/src/components/ResultExplorer.tsx?t=1750030490824
→ GET http://localhost:5173/src/components/SentimentInsights.tsx?t=1750028445161
→ GET http://localhost:5173/src/components/DataPreview.tsx
→ GET http://localhost:5173/src/components/VirtualScrollList.tsx
→ GET http://localhost:5173/src/components/ApiErrorDisplay.tsx
→ GET http://localhost:5173/src/components/ExportErrorHandler.tsx?t=1750028445161
→ GET http://localhost:5173/src/components/LargeFileUploader.tsx?t=1750030148913
→ GET http://localhost:5173/src/components/LargeDatasetExporter.tsx?t=1750028445161
→ GET http://localhost:5173/src/components/ElectronFeatureMonitor.tsx?t=1750028445161
→ GET http://localhost:5173/src/components/SecurityAuditReport.tsx?t=1750026236037
→ GET http://localhost:5173/src/components/SecurityBadge.tsx
→ GET http://localhost:5173/src/components/TransformPipelinePersistence.tsx?t=1750028445161
→ GET http://localhost:5173/src/components/SentimentAnalysisControl.tsx?t=1750028445161
→ GET http://localhost:5173/src/components/JobQueueManager.tsx?t=1750028445161
← [33m200[39m http://localhost:5173/src/components/LazyComponents.tsx?t=1750030490824
→ GET http://localhost:5173/src/utils/performance.ts
→ GET http://localhost:5173/src/components/LazyComponents.css
← [33m200[39m http://localhost:5173/node_modules/.vite/deps/chunk-KBNVMJOC.js?v=676c4d25
← [33m200[39m http://localhost:5173/src/components/ProgressIndicator.css
← [33m200[39m http://localhost:5173/src/components/MemoryMonitor.tsx?t=1750028445161
← [33m200[39m http://localhost:5173/src/components/SSEProgressIndicator.tsx?t=1750028445161
← [33m200[39m http://localhost:5173/src/components/ErrorBoundary.css
→ GET http://localhost:5173/src/hooks/useMemoryMonitor.ts?t=1750028445161
→ GET http://localhost:5173/src/components/MemoryMonitor.css
→ GET http://localhost:5173/src/components/SSEProgressIndicator.css
← [33m200[39m http://localhost:5173/src/components/WebSocketStatus.tsx?t=1750028445161
← [33m200[39m http://localhost:5173/src/components/RealTimeDashboard.css
→ GET http://localhost:5173/src/components/WebSocketStatus.css
← [33m200[39m http://localhost:5173/src/components/AppVersion.css
← [33m200[39m http://localhost:5173/src/components/DataSourcePicker.tsx?t=1750030148913
→ GET http://localhost:5173/src/hooks/useApiErrorHandler.ts?t=1750028445161
→ GET http://localhost:5173/src/components/DataSourcePicker.css?t=1750008828131
← [33m200[39m http://localhost:5173/src/components/ProfilerUI.tsx?t=1750030188693
→ GET http://localhost:5173/src/components/ProfilerUI.css?t=1750022315517
← [33m200[39m http://localhost:5173/src/components/TransformDesigner.tsx?t=1750030251852
→ GET http://localhost:5173/src/components/TransformDesigner.css
← [33m200[39m http://localhost:5173/src/components/TransformPreviewPanel.tsx
→ GET http://localhost:5173/src/components/TransformPreviewPanel.css
← [33m200[39m http://localhost:5173/src/components/TransformConfigDisplay.tsx?t=1750028445161
→ GET http://localhost:5173/src/components/TransformConfigDisplay.css
← [33m200[39m http://localhost:5173/src/components/RunWizard.tsx?t=1750030330428
→ GET http://localhost:5173/src/components/RunWizard.css?t=1749994688834
← [33m200[39m http://localhost:5173/src/components/ResultExplorer.tsx?t=1750030490824
← [33m200[39m http://localhost:5173/src/components/DataPreview.tsx
→ GET http://localhost:5173/src/hooks/useDebounce.ts
→ GET http://localhost:5173/src/components/ResultExplorer.css?t=1750008175222
→ GET http://localhost:5173/src/components/DataPreview.css
← [33m200[39m http://localhost:5173/src/components/VirtualScrollList.tsx
→ GET http://localhost:5173/src/components/VirtualScrollList.css
← [33m200[39m http://localhost:5173/src/components/TransformOperationEditor.tsx?t=1750024154646
→ GET http://localhost:5173/src/components/TransformOperationEditor.css
← [33m200[39m http://localhost:5173/src/components/ApiErrorDisplay.tsx
→ GET http://localhost:5173/src/components/ApiErrorDisplay.css
← [33m200[39m http://localhost:5173/src/components/ExportErrorHandler.tsx?t=1750028445161
→ GET http://localhost:5173/src/components/ExportErrorHandler.css
← [33m200[39m http://localhost:5173/src/components/SentimentInsights.tsx?t=1750028445161
→ GET http://localhost:5173/src/components/SentimentInsights.css
← [33m200[39m http://localhost:5173/src/components/LargeFileUploader.tsx?t=1750030148913
→ GET http://localhost:5173/src/hooks/useLargeFileUpload.ts?t=1750028445161
→ GET http://localhost:5173/src/components/LargeFileUploader.css
← [33m200[39m http://localhost:5173/src/components/LargeDatasetExporter.tsx?t=1750028445161
→ GET http://localhost:5173/src/components/LargeDatasetExporter.css
← [33m200[39m http://localhost:5173/src/components/SecurityAuditReport.tsx?t=1750026236037
→ GET http://localhost:5173/src/components/SecurityAuditReport.css
← [33m200[39m http://localhost:5173/src/components/SecurityBadge.tsx
→ GET http://localhost:5173/src/components/SecurityBadge.css
← [33m200[39m http://localhost:5173/src/components/ElectronFeatureMonitor.tsx?t=1750028445161
→ GET http://localhost:5173/src/components/ElectronFeatureMonitor.css
← [33m200[39m http://localhost:5173/src/components/SentimentAnalysisControl.tsx?t=1750028445161
→ GET http://localhost:5173/src/components/SentimentAnalysisControl.css
← [33m200[39m http://localhost:5173/src/components/JobQueueManager.tsx?t=1750028445161
← [33m200[39m http://localhost:5173/src/utils/performance.ts
← [33m200[39m http://localhost:5173/src/components/LazyComponents.css
→ GET http://localhost:5173/src/components/JobQueueManager.css
← [33m200[39m http://localhost:5173/src/components/TransformPipelinePersistence.tsx?t=1750028445161
→ GET http://localhost:5173/src/components/TransformPipelinePersistence.css
← [33m200[39m http://localhost:5173/src/components/MemoryMonitor.css
← [33m200[39m http://localhost:5173/src/components/SSEProgressIndicator.css
← [33m200[39m http://localhost:5173/src/components/WebSocketStatus.css
← [33m200[39m http://localhost:5173/src/hooks/useApiErrorHandler.ts?t=1750028445161
← [33m200[39m http://localhost:5173/src/hooks/useMemoryMonitor.ts?t=1750028445161
← [33m200[39m http://localhost:5173/src/components/ProfilerUI.css?t=1750022315517
← [33m200[39m http://localhost:5173/src/components/TransformDesigner.css
← [33m200[39m http://localhost:5173/src/components/TransformPreviewPanel.css
← [33m200[39m http://localhost:5173/src/components/TransformConfigDisplay.css
← [33m200[39m http://localhost:5173/src/components/DataSourcePicker.css?t=1750008828131
← [33m200[39m http://localhost:5173/src/hooks/useDebounce.ts
← [33m200[39m http://localhost:5173/src/components/ResultExplorer.css?t=1750008175222
← [33m200[39m http://localhost:5173/src/components/DataPreview.css
← [33m200[39m http://localhost:5173/src/components/RunWizard.css?t=1749994688834
← [33m200[39m http://localhost:5173/src/components/VirtualScrollList.css
← [33m200[39m http://localhost:5173/src/components/TransformOperationEditor.css
← [33m200[39m http://localhost:5173/src/components/ApiErrorDisplay.css
← [33m200[39m http://localhost:5173/src/components/ExportErrorHandler.css
← [33m200[39m http://localhost:5173/src/components/SentimentInsights.css
← [33m200[39m http://localhost:5173/src/hooks/useLargeFileUpload.ts?t=1750028445161
← [33m200[39m http://localhost:5173/src/components/LargeFileUploader.css
← [33m200[39m http://localhost:5173/src/components/SecurityBadge.css
← [33m200[39m http://localhost:5173/src/components/LargeDatasetExporter.css
← [33m200[39m http://localhost:5173/src/components/SecurityAuditReport.css
← [33m200[39m http://localhost:5173/src/components/ElectronFeatureMonitor.css
← [33m200[39m http://localhost:5173/src/components/SentimentAnalysisControl.css
← [33m200[39m http://localhost:5173/src/components/JobQueueManager.css
← [33m200[39m http://localhost:5173/src/components/TransformPipelinePersistence.css
Starting file picker upload test...
Found hidden file input, uploading directly...
Cleaned up test CSV file

[[ATTACHMENT|artifacts/csv-upload-CSV-File-Upload-bb328-le-picker-and-detect-fields-browser-chrome/test-failed-1.png]]

[[ATTACHMENT|artifacts/csv-upload-CSV-File-Upload-bb328-le-picker-and-detect-fields-browser-chrome/video.webm]]

[[ATTACHMENT|artifacts/csv-upload-CSV-File-Upload-bb328-le-picker-and-detect-fields-browser-chrome/error-context.md]]
]]>
</system-out>
</testcase>
<testcase name="CSV File Upload › should upload CSV via drag and drop" classname="csv-upload.spec.ts" time="1.266">
<properties>
<property name="skip" value="">
</property>
</properties>
<skipped>
</skipped>
</testcase>
<testcase name="CSV File Upload › should handle upload errors gracefully" classname="csv-upload.spec.ts" time="1.002">
<properties>
<property name="skip" value="">
</property>
</properties>
<skipped>
</skipped>
</testcase>
</testsuite>
<testsuite name="01-app-launch.spec.ts" timestamp="2025-06-15T23:53:34.693Z" hostname="browser-firefox" tests="7" failures="0" skipped="0" time="11.731" errors="0">
<testcase name="App Launch › web UI launches at localhost:5173" classname="01-app-launch.spec.ts" time="1.699">
</testcase>
<testcase name="App Launch › verify all main UI elements present" classname="01-app-launch.spec.ts" time="2.007">
</testcase>
<testcase name="App Launch › check platform bridge initialization" classname="01-app-launch.spec.ts" time="1.652">
<system-out>
<![CDATA[Platform mode indication shown: false
]]>
</system-out>
</testcase>
<testcase name="App Launch › verify responsive design on mobile viewport" classname="01-app-launch.spec.ts" time="2.306">
</testcase>
<testcase name="App Launch › verify dark mode toggle if available" classname="01-app-launch.spec.ts" time="0.871">
<system-out>
<![CDATA[No theme toggle found - feature may not be implemented
]]>
</system-out>
</testcase>
<testcase name="App Launch › verify app version display" classname="01-app-launch.spec.ts" time="0.817">
<system-out>
<![CDATA[App version found: v1.0.0
]]>
</system-out>
</testcase>
<testcase name="App Launch › verify initial performance metrics" classname="01-app-launch.spec.ts" time="2.379">
<system-out>
<![CDATA[Performance metrics: { domContentLoaded: [33m2[39m, loadComplete: [33m0[39m, totalTime: [33m204[39m }
]]>
</system-out>
</testcase>
</testsuite>
<testsuite name="02-file-upload.spec.ts" timestamp="2025-06-15T23:53:34.693Z" hostname="browser-firefox" tests="10" failures="9" skipped="0" time="25.051" errors="0">
<testcase name="File Upload Functionality › should upload small CSV file successfully" classname="02-file-upload.spec.ts" time="2.491">
<failure message="02-file-upload.spec.ts:29:7 should upload small CSV file successfully" type="FAILURE">
<![CDATA[  [browser-firefox] › 02-file-upload.spec.ts:29:7 › File Upload Functionality › should upload small CSV file successfully › Upload small CSV file 

    Error: expect.toBeAttached: Error: strict mode violation: locator('input[type="file"]') resolved to 2 elements:
        1) <input type="file" accept=".csv,.xlsx,.xls,.tsv" data-testid="file-input-button" aria-label="Select file to upload" aria-describedby="file-restrictions"/> aka getByTestId('file-input-button')
        2) <input multiple type="file" accept=".csv,.xlsx,.xls,.tsv" data-testid="hidden-file-input" aria-describedby="file-requirements" aria-label="Select data files for upload"/> aka getByTestId('hidden-file-input')

    Call log:
      - Expect "toBeAttached" with timeout 5000ms
      - waiting for locator('input[type="file"]')


       at ../fixtures/test-fixtures.ts:203

      201 |   // Now set the file input (works for both browser and Electron modes)
      202 |   const fileInput = page.locator('input[type="file"]');
    > 203 |   await expect(fileInput).toBeAttached({ timeout: 5000 });
          |                           ^
      204 |   await fileInput.setInputFiles(filePath);
      205 | };
      206 |
        at uploadFile (/Users/thomaswagner/Documents/datacloak-sentiment-workbench/packages/e2e-tests/fixtures/test-fixtures.ts:203:27)
        at /Users/thomaswagner/Documents/datacloak-sentiment-workbench/packages/e2e-tests/tests/02-file-upload.spec.ts:31:7
        at /Users/thomaswagner/Documents/datacloak-sentiment-workbench/packages/e2e-tests/tests/02-file-upload.spec.ts:30:5

    attachment #1: screenshot (image/png) ──────────────────────────────────────────────────────────
    test-results/artifacts/02-file-upload-File-Upload-7698c-small-CSV-file-successfully-browser-firefox/test-failed-1.png
    ────────────────────────────────────────────────────────────────────────────────────────────────

    attachment #2: video (video/webm) ──────────────────────────────────────────────────────────────
    test-results/artifacts/02-file-upload-File-Upload-7698c-small-CSV-file-successfully-browser-firefox/video.webm
    ────────────────────────────────────────────────────────────────────────────────────────────────

    Error Context: ../test-results/artifacts/02-file-upload-File-Upload-7698c-small-CSV-file-successfully-browser-firefox/error-context.md
]]>
</failure>
<system-out>
<![CDATA[→ GET http://localhost:5173/
← [33m200[39m http://localhost:5173/
→ GET http://localhost:5173/@vite/client
→ GET http://localhost:5173/src/main.tsx?t=1750030703180
→ GET http://localhost:5173/@react-refresh
← [33m200[39m http://localhost:5173/@vite/client
← [33m200[39m http://localhost:5173/src/main.tsx?t=1750030703180
← [33m200[39m http://localhost:5173/@react-refresh
→ GET http://localhost:5173/node_modules/.vite/deps/react_jsx-dev-runtime.js?v=6c3f721c
→ GET http://localhost:5173/node_modules/.vite/deps/react.js?v=6c3f721c
→ GET http://localhost:5173/node_modules/.vite/deps/react-dom_client.js?v=a50e1294
→ GET http://localhost:5173/src/index.css
→ GET http://localhost:5173/src/App.tsx?t=1750030703180
→ GET http://localhost:5173/node_modules/vite/dist/client/env.mjs
← [33m200[39m http://localhost:5173/node_modules/.vite/deps/react_jsx-dev-runtime.js?v=6c3f721c
← [33m200[39m http://localhost:5173/node_modules/.vite/deps/react.js?v=6c3f721c
→ GET http://localhost:5173/node_modules/.vite/deps/chunk-UBDIXFPO.js?v=676c4d25
← [33m200[39m http://localhost:5173/node_modules/.vite/deps/react-dom_client.js?v=a50e1294
← [33m200[39m http://localhost:5173/src/index.css
← [33m200[39m http://localhost:5173/node_modules/vite/dist/client/env.mjs
← [33m200[39m http://localhost:5173/src/App.tsx?t=1750030703180
← [33m200[39m http://localhost:5173/node_modules/.vite/deps/chunk-UBDIXFPO.js?v=676c4d25
→ GET http://localhost:5173/src/App.css?t=1750030703180
→ GET http://localhost:5173/src/context/AppContext.tsx?t=1750028445161
→ GET http://localhost:5173/src/components/Navigation.tsx?t=1750030602543
→ GET http://localhost:5173/src/components/WorkflowManager.tsx?t=1750030602543
→ GET http://localhost:5173/src/components/NotificationToast.tsx?t=1750028445161
→ GET http://localhost:5173/src/components/ErrorBoundary.tsx
→ GET http://localhost:5173/src/components/ProgressIndicator.tsx?t=1750015148848
→ GET http://localhost:5173/src/components/RealTimeDashboard.tsx?t=1750028445161
→ GET http://localhost:5173/?token=fAzfQjQsyiNL
← [33m101[39m http://localhost:5173/?token=fAzfQjQsyiNL
← [33m200[39m http://localhost:5173/src/App.css?t=1750030703180
← [33m200[39m http://localhost:5173/src/context/AppContext.tsx?t=1750028445161
← [33m200[39m http://localhost:5173/src/components/ErrorBoundary.tsx
← [33m200[39m http://localhost:5173/src/components/Navigation.tsx?t=1750030602543
← [33m200[39m http://localhost:5173/src/components/WorkflowManager.tsx?t=1750030602543
← [33m200[39m http://localhost:5173/src/components/NotificationToast.tsx?t=1750028445161
← [33m200[39m http://localhost:5173/src/components/RealTimeDashboard.tsx?t=1750028445161
← [33m200[39m http://localhost:5173/src/components/ProgressIndicator.tsx?t=1750015148848
→ GET http://localhost:5173/node_modules/.vite/deps/chunk-KBNVMJOC.js?v=676c4d25
→ GET http://localhost:5173/src/components/ErrorBoundary.css
→ GET http://localhost:5173/src/components/AppVersion.tsx
→ GET http://localhost:5173/src/components/Navigation.css?t=1749995170122
→ GET http://localhost:5173/src/components/NotificationToast.css
← [33m200[39m http://localhost:5173/node_modules/.vite/deps/chunk-KBNVMJOC.js?v=676c4d25
→ GET http://localhost:5173/src/components/index.ts?t=1750030602543
→ GET http://localhost:5173/src/components/LazyComponents.tsx?t=1750030490824
→ GET http://localhost:5173/src/hooks/useWebWorker.ts?t=1750014984624
→ GET http://localhost:5173/src/components/WorkflowManager.css?t=1749992255972
→ GET http://localhost:5173/src/components/MemoryMonitor.tsx?t=1750028445161
→ GET http://localhost:5173/src/components/SSEProgressIndicator.tsx?t=1750028445161
→ GET http://localhost:5173/src/components/WebSocketStatus.tsx?t=1750028445161
→ GET http://localhost:5173/src/components/RealTimeDashboard.css
→ GET http://localhost:5173/src/components/ProgressIndicator.css
← [33m200[39m http://localhost:5173/src/components/AppVersion.tsx
← [33m200[39m http://localhost:5173/src/components/ErrorBoundary.css
← [33m200[39m http://localhost:5173/src/components/Navigation.css?t=1749995170122
← [33m200[39m http://localhost:5173/src/components/NotificationToast.css
← [33m200[39m http://localhost:5173/src/components/index.ts?t=1750030602543
← [33m200[39m http://localhost:5173/src/components/LazyComponents.tsx?t=1750030490824
← [33m200[39m http://localhost:5173/src/hooks/useWebWorker.ts?t=1750014984624
← [33m200[39m http://localhost:5173/src/components/WorkflowManager.css?t=1749992255972
← [33m200[39m http://localhost:5173/src/components/MemoryMonitor.tsx?t=1750028445161
← [33m200[39m http://localhost:5173/src/components/SSEProgressIndicator.tsx?t=1750028445161
→ GET http://localhost:5173/src/components/AppVersion.css
→ GET http://localhost:5173/src/components/DataSourcePicker.tsx?t=1750030148913
→ GET http://localhost:5173/src/components/ProfilerUI.tsx?t=1750030188693
→ GET http://localhost:5173/src/components/TransformDesigner.tsx?t=1750030251852
→ GET http://localhost:5173/src/components/TransformOperationEditor.tsx?t=1750024154646
→ GET http://localhost:5173/src/components/TransformPreviewPanel.tsx
← [33m200[39m http://localhost:5173/src/components/RealTimeDashboard.css
→ GET http://localhost:5173/src/components/TransformConfigDisplay.tsx?t=1750028445161
→ GET http://localhost:5173/src/components/RunWizard.tsx?t=1750030330428
→ GET http://localhost:5173/src/components/ResultExplorer.tsx?t=1750030490824
→ GET http://localhost:5173/src/components/SentimentInsights.tsx?t=1750028445161
→ GET http://localhost:5173/src/components/DataPreview.tsx
→ GET http://localhost:5173/src/components/VirtualScrollList.tsx
→ GET http://localhost:5173/src/components/ApiErrorDisplay.tsx
→ GET http://localhost:5173/src/components/ExportErrorHandler.tsx?t=1750028445161
← [33m200[39m http://localhost:5173/src/components/WebSocketStatus.tsx?t=1750028445161
→ GET http://localhost:5173/src/components/LargeFileUploader.tsx?t=1750030148913
→ GET http://localhost:5173/src/components/LargeDatasetExporter.tsx?t=1750028445161
→ GET http://localhost:5173/src/components/ElectronFeatureMonitor.tsx?t=1750028445161
→ GET http://localhost:5173/src/components/SecurityAuditReport.tsx?t=1750026236037
→ GET http://localhost:5173/src/components/SecurityBadge.tsx
→ GET http://localhost:5173/src/components/TransformPipelinePersistence.tsx?t=1750028445161
→ GET http://localhost:5173/src/components/SentimentAnalysisControl.tsx?t=1750028445161
← [33m200[39m http://localhost:5173/src/components/ProgressIndicator.css
→ GET http://localhost:5173/src/components/JobQueueManager.tsx?t=1750028445161
→ GET http://localhost:5173/src/utils/performance.ts
→ GET http://localhost:5173/src/components/LazyComponents.css
← [33m200[39m http://localhost:5173/src/components/AppVersion.css
→ GET http://localhost:5173/src/hooks/useMemoryMonitor.ts?t=1750028445161
→ GET http://localhost:5173/src/components/MemoryMonitor.css
→ GET http://localhost:5173/src/components/SSEProgressIndicator.css
← [33m200[39m http://localhost:5173/src/components/DataSourcePicker.tsx?t=1750030148913
← [33m200[39m http://localhost:5173/src/components/TransformDesigner.tsx?t=1750030251852
← [33m200[39m http://localhost:5173/src/components/ProfilerUI.tsx?t=1750030188693
← [33m200[39m http://localhost:5173/src/components/TransformConfigDisplay.tsx?t=1750028445161
← [33m200[39m http://localhost:5173/src/components/TransformPreviewPanel.tsx
← [33m200[39m http://localhost:5173/src/components/TransformOperationEditor.tsx?t=1750024154646
← [33m200[39m http://localhost:5173/src/components/RunWizard.tsx?t=1750030330428
← [33m200[39m http://localhost:5173/src/components/ResultExplorer.tsx?t=1750030490824
← [33m200[39m http://localhost:5173/src/components/SentimentInsights.tsx?t=1750028445161
← [33m200[39m http://localhost:5173/src/components/DataPreview.tsx
← [33m200[39m http://localhost:5173/src/components/VirtualScrollList.tsx
← [33m200[39m http://localhost:5173/src/components/ApiErrorDisplay.tsx
← [33m200[39m http://localhost:5173/src/components/ElectronFeatureMonitor.tsx?t=1750028445161
← [33m200[39m http://localhost:5173/src/components/LargeFileUploader.tsx?t=1750030148913
← [33m200[39m http://localhost:5173/src/components/LargeDatasetExporter.tsx?t=1750028445161
← [33m200[39m http://localhost:5173/src/components/ExportErrorHandler.tsx?t=1750028445161
← [33m200[39m http://localhost:5173/src/components/TransformPipelinePersistence.tsx?t=1750028445161
← [33m200[39m http://localhost:5173/src/components/SecurityAuditReport.tsx?t=1750026236037
← [33m200[39m http://localhost:5173/src/components/SecurityBadge.tsx
→ GET http://localhost:5173/src/components/WebSocketStatus.css
← [33m200[39m http://localhost:5173/src/components/SentimentAnalysisControl.tsx?t=1750028445161
← [33m200[39m http://localhost:5173/src/components/JobQueueManager.tsx?t=1750028445161
← [33m200[39m http://localhost:5173/src/utils/performance.ts
← [33m200[39m http://localhost:5173/src/components/LazyComponents.css
← [33m200[39m http://localhost:5173/src/components/SSEProgressIndicator.css
← [33m200[39m http://localhost:5173/src/hooks/useMemoryMonitor.ts?t=1750028445161
← [33m200[39m http://localhost:5173/src/components/MemoryMonitor.css
← [33m200[39m http://localhost:5173/src/components/WebSocketStatus.css
→ GET http://localhost:5173/src/hooks/useApiErrorHandler.ts?t=1750028445161
→ GET http://localhost:5173/src/components/DataSourcePicker.css?t=1750008828131
→ GET http://localhost:5173/src/components/TransformDesigner.css
← [33m200[39m http://localhost:5173/src/components/DataSourcePicker.css?t=1750008828131
← [33m200[39m http://localhost:5173/src/hooks/useApiErrorHandler.ts?t=1750028445161
← [33m200[39m http://localhost:5173/src/components/TransformDesigner.css
→ GET http://localhost:5173/src/components/ProfilerUI.css?t=1750022315517
← [33m200[39m http://localhost:5173/src/components/ProfilerUI.css?t=1750022315517
→ GET http://localhost:5173/src/components/TransformConfigDisplay.css
→ GET http://localhost:5173/src/components/TransformPreviewPanel.css
→ GET http://localhost:5173/src/components/TransformOperationEditor.css
→ GET http://localhost:5173/src/components/RunWizard.css?t=1749994688834
← [33m200[39m http://localhost:5173/src/components/TransformConfigDisplay.css
← [33m200[39m http://localhost:5173/src/components/TransformPreviewPanel.css
→ GET http://localhost:5173/src/hooks/useDebounce.ts
→ GET http://localhost:5173/src/components/ResultExplorer.css?t=1750008175222
→ GET http://localhost:5173/src/components/SentimentInsights.css
→ GET http://localhost:5173/src/components/DataPreview.css
← [33m200[39m http://localhost:5173/src/components/TransformOperationEditor.css
← [33m200[39m http://localhost:5173/src/components/RunWizard.css?t=1749994688834
← [33m200[39m http://localhost:5173/src/components/ResultExplorer.css?t=1750008175222
← [33m200[39m http://localhost:5173/src/hooks/useDebounce.ts
→ GET http://localhost:5173/src/components/VirtualScrollList.css
→ GET http://localhost:5173/src/components/ApiErrorDisplay.css
← [33m200[39m http://localhost:5173/src/components/SentimentInsights.css
← [33m200[39m http://localhost:5173/src/components/DataPreview.css
→ GET http://localhost:5173/src/components/ElectronFeatureMonitor.css
→ GET http://localhost:5173/src/hooks/useLargeFileUpload.ts?t=1750028445161
← [33m200[39m http://localhost:5173/src/components/ApiErrorDisplay.css
→ GET http://localhost:5173/src/components/LargeFileUploader.css
→ GET http://localhost:5173/src/components/LargeDatasetExporter.css
← [33m200[39m http://localhost:5173/src/components/VirtualScrollList.css
← [33m200[39m http://localhost:5173/src/hooks/useLargeFileUpload.ts?t=1750028445161
← [33m200[39m http://localhost:5173/src/components/ElectronFeatureMonitor.css
← [33m200[39m http://localhost:5173/src/components/LargeFileUploader.css
← [33m200[39m http://localhost:5173/src/components/LargeDatasetExporter.css
→ GET http://localhost:5173/src/components/ExportErrorHandler.css
→ GET http://localhost:5173/src/components/TransformPipelinePersistence.css
→ GET http://localhost:5173/src/components/SecurityAuditReport.css
→ GET http://localhost:5173/src/components/SecurityBadge.css
→ GET http://localhost:5173/src/components/SentimentAnalysisControl.css
→ GET http://localhost:5173/src/components/JobQueueManager.css
← [33m200[39m http://localhost:5173/src/components/ExportErrorHandler.css
← [33m200[39m http://localhost:5173/src/components/TransformPipelinePersistence.css
← [33m200[39m http://localhost:5173/src/components/SecurityAuditReport.css
← [33m200[39m http://localhost:5173/src/components/JobQueueManager.css
← [33m200[39m http://localhost:5173/src/components/SentimentAnalysisControl.css
← [33m200[39m http://localhost:5173/src/components/SecurityBadge.css
→ GET http://localhost:5173/vite.svg
← [33m200[39m http://localhost:5173/vite.svg

[[ATTACHMENT|artifacts/02-file-upload-File-Upload-7698c-small-CSV-file-successfully-browser-firefox/test-failed-1.png]]

[[ATTACHMENT|artifacts/02-file-upload-File-Upload-7698c-small-CSV-file-successfully-browser-firefox/video.webm]]

[[ATTACHMENT|artifacts/02-file-upload-File-Upload-7698c-small-CSV-file-successfully-browser-firefox/error-context.md]]
]]>
</system-out>
<system-err>
<![CDATA[Console Error: [JavaScript Error: "Error: Error: strict mode violation: locator('input[type="file"]') resolved to 2 elements:
    1) <input type="file" accept=".csv,.xlsx,.xls,.tsv" data-testid="file-input-button" aria-label="Select file to upload" aria-describedby="file-restrictions"/> aka getByTestId('file-input-button')
    2) <input multiple type="file" accept=".csv,.xlsx,.xls,.tsv" data-testid="hidden-file-input" aria-describedby="file-requirements" aria-label="Select data files for upload"/> aka getByTestId('hidden-file-input')
" {file: "debugger eval code" line: 7299}]
(node:36826) [DEP0147] DeprecationWarning: In future versions of Node.js, fs.rmdir(path, { recursive: true }) will be removed. Use fs.rm(path, { recursive: true }) instead
(Use `node --trace-deprecation ...` to show where the warning was created)
]]>
</system-err>
</testcase>
<testcase name="File Upload Functionality › should upload medium CSV file with progress indication" classname="02-file-upload.spec.ts" time="2.334">
<failure message="02-file-upload.spec.ts:60:7 should upload medium CSV file with progress indication" type="FAILURE">
<![CDATA[  [browser-firefox] › 02-file-upload.spec.ts:60:7 › File Upload Functionality › should upload medium CSV file with progress indication › Upload medium CSV file 

    Error: expect.toBeAttached: Error: strict mode violation: locator('input[type="file"]') resolved to 2 elements:
        1) <input type="file" accept=".csv,.xlsx,.xls,.tsv" data-testid="file-input-button" aria-label="Select file to upload" aria-describedby="file-restrictions"/> aka getByTestId('file-input-button')
        2) <input multiple type="file" accept=".csv,.xlsx,.xls,.tsv" data-testid="hidden-file-input" aria-describedby="file-requirements" aria-label="Select data files for upload"/> aka getByTestId('hidden-file-input')

    Call log:
      - Expect "toBeAttached" with timeout 5000ms
      - waiting for locator('input[type="file"]')


       at ../fixtures/test-fixtures.ts:203

      201 |   // Now set the file input (works for both browser and Electron modes)
      202 |   const fileInput = page.locator('input[type="file"]');
    > 203 |   await expect(fileInput).toBeAttached({ timeout: 5000 });
          |                           ^
      204 |   await fileInput.setInputFiles(filePath);
      205 | };
      206 |
        at uploadFile (/Users/thomaswagner/Documents/datacloak-sentiment-workbench/packages/e2e-tests/fixtures/test-fixtures.ts:203:27)
        at /Users/thomaswagner/Documents/datacloak-sentiment-workbench/packages/e2e-tests/tests/02-file-upload.spec.ts:62:7
        at /Users/thomaswagner/Documents/datacloak-sentiment-workbench/packages/e2e-tests/tests/02-file-upload.spec.ts:61:5

    attachment #1: screenshot (image/png) ──────────────────────────────────────────────────────────
    test-results/artifacts/02-file-upload-File-Upload-0a670-le-with-progress-indication-browser-firefox/test-failed-1.png
    ────────────────────────────────────────────────────────────────────────────────────────────────

    attachment #2: video (video/webm) ──────────────────────────────────────────────────────────────
    test-results/artifacts/02-file-upload-File-Upload-0a670-le-with-progress-indication-browser-firefox/video.webm
    ────────────────────────────────────────────────────────────────────────────────────────────────

    Error Context: ../test-results/artifacts/02-file-upload-File-Upload-0a670-le-with-progress-indication-browser-firefox/error-context.md
]]>
</failure>
<system-out>
<![CDATA[→ GET http://localhost:5173/
← [33m200[39m http://localhost:5173/
→ GET http://localhost:5173/@vite/client
→ GET http://localhost:5173/src/main.tsx?t=1750030703180
→ GET http://localhost:5173/@react-refresh
← [33m200[39m http://localhost:5173/@vite/client
← [33m200[39m http://localhost:5173/src/main.tsx?t=1750030703180
← [33m200[39m http://localhost:5173/@react-refresh
→ GET http://localhost:5173/node_modules/.vite/deps/react_jsx-dev-runtime.js?v=6c3f721c
→ GET http://localhost:5173/node_modules/.vite/deps/react.js?v=6c3f721c
→ GET http://localhost:5173/node_modules/.vite/deps/react-dom_client.js?v=a50e1294
→ GET http://localhost:5173/src/index.css
→ GET http://localhost:5173/src/App.tsx?t=1750030703180
→ GET http://localhost:5173/node_modules/vite/dist/client/env.mjs
← [33m200[39m http://localhost:5173/node_modules/.vite/deps/react_jsx-dev-runtime.js?v=6c3f721c
← [33m200[39m http://localhost:5173/node_modules/.vite/deps/react.js?v=6c3f721c
← [33m200[39m http://localhost:5173/src/index.css
← [33m200[39m http://localhost:5173/node_modules/.vite/deps/react-dom_client.js?v=a50e1294
← [33m200[39m http://localhost:5173/src/App.tsx?t=1750030703180
← [33m200[39m http://localhost:5173/node_modules/vite/dist/client/env.mjs
→ GET http://localhost:5173/node_modules/.vite/deps/chunk-UBDIXFPO.js?v=676c4d25
← [33m200[39m http://localhost:5173/node_modules/.vite/deps/chunk-UBDIXFPO.js?v=676c4d25
→ GET http://localhost:5173/src/App.css?t=1750030703180
→ GET http://localhost:5173/?token=fAzfQjQsyiNL
← [33m101[39m http://localhost:5173/?token=fAzfQjQsyiNL
→ GET http://localhost:5173/src/context/AppContext.tsx?t=1750028445161
→ GET http://localhost:5173/src/components/Navigation.tsx?t=1750030602543
→ GET http://localhost:5173/src/components/WorkflowManager.tsx?t=1750030602543
→ GET http://localhost:5173/src/components/NotificationToast.tsx?t=1750028445161
→ GET http://localhost:5173/src/components/ErrorBoundary.tsx
← [33m200[39m http://localhost:5173/src/App.css?t=1750030703180
→ GET http://localhost:5173/src/components/ProgressIndicator.tsx?t=1750015148848
→ GET http://localhost:5173/src/components/RealTimeDashboard.tsx?t=1750028445161
← [33m200[39m http://localhost:5173/src/context/AppContext.tsx?t=1750028445161
← [33m200[39m http://localhost:5173/src/components/Navigation.tsx?t=1750030602543
← [33m200[39m http://localhost:5173/src/components/WorkflowManager.tsx?t=1750030602543
← [33m200[39m http://localhost:5173/src/components/NotificationToast.tsx?t=1750028445161
← [33m200[39m http://localhost:5173/src/components/ErrorBoundary.tsx
← [33m200[39m http://localhost:5173/src/components/ProgressIndicator.tsx?t=1750015148848
← [33m200[39m http://localhost:5173/src/components/RealTimeDashboard.tsx?t=1750028445161
→ GET http://localhost:5173/node_modules/.vite/deps/chunk-KBNVMJOC.js?v=676c4d25
→ GET http://localhost:5173/src/components/AppVersion.tsx
→ GET http://localhost:5173/src/components/Navigation.css?t=1749995170122
→ GET http://localhost:5173/src/components/index.ts?t=1750030602543
→ GET http://localhost:5173/src/components/LazyComponents.tsx?t=1750030490824
→ GET http://localhost:5173/src/hooks/useWebWorker.ts?t=1750014984624
→ GET http://localhost:5173/src/components/WorkflowManager.css?t=1749992255972
→ GET http://localhost:5173/src/components/NotificationToast.css
← [33m200[39m http://localhost:5173/node_modules/.vite/deps/chunk-KBNVMJOC.js?v=676c4d25
← [33m200[39m http://localhost:5173/src/components/AppVersion.tsx
← [33m200[39m http://localhost:5173/src/components/Navigation.css?t=1749995170122
← [33m200[39m http://localhost:5173/src/components/index.ts?t=1750030602543
→ GET http://localhost:5173/src/components/ProgressIndicator.css
→ GET http://localhost:5173/src/components/ErrorBoundary.css
← [33m200[39m http://localhost:5173/src/components/LazyComponents.tsx?t=1750030490824
← [33m200[39m http://localhost:5173/src/hooks/useWebWorker.ts?t=1750014984624
← [33m200[39m http://localhost:5173/src/components/WorkflowManager.css?t=1749992255972
← [33m200[39m http://localhost:5173/src/components/NotificationToast.css
→ GET http://localhost:5173/src/components/MemoryMonitor.tsx?t=1750028445161
→ GET http://localhost:5173/src/components/SSEProgressIndicator.tsx?t=1750028445161
→ GET http://localhost:5173/src/components/WebSocketStatus.tsx?t=1750028445161
→ GET http://localhost:5173/src/components/RealTimeDashboard.css
→ GET http://localhost:5173/src/components/AppVersion.css
← [33m200[39m http://localhost:5173/src/components/ErrorBoundary.css
← [33m200[39m http://localhost:5173/src/components/ProgressIndicator.css
→ GET http://localhost:5173/src/components/DataSourcePicker.tsx?t=1750030148913
→ GET http://localhost:5173/src/components/ProfilerUI.tsx?t=1750030188693
→ GET http://localhost:5173/src/components/TransformDesigner.tsx?t=1750030251852
→ GET http://localhost:5173/src/components/TransformOperationEditor.tsx?t=1750024154646
→ GET http://localhost:5173/src/components/TransformPreviewPanel.tsx
→ GET http://localhost:5173/src/components/TransformConfigDisplay.tsx?t=1750028445161
→ GET http://localhost:5173/src/components/RunWizard.tsx?t=1750030330428
→ GET http://localhost:5173/src/components/ResultExplorer.tsx?t=1750030490824
← [33m200[39m http://localhost:5173/src/components/MemoryMonitor.tsx?t=1750028445161
→ GET http://localhost:5173/src/components/SentimentInsights.tsx?t=1750028445161
→ GET http://localhost:5173/src/components/DataPreview.tsx
→ GET http://localhost:5173/src/components/VirtualScrollList.tsx
→ GET http://localhost:5173/src/components/ApiErrorDisplay.tsx
→ GET http://localhost:5173/src/components/ExportErrorHandler.tsx?t=1750028445161
→ GET http://localhost:5173/src/components/LargeFileUploader.tsx?t=1750030148913
← [33m200[39m http://localhost:5173/src/components/SSEProgressIndicator.tsx?t=1750028445161
→ GET http://localhost:5173/src/components/LargeDatasetExporter.tsx?t=1750028445161
→ GET http://localhost:5173/src/components/ElectronFeatureMonitor.tsx?t=1750028445161
→ GET http://localhost:5173/src/components/SecurityAuditReport.tsx?t=1750026236037
→ GET http://localhost:5173/src/components/SecurityBadge.tsx
→ GET http://localhost:5173/src/components/TransformPipelinePersistence.tsx?t=1750028445161
→ GET http://localhost:5173/src/components/SentimentAnalysisControl.tsx?t=1750028445161
← [33m200[39m http://localhost:5173/src/components/WebSocketStatus.tsx?t=1750028445161
→ GET http://localhost:5173/src/components/JobQueueManager.tsx?t=1750028445161
← [33m200[39m http://localhost:5173/src/components/RealTimeDashboard.css
→ GET http://localhost:5173/src/utils/performance.ts
→ GET http://localhost:5173/src/components/LazyComponents.css
← [33m200[39m http://localhost:5173/src/components/AppVersion.css
← [33m200[39m http://localhost:5173/src/components/DataSourcePicker.tsx?t=1750030148913
← [33m200[39m http://localhost:5173/src/components/ProfilerUI.tsx?t=1750030188693
← [33m200[39m http://localhost:5173/src/components/TransformDesigner.tsx?t=1750030251852
→ GET http://localhost:5173/src/hooks/useMemoryMonitor.ts?t=1750028445161
→ GET http://localhost:5173/src/components/MemoryMonitor.css
← [33m200[39m http://localhost:5173/src/components/TransformOperationEditor.tsx?t=1750024154646
← [33m200[39m http://localhost:5173/src/components/RunWizard.tsx?t=1750030330428
← [33m200[39m http://localhost:5173/src/components/TransformPreviewPanel.tsx
→ GET http://localhost:5173/src/components/SSEProgressIndicator.css
← [33m200[39m http://localhost:5173/src/components/ResultExplorer.tsx?t=1750030490824
← [33m200[39m http://localhost:5173/src/components/DataPreview.tsx
← [33m200[39m http://localhost:5173/src/components/SentimentInsights.tsx?t=1750028445161
→ GET http://localhost:5173/src/components/WebSocketStatus.css
← [33m200[39m http://localhost:5173/src/components/VirtualScrollList.tsx
← [33m200[39m http://localhost:5173/src/components/TransformConfigDisplay.tsx?t=1750028445161
← [33m200[39m http://localhost:5173/src/components/ExportErrorHandler.tsx?t=1750028445161
← [33m200[39m http://localhost:5173/src/components/LargeDatasetExporter.tsx?t=1750028445161
← [33m200[39m http://localhost:5173/src/components/LargeFileUploader.tsx?t=1750030148913
← [33m200[39m http://localhost:5173/src/components/ApiErrorDisplay.tsx
← [33m200[39m http://localhost:5173/src/components/ElectronFeatureMonitor.tsx?t=1750028445161
← [33m200[39m http://localhost:5173/src/components/SecurityBadge.tsx
← [33m200[39m http://localhost:5173/src/components/TransformPipelinePersistence.tsx?t=1750028445161
← [33m200[39m http://localhost:5173/src/components/SentimentAnalysisControl.tsx?t=1750028445161
← [33m200[39m http://localhost:5173/src/utils/performance.ts
← [33m200[39m http://localhost:5173/src/components/SecurityAuditReport.tsx?t=1750026236037
← [33m200[39m http://localhost:5173/src/components/LazyComponents.css
← [33m200[39m http://localhost:5173/src/components/MemoryMonitor.css
← [33m200[39m http://localhost:5173/src/hooks/useMemoryMonitor.ts?t=1750028445161
← [33m200[39m http://localhost:5173/src/components/JobQueueManager.tsx?t=1750028445161
← [33m200[39m http://localhost:5173/src/components/SSEProgressIndicator.css
→ GET http://localhost:5173/src/hooks/useApiErrorHandler.ts?t=1750028445161
→ GET http://localhost:5173/src/components/DataSourcePicker.css?t=1750008828131
→ GET http://localhost:5173/src/components/TransformDesigner.css
← [33m200[39m http://localhost:5173/src/components/WebSocketStatus.css
→ GET http://localhost:5173/src/components/ProfilerUI.css?t=1750022315517
→ GET http://localhost:5173/src/components/RunWizard.css?t=1749994688834
→ GET http://localhost:5173/src/components/TransformOperationEditor.css
→ GET http://localhost:5173/src/components/DataPreview.css
→ GET http://localhost:5173/src/components/TransformPreviewPanel.css
→ GET http://localhost:5173/src/hooks/useDebounce.ts
→ GET http://localhost:5173/src/components/ResultExplorer.css?t=1750008175222
→ GET http://localhost:5173/src/components/SentimentInsights.css
→ GET http://localhost:5173/src/components/VirtualScrollList.css
→ GET http://localhost:5173/src/components/TransformConfigDisplay.css
→ GET http://localhost:5173/src/components/ExportErrorHandler.css
→ GET http://localhost:5173/src/components/LargeDatasetExporter.css
→ GET http://localhost:5173/src/hooks/useLargeFileUpload.ts?t=1750028445161
→ GET http://localhost:5173/src/components/LargeFileUploader.css
← [33m200[39m http://localhost:5173/src/hooks/useApiErrorHandler.ts?t=1750028445161
← [33m200[39m http://localhost:5173/src/components/DataSourcePicker.css?t=1750008828131
← [33m200[39m http://localhost:5173/src/components/TransformDesigner.css
→ GET http://localhost:5173/src/components/ApiErrorDisplay.css
→ GET http://localhost:5173/src/components/SecurityBadge.css
→ GET http://localhost:5173/src/components/ElectronFeatureMonitor.css
← [33m200[39m http://localhost:5173/src/components/ProfilerUI.css?t=1750022315517
← [33m200[39m http://localhost:5173/src/components/RunWizard.css?t=1749994688834
← [33m200[39m http://localhost:5173/src/components/DataPreview.css
← [33m200[39m http://localhost:5173/src/components/TransformOperationEditor.css
← [33m200[39m http://localhost:5173/src/components/TransformPreviewPanel.css
← [33m200[39m http://localhost:5173/src/hooks/useDebounce.ts
← [33m200[39m http://localhost:5173/src/components/ResultExplorer.css?t=1750008175222
← [33m200[39m http://localhost:5173/src/components/SentimentInsights.css
→ GET http://localhost:5173/src/components/SentimentAnalysisControl.css
→ GET http://localhost:5173/src/components/TransformPipelinePersistence.css
← [33m200[39m http://localhost:5173/src/components/VirtualScrollList.css
← [33m200[39m http://localhost:5173/src/components/TransformConfigDisplay.css
→ GET http://localhost:5173/src/components/SecurityAuditReport.css
← [33m200[39m http://localhost:5173/src/components/ExportErrorHandler.css
→ GET http://localhost:5173/src/components/JobQueueManager.css
← [33m200[39m http://localhost:5173/src/components/LargeDatasetExporter.css
← [33m200[39m http://localhost:5173/src/hooks/useLargeFileUpload.ts?t=1750028445161
← [33m200[39m http://localhost:5173/src/components/LargeFileUploader.css
← [33m200[39m http://localhost:5173/src/components/ApiErrorDisplay.css
← [33m200[39m http://localhost:5173/src/components/SecurityBadge.css
← [33m200[39m http://localhost:5173/src/components/ElectronFeatureMonitor.css
← [33m200[39m http://localhost:5173/src/components/SentimentAnalysisControl.css
← [33m200[39m http://localhost:5173/src/components/TransformPipelinePersistence.css
← [33m200[39m http://localhost:5173/src/components/SecurityAuditReport.css
← [33m200[39m http://localhost:5173/src/components/JobQueueManager.css
→ GET http://localhost:5173/vite.svg
← [33m200[39m http://localhost:5173/vite.svg

[[ATTACHMENT|artifacts/02-file-upload-File-Upload-0a670-le-with-progress-indication-browser-firefox/test-failed-1.png]]

[[ATTACHMENT|artifacts/02-file-upload-File-Upload-0a670-le-with-progress-indication-browser-firefox/video.webm]]

[[ATTACHMENT|artifacts/02-file-upload-File-Upload-0a670-le-with-progress-indication-browser-firefox/error-context.md]]
]]>
</system-out>
<system-err>
<![CDATA[Console Error: [JavaScript Error: "Error: Error: strict mode violation: locator('input[type="file"]') resolved to 2 elements:
    1) <input type="file" accept=".csv,.xlsx,.xls,.tsv" data-testid="file-input-button" aria-label="Select file to upload" aria-describedby="file-restrictions"/> aka getByTestId('file-input-button')
    2) <input multiple type="file" accept=".csv,.xlsx,.xls,.tsv" data-testid="hidden-file-input" aria-describedby="file-requirements" aria-label="Select data files for upload"/> aka getByTestId('hidden-file-input')
" {file: "debugger eval code" line: 7299}]
(node:36823) [DEP0147] DeprecationWarning: In future versions of Node.js, fs.rmdir(path, { recursive: true }) will be removed. Use fs.rm(path, { recursive: true }) instead
(Use `node --trace-deprecation ...` to show where the warning was created)
]]>
</system-err>
</testcase>
<testcase name="File Upload Functionality › should handle large CSV file upload" classname="02-file-upload.spec.ts" time="2.39">
<failure message="02-file-upload.spec.ts:107:7 should handle large CSV file upload" type="FAILURE">
<![CDATA[  [browser-firefox] › 02-file-upload.spec.ts:107:7 › File Upload Functionality › should handle large CSV file upload › Upload large CSV file 

    Error: expect.toBeAttached: Error: strict mode violation: locator('input[type="file"]') resolved to 2 elements:
        1) <input type="file" accept=".csv,.xlsx,.xls,.tsv" data-testid="file-input-button" aria-label="Select file to upload" aria-describedby="file-restrictions"/> aka getByTestId('file-input-button')
        2) <input multiple type="file" accept=".csv,.xlsx,.xls,.tsv" data-testid="hidden-file-input" aria-describedby="file-requirements" aria-label="Select data files for upload"/> aka getByTestId('hidden-file-input')

    Call log:
      - Expect "toBeAttached" with timeout 5000ms
      - waiting for locator('input[type="file"]')


       at ../fixtures/test-fixtures.ts:203

      201 |   // Now set the file input (works for both browser and Electron modes)
      202 |   const fileInput = page.locator('input[type="file"]');
    > 203 |   await expect(fileInput).toBeAttached({ timeout: 5000 });
          |                           ^
      204 |   await fileInput.setInputFiles(filePath);
      205 | };
      206 |
        at uploadFile (/Users/thomaswagner/Documents/datacloak-sentiment-workbench/packages/e2e-tests/fixtures/test-fixtures.ts:203:27)
        at /Users/thomaswagner/Documents/datacloak-sentiment-workbench/packages/e2e-tests/tests/02-file-upload.spec.ts:109:7
        at /Users/thomaswagner/Documents/datacloak-sentiment-workbench/packages/e2e-tests/tests/02-file-upload.spec.ts:108:5

    attachment #1: screenshot (image/png) ──────────────────────────────────────────────────────────
    test-results/artifacts/02-file-upload-File-Upload-032ed-andle-large-CSV-file-upload-browser-firefox/test-failed-1.png
    ────────────────────────────────────────────────────────────────────────────────────────────────

    attachment #2: video (video/webm) ──────────────────────────────────────────────────────────────
    test-results/artifacts/02-file-upload-File-Upload-032ed-andle-large-CSV-file-upload-browser-firefox/video.webm
    ────────────────────────────────────────────────────────────────────────────────────────────────

    Error Context: ../test-results/artifacts/02-file-upload-File-Upload-032ed-andle-large-CSV-file-upload-browser-firefox/error-context.md
]]>
</failure>
<system-out>
<![CDATA[→ GET http://localhost:5173/
← [33m200[39m http://localhost:5173/
→ GET http://localhost:5173/@vite/client
→ GET http://localhost:5173/src/main.tsx?t=1750030703180
→ GET http://localhost:5173/@react-refresh
← [33m200[39m http://localhost:5173/@vite/client
← [33m200[39m http://localhost:5173/src/main.tsx?t=1750030703180
→ GET http://localhost:5173/node_modules/.vite/deps/react_jsx-dev-runtime.js?v=6c3f721c
→ GET http://localhost:5173/node_modules/.vite/deps/react.js?v=6c3f721c
→ GET http://localhost:5173/node_modules/.vite/deps/react-dom_client.js?v=a50e1294
→ GET http://localhost:5173/src/index.css
→ GET http://localhost:5173/src/App.tsx?t=1750030703180
← [33m200[39m http://localhost:5173/@react-refresh
→ GET http://localhost:5173/node_modules/vite/dist/client/env.mjs
← [33m200[39m http://localhost:5173/node_modules/.vite/deps/react_jsx-dev-runtime.js?v=6c3f721c
← [33m200[39m http://localhost:5173/node_modules/.vite/deps/react.js?v=6c3f721c
← [33m200[39m http://localhost:5173/node_modules/.vite/deps/react-dom_client.js?v=a50e1294
← [33m200[39m http://localhost:5173/src/App.tsx?t=1750030703180
→ GET http://localhost:5173/node_modules/.vite/deps/chunk-UBDIXFPO.js?v=676c4d25
← [33m200[39m http://localhost:5173/src/index.css
← [33m200[39m http://localhost:5173/node_modules/.vite/deps/chunk-UBDIXFPO.js?v=676c4d25
← [33m200[39m http://localhost:5173/node_modules/vite/dist/client/env.mjs
→ GET http://localhost:5173/src/App.css?t=1750030703180
→ GET http://localhost:5173/src/context/AppContext.tsx?t=1750028445161
→ GET http://localhost:5173/src/components/Navigation.tsx?t=1750030602543
→ GET http://localhost:5173/src/components/WorkflowManager.tsx?t=1750030602543
→ GET http://localhost:5173/src/components/NotificationToast.tsx?t=1750028445161
→ GET http://localhost:5173/src/components/ErrorBoundary.tsx
→ GET http://localhost:5173/src/components/ProgressIndicator.tsx?t=1750015148848
→ GET http://localhost:5173/src/components/RealTimeDashboard.tsx?t=1750028445161
← [33m200[39m http://localhost:5173/src/context/AppContext.tsx?t=1750028445161
← [33m200[39m http://localhost:5173/src/App.css?t=1750030703180
← [33m200[39m http://localhost:5173/src/components/Navigation.tsx?t=1750030602543
← [33m200[39m http://localhost:5173/src/components/WorkflowManager.tsx?t=1750030602543
← [33m200[39m http://localhost:5173/src/components/NotificationToast.tsx?t=1750028445161
← [33m200[39m http://localhost:5173/src/components/ErrorBoundary.tsx
← [33m200[39m http://localhost:5173/src/components/ProgressIndicator.tsx?t=1750015148848
← [33m200[39m http://localhost:5173/src/components/RealTimeDashboard.tsx?t=1750028445161
→ GET http://localhost:5173/?token=fAzfQjQsyiNL
← [33m101[39m http://localhost:5173/?token=fAzfQjQsyiNL
→ GET http://localhost:5173/src/components/AppVersion.tsx
→ GET http://localhost:5173/src/components/Navigation.css?t=1749995170122
→ GET http://localhost:5173/src/components/ErrorBoundary.css
→ GET http://localhost:5173/src/components/index.ts?t=1750030602543
→ GET http://localhost:5173/src/components/LazyComponents.tsx?t=1750030490824
→ GET http://localhost:5173/src/hooks/useWebWorker.ts?t=1750014984624
→ GET http://localhost:5173/src/components/WorkflowManager.css?t=1749992255972
← [33m200[39m http://localhost:5173/src/components/AppVersion.tsx
→ GET http://localhost:5173/src/components/NotificationToast.css
← [33m200[39m http://localhost:5173/src/components/Navigation.css?t=1749995170122
← [33m200[39m http://localhost:5173/src/components/ErrorBoundary.css
→ GET http://localhost:5173/src/components/ProgressIndicator.css
→ GET http://localhost:5173/src/components/MemoryMonitor.tsx?t=1750028445161
→ GET http://localhost:5173/src/components/SSEProgressIndicator.tsx?t=1750028445161
→ GET http://localhost:5173/src/components/WebSocketStatus.tsx?t=1750028445161
→ GET http://localhost:5173/src/components/RealTimeDashboard.css
← [33m200[39m http://localhost:5173/src/components/index.ts?t=1750030602543
← [33m200[39m http://localhost:5173/src/components/LazyComponents.tsx?t=1750030490824
← [33m200[39m http://localhost:5173/src/hooks/useWebWorker.ts?t=1750014984624
← [33m200[39m http://localhost:5173/src/components/WorkflowManager.css?t=1749992255972
← [33m200[39m http://localhost:5173/src/components/NotificationToast.css
→ GET http://localhost:5173/node_modules/.vite/deps/chunk-KBNVMJOC.js?v=676c4d25
← [33m200[39m http://localhost:5173/src/components/ProgressIndicator.css
← [33m200[39m http://localhost:5173/src/components/MemoryMonitor.tsx?t=1750028445161
← [33m200[39m http://localhost:5173/src/components/SSEProgressIndicator.tsx?t=1750028445161
→ GET http://localhost:5173/src/components/AppVersion.css
← [33m200[39m http://localhost:5173/src/components/WebSocketStatus.tsx?t=1750028445161
← [33m200[39m http://localhost:5173/src/components/RealTimeDashboard.css
← [33m200[39m http://localhost:5173/node_modules/.vite/deps/chunk-KBNVMJOC.js?v=676c4d25
← [33m200[39m http://localhost:5173/src/components/AppVersion.css
→ GET http://localhost:5173/src/components/DataSourcePicker.tsx?t=1750030148913
→ GET http://localhost:5173/src/components/ProfilerUI.tsx?t=1750030188693
→ GET http://localhost:5173/src/components/TransformDesigner.tsx?t=1750030251852
→ GET http://localhost:5173/src/components/TransformOperationEditor.tsx?t=1750024154646
→ GET http://localhost:5173/src/components/TransformPreviewPanel.tsx
→ GET http://localhost:5173/src/components/TransformConfigDisplay.tsx?t=1750028445161
→ GET http://localhost:5173/src/components/RunWizard.tsx?t=1750030330428
→ GET http://localhost:5173/src/components/ResultExplorer.tsx?t=1750030490824
→ GET http://localhost:5173/src/components/SentimentInsights.tsx?t=1750028445161
→ GET http://localhost:5173/src/components/DataPreview.tsx
→ GET http://localhost:5173/src/components/VirtualScrollList.tsx
→ GET http://localhost:5173/src/components/ApiErrorDisplay.tsx
→ GET http://localhost:5173/src/components/ExportErrorHandler.tsx?t=1750028445161
→ GET http://localhost:5173/src/components/LargeFileUploader.tsx?t=1750030148913
→ GET http://localhost:5173/src/components/LargeDatasetExporter.tsx?t=1750028445161
→ GET http://localhost:5173/src/components/ElectronFeatureMonitor.tsx?t=1750028445161
→ GET http://localhost:5173/src/components/SecurityAuditReport.tsx?t=1750026236037
→ GET http://localhost:5173/src/components/SecurityBadge.tsx
→ GET http://localhost:5173/src/components/TransformPipelinePersistence.tsx?t=1750028445161
→ GET http://localhost:5173/src/components/SentimentAnalysisControl.tsx?t=1750028445161
→ GET http://localhost:5173/src/components/JobQueueManager.tsx?t=1750028445161
→ GET http://localhost:5173/src/utils/performance.ts
→ GET http://localhost:5173/src/components/LazyComponents.css
→ GET http://localhost:5173/src/hooks/useMemoryMonitor.ts?t=1750028445161
→ GET http://localhost:5173/src/components/MemoryMonitor.css
→ GET http://localhost:5173/src/components/SSEProgressIndicator.css
→ GET http://localhost:5173/src/components/WebSocketStatus.css
← [33m200[39m http://localhost:5173/src/components/ProfilerUI.tsx?t=1750030188693
← [33m200[39m http://localhost:5173/src/components/DataSourcePicker.tsx?t=1750030148913
← [33m200[39m http://localhost:5173/src/components/TransformOperationEditor.tsx?t=1750024154646
← [33m200[39m http://localhost:5173/src/components/TransformDesigner.tsx?t=1750030251852
← [33m200[39m http://localhost:5173/src/components/TransformConfigDisplay.tsx?t=1750028445161
← [33m200[39m http://localhost:5173/src/components/TransformPreviewPanel.tsx
← [33m200[39m http://localhost:5173/src/components/RunWizard.tsx?t=1750030330428
← [33m200[39m http://localhost:5173/src/components/ResultExplorer.tsx?t=1750030490824
← [33m200[39m http://localhost:5173/src/components/SentimentInsights.tsx?t=1750028445161
← [33m200[39m http://localhost:5173/src/components/ExportErrorHandler.tsx?t=1750028445161
← [33m200[39m http://localhost:5173/src/components/LargeFileUploader.tsx?t=1750030148913
← [33m200[39m http://localhost:5173/src/components/DataPreview.tsx
← [33m200[39m http://localhost:5173/src/components/VirtualScrollList.tsx
← [33m200[39m http://localhost:5173/src/components/ApiErrorDisplay.tsx
← [33m200[39m http://localhost:5173/src/components/ElectronFeatureMonitor.tsx?t=1750028445161
← [33m200[39m http://localhost:5173/src/components/LargeDatasetExporter.tsx?t=1750028445161
← [33m200[39m http://localhost:5173/src/components/SecurityAuditReport.tsx?t=1750026236037
← [33m200[39m http://localhost:5173/src/components/SecurityBadge.tsx
← [33m200[39m http://localhost:5173/src/components/TransformPipelinePersistence.tsx?t=1750028445161
← [33m200[39m http://localhost:5173/src/components/SentimentAnalysisControl.tsx?t=1750028445161
← [33m200[39m http://localhost:5173/src/components/LazyComponents.css
← [33m200[39m http://localhost:5173/src/hooks/useMemoryMonitor.ts?t=1750028445161
← [33m200[39m http://localhost:5173/src/components/MemoryMonitor.css
← [33m200[39m http://localhost:5173/src/components/JobQueueManager.tsx?t=1750028445161
← [33m200[39m http://localhost:5173/src/utils/performance.ts
← [33m200[39m http://localhost:5173/src/components/WebSocketStatus.css
← [33m200[39m http://localhost:5173/src/components/SSEProgressIndicator.css
→ GET http://localhost:5173/src/components/ProfilerUI.css?t=1750022315517
→ GET http://localhost:5173/src/hooks/useApiErrorHandler.ts?t=1750028445161
→ GET http://localhost:5173/src/components/DataSourcePicker.css?t=1750008828131
→ GET http://localhost:5173/src/components/TransformDesigner.css
→ GET http://localhost:5173/src/components/TransformOperationEditor.css
→ GET http://localhost:5173/src/components/TransformConfigDisplay.css
← [33m200[39m http://localhost:5173/src/components/ProfilerUI.css?t=1750022315517
← [33m200[39m http://localhost:5173/src/hooks/useApiErrorHandler.ts?t=1750028445161
← [33m200[39m http://localhost:5173/src/components/DataSourcePicker.css?t=1750008828131
→ GET http://localhost:5173/src/components/TransformPreviewPanel.css
← [33m200[39m http://localhost:5173/src/components/TransformDesigner.css
← [33m200[39m http://localhost:5173/src/components/TransformOperationEditor.css
← [33m200[39m http://localhost:5173/src/components/TransformConfigDisplay.css
→ GET http://localhost:5173/src/components/RunWizard.css?t=1749994688834
← [33m200[39m http://localhost:5173/src/components/TransformPreviewPanel.css
→ GET http://localhost:5173/src/components/SentimentInsights.css
← [33m200[39m http://localhost:5173/src/components/RunWizard.css?t=1749994688834
→ GET http://localhost:5173/src/hooks/useDebounce.ts
→ GET http://localhost:5173/src/components/ResultExplorer.css?t=1750008175222
← [33m200[39m http://localhost:5173/src/components/SentimentInsights.css
← [33m200[39m http://localhost:5173/src/hooks/useDebounce.ts
← [33m200[39m http://localhost:5173/src/components/ResultExplorer.css?t=1750008175222
→ GET http://localhost:5173/src/components/ExportErrorHandler.css
→ GET http://localhost:5173/src/hooks/useLargeFileUpload.ts?t=1750028445161
→ GET http://localhost:5173/src/components/LargeFileUploader.css
→ GET http://localhost:5173/src/components/DataPreview.css
← [33m200[39m http://localhost:5173/src/components/ExportErrorHandler.css
→ GET http://localhost:5173/src/components/VirtualScrollList.css
→ GET http://localhost:5173/src/components/ApiErrorDisplay.css
→ GET http://localhost:5173/src/components/ElectronFeatureMonitor.css
→ GET http://localhost:5173/src/components/LargeDatasetExporter.css
→ GET http://localhost:5173/src/components/SecurityAuditReport.css
← [33m200[39m http://localhost:5173/src/hooks/useLargeFileUpload.ts?t=1750028445161
← [33m200[39m http://localhost:5173/src/components/LargeFileUploader.css
← [33m200[39m http://localhost:5173/src/components/DataPreview.css
← [33m200[39m http://localhost:5173/src/components/VirtualScrollList.css
→ GET http://localhost:5173/src/components/SecurityBadge.css
→ GET http://localhost:5173/src/components/SentimentAnalysisControl.css
→ GET http://localhost:5173/src/components/TransformPipelinePersistence.css
→ GET http://localhost:5173/src/components/JobQueueManager.css
← [33m200[39m http://localhost:5173/src/components/ApiErrorDisplay.css
← [33m200[39m http://localhost:5173/src/components/ElectronFeatureMonitor.css
← [33m200[39m http://localhost:5173/src/components/LargeDatasetExporter.css
← [33m200[39m http://localhost:5173/src/components/SecurityAuditReport.css
← [33m200[39m http://localhost:5173/src/components/SecurityBadge.css
← [33m200[39m http://localhost:5173/src/components/SentimentAnalysisControl.css
← [33m200[39m http://localhost:5173/src/components/TransformPipelinePersistence.css
← [33m200[39m http://localhost:5173/src/components/JobQueueManager.css
→ GET http://localhost:5173/vite.svg
← [33m200[39m http://localhost:5173/vite.svg

[[ATTACHMENT|artifacts/02-file-upload-File-Upload-032ed-andle-large-CSV-file-upload-browser-firefox/test-failed-1.png]]

[[ATTACHMENT|artifacts/02-file-upload-File-Upload-032ed-andle-large-CSV-file-upload-browser-firefox/video.webm]]

[[ATTACHMENT|artifacts/02-file-upload-File-Upload-032ed-andle-large-CSV-file-upload-browser-firefox/error-context.md]]
]]>
</system-out>
<system-err>
<![CDATA[Console Error: [JavaScript Error: "Error: Error: strict mode violation: locator('input[type="file"]') resolved to 2 elements:
    1) <input type="file" accept=".csv,.xlsx,.xls,.tsv" data-testid="file-input-button" aria-label="Select file to upload" aria-describedby="file-restrictions"/> aka getByTestId('file-input-button')
    2) <input multiple type="file" accept=".csv,.xlsx,.xls,.tsv" data-testid="hidden-file-input" aria-describedby="file-requirements" aria-label="Select data files for upload"/> aka getByTestId('hidden-file-input')
" {file: "debugger eval code" line: 7299}]
(node:36825) [DEP0147] DeprecationWarning: In future versions of Node.js, fs.rmdir(path, { recursive: true }) will be removed. Use fs.rm(path, { recursive: true }) instead
(Use `node --trace-deprecation ...` to show where the warning was created)
]]>
</system-err>
</testcase>
<testcase name="File Upload Functionality › should upload PII-containing file and show warnings" classname="02-file-upload.spec.ts" time="3.105">
<failure message="02-file-upload.spec.ts:137:7 should upload PII-containing file and show warnings" type="FAILURE">
<![CDATA[  [browser-firefox] › 02-file-upload.spec.ts:137:7 › File Upload Functionality › should upload PII-containing file and show warnings › Upload PII file 

    Error: expect.toBeAttached: Error: strict mode violation: locator('input[type="file"]') resolved to 2 elements:
        1) <input type="file" accept=".csv,.xlsx,.xls,.tsv" data-testid="file-input-button" aria-label="Select file to upload" aria-describedby="file-restrictions"/> aka getByTestId('file-input-button')
        2) <input multiple type="file" accept=".csv,.xlsx,.xls,.tsv" data-testid="hidden-file-input" aria-describedby="file-requirements" aria-label="Select data files for upload"/> aka getByTestId('hidden-file-input')

    Call log:
      - Expect "toBeAttached" with timeout 5000ms
      - waiting for locator('input[type="file"]')


       at ../fixtures/test-fixtures.ts:203

      201 |   // Now set the file input (works for both browser and Electron modes)
      202 |   const fileInput = page.locator('input[type="file"]');
    > 203 |   await expect(fileInput).toBeAttached({ timeout: 5000 });
          |                           ^
      204 |   await fileInput.setInputFiles(filePath);
      205 | };
      206 |
        at uploadFile (/Users/thomaswagner/Documents/datacloak-sentiment-workbench/packages/e2e-tests/fixtures/test-fixtures.ts:203:27)
        at /Users/thomaswagner/Documents/datacloak-sentiment-workbench/packages/e2e-tests/tests/02-file-upload.spec.ts:139:7
        at /Users/thomaswagner/Documents/datacloak-sentiment-workbench/packages/e2e-tests/tests/02-file-upload.spec.ts:138:5

    attachment #1: screenshot (image/png) ──────────────────────────────────────────────────────────
    test-results/artifacts/02-file-upload-File-Upload-6b334-ning-file-and-show-warnings-browser-firefox/test-failed-1.png
    ────────────────────────────────────────────────────────────────────────────────────────────────

    attachment #2: video (video/webm) ──────────────────────────────────────────────────────────────
    test-results/artifacts/02-file-upload-File-Upload-6b334-ning-file-and-show-warnings-browser-firefox/video.webm
    ────────────────────────────────────────────────────────────────────────────────────────────────

    Error Context: ../test-results/artifacts/02-file-upload-File-Upload-6b334-ning-file-and-show-warnings-browser-firefox/error-context.md
]]>
</failure>
<system-out>
<![CDATA[→ GET http://localhost:5173/
← [33m200[39m http://localhost:5173/
→ GET http://localhost:5173/@vite/client
→ GET http://localhost:5173/src/main.tsx?t=1750030703180
→ GET http://localhost:5173/@react-refresh
← [33m200[39m http://localhost:5173/@vite/client
← [33m200[39m http://localhost:5173/src/main.tsx?t=1750030703180
← [33m200[39m http://localhost:5173/@react-refresh
→ GET http://localhost:5173/node_modules/.vite/deps/react_jsx-dev-runtime.js?v=6c3f721c
→ GET http://localhost:5173/node_modules/.vite/deps/react.js?v=6c3f721c
→ GET http://localhost:5173/node_modules/.vite/deps/react-dom_client.js?v=a50e1294
→ GET http://localhost:5173/src/index.css
→ GET http://localhost:5173/src/App.tsx?t=1750030703180
→ GET http://localhost:5173/node_modules/vite/dist/client/env.mjs
← [33m200[39m http://localhost:5173/node_modules/.vite/deps/react_jsx-dev-runtime.js?v=6c3f721c
← [33m200[39m http://localhost:5173/node_modules/.vite/deps/react.js?v=6c3f721c
← [33m200[39m http://localhost:5173/node_modules/.vite/deps/react-dom_client.js?v=a50e1294
← [33m200[39m http://localhost:5173/src/index.css
← [33m200[39m http://localhost:5173/src/App.tsx?t=1750030703180
← [33m200[39m http://localhost:5173/node_modules/vite/dist/client/env.mjs
→ GET http://localhost:5173/node_modules/.vite/deps/chunk-UBDIXFPO.js?v=676c4d25
← [33m200[39m http://localhost:5173/node_modules/.vite/deps/chunk-UBDIXFPO.js?v=676c4d25
→ GET http://localhost:5173/src/App.css?t=1750030703180
→ GET http://localhost:5173/src/context/AppContext.tsx?t=1750028445161
→ GET http://localhost:5173/src/components/Navigation.tsx?t=1750030602543
→ GET http://localhost:5173/src/components/WorkflowManager.tsx?t=1750030602543
→ GET http://localhost:5173/src/components/NotificationToast.tsx?t=1750028445161
→ GET http://localhost:5173/src/components/ErrorBoundary.tsx
→ GET http://localhost:5173/src/components/ProgressIndicator.tsx?t=1750015148848
→ GET http://localhost:5173/src/components/RealTimeDashboard.tsx?t=1750028445161
→ GET http://localhost:5173/?token=fAzfQjQsyiNL
← [33m101[39m http://localhost:5173/?token=fAzfQjQsyiNL
← [33m200[39m http://localhost:5173/src/App.css?t=1750030703180
← [33m200[39m http://localhost:5173/src/context/AppContext.tsx?t=1750028445161
← [33m200[39m http://localhost:5173/src/components/Navigation.tsx?t=1750030602543
← [33m200[39m http://localhost:5173/src/components/WorkflowManager.tsx?t=1750030602543
← [33m200[39m http://localhost:5173/src/components/RealTimeDashboard.tsx?t=1750028445161
← [33m200[39m http://localhost:5173/src/components/NotificationToast.tsx?t=1750028445161
← [33m200[39m http://localhost:5173/src/components/ProgressIndicator.tsx?t=1750015148848
← [33m200[39m http://localhost:5173/src/components/ErrorBoundary.tsx
→ GET http://localhost:5173/src/components/AppVersion.tsx
→ GET http://localhost:5173/src/components/Navigation.css?t=1749995170122
← [33m200[39m http://localhost:5173/src/components/AppVersion.tsx
→ GET http://localhost:5173/node_modules/.vite/deps/chunk-KBNVMJOC.js?v=676c4d25
← [33m200[39m http://localhost:5173/src/components/Navigation.css?t=1749995170122
→ GET http://localhost:5173/src/components/index.ts?t=1750030602543
→ GET http://localhost:5173/src/components/LazyComponents.tsx?t=1750030490824
→ GET http://localhost:5173/src/hooks/useWebWorker.ts?t=1750014984624
→ GET http://localhost:5173/src/components/WorkflowManager.css?t=1749992255972
→ GET http://localhost:5173/src/components/MemoryMonitor.tsx?t=1750028445161
→ GET http://localhost:5173/src/components/SSEProgressIndicator.tsx?t=1750028445161
→ GET http://localhost:5173/src/components/WebSocketStatus.tsx?t=1750028445161
→ GET http://localhost:5173/src/components/RealTimeDashboard.css
→ GET http://localhost:5173/src/components/NotificationToast.css
→ GET http://localhost:5173/src/components/ProgressIndicator.css
← [33m200[39m http://localhost:5173/node_modules/.vite/deps/chunk-KBNVMJOC.js?v=676c4d25
→ GET http://localhost:5173/src/components/ErrorBoundary.css
← [33m200[39m http://localhost:5173/src/components/index.ts?t=1750030602543
→ GET http://localhost:5173/src/components/AppVersion.css
← [33m200[39m http://localhost:5173/src/components/LazyComponents.tsx?t=1750030490824
← [33m200[39m http://localhost:5173/src/components/WorkflowManager.css?t=1749992255972
← [33m200[39m http://localhost:5173/src/hooks/useWebWorker.ts?t=1750014984624
← [33m200[39m http://localhost:5173/src/components/MemoryMonitor.tsx?t=1750028445161
← [33m200[39m http://localhost:5173/src/components/SSEProgressIndicator.tsx?t=1750028445161
← [33m200[39m http://localhost:5173/src/components/WebSocketStatus.tsx?t=1750028445161
← [33m200[39m http://localhost:5173/src/components/RealTimeDashboard.css
← [33m200[39m http://localhost:5173/src/components/NotificationToast.css
← [33m200[39m http://localhost:5173/src/components/ErrorBoundary.css
← [33m200[39m http://localhost:5173/src/components/ProgressIndicator.css
← [33m200[39m http://localhost:5173/src/components/AppVersion.css
→ GET http://localhost:5173/src/components/DataSourcePicker.tsx?t=1750030148913
→ GET http://localhost:5173/src/components/ProfilerUI.tsx?t=1750030188693
→ GET http://localhost:5173/src/components/TransformDesigner.tsx?t=1750030251852
→ GET http://localhost:5173/src/components/TransformOperationEditor.tsx?t=1750024154646
→ GET http://localhost:5173/src/components/TransformPreviewPanel.tsx
→ GET http://localhost:5173/src/components/TransformConfigDisplay.tsx?t=1750028445161
→ GET http://localhost:5173/src/components/RunWizard.tsx?t=1750030330428
→ GET http://localhost:5173/src/components/ResultExplorer.tsx?t=1750030490824
→ GET http://localhost:5173/src/components/SentimentInsights.tsx?t=1750028445161
→ GET http://localhost:5173/src/components/DataPreview.tsx
→ GET http://localhost:5173/src/components/VirtualScrollList.tsx
→ GET http://localhost:5173/src/components/ApiErrorDisplay.tsx
→ GET http://localhost:5173/src/components/ExportErrorHandler.tsx?t=1750028445161
→ GET http://localhost:5173/src/components/LargeFileUploader.tsx?t=1750030148913
→ GET http://localhost:5173/src/components/LargeDatasetExporter.tsx?t=1750028445161
→ GET http://localhost:5173/src/components/ElectronFeatureMonitor.tsx?t=1750028445161
→ GET http://localhost:5173/src/components/SecurityAuditReport.tsx?t=1750026236037
→ GET http://localhost:5173/src/components/SecurityBadge.tsx
→ GET http://localhost:5173/src/components/TransformPipelinePersistence.tsx?t=1750028445161
→ GET http://localhost:5173/src/components/SentimentAnalysisControl.tsx?t=1750028445161
→ GET http://localhost:5173/src/components/JobQueueManager.tsx?t=1750028445161
← [33m200[39m http://localhost:5173/src/components/DataSourcePicker.tsx?t=1750030148913
→ GET http://localhost:5173/src/utils/performance.ts
→ GET http://localhost:5173/src/components/LazyComponents.css
← [33m200[39m http://localhost:5173/src/components/ProfilerUI.tsx?t=1750030188693
← [33m200[39m http://localhost:5173/src/components/TransformOperationEditor.tsx?t=1750024154646
← [33m200[39m http://localhost:5173/src/components/TransformDesigner.tsx?t=1750030251852
← [33m200[39m http://localhost:5173/src/components/TransformPreviewPanel.tsx
→ GET http://localhost:5173/src/hooks/useMemoryMonitor.ts?t=1750028445161
→ GET http://localhost:5173/src/components/MemoryMonitor.css
→ GET http://localhost:5173/src/components/SSEProgressIndicator.css
→ GET http://localhost:5173/src/components/WebSocketStatus.css
← [33m200[39m http://localhost:5173/src/components/TransformConfigDisplay.tsx?t=1750028445161
← [33m200[39m http://localhost:5173/src/components/ResultExplorer.tsx?t=1750030490824
← [33m200[39m http://localhost:5173/src/components/DataPreview.tsx
← [33m200[39m http://localhost:5173/src/components/ExportErrorHandler.tsx?t=1750028445161
← [33m200[39m http://localhost:5173/src/components/RunWizard.tsx?t=1750030330428
← [33m200[39m http://localhost:5173/src/components/SentimentInsights.tsx?t=1750028445161
← [33m200[39m http://localhost:5173/src/components/LargeFileUploader.tsx?t=1750030148913
← [33m200[39m http://localhost:5173/src/components/VirtualScrollList.tsx
← [33m200[39m http://localhost:5173/src/components/ApiErrorDisplay.tsx
← [33m200[39m http://localhost:5173/src/components/LargeDatasetExporter.tsx?t=1750028445161
← [33m200[39m http://localhost:5173/src/components/ElectronFeatureMonitor.tsx?t=1750028445161
← [33m200[39m http://localhost:5173/src/components/SecurityAuditReport.tsx?t=1750026236037
← [33m200[39m http://localhost:5173/src/components/SecurityBadge.tsx
← [33m200[39m http://localhost:5173/src/components/TransformPipelinePersistence.tsx?t=1750028445161
← [33m200[39m http://localhost:5173/src/components/SentimentAnalysisControl.tsx?t=1750028445161
← [33m200[39m http://localhost:5173/src/components/LazyComponents.css
← [33m200[39m http://localhost:5173/src/hooks/useMemoryMonitor.ts?t=1750028445161
← [33m200[39m http://localhost:5173/src/components/JobQueueManager.tsx?t=1750028445161
← [33m200[39m http://localhost:5173/src/utils/performance.ts
← [33m200[39m http://localhost:5173/src/components/WebSocketStatus.css
← [33m200[39m http://localhost:5173/src/components/MemoryMonitor.css
← [33m200[39m http://localhost:5173/src/components/SSEProgressIndicator.css
→ GET http://localhost:5173/src/hooks/useApiErrorHandler.ts?t=1750028445161
→ GET http://localhost:5173/src/components/DataSourcePicker.css?t=1750008828131
→ GET http://localhost:5173/src/components/ProfilerUI.css?t=1750022315517
→ GET http://localhost:5173/src/components/TransformDesigner.css
→ GET http://localhost:5173/src/components/TransformOperationEditor.css
← [33m200[39m http://localhost:5173/src/hooks/useApiErrorHandler.ts?t=1750028445161
← [33m200[39m http://localhost:5173/src/components/DataSourcePicker.css?t=1750008828131
→ GET http://localhost:5173/src/components/TransformPreviewPanel.css
→ GET http://localhost:5173/src/components/TransformConfigDisplay.css
→ GET http://localhost:5173/src/hooks/useDebounce.ts
→ GET http://localhost:5173/src/components/ResultExplorer.css?t=1750008175222
→ GET http://localhost:5173/src/components/DataPreview.css
← [33m200[39m http://localhost:5173/src/components/TransformDesigner.css
← [33m200[39m http://localhost:5173/src/components/ProfilerUI.css?t=1750022315517
← [33m200[39m http://localhost:5173/src/components/TransformOperationEditor.css
← [33m200[39m http://localhost:5173/src/components/TransformPreviewPanel.css
→ GET http://localhost:5173/src/components/ExportErrorHandler.css
→ GET http://localhost:5173/src/components/RunWizard.css?t=1749994688834
→ GET http://localhost:5173/src/components/SentimentInsights.css
← [33m200[39m http://localhost:5173/src/hooks/useDebounce.ts
← [33m200[39m http://localhost:5173/src/components/TransformConfigDisplay.css
← [33m200[39m http://localhost:5173/src/components/ResultExplorer.css?t=1750008175222
← [33m200[39m http://localhost:5173/src/components/DataPreview.css
← [33m200[39m http://localhost:5173/src/components/RunWizard.css?t=1749994688834
← [33m200[39m http://localhost:5173/src/components/ExportErrorHandler.css
→ GET http://localhost:5173/src/hooks/useLargeFileUpload.ts?t=1750028445161
→ GET http://localhost:5173/src/components/LargeFileUploader.css
→ GET http://localhost:5173/src/components/VirtualScrollList.css
→ GET http://localhost:5173/src/components/ApiErrorDisplay.css
← [33m200[39m http://localhost:5173/src/components/SentimentInsights.css
→ GET http://localhost:5173/src/components/LargeDatasetExporter.css
→ GET http://localhost:5173/src/components/ElectronFeatureMonitor.css
→ GET http://localhost:5173/src/components/SecurityAuditReport.css
→ GET http://localhost:5173/src/components/SecurityBadge.css
→ GET http://localhost:5173/src/components/TransformPipelinePersistence.css
→ GET http://localhost:5173/src/components/SentimentAnalysisControl.css
← [33m200[39m http://localhost:5173/src/hooks/useLargeFileUpload.ts?t=1750028445161
← [33m200[39m http://localhost:5173/src/components/LargeFileUploader.css
← [33m200[39m http://localhost:5173/src/components/VirtualScrollList.css
← [33m200[39m http://localhost:5173/src/components/ApiErrorDisplay.css
← [33m200[39m http://localhost:5173/src/components/LargeDatasetExporter.css
← [33m200[39m http://localhost:5173/src/components/ElectronFeatureMonitor.css
→ GET http://localhost:5173/src/components/JobQueueManager.css
← [33m200[39m http://localhost:5173/src/components/SecurityAuditReport.css
← [33m200[39m http://localhost:5173/src/components/SecurityBadge.css
← [33m200[39m http://localhost:5173/src/components/TransformPipelinePersistence.css
← [33m200[39m http://localhost:5173/src/components/SentimentAnalysisControl.css
← [33m200[39m http://localhost:5173/src/components/JobQueueManager.css
→ GET http://localhost:5173/vite.svg
← [33m200[39m http://localhost:5173/vite.svg

[[ATTACHMENT|artifacts/02-file-upload-File-Upload-6b334-ning-file-and-show-warnings-browser-firefox/test-failed-1.png]]

[[ATTACHMENT|artifacts/02-file-upload-File-Upload-6b334-ning-file-and-show-warnings-browser-firefox/video.webm]]

[[ATTACHMENT|artifacts/02-file-upload-File-Upload-6b334-ning-file-and-show-warnings-browser-firefox/error-context.md]]
]]>
</system-out>
<system-err>
<![CDATA[Console Error: [JavaScript Error: "Error: Error: strict mode violation: locator('input[type="file"]') resolved to 2 elements:
    1) <input type="file" accept=".csv,.xlsx,.xls,.tsv" data-testid="file-input-button" aria-label="Select file to upload" aria-describedby="file-restrictions"/> aka getByTestId('file-input-button')
    2) <input multiple type="file" accept=".csv,.xlsx,.xls,.tsv" data-testid="hidden-file-input" aria-describedby="file-requirements" aria-label="Select data files for upload"/> aka getByTestId('hidden-file-input')
" {file: "debugger eval code" line: 7299}]
(node:36835) [DEP0147] DeprecationWarning: In future versions of Node.js, fs.rmdir(path, { recursive: true }) will be removed. Use fs.rm(path, { recursive: true }) instead
(Use `node --trace-deprecation ...` to show where the warning was created)
]]>
</system-err>
</testcase>
<testcase name="File Upload Functionality › should reject invalid file formats" classname="02-file-upload.spec.ts" time="1.673">
<failure message="02-file-upload.spec.ts:171:7 should reject invalid file formats" type="FAILURE">
<![CDATA[  [browser-firefox] › 02-file-upload.spec.ts:171:7 › File Upload Functionality › should reject invalid file formats › Attempt to upload invalid format 

    Error: locator.setInputFiles: Error: strict mode violation: locator('input[type="file"]') resolved to 2 elements:
        1) <input type="file" accept=".csv,.xlsx,.xls,.tsv" data-testid="file-input-button" aria-label="Select file to upload" aria-describedby="file-restrictions"/> aka getByTestId('file-input-button')
        2) <input multiple type="file" accept=".csv,.xlsx,.xls,.tsv" data-testid="hidden-file-input" aria-describedby="file-requirements" aria-label="Select data files for upload"/> aka getByTestId('hidden-file-input')

    Call log:
      - waiting for locator('input[type="file"]')


      174 |         // In browser mode, try to upload the invalid file
      175 |         const fileInput = page.locator('input[type="file"]');
    > 176 |         await fileInput.setInputFiles(testFiles.invalidFormat);
          |         ^
      177 |       } else {
      178 |         // In Electron mode, the file picker should filter, but we can simulate
      179 |         console.log('Electron mode: File picker should filter invalid formats');
        at /Users/thomaswagner/Documents/datacloak-sentiment-workbench/packages/e2e-tests/tests/02-file-upload.spec.ts:176:9
        at /Users/thomaswagner/Documents/datacloak-sentiment-workbench/packages/e2e-tests/tests/02-file-upload.spec.ts:172:5

    attachment #1: screenshot (image/png) ──────────────────────────────────────────────────────────
    test-results/artifacts/02-file-upload-File-Upload-b9939-reject-invalid-file-formats-browser-firefox/test-failed-1.png
    ────────────────────────────────────────────────────────────────────────────────────────────────

    attachment #2: video (video/webm) ──────────────────────────────────────────────────────────────
    test-results/artifacts/02-file-upload-File-Upload-b9939-reject-invalid-file-formats-browser-firefox/video.webm
    ────────────────────────────────────────────────────────────────────────────────────────────────

    Error Context: ../test-results/artifacts/02-file-upload-File-Upload-b9939-reject-invalid-file-formats-browser-firefox/error-context.md
]]>
</failure>
<system-out>
<![CDATA[→ GET http://localhost:5173/
← [33m200[39m http://localhost:5173/
→ GET http://localhost:5173/@vite/client
→ GET http://localhost:5173/src/main.tsx?t=1750030703180
→ GET http://localhost:5173/@react-refresh
← [33m200[39m http://localhost:5173/@vite/client
← [33m200[39m http://localhost:5173/src/main.tsx?t=1750030703180
← [33m200[39m http://localhost:5173/@react-refresh
→ GET http://localhost:5173/node_modules/.vite/deps/react_jsx-dev-runtime.js?v=6c3f721c
→ GET http://localhost:5173/node_modules/.vite/deps/react.js?v=6c3f721c
→ GET http://localhost:5173/node_modules/.vite/deps/react-dom_client.js?v=a50e1294
→ GET http://localhost:5173/src/index.css
→ GET http://localhost:5173/src/App.tsx?t=1750030703180
→ GET http://localhost:5173/node_modules/vite/dist/client/env.mjs
← [33m200[39m http://localhost:5173/node_modules/.vite/deps/react_jsx-dev-runtime.js?v=6c3f721c
← [33m200[39m http://localhost:5173/node_modules/.vite/deps/react.js?v=6c3f721c
→ GET http://localhost:5173/node_modules/.vite/deps/chunk-UBDIXFPO.js?v=676c4d25
← [33m200[39m http://localhost:5173/src/index.css
← [33m200[39m http://localhost:5173/node_modules/.vite/deps/react-dom_client.js?v=a50e1294
← [33m200[39m http://localhost:5173/src/App.tsx?t=1750030703180
← [33m200[39m http://localhost:5173/node_modules/vite/dist/client/env.mjs
← [33m200[39m http://localhost:5173/node_modules/.vite/deps/chunk-UBDIXFPO.js?v=676c4d25
→ GET http://localhost:5173/src/App.css?t=1750030703180
→ GET http://localhost:5173/src/context/AppContext.tsx?t=1750028445161
→ GET http://localhost:5173/src/components/Navigation.tsx?t=1750030602543
→ GET http://localhost:5173/src/components/WorkflowManager.tsx?t=1750030602543
→ GET http://localhost:5173/src/components/NotificationToast.tsx?t=1750028445161
→ GET http://localhost:5173/src/components/ErrorBoundary.tsx
→ GET http://localhost:5173/src/components/ProgressIndicator.tsx?t=1750015148848
→ GET http://localhost:5173/src/components/RealTimeDashboard.tsx?t=1750028445161
← [33m200[39m http://localhost:5173/src/context/AppContext.tsx?t=1750028445161
← [33m200[39m http://localhost:5173/src/components/Navigation.tsx?t=1750030602543
← [33m200[39m http://localhost:5173/src/App.css?t=1750030703180
← [33m200[39m http://localhost:5173/src/components/NotificationToast.tsx?t=1750028445161
← [33m200[39m http://localhost:5173/src/components/WorkflowManager.tsx?t=1750030602543
← [33m200[39m http://localhost:5173/src/components/ProgressIndicator.tsx?t=1750015148848
← [33m200[39m http://localhost:5173/src/components/ErrorBoundary.tsx
← [33m200[39m http://localhost:5173/src/components/RealTimeDashboard.tsx?t=1750028445161
→ GET http://localhost:5173/?token=fAzfQjQsyiNL
← [33m101[39m http://localhost:5173/?token=fAzfQjQsyiNL
→ GET http://localhost:5173/node_modules/.vite/deps/chunk-KBNVMJOC.js?v=676c4d25
← [33m200[39m http://localhost:5173/node_modules/.vite/deps/chunk-KBNVMJOC.js?v=676c4d25
→ GET http://localhost:5173/src/components/AppVersion.tsx
→ GET http://localhost:5173/src/components/Navigation.css?t=1749995170122
→ GET http://localhost:5173/src/components/ErrorBoundary.css
→ GET http://localhost:5173/src/components/ProgressIndicator.css
→ GET http://localhost:5173/src/components/NotificationToast.css
→ GET http://localhost:5173/src/components/index.ts?t=1750030602543
→ GET http://localhost:5173/src/components/LazyComponents.tsx?t=1750030490824
→ GET http://localhost:5173/src/hooks/useWebWorker.ts?t=1750014984624
→ GET http://localhost:5173/src/components/WorkflowManager.css?t=1749992255972
→ GET http://localhost:5173/src/components/MemoryMonitor.tsx?t=1750028445161
→ GET http://localhost:5173/src/components/SSEProgressIndicator.tsx?t=1750028445161
→ GET http://localhost:5173/src/components/WebSocketStatus.tsx?t=1750028445161
→ GET http://localhost:5173/src/components/RealTimeDashboard.css
← [33m200[39m http://localhost:5173/src/components/AppVersion.tsx
← [33m200[39m http://localhost:5173/src/components/Navigation.css?t=1749995170122
← [33m200[39m http://localhost:5173/src/components/NotificationToast.css
← [33m200[39m http://localhost:5173/src/components/ProgressIndicator.css
← [33m200[39m http://localhost:5173/src/components/ErrorBoundary.css
← [33m200[39m http://localhost:5173/src/components/index.ts?t=1750030602543
← [33m200[39m http://localhost:5173/src/hooks/useWebWorker.ts?t=1750014984624
← [33m200[39m http://localhost:5173/src/components/LazyComponents.tsx?t=1750030490824
← [33m200[39m http://localhost:5173/src/components/WorkflowManager.css?t=1749992255972
← [33m200[39m http://localhost:5173/src/components/MemoryMonitor.tsx?t=1750028445161
← [33m200[39m http://localhost:5173/src/components/SSEProgressIndicator.tsx?t=1750028445161
← [33m200[39m http://localhost:5173/src/components/WebSocketStatus.tsx?t=1750028445161
← [33m200[39m http://localhost:5173/src/components/RealTimeDashboard.css
→ GET http://localhost:5173/src/components/AppVersion.css
→ GET http://localhost:5173/src/components/DataSourcePicker.tsx?t=1750030148913
→ GET http://localhost:5173/src/components/ProfilerUI.tsx?t=1750030188693
→ GET http://localhost:5173/src/components/TransformDesigner.tsx?t=1750030251852
→ GET http://localhost:5173/src/components/TransformOperationEditor.tsx?t=1750024154646
→ GET http://localhost:5173/src/components/TransformPreviewPanel.tsx
→ GET http://localhost:5173/src/components/TransformConfigDisplay.tsx?t=1750028445161
→ GET http://localhost:5173/src/components/RunWizard.tsx?t=1750030330428
→ GET http://localhost:5173/src/components/ResultExplorer.tsx?t=1750030490824
→ GET http://localhost:5173/src/components/SentimentInsights.tsx?t=1750028445161
← [33m200[39m http://localhost:5173/src/components/DataSourcePicker.tsx?t=1750030148913
← [33m200[39m http://localhost:5173/src/components/AppVersion.css
→ GET http://localhost:5173/src/components/DataPreview.tsx
→ GET http://localhost:5173/src/components/VirtualScrollList.tsx
→ GET http://localhost:5173/src/components/ApiErrorDisplay.tsx
→ GET http://localhost:5173/src/components/ExportErrorHandler.tsx?t=1750028445161
← [33m200[39m http://localhost:5173/src/components/ProfilerUI.tsx?t=1750030188693
→ GET http://localhost:5173/src/components/LargeFileUploader.tsx?t=1750030148913
→ GET http://localhost:5173/src/components/LargeDatasetExporter.tsx?t=1750028445161
→ GET http://localhost:5173/src/components/ElectronFeatureMonitor.tsx?t=1750028445161
→ GET http://localhost:5173/src/components/SecurityAuditReport.tsx?t=1750026236037
→ GET http://localhost:5173/src/components/SecurityBadge.tsx
→ GET http://localhost:5173/src/components/TransformPipelinePersistence.tsx?t=1750028445161
→ GET http://localhost:5173/src/components/SentimentAnalysisControl.tsx?t=1750028445161
→ GET http://localhost:5173/src/components/JobQueueManager.tsx?t=1750028445161
← [33m200[39m http://localhost:5173/src/components/TransformDesigner.tsx?t=1750030251852
← [33m200[39m http://localhost:5173/src/components/TransformOperationEditor.tsx?t=1750024154646
← [33m200[39m http://localhost:5173/src/components/TransformPreviewPanel.tsx
← [33m200[39m http://localhost:5173/src/components/TransformConfigDisplay.tsx?t=1750028445161
← [33m200[39m http://localhost:5173/src/components/ResultExplorer.tsx?t=1750030490824
← [33m200[39m http://localhost:5173/src/components/SentimentInsights.tsx?t=1750028445161
← [33m200[39m http://localhost:5173/src/components/RunWizard.tsx?t=1750030330428
→ GET http://localhost:5173/src/utils/performance.ts
→ GET http://localhost:5173/src/components/LazyComponents.css
← [33m200[39m http://localhost:5173/src/components/DataPreview.tsx
← [33m200[39m http://localhost:5173/src/components/VirtualScrollList.tsx
← [33m200[39m http://localhost:5173/src/components/ExportErrorHandler.tsx?t=1750028445161
← [33m200[39m http://localhost:5173/src/components/ApiErrorDisplay.tsx
← [33m200[39m http://localhost:5173/src/components/LargeFileUploader.tsx?t=1750030148913
← [33m200[39m http://localhost:5173/src/components/LargeDatasetExporter.tsx?t=1750028445161
← [33m200[39m http://localhost:5173/src/components/ElectronFeatureMonitor.tsx?t=1750028445161
← [33m200[39m http://localhost:5173/src/components/JobQueueManager.tsx?t=1750028445161
← [33m200[39m http://localhost:5173/src/components/SecurityAuditReport.tsx?t=1750026236037
← [33m200[39m http://localhost:5173/src/components/SecurityBadge.tsx
← [33m200[39m http://localhost:5173/src/components/TransformPipelinePersistence.tsx?t=1750028445161
← [33m200[39m http://localhost:5173/src/components/SentimentAnalysisControl.tsx?t=1750028445161
→ GET http://localhost:5173/src/hooks/useMemoryMonitor.ts?t=1750028445161
→ GET http://localhost:5173/src/components/MemoryMonitor.css
→ GET http://localhost:5173/src/components/SSEProgressIndicator.css
→ GET http://localhost:5173/src/components/WebSocketStatus.css
→ GET http://localhost:5173/src/hooks/useApiErrorHandler.ts?t=1750028445161
→ GET http://localhost:5173/src/components/DataSourcePicker.css?t=1750008828131
→ GET http://localhost:5173/src/components/ProfilerUI.css?t=1750022315517
← [33m200[39m http://localhost:5173/src/utils/performance.ts
← [33m200[39m http://localhost:5173/src/components/LazyComponents.css
→ GET http://localhost:5173/src/components/TransformDesigner.css
→ GET http://localhost:5173/src/components/TransformOperationEditor.css
→ GET http://localhost:5173/src/components/TransformPreviewPanel.css
→ GET http://localhost:5173/src/components/TransformConfigDisplay.css
→ GET http://localhost:5173/src/components/SentimentInsights.css
→ GET http://localhost:5173/src/components/RunWizard.css?t=1749994688834
→ GET http://localhost:5173/src/hooks/useDebounce.ts
→ GET http://localhost:5173/src/components/ResultExplorer.css?t=1750008175222
→ GET http://localhost:5173/src/components/DataPreview.css
→ GET http://localhost:5173/src/components/VirtualScrollList.css
→ GET http://localhost:5173/src/components/ExportErrorHandler.css
← [33m200[39m http://localhost:5173/src/hooks/useMemoryMonitor.ts?t=1750028445161
← [33m200[39m http://localhost:5173/src/components/MemoryMonitor.css
← [33m200[39m http://localhost:5173/src/components/SSEProgressIndicator.css
→ GET http://localhost:5173/src/components/ApiErrorDisplay.css
→ GET http://localhost:5173/src/hooks/useLargeFileUpload.ts?t=1750028445161
→ GET http://localhost:5173/src/components/LargeFileUploader.css
← [33m200[39m http://localhost:5173/src/components/WebSocketStatus.css
← [33m200[39m http://localhost:5173/src/hooks/useApiErrorHandler.ts?t=1750028445161
→ GET http://localhost:5173/src/components/LargeDatasetExporter.css
→ GET http://localhost:5173/src/components/ElectronFeatureMonitor.css
← [33m200[39m http://localhost:5173/src/components/DataSourcePicker.css?t=1750008828131
← [33m200[39m http://localhost:5173/src/components/ProfilerUI.css?t=1750022315517
→ GET http://localhost:5173/src/components/JobQueueManager.css
← [33m200[39m http://localhost:5173/src/components/TransformDesigner.css
→ GET http://localhost:5173/src/components/SecurityBadge.css
→ GET http://localhost:5173/src/components/SentimentAnalysisControl.css
→ GET http://localhost:5173/src/components/SecurityAuditReport.css
→ GET http://localhost:5173/src/components/TransformPipelinePersistence.css
← [33m200[39m http://localhost:5173/src/components/TransformOperationEditor.css
← [33m200[39m http://localhost:5173/src/components/TransformConfigDisplay.css
← [33m200[39m http://localhost:5173/src/components/TransformPreviewPanel.css
← [33m200[39m http://localhost:5173/src/components/SentimentInsights.css
← [33m200[39m http://localhost:5173/src/hooks/useDebounce.ts
← [33m200[39m http://localhost:5173/src/components/RunWizard.css?t=1749994688834
← [33m200[39m http://localhost:5173/src/components/DataPreview.css
← [33m200[39m http://localhost:5173/src/components/ResultExplorer.css?t=1750008175222
← [33m200[39m http://localhost:5173/src/components/VirtualScrollList.css
← [33m200[39m http://localhost:5173/src/components/ExportErrorHandler.css
← [33m200[39m http://localhost:5173/src/components/ApiErrorDisplay.css
← [33m200[39m http://localhost:5173/src/hooks/useLargeFileUpload.ts?t=1750028445161
← [33m200[39m http://localhost:5173/src/components/LargeFileUploader.css
← [33m200[39m http://localhost:5173/src/components/LargeDatasetExporter.css
← [33m200[39m http://localhost:5173/src/components/ElectronFeatureMonitor.css
← [33m200[39m http://localhost:5173/src/components/JobQueueManager.css
← [33m200[39m http://localhost:5173/src/components/SecurityBadge.css
← [33m200[39m http://localhost:5173/src/components/SentimentAnalysisControl.css
← [33m200[39m http://localhost:5173/src/components/SecurityAuditReport.css
← [33m200[39m http://localhost:5173/src/components/TransformPipelinePersistence.css
→ GET http://localhost:5173/vite.svg
← [33m200[39m http://localhost:5173/vite.svg

[[ATTACHMENT|artifacts/02-file-upload-File-Upload-b9939-reject-invalid-file-formats-browser-firefox/test-failed-1.png]]

[[ATTACHMENT|artifacts/02-file-upload-File-Upload-b9939-reject-invalid-file-formats-browser-firefox/video.webm]]

[[ATTACHMENT|artifacts/02-file-upload-File-Upload-b9939-reject-invalid-file-formats-browser-firefox/error-context.md]]
]]>
</system-out>
<system-err>
<![CDATA[(node:36887) [DEP0147] DeprecationWarning: In future versions of Node.js, fs.rmdir(path, { recursive: true }) will be removed. Use fs.rm(path, { recursive: true }) instead
(Use `node --trace-deprecation ...` to show where the warning was created)
]]>
</system-err>
</testcase>
<testcase name="File Upload Functionality › should handle malformed CSV gracefully" classname="02-file-upload.spec.ts" time="1.667">
<failure message="02-file-upload.spec.ts:208:7 should handle malformed CSV gracefully" type="FAILURE">
<![CDATA[  [browser-firefox] › 02-file-upload.spec.ts:208:7 › File Upload Functionality › should handle malformed CSV gracefully › Upload malformed CSV 

    Error: expect.toBeAttached: Error: strict mode violation: locator('input[type="file"]') resolved to 2 elements:
        1) <input type="file" accept=".csv,.xlsx,.xls,.tsv" data-testid="file-input-button" aria-label="Select file to upload" aria-describedby="file-restrictions"/> aka getByTestId('file-input-button')
        2) <input multiple type="file" accept=".csv,.xlsx,.xls,.tsv" data-testid="hidden-file-input" aria-describedby="file-requirements" aria-label="Select data files for upload"/> aka getByTestId('hidden-file-input')

    Call log:
      - Expect "toBeAttached" with timeout 5000ms
      - waiting for locator('input[type="file"]')


       at ../fixtures/test-fixtures.ts:203

      201 |   // Now set the file input (works for both browser and Electron modes)
      202 |   const fileInput = page.locator('input[type="file"]');
    > 203 |   await expect(fileInput).toBeAttached({ timeout: 5000 });
          |                           ^
      204 |   await fileInput.setInputFiles(filePath);
      205 | };
      206 |
        at uploadFile (/Users/thomaswagner/Documents/datacloak-sentiment-workbench/packages/e2e-tests/fixtures/test-fixtures.ts:203:27)
        at /Users/thomaswagner/Documents/datacloak-sentiment-workbench/packages/e2e-tests/tests/02-file-upload.spec.ts:210:7
        at /Users/thomaswagner/Documents/datacloak-sentiment-workbench/packages/e2e-tests/tests/02-file-upload.spec.ts:209:5

    attachment #1: screenshot (image/png) ──────────────────────────────────────────────────────────
    test-results/artifacts/02-file-upload-File-Upload-2abe1-le-malformed-CSV-gracefully-browser-firefox/test-failed-1.png
    ────────────────────────────────────────────────────────────────────────────────────────────────

    attachment #2: video (video/webm) ──────────────────────────────────────────────────────────────
    test-results/artifacts/02-file-upload-File-Upload-2abe1-le-malformed-CSV-gracefully-browser-firefox/video.webm
    ────────────────────────────────────────────────────────────────────────────────────────────────

    Error Context: ../test-results/artifacts/02-file-upload-File-Upload-2abe1-le-malformed-CSV-gracefully-browser-firefox/error-context.md
]]>
</failure>
<system-out>
<![CDATA[→ GET http://localhost:5173/
← [33m200[39m http://localhost:5173/
→ GET http://localhost:5173/@vite/client
→ GET http://localhost:5173/src/main.tsx?t=1750030703180
→ GET http://localhost:5173/@react-refresh
← [33m200[39m http://localhost:5173/@vite/client
← [33m200[39m http://localhost:5173/src/main.tsx?t=1750030703180
← [33m200[39m http://localhost:5173/@react-refresh
→ GET http://localhost:5173/node_modules/vite/dist/client/env.mjs
→ GET http://localhost:5173/node_modules/.vite/deps/react_jsx-dev-runtime.js?v=6c3f721c
→ GET http://localhost:5173/node_modules/.vite/deps/react.js?v=6c3f721c
→ GET http://localhost:5173/node_modules/.vite/deps/react-dom_client.js?v=a50e1294
→ GET http://localhost:5173/src/index.css
→ GET http://localhost:5173/src/App.tsx?t=1750030703180
← [33m200[39m http://localhost:5173/node_modules/vite/dist/client/env.mjs
← [33m200[39m http://localhost:5173/node_modules/.vite/deps/react_jsx-dev-runtime.js?v=6c3f721c
← [33m200[39m http://localhost:5173/node_modules/.vite/deps/react.js?v=6c3f721c
→ GET http://localhost:5173/node_modules/.vite/deps/chunk-UBDIXFPO.js?v=676c4d25
← [33m200[39m http://localhost:5173/node_modules/.vite/deps/react-dom_client.js?v=a50e1294
← [33m200[39m http://localhost:5173/src/App.tsx?t=1750030703180
← [33m200[39m http://localhost:5173/src/index.css
← [33m200[39m http://localhost:5173/node_modules/.vite/deps/chunk-UBDIXFPO.js?v=676c4d25
→ GET http://localhost:5173/?token=fAzfQjQsyiNL
← [33m101[39m http://localhost:5173/?token=fAzfQjQsyiNL
→ GET http://localhost:5173/src/App.css?t=1750030703180
→ GET http://localhost:5173/src/context/AppContext.tsx?t=1750028445161
→ GET http://localhost:5173/src/components/Navigation.tsx?t=1750030602543
→ GET http://localhost:5173/src/components/WorkflowManager.tsx?t=1750030602543
→ GET http://localhost:5173/src/components/NotificationToast.tsx?t=1750028445161
→ GET http://localhost:5173/src/components/ErrorBoundary.tsx
→ GET http://localhost:5173/src/components/ProgressIndicator.tsx?t=1750015148848
→ GET http://localhost:5173/src/components/RealTimeDashboard.tsx?t=1750028445161
← [33m200[39m http://localhost:5173/src/App.css?t=1750030703180
← [33m200[39m http://localhost:5173/src/context/AppContext.tsx?t=1750028445161
← [33m200[39m http://localhost:5173/src/components/Navigation.tsx?t=1750030602543
← [33m200[39m http://localhost:5173/src/components/WorkflowManager.tsx?t=1750030602543
← [33m200[39m http://localhost:5173/src/components/NotificationToast.tsx?t=1750028445161
← [33m200[39m http://localhost:5173/src/components/ProgressIndicator.tsx?t=1750015148848
← [33m200[39m http://localhost:5173/src/components/ErrorBoundary.tsx
← [33m200[39m http://localhost:5173/src/components/RealTimeDashboard.tsx?t=1750028445161
→ GET http://localhost:5173/src/components/AppVersion.tsx
→ GET http://localhost:5173/src/components/Navigation.css?t=1749995170122
→ GET http://localhost:5173/src/components/NotificationToast.css
→ GET http://localhost:5173/src/components/ProgressIndicator.css
→ GET http://localhost:5173/src/components/index.ts?t=1750030602543
→ GET http://localhost:5173/src/components/LazyComponents.tsx?t=1750030490824
→ GET http://localhost:5173/src/hooks/useWebWorker.ts?t=1750014984624
→ GET http://localhost:5173/src/components/WorkflowManager.css?t=1749992255972
← [33m200[39m http://localhost:5173/src/components/AppVersion.tsx
← [33m200[39m http://localhost:5173/src/components/Navigation.css?t=1749995170122
→ GET http://localhost:5173/src/components/ErrorBoundary.css
← [33m200[39m http://localhost:5173/src/components/NotificationToast.css
← [33m200[39m http://localhost:5173/src/components/ProgressIndicator.css
→ GET http://localhost:5173/src/components/MemoryMonitor.tsx?t=1750028445161
→ GET http://localhost:5173/src/components/SSEProgressIndicator.tsx?t=1750028445161
← [33m200[39m http://localhost:5173/src/components/index.ts?t=1750030602543
→ GET http://localhost:5173/src/components/WebSocketStatus.tsx?t=1750028445161
→ GET http://localhost:5173/src/components/RealTimeDashboard.css
← [33m200[39m http://localhost:5173/src/components/LazyComponents.tsx?t=1750030490824
← [33m200[39m http://localhost:5173/src/hooks/useWebWorker.ts?t=1750014984624
← [33m200[39m http://localhost:5173/src/components/WorkflowManager.css?t=1749992255972
← [33m200[39m http://localhost:5173/src/components/ErrorBoundary.css
← [33m200[39m http://localhost:5173/src/components/MemoryMonitor.tsx?t=1750028445161
← [33m200[39m http://localhost:5173/src/components/SSEProgressIndicator.tsx?t=1750028445161
← [33m200[39m http://localhost:5173/src/components/WebSocketStatus.tsx?t=1750028445161
← [33m200[39m http://localhost:5173/src/components/RealTimeDashboard.css
→ GET http://localhost:5173/src/components/AppVersion.css
→ GET http://localhost:5173/src/components/DataSourcePicker.tsx?t=1750030148913
→ GET http://localhost:5173/src/components/ProfilerUI.tsx?t=1750030188693
→ GET http://localhost:5173/src/components/TransformDesigner.tsx?t=1750030251852
→ GET http://localhost:5173/src/components/TransformOperationEditor.tsx?t=1750024154646
→ GET http://localhost:5173/src/components/TransformPreviewPanel.tsx
→ GET http://localhost:5173/src/components/TransformConfigDisplay.tsx?t=1750028445161
→ GET http://localhost:5173/src/components/RunWizard.tsx?t=1750030330428
→ GET http://localhost:5173/src/components/ResultExplorer.tsx?t=1750030490824
→ GET http://localhost:5173/src/components/SentimentInsights.tsx?t=1750028445161
→ GET http://localhost:5173/src/components/DataPreview.tsx
→ GET http://localhost:5173/src/components/VirtualScrollList.tsx
→ GET http://localhost:5173/src/components/ApiErrorDisplay.tsx
→ GET http://localhost:5173/src/components/ExportErrorHandler.tsx?t=1750028445161
→ GET http://localhost:5173/src/components/LargeFileUploader.tsx?t=1750030148913
→ GET http://localhost:5173/src/components/LargeDatasetExporter.tsx?t=1750028445161
→ GET http://localhost:5173/src/components/ElectronFeatureMonitor.tsx?t=1750028445161
→ GET http://localhost:5173/src/components/SecurityAuditReport.tsx?t=1750026236037
→ GET http://localhost:5173/src/components/SecurityBadge.tsx
→ GET http://localhost:5173/src/components/TransformPipelinePersistence.tsx?t=1750028445161
→ GET http://localhost:5173/src/components/SentimentAnalysisControl.tsx?t=1750028445161
→ GET http://localhost:5173/src/components/JobQueueManager.tsx?t=1750028445161
→ GET http://localhost:5173/src/utils/performance.ts
→ GET http://localhost:5173/src/components/LazyComponents.css
→ GET http://localhost:5173/node_modules/.vite/deps/chunk-KBNVMJOC.js?v=676c4d25
← [33m200[39m http://localhost:5173/src/components/AppVersion.css
← [33m200[39m http://localhost:5173/src/components/DataSourcePicker.tsx?t=1750030148913
→ GET http://localhost:5173/src/hooks/useMemoryMonitor.ts?t=1750028445161
← [33m200[39m http://localhost:5173/src/components/ProfilerUI.tsx?t=1750030188693
→ GET http://localhost:5173/src/components/MemoryMonitor.css
→ GET http://localhost:5173/src/components/SSEProgressIndicator.css
→ GET http://localhost:5173/src/components/WebSocketStatus.css
← [33m200[39m http://localhost:5173/src/components/TransformDesigner.tsx?t=1750030251852
← [33m200[39m http://localhost:5173/src/components/TransformOperationEditor.tsx?t=1750024154646
← [33m200[39m http://localhost:5173/src/components/TransformPreviewPanel.tsx
← [33m200[39m http://localhost:5173/src/components/RunWizard.tsx?t=1750030330428
← [33m200[39m http://localhost:5173/src/components/ResultExplorer.tsx?t=1750030490824
← [33m200[39m http://localhost:5173/src/components/SentimentInsights.tsx?t=1750028445161
← [33m200[39m http://localhost:5173/src/components/DataPreview.tsx
← [33m200[39m http://localhost:5173/src/components/TransformConfigDisplay.tsx?t=1750028445161
← [33m200[39m http://localhost:5173/src/components/ApiErrorDisplay.tsx
← [33m200[39m http://localhost:5173/src/components/ExportErrorHandler.tsx?t=1750028445161
← [33m200[39m http://localhost:5173/src/components/LargeFileUploader.tsx?t=1750030148913
← [33m200[39m http://localhost:5173/src/components/LargeDatasetExporter.tsx?t=1750028445161
← [33m200[39m http://localhost:5173/src/components/VirtualScrollList.tsx
← [33m200[39m http://localhost:5173/src/components/SecurityAuditReport.tsx?t=1750026236037
← [33m200[39m http://localhost:5173/src/components/SecurityBadge.tsx
← [33m200[39m http://localhost:5173/src/components/TransformPipelinePersistence.tsx?t=1750028445161
← [33m200[39m http://localhost:5173/src/components/ElectronFeatureMonitor.tsx?t=1750028445161
← [33m200[39m http://localhost:5173/src/utils/performance.ts
← [33m200[39m http://localhost:5173/src/components/LazyComponents.css
← [33m200[39m http://localhost:5173/node_modules/.vite/deps/chunk-KBNVMJOC.js?v=676c4d25
← [33m200[39m http://localhost:5173/src/components/SentimentAnalysisControl.tsx?t=1750028445161
← [33m200[39m http://localhost:5173/src/components/JobQueueManager.tsx?t=1750028445161
← [33m200[39m http://localhost:5173/src/components/MemoryMonitor.css
← [33m200[39m http://localhost:5173/src/components/SSEProgressIndicator.css
← [33m200[39m http://localhost:5173/src/components/WebSocketStatus.css
← [33m200[39m http://localhost:5173/src/hooks/useMemoryMonitor.ts?t=1750028445161
→ GET http://localhost:5173/src/hooks/useApiErrorHandler.ts?t=1750028445161
→ GET http://localhost:5173/src/components/DataSourcePicker.css?t=1750008828131
→ GET http://localhost:5173/src/components/ProfilerUI.css?t=1750022315517
→ GET http://localhost:5173/src/components/TransformDesigner.css
→ GET http://localhost:5173/src/components/TransformPreviewPanel.css
→ GET http://localhost:5173/src/components/TransformOperationEditor.css
→ GET http://localhost:5173/src/components/RunWizard.css?t=1749994688834
→ GET http://localhost:5173/src/components/DataPreview.css
→ GET http://localhost:5173/src/hooks/useDebounce.ts
→ GET http://localhost:5173/src/components/ResultExplorer.css?t=1750008175222
→ GET http://localhost:5173/src/components/SentimentInsights.css
→ GET http://localhost:5173/src/components/TransformConfigDisplay.css
→ GET http://localhost:5173/src/components/ApiErrorDisplay.css
→ GET http://localhost:5173/src/components/SecurityAuditReport.css
→ GET http://localhost:5173/src/components/SecurityBadge.css
→ GET http://localhost:5173/src/hooks/useLargeFileUpload.ts?t=1750028445161
→ GET http://localhost:5173/src/components/LargeFileUploader.css
→ GET http://localhost:5173/src/components/ExportErrorHandler.css
→ GET http://localhost:5173/src/components/VirtualScrollList.css
→ GET http://localhost:5173/src/components/TransformPipelinePersistence.css
← [33m200[39m http://localhost:5173/src/hooks/useApiErrorHandler.ts?t=1750028445161
→ GET http://localhost:5173/src/components/LargeDatasetExporter.css
← [33m200[39m http://localhost:5173/src/components/DataSourcePicker.css?t=1750008828131
→ GET http://localhost:5173/src/components/ElectronFeatureMonitor.css
← [33m200[39m http://localhost:5173/src/components/ProfilerUI.css?t=1750022315517
→ GET http://localhost:5173/src/components/SentimentAnalysisControl.css
← [33m200[39m http://localhost:5173/src/components/TransformDesigner.css
→ GET http://localhost:5173/src/components/JobQueueManager.css
← [33m200[39m http://localhost:5173/src/components/TransformPreviewPanel.css
← [33m200[39m http://localhost:5173/src/components/TransformOperationEditor.css
← [33m200[39m http://localhost:5173/src/components/RunWizard.css?t=1749994688834
← [33m200[39m http://localhost:5173/src/components/DataPreview.css
← [33m200[39m http://localhost:5173/src/hooks/useDebounce.ts
← [33m200[39m http://localhost:5173/src/components/ResultExplorer.css?t=1750008175222
← [33m200[39m http://localhost:5173/src/components/SentimentInsights.css
← [33m200[39m http://localhost:5173/src/components/TransformConfigDisplay.css
← [33m200[39m http://localhost:5173/src/components/ApiErrorDisplay.css
← [33m200[39m http://localhost:5173/src/components/SecurityAuditReport.css
← [33m200[39m http://localhost:5173/src/components/SecurityBadge.css
← [33m200[39m http://localhost:5173/src/hooks/useLargeFileUpload.ts?t=1750028445161
← [33m200[39m http://localhost:5173/src/components/LargeFileUploader.css
← [33m200[39m http://localhost:5173/src/components/VirtualScrollList.css
← [33m200[39m http://localhost:5173/src/components/ExportErrorHandler.css
← [33m200[39m http://localhost:5173/src/components/TransformPipelinePersistence.css
← [33m200[39m http://localhost:5173/src/components/LargeDatasetExporter.css
← [33m200[39m http://localhost:5173/src/components/ElectronFeatureMonitor.css
← [33m200[39m http://localhost:5173/src/components/SentimentAnalysisControl.css
← [33m200[39m http://localhost:5173/src/components/JobQueueManager.css
→ GET http://localhost:5173/vite.svg
← [33m200[39m http://localhost:5173/vite.svg

[[ATTACHMENT|artifacts/02-file-upload-File-Upload-2abe1-le-malformed-CSV-gracefully-browser-firefox/test-failed-1.png]]

[[ATTACHMENT|artifacts/02-file-upload-File-Upload-2abe1-le-malformed-CSV-gracefully-browser-firefox/video.webm]]

[[ATTACHMENT|artifacts/02-file-upload-File-Upload-2abe1-le-malformed-CSV-gracefully-browser-firefox/error-context.md]]
]]>
</system-out>
<system-err>
<![CDATA[Console Error: [JavaScript Error: "Error: Error: strict mode violation: locator('input[type="file"]') resolved to 2 elements:
    1) <input type="file" accept=".csv,.xlsx,.xls,.tsv" data-testid="file-input-button" aria-label="Select file to upload" aria-describedby="file-restrictions"/> aka getByTestId('file-input-button')
    2) <input multiple type="file" accept=".csv,.xlsx,.xls,.tsv" data-testid="hidden-file-input" aria-describedby="file-requirements" aria-label="Select data files for upload"/> aka getByTestId('hidden-file-input')
" {file: "debugger eval code" line: 7299}]
(node:36865) [DEP0147] DeprecationWarning: In future versions of Node.js, fs.rmdir(path, { recursive: true }) will be removed. Use fs.rm(path, { recursive: true }) instead
(Use `node --trace-deprecation ...` to show where the warning was created)
]]>
</system-err>
</testcase>
<testcase name="File Upload Functionality › should support drag and drop file upload" classname="02-file-upload.spec.ts" time="6.353">
<failure message="02-file-upload.spec.ts:241:7 should support drag and drop file upload" type="FAILURE">
<![CDATA[  [browser-firefox] › 02-file-upload.spec.ts:241:7 › File Upload Functionality › should support drag and drop file upload › Drag and drop file 

    Error: Timed out 5000ms waiting for expect(locator).toBeVisible()

    Locator: locator('.drop-zone, [data-testid="drop-zone"]')
    Expected: visible
    Received: <element(s) not found>
    Call log:
      - Expect "toBeVisible" with timeout 5000ms
      - waiting for locator('.drop-zone, [data-testid="drop-zone"]')


      242 |     await test.step('Drag and drop file', async () => {
      243 |       const dropZone = page.locator('.drop-zone, [data-testid="drop-zone"]');
    > 244 |       await expect(dropZone).toBeVisible();
          |                              ^
      245 |       
      246 |       if (browserMode) {
      247 |         // Create a realistic drag and drop simulation for browser
        at /Users/thomaswagner/Documents/datacloak-sentiment-workbench/packages/e2e-tests/tests/02-file-upload.spec.ts:244:30
        at /Users/thomaswagner/Documents/datacloak-sentiment-workbench/packages/e2e-tests/tests/02-file-upload.spec.ts:242:16

    attachment #1: screenshot (image/png) ──────────────────────────────────────────────────────────
    test-results/artifacts/02-file-upload-File-Upload-28b70-t-drag-and-drop-file-upload-browser-firefox/test-failed-1.png
    ────────────────────────────────────────────────────────────────────────────────────────────────

    attachment #2: video (video/webm) ──────────────────────────────────────────────────────────────
    test-results/artifacts/02-file-upload-File-Upload-28b70-t-drag-and-drop-file-upload-browser-firefox/video.webm
    ────────────────────────────────────────────────────────────────────────────────────────────────

    Error Context: ../test-results/artifacts/02-file-upload-File-Upload-28b70-t-drag-and-drop-file-upload-browser-firefox/error-context.md
]]>
</failure>
<system-out>
<![CDATA[→ GET http://localhost:5173/
← [33m200[39m http://localhost:5173/
→ GET http://localhost:5173/@vite/client
→ GET http://localhost:5173/src/main.tsx?t=1750030703180
→ GET http://localhost:5173/@react-refresh
← [33m200[39m http://localhost:5173/@vite/client
← [33m200[39m http://localhost:5173/src/main.tsx?t=1750030703180
← [33m200[39m http://localhost:5173/@react-refresh
→ GET http://localhost:5173/node_modules/vite/dist/client/env.mjs
→ GET http://localhost:5173/node_modules/.vite/deps/react_jsx-dev-runtime.js?v=6c3f721c
→ GET http://localhost:5173/node_modules/.vite/deps/react.js?v=6c3f721c
→ GET http://localhost:5173/node_modules/.vite/deps/react-dom_client.js?v=a50e1294
→ GET http://localhost:5173/src/index.css
→ GET http://localhost:5173/src/App.tsx?t=1750030703180
← [33m200[39m http://localhost:5173/node_modules/vite/dist/client/env.mjs
← [33m200[39m http://localhost:5173/node_modules/.vite/deps/react_jsx-dev-runtime.js?v=6c3f721c
← [33m200[39m http://localhost:5173/node_modules/.vite/deps/react.js?v=6c3f721c
→ GET http://localhost:5173/node_modules/.vite/deps/chunk-UBDIXFPO.js?v=676c4d25
← [33m200[39m http://localhost:5173/node_modules/.vite/deps/react-dom_client.js?v=a50e1294
← [33m200[39m http://localhost:5173/src/index.css
← [33m200[39m http://localhost:5173/node_modules/.vite/deps/chunk-UBDIXFPO.js?v=676c4d25
← [33m200[39m http://localhost:5173/src/App.tsx?t=1750030703180
→ GET http://localhost:5173/?token=fAzfQjQsyiNL
← [33m101[39m http://localhost:5173/?token=fAzfQjQsyiNL
→ GET http://localhost:5173/src/App.css?t=1750030703180
→ GET http://localhost:5173/src/context/AppContext.tsx?t=1750028445161
→ GET http://localhost:5173/src/components/Navigation.tsx?t=1750030602543
→ GET http://localhost:5173/src/components/WorkflowManager.tsx?t=1750030602543
→ GET http://localhost:5173/src/components/NotificationToast.tsx?t=1750028445161
→ GET http://localhost:5173/src/components/ErrorBoundary.tsx
→ GET http://localhost:5173/src/components/ProgressIndicator.tsx?t=1750015148848
→ GET http://localhost:5173/src/components/RealTimeDashboard.tsx?t=1750028445161
← [33m200[39m http://localhost:5173/src/App.css?t=1750030703180
← [33m200[39m http://localhost:5173/src/context/AppContext.tsx?t=1750028445161
← [33m200[39m http://localhost:5173/src/components/Navigation.tsx?t=1750030602543
← [33m200[39m http://localhost:5173/src/components/WorkflowManager.tsx?t=1750030602543
← [33m200[39m http://localhost:5173/src/components/RealTimeDashboard.tsx?t=1750028445161
← [33m200[39m http://localhost:5173/src/components/NotificationToast.tsx?t=1750028445161
← [33m200[39m http://localhost:5173/src/components/ErrorBoundary.tsx
← [33m200[39m http://localhost:5173/src/components/ProgressIndicator.tsx?t=1750015148848
→ GET http://localhost:5173/src/components/AppVersion.tsx
→ GET http://localhost:5173/src/components/Navigation.css?t=1749995170122
→ GET http://localhost:5173/src/components/MemoryMonitor.tsx?t=1750028445161
→ GET http://localhost:5173/src/components/SSEProgressIndicator.tsx?t=1750028445161
→ GET http://localhost:5173/src/components/WebSocketStatus.tsx?t=1750028445161
→ GET http://localhost:5173/src/components/RealTimeDashboard.css
← [33m200[39m http://localhost:5173/src/components/AppVersion.tsx
→ GET http://localhost:5173/src/components/index.ts?t=1750030602543
→ GET http://localhost:5173/src/components/LazyComponents.tsx?t=1750030490824
→ GET http://localhost:5173/src/hooks/useWebWorker.ts?t=1750014984624
← [33m200[39m http://localhost:5173/src/components/Navigation.css?t=1749995170122
→ GET http://localhost:5173/src/components/WorkflowManager.css?t=1749992255972
← [33m200[39m http://localhost:5173/src/components/MemoryMonitor.tsx?t=1750028445161
→ GET http://localhost:5173/src/components/NotificationToast.css
→ GET http://localhost:5173/src/components/ErrorBoundary.css
→ GET http://localhost:5173/src/components/ProgressIndicator.css
← [33m200[39m http://localhost:5173/src/components/SSEProgressIndicator.tsx?t=1750028445161
← [33m200[39m http://localhost:5173/src/components/WebSocketStatus.tsx?t=1750028445161
← [33m200[39m http://localhost:5173/src/components/RealTimeDashboard.css
← [33m200[39m http://localhost:5173/src/components/index.ts?t=1750030602543
← [33m200[39m http://localhost:5173/src/components/LazyComponents.tsx?t=1750030490824
← [33m200[39m http://localhost:5173/src/hooks/useWebWorker.ts?t=1750014984624
← [33m200[39m http://localhost:5173/src/components/WorkflowManager.css?t=1749992255972
← [33m200[39m http://localhost:5173/src/components/NotificationToast.css
← [33m200[39m http://localhost:5173/src/components/ErrorBoundary.css
→ GET http://localhost:5173/src/components/AppVersion.css
← [33m200[39m http://localhost:5173/src/components/ProgressIndicator.css
→ GET http://localhost:5173/src/hooks/useMemoryMonitor.ts?t=1750028445161
→ GET http://localhost:5173/src/components/MemoryMonitor.css
→ GET http://localhost:5173/src/components/ApiErrorDisplay.tsx
→ GET http://localhost:5173/src/components/SSEProgressIndicator.css
← [33m200[39m http://localhost:5173/src/components/AppVersion.css
→ GET http://localhost:5173/src/components/DataSourcePicker.tsx?t=1750030148913
→ GET http://localhost:5173/src/components/ProfilerUI.tsx?t=1750030188693
→ GET http://localhost:5173/src/components/TransformDesigner.tsx?t=1750030251852
→ GET http://localhost:5173/src/components/TransformOperationEditor.tsx?t=1750024154646
→ GET http://localhost:5173/src/components/TransformPreviewPanel.tsx
→ GET http://localhost:5173/src/components/TransformConfigDisplay.tsx?t=1750028445161
→ GET http://localhost:5173/src/components/RunWizard.tsx?t=1750030330428
→ GET http://localhost:5173/src/components/ResultExplorer.tsx?t=1750030490824
→ GET http://localhost:5173/src/components/SentimentInsights.tsx?t=1750028445161
→ GET http://localhost:5173/src/components/DataPreview.tsx
→ GET http://localhost:5173/src/components/VirtualScrollList.tsx
→ GET http://localhost:5173/src/components/ExportErrorHandler.tsx?t=1750028445161
→ GET http://localhost:5173/src/components/LargeFileUploader.tsx?t=1750030148913
→ GET http://localhost:5173/src/components/LargeDatasetExporter.tsx?t=1750028445161
→ GET http://localhost:5173/src/components/ElectronFeatureMonitor.tsx?t=1750028445161
→ GET http://localhost:5173/src/components/SecurityAuditReport.tsx?t=1750026236037
→ GET http://localhost:5173/src/components/SecurityBadge.tsx
→ GET http://localhost:5173/src/components/TransformPipelinePersistence.tsx?t=1750028445161
→ GET http://localhost:5173/src/components/SentimentAnalysisControl.tsx?t=1750028445161
→ GET http://localhost:5173/src/components/JobQueueManager.tsx?t=1750028445161
→ GET http://localhost:5173/src/components/WebSocketStatus.css
← [33m200[39m http://localhost:5173/src/hooks/useMemoryMonitor.ts?t=1750028445161
← [33m200[39m http://localhost:5173/src/components/MemoryMonitor.css
→ GET http://localhost:5173/node_modules/.vite/deps/chunk-KBNVMJOC.js?v=676c4d25
→ GET http://localhost:5173/src/utils/performance.ts
→ GET http://localhost:5173/src/components/LazyComponents.css
← [33m200[39m http://localhost:5173/src/components/ApiErrorDisplay.tsx
← [33m200[39m http://localhost:5173/src/components/SSEProgressIndicator.css
← [33m200[39m http://localhost:5173/src/components/DataSourcePicker.tsx?t=1750030148913
← [33m200[39m http://localhost:5173/src/components/ProfilerUI.tsx?t=1750030188693
← [33m200[39m http://localhost:5173/src/components/TransformDesigner.tsx?t=1750030251852
← [33m200[39m http://localhost:5173/src/components/TransformConfigDisplay.tsx?t=1750028445161
← [33m200[39m http://localhost:5173/src/components/RunWizard.tsx?t=1750030330428
← [33m200[39m http://localhost:5173/src/components/ResultExplorer.tsx?t=1750030490824
← [33m200[39m http://localhost:5173/src/components/TransformOperationEditor.tsx?t=1750024154646
← [33m200[39m http://localhost:5173/src/components/TransformPreviewPanel.tsx
← [33m200[39m http://localhost:5173/src/components/DataPreview.tsx
← [33m200[39m http://localhost:5173/src/components/VirtualScrollList.tsx
← [33m200[39m http://localhost:5173/src/components/ExportErrorHandler.tsx?t=1750028445161
← [33m200[39m http://localhost:5173/src/components/SentimentInsights.tsx?t=1750028445161
→ GET http://localhost:5173/src/components/ApiErrorDisplay.css
← [33m200[39m http://localhost:5173/src/components/ElectronFeatureMonitor.tsx?t=1750028445161
← [33m200[39m http://localhost:5173/src/components/SecurityBadge.tsx
← [33m200[39m http://localhost:5173/src/components/SecurityAuditReport.tsx?t=1750026236037
← [33m200[39m http://localhost:5173/src/components/LargeFileUploader.tsx?t=1750030148913
→ GET http://localhost:5173/src/hooks/useApiErrorHandler.ts?t=1750028445161
← [33m200[39m http://localhost:5173/src/components/LargeDatasetExporter.tsx?t=1750028445161
→ GET http://localhost:5173/src/components/DataSourcePicker.css?t=1750008828131
→ GET http://localhost:5173/src/components/ProfilerUI.css?t=1750022315517
← [33m200[39m http://localhost:5173/src/components/SentimentAnalysisControl.tsx?t=1750028445161
← [33m200[39m http://localhost:5173/src/components/WebSocketStatus.css
→ GET http://localhost:5173/src/components/TransformDesigner.css
← [33m200[39m http://localhost:5173/src/components/JobQueueManager.tsx?t=1750028445161
← [33m200[39m http://localhost:5173/node_modules/.vite/deps/chunk-KBNVMJOC.js?v=676c4d25
← [33m200[39m http://localhost:5173/src/components/LazyComponents.css
← [33m200[39m http://localhost:5173/src/components/TransformPipelinePersistence.tsx?t=1750028445161
← [33m200[39m http://localhost:5173/src/components/ApiErrorDisplay.css
← [33m200[39m http://localhost:5173/src/utils/performance.ts
→ GET http://localhost:5173/src/components/TransformConfigDisplay.css
→ GET http://localhost:5173/src/components/RunWizard.css?t=1749994688834
← [33m200[39m http://localhost:5173/src/hooks/useApiErrorHandler.ts?t=1750028445161
→ GET http://localhost:5173/src/components/TransformOperationEditor.css
→ GET http://localhost:5173/src/components/TransformPreviewPanel.css
← [33m200[39m http://localhost:5173/src/components/DataSourcePicker.css?t=1750008828131
← [33m200[39m http://localhost:5173/src/components/ProfilerUI.css?t=1750022315517
→ GET http://localhost:5173/src/hooks/useDebounce.ts
→ GET http://localhost:5173/src/components/ResultExplorer.css?t=1750008175222
→ GET http://localhost:5173/src/components/DataPreview.css
→ GET http://localhost:5173/src/components/VirtualScrollList.css
→ GET http://localhost:5173/src/components/SecurityBadge.css
→ GET http://localhost:5173/src/components/ElectronFeatureMonitor.css
← [33m200[39m http://localhost:5173/src/components/TransformDesigner.css
→ GET http://localhost:5173/src/components/ExportErrorHandler.css
→ GET http://localhost:5173/src/components/SentimentInsights.css
→ GET http://localhost:5173/src/components/SecurityAuditReport.css
→ GET http://localhost:5173/src/hooks/useLargeFileUpload.ts?t=1750028445161
→ GET http://localhost:5173/src/components/LargeFileUploader.css
← [33m200[39m http://localhost:5173/src/components/TransformConfigDisplay.css
← [33m200[39m http://localhost:5173/src/components/RunWizard.css?t=1749994688834
→ GET http://localhost:5173/src/components/SentimentAnalysisControl.css
→ GET http://localhost:5173/src/components/LargeDatasetExporter.css
→ GET http://localhost:5173/src/components/JobQueueManager.css
← [33m200[39m http://localhost:5173/src/components/TransformOperationEditor.css
→ GET http://localhost:5173/src/components/TransformPipelinePersistence.css
← [33m200[39m http://localhost:5173/src/components/TransformPreviewPanel.css
← [33m200[39m http://localhost:5173/src/hooks/useDebounce.ts
← [33m200[39m http://localhost:5173/src/components/ResultExplorer.css?t=1750008175222
← [33m200[39m http://localhost:5173/src/components/DataPreview.css
← [33m200[39m http://localhost:5173/src/components/SecurityBadge.css
← [33m200[39m http://localhost:5173/src/components/VirtualScrollList.css
← [33m200[39m http://localhost:5173/src/components/ElectronFeatureMonitor.css
← [33m200[39m http://localhost:5173/src/components/ExportErrorHandler.css
← [33m200[39m http://localhost:5173/src/components/SentimentInsights.css
← [33m200[39m http://localhost:5173/src/components/SecurityAuditReport.css
← [33m200[39m http://localhost:5173/src/hooks/useLargeFileUpload.ts?t=1750028445161
← [33m200[39m http://localhost:5173/src/components/LargeFileUploader.css
← [33m200[39m http://localhost:5173/src/components/SentimentAnalysisControl.css
← [33m200[39m http://localhost:5173/src/components/LargeDatasetExporter.css
← [33m200[39m http://localhost:5173/src/components/JobQueueManager.css
← [33m200[39m http://localhost:5173/src/components/TransformPipelinePersistence.css
→ GET http://localhost:5173/vite.svg
← [33m200[39m http://localhost:5173/vite.svg

[[ATTACHMENT|artifacts/02-file-upload-File-Upload-28b70-t-drag-and-drop-file-upload-browser-firefox/test-failed-1.png]]

[[ATTACHMENT|artifacts/02-file-upload-File-Upload-28b70-t-drag-and-drop-file-upload-browser-firefox/video.webm]]

[[ATTACHMENT|artifacts/02-file-upload-File-Upload-28b70-t-drag-and-drop-file-upload-browser-firefox/error-context.md]]
]]>
</system-out>
<system-err>
<![CDATA[(node:36906) [DEP0147] DeprecationWarning: In future versions of Node.js, fs.rmdir(path, { recursive: true }) will be removed. Use fs.rm(path, { recursive: true }) instead
(Use `node --trace-deprecation ...` to show where the warning was created)
]]>
</system-err>
</testcase>
<testcase name="File Upload Functionality › should show file requirements and help text" classname="02-file-upload.spec.ts" time="1.385">
<system-out>
<![CDATA[→ GET http://localhost:5173/
← [33m200[39m http://localhost:5173/
→ GET http://localhost:5173/@vite/client
→ GET http://localhost:5173/src/main.tsx?t=1750030703180
→ GET http://localhost:5173/@react-refresh
← [33m200[39m http://localhost:5173/@vite/client
← [33m200[39m http://localhost:5173/src/main.tsx?t=1750030703180
← [33m200[39m http://localhost:5173/@react-refresh
→ GET http://localhost:5173/node_modules/.vite/deps/react_jsx-dev-runtime.js?v=6c3f721c
→ GET http://localhost:5173/node_modules/.vite/deps/react.js?v=6c3f721c
→ GET http://localhost:5173/node_modules/.vite/deps/react-dom_client.js?v=a50e1294
→ GET http://localhost:5173/src/index.css
→ GET http://localhost:5173/src/App.tsx?t=1750030703180
→ GET http://localhost:5173/node_modules/vite/dist/client/env.mjs
← [33m200[39m http://localhost:5173/node_modules/.vite/deps/react_jsx-dev-runtime.js?v=6c3f721c
← [33m200[39m http://localhost:5173/node_modules/.vite/deps/react.js?v=6c3f721c
→ GET http://localhost:5173/node_modules/.vite/deps/chunk-UBDIXFPO.js?v=676c4d25
← [33m200[39m http://localhost:5173/node_modules/.vite/deps/react-dom_client.js?v=a50e1294
← [33m200[39m http://localhost:5173/node_modules/vite/dist/client/env.mjs
← [33m200[39m http://localhost:5173/src/index.css
← [33m200[39m http://localhost:5173/src/App.tsx?t=1750030703180
← [33m200[39m http://localhost:5173/node_modules/.vite/deps/chunk-UBDIXFPO.js?v=676c4d25
→ GET http://localhost:5173/src/App.css?t=1750030703180
→ GET http://localhost:5173/?token=fAzfQjQsyiNL
← [33m101[39m http://localhost:5173/?token=fAzfQjQsyiNL
→ GET http://localhost:5173/src/context/AppContext.tsx?t=1750028445161
→ GET http://localhost:5173/src/components/Navigation.tsx?t=1750030602543
→ GET http://localhost:5173/src/components/WorkflowManager.tsx?t=1750030602543
→ GET http://localhost:5173/src/components/NotificationToast.tsx?t=1750028445161
→ GET http://localhost:5173/src/components/ErrorBoundary.tsx
→ GET http://localhost:5173/src/components/ProgressIndicator.tsx?t=1750015148848
→ GET http://localhost:5173/src/components/RealTimeDashboard.tsx?t=1750028445161
← [33m200[39m http://localhost:5173/src/App.css?t=1750030703180
← [33m200[39m http://localhost:5173/src/context/AppContext.tsx?t=1750028445161
← [33m200[39m http://localhost:5173/src/components/Navigation.tsx?t=1750030602543
← [33m200[39m http://localhost:5173/src/components/WorkflowManager.tsx?t=1750030602543
← [33m200[39m http://localhost:5173/src/components/NotificationToast.tsx?t=1750028445161
← [33m200[39m http://localhost:5173/src/components/ErrorBoundary.tsx
← [33m200[39m http://localhost:5173/src/components/RealTimeDashboard.tsx?t=1750028445161
← [33m200[39m http://localhost:5173/src/components/ProgressIndicator.tsx?t=1750015148848
→ GET http://localhost:5173/src/components/AppVersion.tsx
→ GET http://localhost:5173/src/components/Navigation.css?t=1749995170122
→ GET http://localhost:5173/src/components/NotificationToast.css
← [33m200[39m http://localhost:5173/src/components/AppVersion.tsx
→ GET http://localhost:5173/src/components/ErrorBoundary.css
← [33m200[39m http://localhost:5173/src/components/Navigation.css?t=1749995170122
→ GET http://localhost:5173/src/components/index.ts?t=1750030602543
→ GET http://localhost:5173/src/components/LazyComponents.tsx?t=1750030490824
→ GET http://localhost:5173/src/hooks/useWebWorker.ts?t=1750014984624
→ GET http://localhost:5173/src/components/WorkflowManager.css?t=1749992255972
→ GET http://localhost:5173/src/components/MemoryMonitor.tsx?t=1750028445161
→ GET http://localhost:5173/src/components/SSEProgressIndicator.tsx?t=1750028445161
← [33m200[39m http://localhost:5173/src/components/NotificationToast.css
→ GET http://localhost:5173/src/components/WebSocketStatus.tsx?t=1750028445161
→ GET http://localhost:5173/src/components/RealTimeDashboard.css
→ GET http://localhost:5173/src/components/ProgressIndicator.css
← [33m200[39m http://localhost:5173/src/components/ErrorBoundary.css
← [33m200[39m http://localhost:5173/src/components/index.ts?t=1750030602543
← [33m200[39m http://localhost:5173/src/components/LazyComponents.tsx?t=1750030490824
→ GET http://localhost:5173/src/components/AppVersion.css
← [33m200[39m http://localhost:5173/src/hooks/useWebWorker.ts?t=1750014984624
← [33m200[39m http://localhost:5173/src/components/WorkflowManager.css?t=1749992255972
← [33m200[39m http://localhost:5173/src/components/MemoryMonitor.tsx?t=1750028445161
← [33m200[39m http://localhost:5173/src/components/RealTimeDashboard.css
← [33m200[39m http://localhost:5173/src/components/ProgressIndicator.css
← [33m200[39m http://localhost:5173/src/components/SSEProgressIndicator.tsx?t=1750028445161
← [33m200[39m http://localhost:5173/src/components/WebSocketStatus.tsx?t=1750028445161
← [33m200[39m http://localhost:5173/src/components/AppVersion.css
→ GET http://localhost:5173/src/components/DataSourcePicker.tsx?t=1750030148913
→ GET http://localhost:5173/src/components/ProfilerUI.tsx?t=1750030188693
→ GET http://localhost:5173/src/components/TransformDesigner.tsx?t=1750030251852
→ GET http://localhost:5173/src/components/TransformOperationEditor.tsx?t=1750024154646
→ GET http://localhost:5173/src/components/TransformPreviewPanel.tsx
→ GET http://localhost:5173/src/components/TransformConfigDisplay.tsx?t=1750028445161
→ GET http://localhost:5173/src/components/RunWizard.tsx?t=1750030330428
→ GET http://localhost:5173/src/components/ResultExplorer.tsx?t=1750030490824
→ GET http://localhost:5173/src/components/SentimentInsights.tsx?t=1750028445161
→ GET http://localhost:5173/src/components/DataPreview.tsx
→ GET http://localhost:5173/src/components/VirtualScrollList.tsx
→ GET http://localhost:5173/src/components/ApiErrorDisplay.tsx
→ GET http://localhost:5173/src/components/ExportErrorHandler.tsx?t=1750028445161
→ GET http://localhost:5173/src/components/LargeFileUploader.tsx?t=1750030148913
→ GET http://localhost:5173/src/components/LargeDatasetExporter.tsx?t=1750028445161
→ GET http://localhost:5173/src/components/ElectronFeatureMonitor.tsx?t=1750028445161
→ GET http://localhost:5173/src/components/SecurityAuditReport.tsx?t=1750026236037
→ GET http://localhost:5173/src/components/SecurityBadge.tsx
→ GET http://localhost:5173/src/components/TransformPipelinePersistence.tsx?t=1750028445161
→ GET http://localhost:5173/src/components/SentimentAnalysisControl.tsx?t=1750028445161
→ GET http://localhost:5173/src/components/JobQueueManager.tsx?t=1750028445161
→ GET http://localhost:5173/node_modules/.vite/deps/chunk-KBNVMJOC.js?v=676c4d25
→ GET http://localhost:5173/src/utils/performance.ts
→ GET http://localhost:5173/src/components/LazyComponents.css
→ GET http://localhost:5173/src/hooks/useMemoryMonitor.ts?t=1750028445161
→ GET http://localhost:5173/src/components/MemoryMonitor.css
← [33m200[39m http://localhost:5173/src/components/DataSourcePicker.tsx?t=1750030148913
→ GET http://localhost:5173/src/components/SSEProgressIndicator.css
← [33m200[39m http://localhost:5173/src/components/ProfilerUI.tsx?t=1750030188693
→ GET http://localhost:5173/src/components/WebSocketStatus.css
← [33m200[39m http://localhost:5173/src/components/TransformDesigner.tsx?t=1750030251852
← [33m200[39m http://localhost:5173/src/components/TransformOperationEditor.tsx?t=1750024154646
← [33m200[39m http://localhost:5173/src/components/TransformPreviewPanel.tsx
← [33m200[39m http://localhost:5173/src/components/TransformConfigDisplay.tsx?t=1750028445161
← [33m200[39m http://localhost:5173/src/components/ResultExplorer.tsx?t=1750030490824
← [33m200[39m http://localhost:5173/src/components/SentimentInsights.tsx?t=1750028445161
← [33m200[39m http://localhost:5173/src/components/DataPreview.tsx
← [33m200[39m http://localhost:5173/src/components/VirtualScrollList.tsx
← [33m200[39m http://localhost:5173/src/components/RunWizard.tsx?t=1750030330428
← [33m200[39m http://localhost:5173/src/components/ExportErrorHandler.tsx?t=1750028445161
← [33m200[39m http://localhost:5173/src/components/LargeFileUploader.tsx?t=1750030148913
← [33m200[39m http://localhost:5173/src/components/LargeDatasetExporter.tsx?t=1750028445161
← [33m200[39m http://localhost:5173/src/components/ApiErrorDisplay.tsx
← [33m200[39m http://localhost:5173/src/components/SecurityBadge.tsx
→ GET http://localhost:5173/src/hooks/useApiErrorHandler.ts?t=1750028445161
← [33m200[39m http://localhost:5173/src/components/TransformPipelinePersistence.tsx?t=1750028445161
← [33m200[39m http://localhost:5173/src/components/ElectronFeatureMonitor.tsx?t=1750028445161
→ GET http://localhost:5173/src/components/DataSourcePicker.css?t=1750008828131
← [33m200[39m http://localhost:5173/src/components/SecurityAuditReport.tsx?t=1750026236037
← [33m200[39m http://localhost:5173/node_modules/.vite/deps/chunk-KBNVMJOC.js?v=676c4d25
→ GET http://localhost:5173/src/components/ProfilerUI.css?t=1750022315517
← [33m200[39m http://localhost:5173/src/components/LazyComponents.css
← [33m200[39m http://localhost:5173/src/utils/performance.ts
← [33m200[39m http://localhost:5173/src/components/SentimentAnalysisControl.tsx?t=1750028445161
← [33m200[39m http://localhost:5173/src/components/MemoryMonitor.css
← [33m200[39m http://localhost:5173/src/components/JobQueueManager.tsx?t=1750028445161
← [33m200[39m http://localhost:5173/src/components/SSEProgressIndicator.css
← [33m200[39m http://localhost:5173/src/components/WebSocketStatus.css
← [33m200[39m http://localhost:5173/src/hooks/useMemoryMonitor.ts?t=1750028445161
→ GET http://localhost:5173/src/components/TransformDesigner.css
→ GET http://localhost:5173/src/components/TransformOperationEditor.css
→ GET http://localhost:5173/src/components/TransformPreviewPanel.css
→ GET http://localhost:5173/src/components/TransformConfigDisplay.css
← [33m200[39m http://localhost:5173/src/hooks/useApiErrorHandler.ts?t=1750028445161
→ GET http://localhost:5173/src/components/DataPreview.css
← [33m200[39m http://localhost:5173/src/components/DataSourcePicker.css?t=1750008828131
→ GET http://localhost:5173/src/components/SentimentInsights.css
→ GET http://localhost:5173/src/hooks/useDebounce.ts
→ GET http://localhost:5173/src/components/ResultExplorer.css?t=1750008175222
← [33m200[39m http://localhost:5173/src/components/ProfilerUI.css?t=1750022315517
→ GET http://localhost:5173/src/components/VirtualScrollList.css
→ GET http://localhost:5173/src/components/RunWizard.css?t=1749994688834
→ GET http://localhost:5173/src/components/ExportErrorHandler.css
→ GET http://localhost:5173/src/hooks/useLargeFileUpload.ts?t=1750028445161
→ GET http://localhost:5173/src/components/LargeFileUploader.css
→ GET http://localhost:5173/src/components/ApiErrorDisplay.css
→ GET http://localhost:5173/src/components/SecurityBadge.css
→ GET http://localhost:5173/src/components/LargeDatasetExporter.css
→ GET http://localhost:5173/src/components/TransformPipelinePersistence.css
← [33m200[39m http://localhost:5173/src/components/TransformDesigner.css
→ GET http://localhost:5173/src/components/ElectronFeatureMonitor.css
→ GET http://localhost:5173/src/components/SecurityAuditReport.css
→ GET http://localhost:5173/src/components/SentimentAnalysisControl.css
← [33m200[39m http://localhost:5173/src/components/TransformOperationEditor.css
← [33m200[39m http://localhost:5173/src/components/TransformPreviewPanel.css
← [33m200[39m http://localhost:5173/src/components/TransformConfigDisplay.css
→ GET http://localhost:5173/src/components/JobQueueManager.css
← [33m200[39m http://localhost:5173/src/components/DataPreview.css
← [33m200[39m http://localhost:5173/src/components/SentimentInsights.css
← [33m200[39m http://localhost:5173/src/hooks/useDebounce.ts
← [33m200[39m http://localhost:5173/src/components/ResultExplorer.css?t=1750008175222
← [33m200[39m http://localhost:5173/src/components/VirtualScrollList.css
← [33m200[39m http://localhost:5173/src/components/RunWizard.css?t=1749994688834
← [33m200[39m http://localhost:5173/src/components/ExportErrorHandler.css
← [33m200[39m http://localhost:5173/src/hooks/useLargeFileUpload.ts?t=1750028445161
← [33m200[39m http://localhost:5173/src/components/LargeFileUploader.css
← [33m200[39m http://localhost:5173/src/components/ApiErrorDisplay.css
← [33m200[39m http://localhost:5173/src/components/SecurityBadge.css
← [33m200[39m http://localhost:5173/src/components/LargeDatasetExporter.css
← [33m200[39m http://localhost:5173/src/components/TransformPipelinePersistence.css
← [33m200[39m http://localhost:5173/src/components/ElectronFeatureMonitor.css
← [33m200[39m http://localhost:5173/src/components/SecurityAuditReport.css
← [33m200[39m http://localhost:5173/src/components/SentimentAnalysisControl.css
← [33m200[39m http://localhost:5173/src/components/JobQueueManager.css
→ GET http://localhost:5173/vite.svg
← [33m200[39m http://localhost:5173/vite.svg
Help text available: false
]]>
</system-out>
</testcase>
<testcase name="File Upload Error Scenarios › should handle server upload errors gracefully" classname="02-file-upload.spec.ts" time="1.415">
<failure message="02-file-upload.spec.ts:351:7 should handle server upload errors gracefully" type="FAILURE">
<![CDATA[  [browser-firefox] › 02-file-upload.spec.ts:351:7 › File Upload Error Scenarios › should handle server upload errors gracefully › Attempt upload with server error 

    Error: expect.toBeAttached: Error: strict mode violation: locator('input[type="file"]') resolved to 2 elements:
        1) <input type="file" accept=".csv,.xlsx,.xls,.tsv" data-testid="file-input-button" aria-label="Select file to upload" aria-describedby="file-restrictions"/> aka getByTestId('file-input-button')
        2) <input multiple type="file" accept=".csv,.xlsx,.xls,.tsv" data-testid="hidden-file-input" aria-describedby="file-requirements" aria-label="Select data files for upload"/> aka getByTestId('hidden-file-input')

    Call log:
      - Expect "toBeAttached" with timeout 5000ms
      - waiting for locator('input[type="file"]')


       at ../fixtures/test-fixtures.ts:203

      201 |   // Now set the file input (works for both browser and Electron modes)
      202 |   const fileInput = page.locator('input[type="file"]');
    > 203 |   await expect(fileInput).toBeAttached({ timeout: 5000 });
          |                           ^
      204 |   await fileInput.setInputFiles(filePath);
      205 | };
      206 |
        at uploadFile (/Users/thomaswagner/Documents/datacloak-sentiment-workbench/packages/e2e-tests/fixtures/test-fixtures.ts:203:27)
        at /Users/thomaswagner/Documents/datacloak-sentiment-workbench/packages/e2e-tests/tests/02-file-upload.spec.ts:365:7
        at /Users/thomaswagner/Documents/datacloak-sentiment-workbench/packages/e2e-tests/tests/02-file-upload.spec.ts:364:5

    attachment #1: screenshot (image/png) ──────────────────────────────────────────────────────────
    test-results/artifacts/02-file-upload-File-Upload-cab16-er-upload-errors-gracefully-browser-firefox/test-failed-1.png
    ────────────────────────────────────────────────────────────────────────────────────────────────

    attachment #2: video (video/webm) ──────────────────────────────────────────────────────────────
    test-results/artifacts/02-file-upload-File-Upload-cab16-er-upload-errors-gracefully-browser-firefox/video.webm
    ────────────────────────────────────────────────────────────────────────────────────────────────

    Error Context: ../test-results/artifacts/02-file-upload-File-Upload-cab16-er-upload-errors-gracefully-browser-firefox/error-context.md
]]>
</failure>
<system-out>
<![CDATA[
[[ATTACHMENT|artifacts/02-file-upload-File-Upload-cab16-er-upload-errors-gracefully-browser-firefox/test-failed-1.png]]

[[ATTACHMENT|artifacts/02-file-upload-File-Upload-cab16-er-upload-errors-gracefully-browser-firefox/video.webm]]

[[ATTACHMENT|artifacts/02-file-upload-File-Upload-cab16-er-upload-errors-gracefully-browser-firefox/error-context.md]]
]]>
</system-out>
<system-err>
<![CDATA[(node:36918) [DEP0147] DeprecationWarning: In future versions of Node.js, fs.rmdir(path, { recursive: true }) will be removed. Use fs.rm(path, { recursive: true }) instead
(Use `node --trace-deprecation ...` to show where the warning was created)
]]>
</system-err>
</testcase>
<testcase name="File Upload Error Scenarios › should handle network connectivity issues" classname="02-file-upload.spec.ts" time="2.238">
<failure message="02-file-upload.spec.ts:394:7 should handle network connectivity issues" type="FAILURE">
<![CDATA[  [browser-firefox] › 02-file-upload.spec.ts:394:7 › File Upload Error Scenarios › should handle network connectivity issues › Attempt upload with network timeout 

    Error: expect.toBeAttached: Error: strict mode violation: locator('input[type="file"]') resolved to 2 elements:
        1) <input type="file" accept=".csv,.xlsx,.xls,.tsv" data-testid="file-input-button" aria-label="Select file to upload" aria-describedby="file-restrictions"/> aka getByTestId('file-input-button')
        2) <input multiple type="file" accept=".csv,.xlsx,.xls,.tsv" data-testid="hidden-file-input" aria-describedby="file-requirements" aria-label="Select data files for upload"/> aka getByTestId('hidden-file-input')

    Call log:
      - Expect "toBeAttached" with timeout 5000ms
      - waiting for locator('input[type="file"]')


       at ../fixtures/test-fixtures.ts:203

      201 |   // Now set the file input (works for both browser and Electron modes)
      202 |   const fileInput = page.locator('input[type="file"]');
    > 203 |   await expect(fileInput).toBeAttached({ timeout: 5000 });
          |                           ^
      204 |   await fileInput.setInputFiles(filePath);
      205 | };
      206 |
        at uploadFile (/Users/thomaswagner/Documents/datacloak-sentiment-workbench/packages/e2e-tests/fixtures/test-fixtures.ts:203:27)
        at /Users/thomaswagner/Documents/datacloak-sentiment-workbench/packages/e2e-tests/tests/02-file-upload.spec.ts:407:7
        at /Users/thomaswagner/Documents/datacloak-sentiment-workbench/packages/e2e-tests/tests/02-file-upload.spec.ts:406:5

    attachment #1: screenshot (image/png) ──────────────────────────────────────────────────────────
    test-results/artifacts/02-file-upload-File-Upload-54e94-network-connectivity-issues-browser-firefox/test-failed-1.png
    ────────────────────────────────────────────────────────────────────────────────────────────────

    attachment #2: video (video/webm) ──────────────────────────────────────────────────────────────
    test-results/artifacts/02-file-upload-File-Upload-54e94-network-connectivity-issues-browser-firefox/video.webm
    ────────────────────────────────────────────────────────────────────────────────────────────────

    Error Context: ../test-results/artifacts/02-file-upload-File-Upload-54e94-network-connectivity-issues-browser-firefox/error-context.md
]]>
</failure>
<system-out>
<![CDATA[
[[ATTACHMENT|artifacts/02-file-upload-File-Upload-54e94-network-connectivity-issues-browser-firefox/test-failed-1.png]]

[[ATTACHMENT|artifacts/02-file-upload-File-Upload-54e94-network-connectivity-issues-browser-firefox/video.webm]]

[[ATTACHMENT|artifacts/02-file-upload-File-Upload-54e94-network-connectivity-issues-browser-firefox/error-context.md]]
]]>
</system-out>
<system-err>
<![CDATA[(node:36949) [DEP0147] DeprecationWarning: In future versions of Node.js, fs.rmdir(path, { recursive: true }) will be removed. Use fs.rm(path, { recursive: true }) instead
(Use `node --trace-deprecation ...` to show where the warning was created)
]]>
</system-err>
</testcase>
</testsuite>
<testsuite name="03-pii-detection.spec.ts" timestamp="2025-06-15T23:53:34.693Z" hostname="browser-firefox" tests="7" failures="7" skipped="0" time="15.747" errors="0">
<testcase name="Field Detection and PII Identification › should detect common field types correctly" classname="03-pii-detection.spec.ts" time="2.703">
<failure message="03-pii-detection.spec.ts:11:7 should detect common field types correctly" type="FAILURE">
<![CDATA[  [browser-firefox] › 03-pii-detection.spec.ts:11:7 › Field Detection and PII Identification › should detect common field types correctly › Upload test file with various field types 

    Error: expect.toBeAttached: Error: strict mode violation: locator('input[type="file"]') resolved to 2 elements:
        1) <input type="file" accept=".csv,.xlsx,.xls,.tsv" data-testid="file-input-button" aria-label="Select file to upload" aria-describedby="file-restrictions"/> aka getByTestId('file-input-button')
        2) <input multiple type="file" accept=".csv,.xlsx,.xls,.tsv" data-testid="hidden-file-input" aria-describedby="file-requirements" aria-label="Select data files for upload"/> aka getByTestId('hidden-file-input')

    Call log:
      - Expect "toBeAttached" with timeout 5000ms
      - waiting for locator('input[type="file"]')


       at ../fixtures/test-fixtures.ts:203

      201 |   // Now set the file input (works for both browser and Electron modes)
      202 |   const fileInput = page.locator('input[type="file"]');
    > 203 |   await expect(fileInput).toBeAttached({ timeout: 5000 });
          |                           ^
      204 |   await fileInput.setInputFiles(filePath);
      205 | };
      206 |
        at uploadFile (/Users/thomaswagner/Documents/datacloak-sentiment-workbench/packages/e2e-tests/fixtures/test-fixtures.ts:203:27)
        at /Users/thomaswagner/Documents/datacloak-sentiment-workbench/packages/e2e-tests/tests/03-pii-detection.spec.ts:13:7
        at /Users/thomaswagner/Documents/datacloak-sentiment-workbench/packages/e2e-tests/tests/03-pii-detection.spec.ts:12:5

    attachment #1: screenshot (image/png) ──────────────────────────────────────────────────────────
    test-results/artifacts/03-pii-detection-Field-Det-c67b4-ommon-field-types-correctly-browser-firefox/test-failed-1.png
    ────────────────────────────────────────────────────────────────────────────────────────────────

    attachment #2: video (video/webm) ──────────────────────────────────────────────────────────────
    test-results/artifacts/03-pii-detection-Field-Det-c67b4-ommon-field-types-correctly-browser-firefox/video.webm
    ────────────────────────────────────────────────────────────────────────────────────────────────

    Error Context: ../test-results/artifacts/03-pii-detection-Field-Det-c67b4-ommon-field-types-correctly-browser-firefox/error-context.md
]]>
</failure>
<system-out>
<![CDATA[
[[ATTACHMENT|artifacts/03-pii-detection-Field-Det-c67b4-ommon-field-types-correctly-browser-firefox/test-failed-1.png]]

[[ATTACHMENT|artifacts/03-pii-detection-Field-Det-c67b4-ommon-field-types-correctly-browser-firefox/video.webm]]

[[ATTACHMENT|artifacts/03-pii-detection-Field-Det-c67b4-ommon-field-types-correctly-browser-firefox/error-context.md]]
]]>
</system-out>
<system-err>
<![CDATA[(node:36950) [DEP0147] DeprecationWarning: In future versions of Node.js, fs.rmdir(path, { recursive: true }) will be removed. Use fs.rm(path, { recursive: true }) instead
(Use `node --trace-deprecation ...` to show where the warning was created)
]]>
</system-err>
</testcase>
<testcase name="Field Detection and PII Identification › should identify PII fields and show security warnings" classname="03-pii-detection.spec.ts" time="2.81">
<failure message="03-pii-detection.spec.ts:86:7 should identify PII fields and show security warnings" type="FAILURE">
<![CDATA[  [browser-firefox] › 03-pii-detection.spec.ts:86:7 › Field Detection and PII Identification › should identify PII fields and show security warnings › Upload file with PII data 

    Error: expect.toBeAttached: Error: strict mode violation: locator('input[type="file"]') resolved to 2 elements:
        1) <input type="file" accept=".csv,.xlsx,.xls,.tsv" data-testid="file-input-button" aria-label="Select file to upload" aria-describedby="file-restrictions"/> aka getByTestId('file-input-button')
        2) <input multiple type="file" accept=".csv,.xlsx,.xls,.tsv" data-testid="hidden-file-input" aria-describedby="file-requirements" aria-label="Select data files for upload"/> aka getByTestId('hidden-file-input')

    Call log:
      - Expect "toBeAttached" with timeout 5000ms
      - waiting for locator('input[type="file"]')


       at ../fixtures/test-fixtures.ts:203

      201 |   // Now set the file input (works for both browser and Electron modes)
      202 |   const fileInput = page.locator('input[type="file"]');
    > 203 |   await expect(fileInput).toBeAttached({ timeout: 5000 });
          |                           ^
      204 |   await fileInput.setInputFiles(filePath);
      205 | };
      206 |
        at uploadFile (/Users/thomaswagner/Documents/datacloak-sentiment-workbench/packages/e2e-tests/fixtures/test-fixtures.ts:203:27)
        at /Users/thomaswagner/Documents/datacloak-sentiment-workbench/packages/e2e-tests/tests/03-pii-detection.spec.ts:88:7
        at /Users/thomaswagner/Documents/datacloak-sentiment-workbench/packages/e2e-tests/tests/03-pii-detection.spec.ts:87:5

    attachment #1: screenshot (image/png) ──────────────────────────────────────────────────────────
    test-results/artifacts/03-pii-detection-Field-Det-d0558--and-show-security-warnings-browser-firefox/test-failed-1.png
    ────────────────────────────────────────────────────────────────────────────────────────────────

    attachment #2: video (video/webm) ──────────────────────────────────────────────────────────────
    test-results/artifacts/03-pii-detection-Field-Det-d0558--and-show-security-warnings-browser-firefox/video.webm
    ────────────────────────────────────────────────────────────────────────────────────────────────

    Error Context: ../test-results/artifacts/03-pii-detection-Field-Det-d0558--and-show-security-warnings-browser-firefox/error-context.md
]]>
</failure>
<system-out>
<![CDATA[
[[ATTACHMENT|artifacts/03-pii-detection-Field-Det-d0558--and-show-security-warnings-browser-firefox/test-failed-1.png]]

[[ATTACHMENT|artifacts/03-pii-detection-Field-Det-d0558--and-show-security-warnings-browser-firefox/video.webm]]

[[ATTACHMENT|artifacts/03-pii-detection-Field-Det-d0558--and-show-security-warnings-browser-firefox/error-context.md]]
]]>
</system-out>
<system-err>
<![CDATA[(node:36951) [DEP0147] DeprecationWarning: In future versions of Node.js, fs.rmdir(path, { recursive: true }) will be removed. Use fs.rm(path, { recursive: true }) instead
(Use `node --trace-deprecation ...` to show where the warning was created)
]]>
</system-err>
</testcase>
<testcase name="Field Detection and PII Identification › should show field statistics and data quality metrics" classname="03-pii-detection.spec.ts" time="2.089">
<failure message="03-pii-detection.spec.ts:158:7 should show field statistics and data quality metrics" type="FAILURE">
<![CDATA[  [browser-firefox] › 03-pii-detection.spec.ts:158:7 › Field Detection and PII Identification › should show field statistics and data quality metrics › Upload file and navigate to profiling 

    Error: expect.toBeAttached: Error: strict mode violation: locator('input[type="file"]') resolved to 2 elements:
        1) <input type="file" accept=".csv,.xlsx,.xls,.tsv" data-testid="file-input-button" aria-label="Select file to upload" aria-describedby="file-restrictions"/> aka getByTestId('file-input-button')
        2) <input multiple type="file" accept=".csv,.xlsx,.xls,.tsv" data-testid="hidden-file-input" aria-describedby="file-requirements" aria-label="Select data files for upload"/> aka getByTestId('hidden-file-input')

    Call log:
      - Expect "toBeAttached" with timeout 5000ms
      - waiting for locator('input[type="file"]')


       at ../fixtures/test-fixtures.ts:203

      201 |   // Now set the file input (works for both browser and Electron modes)
      202 |   const fileInput = page.locator('input[type="file"]');
    > 203 |   await expect(fileInput).toBeAttached({ timeout: 5000 });
          |                           ^
      204 |   await fileInput.setInputFiles(filePath);
      205 | };
      206 |
        at uploadFile (/Users/thomaswagner/Documents/datacloak-sentiment-workbench/packages/e2e-tests/fixtures/test-fixtures.ts:203:27)
        at /Users/thomaswagner/Documents/datacloak-sentiment-workbench/packages/e2e-tests/tests/03-pii-detection.spec.ts:160:7
        at /Users/thomaswagner/Documents/datacloak-sentiment-workbench/packages/e2e-tests/tests/03-pii-detection.spec.ts:159:5

    attachment #1: screenshot (image/png) ──────────────────────────────────────────────────────────
    test-results/artifacts/03-pii-detection-Field-Det-08802-cs-and-data-quality-metrics-browser-firefox/test-failed-1.png
    ────────────────────────────────────────────────────────────────────────────────────────────────

    attachment #2: video (video/webm) ──────────────────────────────────────────────────────────────
    test-results/artifacts/03-pii-detection-Field-Det-08802-cs-and-data-quality-metrics-browser-firefox/video.webm
    ────────────────────────────────────────────────────────────────────────────────────────────────

    Error Context: ../test-results/artifacts/03-pii-detection-Field-Det-08802-cs-and-data-quality-metrics-browser-firefox/error-context.md
]]>
</failure>
<system-out>
<![CDATA[
[[ATTACHMENT|artifacts/03-pii-detection-Field-Det-08802-cs-and-data-quality-metrics-browser-firefox/test-failed-1.png]]

[[ATTACHMENT|artifacts/03-pii-detection-Field-Det-08802-cs-and-data-quality-metrics-browser-firefox/video.webm]]

[[ATTACHMENT|artifacts/03-pii-detection-Field-Det-08802-cs-and-data-quality-metrics-browser-firefox/error-context.md]]
]]>
</system-out>
<system-err>
<![CDATA[(node:36965) [DEP0147] DeprecationWarning: In future versions of Node.js, fs.rmdir(path, { recursive: true }) will be removed. Use fs.rm(path, { recursive: true }) instead
(Use `node --trace-deprecation ...` to show where the warning was created)
]]>
</system-err>
</testcase>
<testcase name="Field Detection and PII Identification › should handle field inference with low confidence" classname="03-pii-detection.spec.ts" time="2.071">
<failure message="03-pii-detection.spec.ts:220:7 should handle field inference with low confidence" type="FAILURE">
<![CDATA[  [browser-firefox] › 03-pii-detection.spec.ts:220:7 › Field Detection and PII Identification › should handle field inference with low confidence › Upload file and check for GPT assistance 

    Error: expect.toBeAttached: Error: strict mode violation: locator('input[type="file"]') resolved to 2 elements:
        1) <input type="file" accept=".csv,.xlsx,.xls,.tsv" data-testid="file-input-button" aria-label="Select file to upload" aria-describedby="file-restrictions"/> aka getByTestId('file-input-button')
        2) <input multiple type="file" accept=".csv,.xlsx,.xls,.tsv" data-testid="hidden-file-input" aria-describedby="file-requirements" aria-label="Select data files for upload"/> aka getByTestId('hidden-file-input')

    Call log:
      - Expect "toBeAttached" with timeout 5000ms
      - waiting for locator('input[type="file"]')


       at ../fixtures/test-fixtures.ts:203

      201 |   // Now set the file input (works for both browser and Electron modes)
      202 |   const fileInput = page.locator('input[type="file"]');
    > 203 |   await expect(fileInput).toBeAttached({ timeout: 5000 });
          |                           ^
      204 |   await fileInput.setInputFiles(filePath);
      205 | };
      206 |
        at uploadFile (/Users/thomaswagner/Documents/datacloak-sentiment-workbench/packages/e2e-tests/fixtures/test-fixtures.ts:203:27)
        at /Users/thomaswagner/Documents/datacloak-sentiment-workbench/packages/e2e-tests/tests/03-pii-detection.spec.ts:222:7
        at /Users/thomaswagner/Documents/datacloak-sentiment-workbench/packages/e2e-tests/tests/03-pii-detection.spec.ts:221:5

    attachment #1: screenshot (image/png) ──────────────────────────────────────────────────────────
    test-results/artifacts/03-pii-detection-Field-Det-5c19f-ference-with-low-confidence-browser-firefox/test-failed-1.png
    ────────────────────────────────────────────────────────────────────────────────────────────────

    attachment #2: video (video/webm) ──────────────────────────────────────────────────────────────
    test-results/artifacts/03-pii-detection-Field-Det-5c19f-ference-with-low-confidence-browser-firefox/video.webm
    ────────────────────────────────────────────────────────────────────────────────────────────────

    Error Context: ../test-results/artifacts/03-pii-detection-Field-Det-5c19f-ference-with-low-confidence-browser-firefox/error-context.md
]]>
</failure>
<system-out>
<![CDATA[
[[ATTACHMENT|artifacts/03-pii-detection-Field-Det-5c19f-ference-with-low-confidence-browser-firefox/test-failed-1.png]]

[[ATTACHMENT|artifacts/03-pii-detection-Field-Det-5c19f-ference-with-low-confidence-browser-firefox/video.webm]]

[[ATTACHMENT|artifacts/03-pii-detection-Field-Det-5c19f-ference-with-low-confidence-browser-firefox/error-context.md]]
]]>
</system-out>
<system-err>
<![CDATA[(node:36981) [DEP0147] DeprecationWarning: In future versions of Node.js, fs.rmdir(path, { recursive: true }) will be removed. Use fs.rm(path, { recursive: true }) instead
(Use `node --trace-deprecation ...` to show where the warning was created)
]]>
</system-err>
</testcase>
<testcase name="Field Detection and PII Identification › should allow manual field type corrections" classname="03-pii-detection.spec.ts" time="1.809">
<failure message="03-pii-detection.spec.ts:258:7 should allow manual field type corrections" type="FAILURE">
<![CDATA[  [browser-firefox] › 03-pii-detection.spec.ts:258:7 › Field Detection and PII Identification › should allow manual field type corrections › Upload file and navigate to field editing 

    Error: expect.toBeAttached: Error: strict mode violation: locator('input[type="file"]') resolved to 2 elements:
        1) <input type="file" accept=".csv,.xlsx,.xls,.tsv" data-testid="file-input-button" aria-label="Select file to upload" aria-describedby="file-restrictions"/> aka getByTestId('file-input-button')
        2) <input multiple type="file" accept=".csv,.xlsx,.xls,.tsv" data-testid="hidden-file-input" aria-describedby="file-requirements" aria-label="Select data files for upload"/> aka getByTestId('hidden-file-input')

    Call log:
      - Expect "toBeAttached" with timeout 5000ms
      - waiting for locator('input[type="file"]')


       at ../fixtures/test-fixtures.ts:203

      201 |   // Now set the file input (works for both browser and Electron modes)
      202 |   const fileInput = page.locator('input[type="file"]');
    > 203 |   await expect(fileInput).toBeAttached({ timeout: 5000 });
          |                           ^
      204 |   await fileInput.setInputFiles(filePath);
      205 | };
      206 |
        at uploadFile (/Users/thomaswagner/Documents/datacloak-sentiment-workbench/packages/e2e-tests/fixtures/test-fixtures.ts:203:27)
        at /Users/thomaswagner/Documents/datacloak-sentiment-workbench/packages/e2e-tests/tests/03-pii-detection.spec.ts:260:7
        at /Users/thomaswagner/Documents/datacloak-sentiment-workbench/packages/e2e-tests/tests/03-pii-detection.spec.ts:259:5

    attachment #1: screenshot (image/png) ──────────────────────────────────────────────────────────
    test-results/artifacts/03-pii-detection-Field-Det-24fdf-nual-field-type-corrections-browser-firefox/test-failed-1.png
    ────────────────────────────────────────────────────────────────────────────────────────────────

    attachment #2: video (video/webm) ──────────────────────────────────────────────────────────────
    test-results/artifacts/03-pii-detection-Field-Det-24fdf-nual-field-type-corrections-browser-firefox/video.webm
    ────────────────────────────────────────────────────────────────────────────────────────────────

    Error Context: ../test-results/artifacts/03-pii-detection-Field-Det-24fdf-nual-field-type-corrections-browser-firefox/error-context.md
]]>
</failure>
<system-out>
<![CDATA[
[[ATTACHMENT|artifacts/03-pii-detection-Field-Det-24fdf-nual-field-type-corrections-browser-firefox/test-failed-1.png]]

[[ATTACHMENT|artifacts/03-pii-detection-Field-Det-24fdf-nual-field-type-corrections-browser-firefox/video.webm]]

[[ATTACHMENT|artifacts/03-pii-detection-Field-Det-24fdf-nual-field-type-corrections-browser-firefox/error-context.md]]
]]>
</system-out>
<system-err>
<![CDATA[(node:37013) [DEP0147] DeprecationWarning: In future versions of Node.js, fs.rmdir(path, { recursive: true }) will be removed. Use fs.rm(path, { recursive: true }) instead
(Use `node --trace-deprecation ...` to show where the warning was created)
]]>
</system-err>
</testcase>
<testcase name="Field Detection and PII Identification › should display field count and row count summaries" classname="03-pii-detection.spec.ts" time="2.056">
<failure message="03-pii-detection.spec.ts:302:7 should display field count and row count summaries" type="FAILURE">
<![CDATA[  [browser-firefox] › 03-pii-detection.spec.ts:302:7 › Field Detection and PII Identification › should display field count and row count summaries › Upload file and check summary information 

    Error: expect.toBeAttached: Error: strict mode violation: locator('input[type="file"]') resolved to 2 elements:
        1) <input type="file" accept=".csv,.xlsx,.xls,.tsv" data-testid="file-input-button" aria-label="Select file to upload" aria-describedby="file-restrictions"/> aka getByTestId('file-input-button')
        2) <input multiple type="file" accept=".csv,.xlsx,.xls,.tsv" data-testid="hidden-file-input" aria-describedby="file-requirements" aria-label="Select data files for upload"/> aka getByTestId('hidden-file-input')

    Call log:
      - Expect "toBeAttached" with timeout 5000ms
      - waiting for locator('input[type="file"]')


       at ../fixtures/test-fixtures.ts:203

      201 |   // Now set the file input (works for both browser and Electron modes)
      202 |   const fileInput = page.locator('input[type="file"]');
    > 203 |   await expect(fileInput).toBeAttached({ timeout: 5000 });
          |                           ^
      204 |   await fileInput.setInputFiles(filePath);
      205 | };
      206 |
        at uploadFile (/Users/thomaswagner/Documents/datacloak-sentiment-workbench/packages/e2e-tests/fixtures/test-fixtures.ts:203:27)
        at /Users/thomaswagner/Documents/datacloak-sentiment-workbench/packages/e2e-tests/tests/03-pii-detection.spec.ts:304:7
        at /Users/thomaswagner/Documents/datacloak-sentiment-workbench/packages/e2e-tests/tests/03-pii-detection.spec.ts:303:5

    attachment #1: screenshot (image/png) ──────────────────────────────────────────────────────────
    test-results/artifacts/03-pii-detection-Field-Det-1eb83-unt-and-row-count-summaries-browser-firefox/test-failed-1.png
    ────────────────────────────────────────────────────────────────────────────────────────────────

    attachment #2: video (video/webm) ──────────────────────────────────────────────────────────────
    test-results/artifacts/03-pii-detection-Field-Det-1eb83-unt-and-row-count-summaries-browser-firefox/video.webm
    ────────────────────────────────────────────────────────────────────────────────────────────────

    Error Context: ../test-results/artifacts/03-pii-detection-Field-Det-1eb83-unt-and-row-count-summaries-browser-firefox/error-context.md
]]>
</failure>
<system-out>
<![CDATA[
[[ATTACHMENT|artifacts/03-pii-detection-Field-Det-1eb83-unt-and-row-count-summaries-browser-firefox/test-failed-1.png]]

[[ATTACHMENT|artifacts/03-pii-detection-Field-Det-1eb83-unt-and-row-count-summaries-browser-firefox/video.webm]]

[[ATTACHMENT|artifacts/03-pii-detection-Field-Det-1eb83-unt-and-row-count-summaries-browser-firefox/error-context.md]]
]]>
</system-out>
<system-err>
<![CDATA[(node:37058) [DEP0147] DeprecationWarning: In future versions of Node.js, fs.rmdir(path, { recursive: true }) will be removed. Use fs.rm(path, { recursive: true }) instead
(Use `node --trace-deprecation ...` to show where the warning was created)
]]>
</system-err>
</testcase>
<testcase name="Field Detection and PII Identification › should handle empty or invalid columns gracefully" classname="03-pii-detection.spec.ts" time="2.209">
<failure message="03-pii-detection.spec.ts:342:7 should handle empty or invalid columns gracefully" type="FAILURE">
<![CDATA[  [browser-firefox] › 03-pii-detection.spec.ts:342:7 › Field Detection and PII Identification › should handle empty or invalid columns gracefully › Upload malformed file 

    Error: expect.toBeAttached: Error: strict mode violation: locator('input[type="file"]') resolved to 2 elements:
        1) <input type="file" accept=".csv,.xlsx,.xls,.tsv" data-testid="file-input-button" aria-label="Select file to upload" aria-describedby="file-restrictions"/> aka getByTestId('file-input-button')
        2) <input multiple type="file" accept=".csv,.xlsx,.xls,.tsv" data-testid="hidden-file-input" aria-describedby="file-requirements" aria-label="Select data files for upload"/> aka getByTestId('hidden-file-input')

    Call log:
      - Expect "toBeAttached" with timeout 5000ms
      - waiting for locator('input[type="file"]')


       at ../fixtures/test-fixtures.ts:203

      201 |   // Now set the file input (works for both browser and Electron modes)
      202 |   const fileInput = page.locator('input[type="file"]');
    > 203 |   await expect(fileInput).toBeAttached({ timeout: 5000 });
          |                           ^
      204 |   await fileInput.setInputFiles(filePath);
      205 | };
      206 |
        at uploadFile (/Users/thomaswagner/Documents/datacloak-sentiment-workbench/packages/e2e-tests/fixtures/test-fixtures.ts:203:27)
        at /Users/thomaswagner/Documents/datacloak-sentiment-workbench/packages/e2e-tests/tests/03-pii-detection.spec.ts:344:7
        at /Users/thomaswagner/Documents/datacloak-sentiment-workbench/packages/e2e-tests/tests/03-pii-detection.spec.ts:343:5

    attachment #1: screenshot (image/png) ──────────────────────────────────────────────────────────
    test-results/artifacts/03-pii-detection-Field-Det-15b4e--invalid-columns-gracefully-browser-firefox/test-failed-1.png
    ────────────────────────────────────────────────────────────────────────────────────────────────

    attachment #2: video (video/webm) ──────────────────────────────────────────────────────────────
    test-results/artifacts/03-pii-detection-Field-Det-15b4e--invalid-columns-gracefully-browser-firefox/video.webm
    ────────────────────────────────────────────────────────────────────────────────────────────────

    Error Context: ../test-results/artifacts/03-pii-detection-Field-Det-15b4e--invalid-columns-gracefully-browser-firefox/error-context.md
]]>
</failure>
<system-out>
<![CDATA[
[[ATTACHMENT|artifacts/03-pii-detection-Field-Det-15b4e--invalid-columns-gracefully-browser-firefox/test-failed-1.png]]

[[ATTACHMENT|artifacts/03-pii-detection-Field-Det-15b4e--invalid-columns-gracefully-browser-firefox/video.webm]]

[[ATTACHMENT|artifacts/03-pii-detection-Field-Det-15b4e--invalid-columns-gracefully-browser-firefox/error-context.md]]
]]>
</system-out>
<system-err>
<![CDATA[(node:37059) [DEP0147] DeprecationWarning: In future versions of Node.js, fs.rmdir(path, { recursive: true }) will be removed. Use fs.rm(path, { recursive: true }) instead
(Use `node --trace-deprecation ...` to show where the warning was created)
]]>
</system-err>
</testcase>
</testsuite>
<testsuite name="04-transform-operations.spec.ts" timestamp="2025-06-15T23:53:34.693Z" hostname="browser-firefox" tests="9" failures="9" skipped="0" time="19.413" errors="0">
<testcase name="Data Transform Operations › should display available transformation options" classname="04-transform-operations.spec.ts" time="2.549">
<failure message="04-transform-operations.spec.ts:26:7 should display available transformation options" type="FAILURE">
<![CDATA[  [browser-firefox] › 04-transform-operations.spec.ts:26:7 › Data Transform Operations › should display available transformation options 

    Error: expect.toBeAttached: Error: strict mode violation: locator('input[type="file"]') resolved to 2 elements:
        1) <input type="file" accept=".csv,.xlsx,.xls,.tsv" data-testid="file-input-button" aria-label="Select file to upload" aria-describedby="file-restrictions"/> aka getByTestId('file-input-button')
        2) <input multiple type="file" accept=".csv,.xlsx,.xls,.tsv" data-testid="hidden-file-input" aria-describedby="file-requirements" aria-label="Select data files for upload"/> aka getByTestId('hidden-file-input')

    Call log:
      - Expect "toBeAttached" with timeout 5000ms
      - waiting for locator('input[type="file"]')


       at ../fixtures/test-fixtures.ts:203

      201 |   // Now set the file input (works for both browser and Electron modes)
      202 |   const fileInput = page.locator('input[type="file"]');
    > 203 |   await expect(fileInput).toBeAttached({ timeout: 5000 });
          |                           ^
      204 |   await fileInput.setInputFiles(filePath);
      205 | };
      206 |
        at uploadFile (/Users/thomaswagner/Documents/datacloak-sentiment-workbench/packages/e2e-tests/fixtures/test-fixtures.ts:203:27)
        at navigateToTransformStep (/Users/thomaswagner/Documents/datacloak-sentiment-workbench/packages/e2e-tests/tests/04-transform-operations.spec.ts:13:5)
        at /Users/thomaswagner/Documents/datacloak-sentiment-workbench/packages/e2e-tests/tests/04-transform-operations.spec.ts:27:5

    attachment #1: screenshot (image/png) ──────────────────────────────────────────────────────────
    test-results/artifacts/04-transform-operations-Da-ab53d-able-transformation-options-browser-firefox/test-failed-1.png
    ────────────────────────────────────────────────────────────────────────────────────────────────

    attachment #2: video (video/webm) ──────────────────────────────────────────────────────────────
    test-results/artifacts/04-transform-operations-Da-ab53d-able-transformation-options-browser-firefox/video.webm
    ────────────────────────────────────────────────────────────────────────────────────────────────

    Error Context: ../test-results/artifacts/04-transform-operations-Da-ab53d-able-transformation-options-browser-firefox/error-context.md
]]>
</failure>
<system-out>
<![CDATA[
[[ATTACHMENT|artifacts/04-transform-operations-Da-ab53d-able-transformation-options-browser-firefox/test-failed-1.png]]

[[ATTACHMENT|artifacts/04-transform-operations-Da-ab53d-able-transformation-options-browser-firefox/video.webm]]

[[ATTACHMENT|artifacts/04-transform-operations-Da-ab53d-able-transformation-options-browser-firefox/error-context.md]]
]]>
</system-out>
<system-err>
<![CDATA[(node:37062) [DEP0147] DeprecationWarning: In future versions of Node.js, fs.rmdir(path, { recursive: true }) will be removed. Use fs.rm(path, { recursive: true }) instead
(Use `node --trace-deprecation ...` to show where the warning was created)
]]>
</system-err>
</testcase>
<testcase name="Data Transform Operations › should support data filtering operations" classname="04-transform-operations.spec.ts" time="2.041">
<failure message="04-transform-operations.spec.ts:72:7 should support data filtering operations" type="FAILURE">
<![CDATA[  [browser-firefox] › 04-transform-operations.spec.ts:72:7 › Data Transform Operations › should support data filtering operations 

    Error: expect.toBeAttached: Error: strict mode violation: locator('input[type="file"]') resolved to 2 elements:
        1) <input type="file" accept=".csv,.xlsx,.xls,.tsv" data-testid="file-input-button" aria-label="Select file to upload" aria-describedby="file-restrictions"/> aka getByTestId('file-input-button')
        2) <input multiple type="file" accept=".csv,.xlsx,.xls,.tsv" data-testid="hidden-file-input" aria-describedby="file-requirements" aria-label="Select data files for upload"/> aka getByTestId('hidden-file-input')

    Call log:
      - Expect "toBeAttached" with timeout 5000ms
      - waiting for locator('input[type="file"]')


       at ../fixtures/test-fixtures.ts:203

      201 |   // Now set the file input (works for both browser and Electron modes)
      202 |   const fileInput = page.locator('input[type="file"]');
    > 203 |   await expect(fileInput).toBeAttached({ timeout: 5000 });
          |                           ^
      204 |   await fileInput.setInputFiles(filePath);
      205 | };
      206 |
        at uploadFile (/Users/thomaswagner/Documents/datacloak-sentiment-workbench/packages/e2e-tests/fixtures/test-fixtures.ts:203:27)
        at navigateToTransformStep (/Users/thomaswagner/Documents/datacloak-sentiment-workbench/packages/e2e-tests/tests/04-transform-operations.spec.ts:13:5)
        at /Users/thomaswagner/Documents/datacloak-sentiment-workbench/packages/e2e-tests/tests/04-transform-operations.spec.ts:73:5

    attachment #1: screenshot (image/png) ──────────────────────────────────────────────────────────
    test-results/artifacts/04-transform-operations-Da-d30b3-t-data-filtering-operations-browser-firefox/test-failed-1.png
    ────────────────────────────────────────────────────────────────────────────────────────────────

    attachment #2: video (video/webm) ──────────────────────────────────────────────────────────────
    test-results/artifacts/04-transform-operations-Da-d30b3-t-data-filtering-operations-browser-firefox/video.webm
    ────────────────────────────────────────────────────────────────────────────────────────────────

    Error Context: ../test-results/artifacts/04-transform-operations-Da-d30b3-t-data-filtering-operations-browser-firefox/error-context.md
]]>
</failure>
<system-out>
<![CDATA[
[[ATTACHMENT|artifacts/04-transform-operations-Da-d30b3-t-data-filtering-operations-browser-firefox/test-failed-1.png]]

[[ATTACHMENT|artifacts/04-transform-operations-Da-d30b3-t-data-filtering-operations-browser-firefox/video.webm]]

[[ATTACHMENT|artifacts/04-transform-operations-Da-d30b3-t-data-filtering-operations-browser-firefox/error-context.md]]
]]>
</system-out>
<system-err>
<![CDATA[(node:37083) [DEP0147] DeprecationWarning: In future versions of Node.js, fs.rmdir(path, { recursive: true }) will be removed. Use fs.rm(path, { recursive: true }) instead
(Use `node --trace-deprecation ...` to show where the warning was created)
]]>
</system-err>
</testcase>
<testcase name="Data Transform Operations › should support data sorting and ordering" classname="04-transform-operations.spec.ts" time="1.956">
<failure message="04-transform-operations.spec.ts:128:7 should support data sorting and ordering" type="FAILURE">
<![CDATA[  [browser-firefox] › 04-transform-operations.spec.ts:128:7 › Data Transform Operations › should support data sorting and ordering 

    Error: expect.toBeAttached: Error: strict mode violation: locator('input[type="file"]') resolved to 2 elements:
        1) <input type="file" accept=".csv,.xlsx,.xls,.tsv" data-testid="file-input-button" aria-label="Select file to upload" aria-describedby="file-restrictions"/> aka getByTestId('file-input-button')
        2) <input multiple type="file" accept=".csv,.xlsx,.xls,.tsv" data-testid="hidden-file-input" aria-describedby="file-requirements" aria-label="Select data files for upload"/> aka getByTestId('hidden-file-input')

    Call log:
      - Expect "toBeAttached" with timeout 5000ms
      - waiting for locator('input[type="file"]')


       at ../fixtures/test-fixtures.ts:203

      201 |   // Now set the file input (works for both browser and Electron modes)
      202 |   const fileInput = page.locator('input[type="file"]');
    > 203 |   await expect(fileInput).toBeAttached({ timeout: 5000 });
          |                           ^
      204 |   await fileInput.setInputFiles(filePath);
      205 | };
      206 |
        at uploadFile (/Users/thomaswagner/Documents/datacloak-sentiment-workbench/packages/e2e-tests/fixtures/test-fixtures.ts:203:27)
        at navigateToTransformStep (/Users/thomaswagner/Documents/datacloak-sentiment-workbench/packages/e2e-tests/tests/04-transform-operations.spec.ts:13:5)
        at /Users/thomaswagner/Documents/datacloak-sentiment-workbench/packages/e2e-tests/tests/04-transform-operations.spec.ts:129:5

    attachment #1: screenshot (image/png) ──────────────────────────────────────────────────────────
    test-results/artifacts/04-transform-operations-Da-a109c-t-data-sorting-and-ordering-browser-firefox/test-failed-1.png
    ────────────────────────────────────────────────────────────────────────────────────────────────

    attachment #2: video (video/webm) ──────────────────────────────────────────────────────────────
    test-results/artifacts/04-transform-operations-Da-a109c-t-data-sorting-and-ordering-browser-firefox/video.webm
    ────────────────────────────────────────────────────────────────────────────────────────────────

    Error Context: ../test-results/artifacts/04-transform-operations-Da-a109c-t-data-sorting-and-ordering-browser-firefox/error-context.md
]]>
</failure>
<system-out>
<![CDATA[
[[ATTACHMENT|artifacts/04-transform-operations-Da-a109c-t-data-sorting-and-ordering-browser-firefox/test-failed-1.png]]

[[ATTACHMENT|artifacts/04-transform-operations-Da-a109c-t-data-sorting-and-ordering-browser-firefox/video.webm]]

[[ATTACHMENT|artifacts/04-transform-operations-Da-a109c-t-data-sorting-and-ordering-browser-firefox/error-context.md]]
]]>
</system-out>
<system-err>
<![CDATA[(node:37090) [DEP0147] DeprecationWarning: In future versions of Node.js, fs.rmdir(path, { recursive: true }) will be removed. Use fs.rm(path, { recursive: true }) instead
(Use `node --trace-deprecation ...` to show where the warning was created)
]]>
</system-err>
</testcase>
<testcase name="Data Transform Operations › should support field renaming and formatting" classname="04-transform-operations.spec.ts" time="1.894">
<failure message="04-transform-operations.spec.ts:161:7 should support field renaming and formatting" type="FAILURE">
<![CDATA[  [browser-firefox] › 04-transform-operations.spec.ts:161:7 › Data Transform Operations › should support field renaming and formatting 

    Error: expect.toBeAttached: Error: strict mode violation: locator('input[type="file"]') resolved to 2 elements:
        1) <input type="file" accept=".csv,.xlsx,.xls,.tsv" data-testid="file-input-button" aria-label="Select file to upload" aria-describedby="file-restrictions"/> aka getByTestId('file-input-button')
        2) <input multiple type="file" accept=".csv,.xlsx,.xls,.tsv" data-testid="hidden-file-input" aria-describedby="file-requirements" aria-label="Select data files for upload"/> aka getByTestId('hidden-file-input')

    Call log:
      - Expect "toBeAttached" with timeout 5000ms
      - waiting for locator('input[type="file"]')


       at ../fixtures/test-fixtures.ts:203

      201 |   // Now set the file input (works for both browser and Electron modes)
      202 |   const fileInput = page.locator('input[type="file"]');
    > 203 |   await expect(fileInput).toBeAttached({ timeout: 5000 });
          |                           ^
      204 |   await fileInput.setInputFiles(filePath);
      205 | };
      206 |
        at uploadFile (/Users/thomaswagner/Documents/datacloak-sentiment-workbench/packages/e2e-tests/fixtures/test-fixtures.ts:203:27)
        at navigateToTransformStep (/Users/thomaswagner/Documents/datacloak-sentiment-workbench/packages/e2e-tests/tests/04-transform-operations.spec.ts:13:5)
        at /Users/thomaswagner/Documents/datacloak-sentiment-workbench/packages/e2e-tests/tests/04-transform-operations.spec.ts:162:5

    attachment #1: screenshot (image/png) ──────────────────────────────────────────────────────────
    test-results/artifacts/04-transform-operations-Da-1f758-eld-renaming-and-formatting-browser-firefox/test-failed-1.png
    ────────────────────────────────────────────────────────────────────────────────────────────────

    attachment #2: video (video/webm) ──────────────────────────────────────────────────────────────
    test-results/artifacts/04-transform-operations-Da-1f758-eld-renaming-and-formatting-browser-firefox/video.webm
    ────────────────────────────────────────────────────────────────────────────────────────────────

    Error Context: ../test-results/artifacts/04-transform-operations-Da-1f758-eld-renaming-and-formatting-browser-firefox/error-context.md
]]>
</failure>
<system-out>
<![CDATA[
[[ATTACHMENT|artifacts/04-transform-operations-Da-1f758-eld-renaming-and-formatting-browser-firefox/test-failed-1.png]]

[[ATTACHMENT|artifacts/04-transform-operations-Da-1f758-eld-renaming-and-formatting-browser-firefox/video.webm]]

[[ATTACHMENT|artifacts/04-transform-operations-Da-1f758-eld-renaming-and-formatting-browser-firefox/error-context.md]]
]]>
</system-out>
<system-err>
<![CDATA[(node:37122) [DEP0147] DeprecationWarning: In future versions of Node.js, fs.rmdir(path, { recursive: true }) will be removed. Use fs.rm(path, { recursive: true }) instead
(Use `node --trace-deprecation ...` to show where the warning was created)
]]>
</system-err>
</testcase>
<testcase name="Data Transform Operations › should provide transform preview functionality" classname="04-transform-operations.spec.ts" time="2.1">
<failure message="04-transform-operations.spec.ts:188:7 should provide transform preview functionality" type="FAILURE">
<![CDATA[  [browser-firefox] › 04-transform-operations.spec.ts:188:7 › Data Transform Operations › should provide transform preview functionality 

    Error: expect.toBeAttached: Error: strict mode violation: locator('input[type="file"]') resolved to 2 elements:
        1) <input type="file" accept=".csv,.xlsx,.xls,.tsv" data-testid="file-input-button" aria-label="Select file to upload" aria-describedby="file-restrictions"/> aka getByTestId('file-input-button')
        2) <input multiple type="file" accept=".csv,.xlsx,.xls,.tsv" data-testid="hidden-file-input" aria-describedby="file-requirements" aria-label="Select data files for upload"/> aka getByTestId('hidden-file-input')

    Call log:
      - Expect "toBeAttached" with timeout 5000ms
      - waiting for locator('input[type="file"]')


       at ../fixtures/test-fixtures.ts:203

      201 |   // Now set the file input (works for both browser and Electron modes)
      202 |   const fileInput = page.locator('input[type="file"]');
    > 203 |   await expect(fileInput).toBeAttached({ timeout: 5000 });
          |                           ^
      204 |   await fileInput.setInputFiles(filePath);
      205 | };
      206 |
        at uploadFile (/Users/thomaswagner/Documents/datacloak-sentiment-workbench/packages/e2e-tests/fixtures/test-fixtures.ts:203:27)
        at navigateToTransformStep (/Users/thomaswagner/Documents/datacloak-sentiment-workbench/packages/e2e-tests/tests/04-transform-operations.spec.ts:13:5)
        at /Users/thomaswagner/Documents/datacloak-sentiment-workbench/packages/e2e-tests/tests/04-transform-operations.spec.ts:189:5

    attachment #1: screenshot (image/png) ──────────────────────────────────────────────────────────
    test-results/artifacts/04-transform-operations-Da-6e95a-sform-preview-functionality-browser-firefox/test-failed-1.png
    ────────────────────────────────────────────────────────────────────────────────────────────────

    attachment #2: video (video/webm) ──────────────────────────────────────────────────────────────
    test-results/artifacts/04-transform-operations-Da-6e95a-sform-preview-functionality-browser-firefox/video.webm
    ────────────────────────────────────────────────────────────────────────────────────────────────

    Error Context: ../test-results/artifacts/04-transform-operations-Da-6e95a-sform-preview-functionality-browser-firefox/error-context.md
]]>
</failure>
<system-out>
<![CDATA[
[[ATTACHMENT|artifacts/04-transform-operations-Da-6e95a-sform-preview-functionality-browser-firefox/test-failed-1.png]]

[[ATTACHMENT|artifacts/04-transform-operations-Da-6e95a-sform-preview-functionality-browser-firefox/video.webm]]

[[ATTACHMENT|artifacts/04-transform-operations-Da-6e95a-sform-preview-functionality-browser-firefox/error-context.md]]
]]>
</system-out>
<system-err>
<![CDATA[(node:37139) [DEP0147] DeprecationWarning: In future versions of Node.js, fs.rmdir(path, { recursive: true }) will be removed. Use fs.rm(path, { recursive: true }) instead
(Use `node --trace-deprecation ...` to show where the warning was created)
]]>
</system-err>
</testcase>
<testcase name="Data Transform Operations › should allow skipping optional transformations" classname="04-transform-operations.spec.ts" time="2.234">
<failure message="04-transform-operations.spec.ts:243:7 should allow skipping optional transformations" type="FAILURE">
<![CDATA[  [browser-firefox] › 04-transform-operations.spec.ts:243:7 › Data Transform Operations › should allow skipping optional transformations 

    Error: expect.toBeAttached: Error: strict mode violation: locator('input[type="file"]') resolved to 2 elements:
        1) <input type="file" accept=".csv,.xlsx,.xls,.tsv" data-testid="file-input-button" aria-label="Select file to upload" aria-describedby="file-restrictions"/> aka getByTestId('file-input-button')
        2) <input multiple type="file" accept=".csv,.xlsx,.xls,.tsv" data-testid="hidden-file-input" aria-describedby="file-requirements" aria-label="Select data files for upload"/> aka getByTestId('hidden-file-input')

    Call log:
      - Expect "toBeAttached" with timeout 5000ms
      - waiting for locator('input[type="file"]')


       at ../fixtures/test-fixtures.ts:203

      201 |   // Now set the file input (works for both browser and Electron modes)
      202 |   const fileInput = page.locator('input[type="file"]');
    > 203 |   await expect(fileInput).toBeAttached({ timeout: 5000 });
          |                           ^
      204 |   await fileInput.setInputFiles(filePath);
      205 | };
      206 |
        at uploadFile (/Users/thomaswagner/Documents/datacloak-sentiment-workbench/packages/e2e-tests/fixtures/test-fixtures.ts:203:27)
        at navigateToTransformStep (/Users/thomaswagner/Documents/datacloak-sentiment-workbench/packages/e2e-tests/tests/04-transform-operations.spec.ts:13:5)
        at /Users/thomaswagner/Documents/datacloak-sentiment-workbench/packages/e2e-tests/tests/04-transform-operations.spec.ts:244:5

    attachment #1: screenshot (image/png) ──────────────────────────────────────────────────────────
    test-results/artifacts/04-transform-operations-Da-557d1-ng-optional-transformations-browser-firefox/test-failed-1.png
    ────────────────────────────────────────────────────────────────────────────────────────────────

    attachment #2: video (video/webm) ──────────────────────────────────────────────────────────────
    test-results/artifacts/04-transform-operations-Da-557d1-ng-optional-transformations-browser-firefox/video.webm
    ────────────────────────────────────────────────────────────────────────────────────────────────

    Error Context: ../test-results/artifacts/04-transform-operations-Da-557d1-ng-optional-transformations-browser-firefox/error-context.md
]]>
</failure>
<system-out>
<![CDATA[
[[ATTACHMENT|artifacts/04-transform-operations-Da-557d1-ng-optional-transformations-browser-firefox/test-failed-1.png]]

[[ATTACHMENT|artifacts/04-transform-operations-Da-557d1-ng-optional-transformations-browser-firefox/video.webm]]

[[ATTACHMENT|artifacts/04-transform-operations-Da-557d1-ng-optional-transformations-browser-firefox/error-context.md]]
]]>
</system-out>
<system-err>
<![CDATA[(node:37141) [DEP0147] DeprecationWarning: In future versions of Node.js, fs.rmdir(path, { recursive: true }) will be removed. Use fs.rm(path, { recursive: true }) instead
(Use `node --trace-deprecation ...` to show where the warning was created)
]]>
</system-err>
</testcase>
<testcase name="Data Transform Operations › should handle transform validation and errors" classname="04-transform-operations.spec.ts" time="2.171">
<failure message="04-transform-operations.spec.ts:281:7 should handle transform validation and errors" type="FAILURE">
<![CDATA[  [browser-firefox] › 04-transform-operations.spec.ts:281:7 › Data Transform Operations › should handle transform validation and errors 

    Error: expect.toBeAttached: Error: strict mode violation: locator('input[type="file"]') resolved to 2 elements:
        1) <input type="file" accept=".csv,.xlsx,.xls,.tsv" data-testid="file-input-button" aria-label="Select file to upload" aria-describedby="file-restrictions"/> aka getByTestId('file-input-button')
        2) <input multiple type="file" accept=".csv,.xlsx,.xls,.tsv" data-testid="hidden-file-input" aria-describedby="file-requirements" aria-label="Select data files for upload"/> aka getByTestId('hidden-file-input')

    Call log:
      - Expect "toBeAttached" with timeout 5000ms
      - waiting for locator('input[type="file"]')


       at ../fixtures/test-fixtures.ts:203

      201 |   // Now set the file input (works for both browser and Electron modes)
      202 |   const fileInput = page.locator('input[type="file"]');
    > 203 |   await expect(fileInput).toBeAttached({ timeout: 5000 });
          |                           ^
      204 |   await fileInput.setInputFiles(filePath);
      205 | };
      206 |
        at uploadFile (/Users/thomaswagner/Documents/datacloak-sentiment-workbench/packages/e2e-tests/fixtures/test-fixtures.ts:203:27)
        at navigateToTransformStep (/Users/thomaswagner/Documents/datacloak-sentiment-workbench/packages/e2e-tests/tests/04-transform-operations.spec.ts:13:5)
        at /Users/thomaswagner/Documents/datacloak-sentiment-workbench/packages/e2e-tests/tests/04-transform-operations.spec.ts:282:5

    attachment #1: screenshot (image/png) ──────────────────────────────────────────────────────────
    test-results/artifacts/04-transform-operations-Da-bd0cc-sform-validation-and-errors-browser-firefox/test-failed-1.png
    ────────────────────────────────────────────────────────────────────────────────────────────────

    attachment #2: video (video/webm) ──────────────────────────────────────────────────────────────
    test-results/artifacts/04-transform-operations-Da-bd0cc-sform-validation-and-errors-browser-firefox/video.webm
    ────────────────────────────────────────────────────────────────────────────────────────────────

    Error Context: ../test-results/artifacts/04-transform-operations-Da-bd0cc-sform-validation-and-errors-browser-firefox/error-context.md
]]>
</failure>
<system-out>
<![CDATA[
[[ATTACHMENT|artifacts/04-transform-operations-Da-bd0cc-sform-validation-and-errors-browser-firefox/test-failed-1.png]]

[[ATTACHMENT|artifacts/04-transform-operations-Da-bd0cc-sform-validation-and-errors-browser-firefox/video.webm]]

[[ATTACHMENT|artifacts/04-transform-operations-Da-bd0cc-sform-validation-and-errors-browser-firefox/error-context.md]]
]]>
</system-out>
<system-err>
<![CDATA[(node:37148) [DEP0147] DeprecationWarning: In future versions of Node.js, fs.rmdir(path, { recursive: true }) will be removed. Use fs.rm(path, { recursive: true }) instead
(Use `node --trace-deprecation ...` to show where the warning was created)
]]>
</system-err>
</testcase>
<testcase name="Data Transform Operations › should save and display transform configuration" classname="04-transform-operations.spec.ts" time="2.377">
<failure message="04-transform-operations.spec.ts:346:7 should save and display transform configuration" type="FAILURE">
<![CDATA[  [browser-firefox] › 04-transform-operations.spec.ts:346:7 › Data Transform Operations › should save and display transform configuration 

    Error: expect.toBeAttached: Error: strict mode violation: locator('input[type="file"]') resolved to 2 elements:
        1) <input type="file" accept=".csv,.xlsx,.xls,.tsv" data-testid="file-input-button" aria-label="Select file to upload" aria-describedby="file-restrictions"/> aka getByTestId('file-input-button')
        2) <input multiple type="file" accept=".csv,.xlsx,.xls,.tsv" data-testid="hidden-file-input" aria-describedby="file-requirements" aria-label="Select data files for upload"/> aka getByTestId('hidden-file-input')

    Call log:
      - Expect "toBeAttached" with timeout 5000ms
      - waiting for locator('input[type="file"]')


       at ../fixtures/test-fixtures.ts:203

      201 |   // Now set the file input (works for both browser and Electron modes)
      202 |   const fileInput = page.locator('input[type="file"]');
    > 203 |   await expect(fileInput).toBeAttached({ timeout: 5000 });
          |                           ^
      204 |   await fileInput.setInputFiles(filePath);
      205 | };
      206 |
        at uploadFile (/Users/thomaswagner/Documents/datacloak-sentiment-workbench/packages/e2e-tests/fixtures/test-fixtures.ts:203:27)
        at navigateToTransformStep (/Users/thomaswagner/Documents/datacloak-sentiment-workbench/packages/e2e-tests/tests/04-transform-operations.spec.ts:13:5)
        at /Users/thomaswagner/Documents/datacloak-sentiment-workbench/packages/e2e-tests/tests/04-transform-operations.spec.ts:347:5

    attachment #1: screenshot (image/png) ──────────────────────────────────────────────────────────
    test-results/artifacts/04-transform-operations-Da-49512-lay-transform-configuration-browser-firefox/test-failed-1.png
    ────────────────────────────────────────────────────────────────────────────────────────────────

    attachment #2: video (video/webm) ──────────────────────────────────────────────────────────────
    test-results/artifacts/04-transform-operations-Da-49512-lay-transform-configuration-browser-firefox/video.webm
    ────────────────────────────────────────────────────────────────────────────────────────────────

    Error Context: ../test-results/artifacts/04-transform-operations-Da-49512-lay-transform-configuration-browser-firefox/error-context.md
]]>
</failure>
<system-out>
<![CDATA[
[[ATTACHMENT|artifacts/04-transform-operations-Da-49512-lay-transform-configuration-browser-firefox/test-failed-1.png]]

[[ATTACHMENT|artifacts/04-transform-operations-Da-49512-lay-transform-configuration-browser-firefox/video.webm]]

[[ATTACHMENT|artifacts/04-transform-operations-Da-49512-lay-transform-configuration-browser-firefox/error-context.md]]
]]>
</system-out>
<system-err>
<![CDATA[(node:37163) [DEP0147] DeprecationWarning: In future versions of Node.js, fs.rmdir(path, { recursive: true }) will be removed. Use fs.rm(path, { recursive: true }) instead
(Use `node --trace-deprecation ...` to show where the warning was created)
]]>
</system-err>
</testcase>
<testcase name="Data Transform Operations › should handle large dataset transformations" classname="04-transform-operations.spec.ts" time="2.091">
<failure message="04-transform-operations.spec.ts:394:7 should handle large dataset transformations" type="FAILURE">
<![CDATA[  [browser-firefox] › 04-transform-operations.spec.ts:394:7 › Data Transform Operations › should handle large dataset transformations › Upload large file and navigate to transform 

    Error: expect.toBeAttached: Error: strict mode violation: locator('input[type="file"]') resolved to 2 elements:
        1) <input type="file" accept=".csv,.xlsx,.xls,.tsv" data-testid="file-input-button" aria-label="Select file to upload" aria-describedby="file-restrictions"/> aka getByTestId('file-input-button')
        2) <input multiple type="file" accept=".csv,.xlsx,.xls,.tsv" data-testid="hidden-file-input" aria-describedby="file-requirements" aria-label="Select data files for upload"/> aka getByTestId('hidden-file-input')

    Call log:
      - Expect "toBeAttached" with timeout 5000ms
      - waiting for locator('input[type="file"]')


       at ../fixtures/test-fixtures.ts:203

      201 |   // Now set the file input (works for both browser and Electron modes)
      202 |   const fileInput = page.locator('input[type="file"]');
    > 203 |   await expect(fileInput).toBeAttached({ timeout: 5000 });
          |                           ^
      204 |   await fileInput.setInputFiles(filePath);
      205 | };
      206 |
        at uploadFile (/Users/thomaswagner/Documents/datacloak-sentiment-workbench/packages/e2e-tests/fixtures/test-fixtures.ts:203:27)
        at /Users/thomaswagner/Documents/datacloak-sentiment-workbench/packages/e2e-tests/tests/04-transform-operations.spec.ts:396:7
        at /Users/thomaswagner/Documents/datacloak-sentiment-workbench/packages/e2e-tests/tests/04-transform-operations.spec.ts:395:5

    attachment #1: screenshot (image/png) ──────────────────────────────────────────────────────────
    test-results/artifacts/04-transform-operations-Da-40873-rge-dataset-transformations-browser-firefox/test-failed-1.png
    ────────────────────────────────────────────────────────────────────────────────────────────────

    attachment #2: video (video/webm) ──────────────────────────────────────────────────────────────
    test-results/artifacts/04-transform-operations-Da-40873-rge-dataset-transformations-browser-firefox/video.webm
    ────────────────────────────────────────────────────────────────────────────────────────────────

    Error Context: ../test-results/artifacts/04-transform-operations-Da-40873-rge-dataset-transformations-browser-firefox/error-context.md
]]>
</failure>
<system-out>
<![CDATA[
[[ATTACHMENT|artifacts/04-transform-operations-Da-40873-rge-dataset-transformations-browser-firefox/test-failed-1.png]]

[[ATTACHMENT|artifacts/04-transform-operations-Da-40873-rge-dataset-transformations-browser-firefox/video.webm]]

[[ATTACHMENT|artifacts/04-transform-operations-Da-40873-rge-dataset-transformations-browser-firefox/error-context.md]]
]]>
</system-out>
<system-err>
<![CDATA[(node:37169) [DEP0147] DeprecationWarning: In future versions of Node.js, fs.rmdir(path, { recursive: true }) will be removed. Use fs.rm(path, { recursive: true }) instead
(Use `node --trace-deprecation ...` to show where the warning was created)
]]>
</system-err>
</testcase>
</testsuite>
<testsuite name="05-sentiment-analysis.spec.ts" timestamp="2025-06-15T23:53:34.693Z" hostname="browser-firefox" tests="8" failures="8" skipped="0" time="16.469" errors="0">
<testcase name="Sentiment Analysis with OpenAI Integration › should display sentiment analysis configuration options" classname="05-sentiment-analysis.spec.ts" time="1.853">
<failure message="05-sentiment-analysis.spec.ts:26:7 should display sentiment analysis configuration options" type="FAILURE">
<![CDATA[  [browser-firefox] › 05-sentiment-analysis.spec.ts:26:7 › Sentiment Analysis with OpenAI Integration › should display sentiment analysis configuration options 

    Error: expect.toBeAttached: Error: strict mode violation: locator('input[type="file"]') resolved to 2 elements:
        1) <input type="file" accept=".csv,.xlsx,.xls,.tsv" data-testid="file-input-button" aria-label="Select file to upload" aria-describedby="file-restrictions"/> aka getByTestId('file-input-button')
        2) <input multiple type="file" accept=".csv,.xlsx,.xls,.tsv" data-testid="hidden-file-input" aria-describedby="file-requirements" aria-label="Select data files for upload"/> aka getByTestId('hidden-file-input')

    Call log:
      - Expect "toBeAttached" with timeout 5000ms
      - waiting for locator('input[type="file"]')


       at ../fixtures/test-fixtures.ts:203

      201 |   // Now set the file input (works for both browser and Electron modes)
      202 |   const fileInput = page.locator('input[type="file"]');
    > 203 |   await expect(fileInput).toBeAttached({ timeout: 5000 });
          |                           ^
      204 |   await fileInput.setInputFiles(filePath);
      205 | };
      206 |
        at uploadFile (/Users/thomaswagner/Documents/datacloak-sentiment-workbench/packages/e2e-tests/fixtures/test-fixtures.ts:203:27)
        at navigateToSentimentStep (/Users/thomaswagner/Documents/datacloak-sentiment-workbench/packages/e2e-tests/tests/05-sentiment-analysis.spec.ts:13:5)
        at /Users/thomaswagner/Documents/datacloak-sentiment-workbench/packages/e2e-tests/tests/05-sentiment-analysis.spec.ts:27:5

    attachment #1: screenshot (image/png) ──────────────────────────────────────────────────────────
    test-results/artifacts/05-sentiment-analysis-Sent-ce23e-lysis-configuration-options-browser-firefox/test-failed-1.png
    ────────────────────────────────────────────────────────────────────────────────────────────────

    attachment #2: video (video/webm) ──────────────────────────────────────────────────────────────
    test-results/artifacts/05-sentiment-analysis-Sent-ce23e-lysis-configuration-options-browser-firefox/video.webm
    ────────────────────────────────────────────────────────────────────────────────────────────────

    Error Context: ../test-results/artifacts/05-sentiment-analysis-Sent-ce23e-lysis-configuration-options-browser-firefox/error-context.md
]]>
</failure>
<system-out>
<![CDATA[
[[ATTACHMENT|artifacts/05-sentiment-analysis-Sent-ce23e-lysis-configuration-options-browser-firefox/test-failed-1.png]]

[[ATTACHMENT|artifacts/05-sentiment-analysis-Sent-ce23e-lysis-configuration-options-browser-firefox/video.webm]]

[[ATTACHMENT|artifacts/05-sentiment-analysis-Sent-ce23e-lysis-configuration-options-browser-firefox/error-context.md]]
]]>
</system-out>
<system-err>
<![CDATA[(node:37198) [DEP0147] DeprecationWarning: In future versions of Node.js, fs.rmdir(path, { recursive: true }) will be removed. Use fs.rm(path, { recursive: true }) instead
(Use `node --trace-deprecation ...` to show where the warning was created)
]]>
</system-err>
</testcase>
<testcase name="Sentiment Analysis with OpenAI Integration › should display cost estimation for sentiment analysis" classname="05-sentiment-analysis.spec.ts" time="2.067">
<failure message="05-sentiment-analysis.spec.ts:91:7 should display cost estimation for sentiment analysis" type="FAILURE">
<![CDATA[  [browser-firefox] › 05-sentiment-analysis.spec.ts:91:7 › Sentiment Analysis with OpenAI Integration › should display cost estimation for sentiment analysis 

    Error: expect.toBeAttached: Error: strict mode violation: locator('input[type="file"]') resolved to 2 elements:
        1) <input type="file" accept=".csv,.xlsx,.xls,.tsv" data-testid="file-input-button" aria-label="Select file to upload" aria-describedby="file-restrictions"/> aka getByTestId('file-input-button')
        2) <input multiple type="file" accept=".csv,.xlsx,.xls,.tsv" data-testid="hidden-file-input" aria-describedby="file-requirements" aria-label="Select data files for upload"/> aka getByTestId('hidden-file-input')

    Call log:
      - Expect "toBeAttached" with timeout 5000ms
      - waiting for locator('input[type="file"]')


       at ../fixtures/test-fixtures.ts:203

      201 |   // Now set the file input (works for both browser and Electron modes)
      202 |   const fileInput = page.locator('input[type="file"]');
    > 203 |   await expect(fileInput).toBeAttached({ timeout: 5000 });
          |                           ^
      204 |   await fileInput.setInputFiles(filePath);
      205 | };
      206 |
        at uploadFile (/Users/thomaswagner/Documents/datacloak-sentiment-workbench/packages/e2e-tests/fixtures/test-fixtures.ts:203:27)
        at navigateToSentimentStep (/Users/thomaswagner/Documents/datacloak-sentiment-workbench/packages/e2e-tests/tests/05-sentiment-analysis.spec.ts:13:5)
        at /Users/thomaswagner/Documents/datacloak-sentiment-workbench/packages/e2e-tests/tests/05-sentiment-analysis.spec.ts:92:5

    attachment #1: screenshot (image/png) ──────────────────────────────────────────────────────────
    test-results/artifacts/05-sentiment-analysis-Sent-ceae8-tion-for-sentiment-analysis-browser-firefox/test-failed-1.png
    ────────────────────────────────────────────────────────────────────────────────────────────────

    attachment #2: video (video/webm) ──────────────────────────────────────────────────────────────
    test-results/artifacts/05-sentiment-analysis-Sent-ceae8-tion-for-sentiment-analysis-browser-firefox/video.webm
    ────────────────────────────────────────────────────────────────────────────────────────────────

    Error Context: ../test-results/artifacts/05-sentiment-analysis-Sent-ceae8-tion-for-sentiment-analysis-browser-firefox/error-context.md
]]>
</failure>
<system-out>
<![CDATA[
[[ATTACHMENT|artifacts/05-sentiment-analysis-Sent-ceae8-tion-for-sentiment-analysis-browser-firefox/test-failed-1.png]]

[[ATTACHMENT|artifacts/05-sentiment-analysis-Sent-ceae8-tion-for-sentiment-analysis-browser-firefox/video.webm]]

[[ATTACHMENT|artifacts/05-sentiment-analysis-Sent-ceae8-tion-for-sentiment-analysis-browser-firefox/error-context.md]]
]]>
</system-out>
<system-err>
<![CDATA[(node:37216) [DEP0147] DeprecationWarning: In future versions of Node.js, fs.rmdir(path, { recursive: true }) will be removed. Use fs.rm(path, { recursive: true }) instead
(Use `node --trace-deprecation ...` to show where the warning was created)
]]>
</system-err>
</testcase>
<testcase name="Sentiment Analysis with OpenAI Integration › should start sentiment analysis job successfully" classname="05-sentiment-analysis.spec.ts" time="2.251">
<failure message="05-sentiment-analysis.spec.ts:142:7 should start sentiment analysis job successfully" type="FAILURE">
<![CDATA[  [browser-firefox] › 05-sentiment-analysis.spec.ts:142:7 › Sentiment Analysis with OpenAI Integration › should start sentiment analysis job successfully 

    Error: expect.toBeAttached: Error: strict mode violation: locator('input[type="file"]') resolved to 2 elements:
        1) <input type="file" accept=".csv,.xlsx,.xls,.tsv" data-testid="file-input-button" aria-label="Select file to upload" aria-describedby="file-restrictions"/> aka getByTestId('file-input-button')
        2) <input multiple type="file" accept=".csv,.xlsx,.xls,.tsv" data-testid="hidden-file-input" aria-describedby="file-requirements" aria-label="Select data files for upload"/> aka getByTestId('hidden-file-input')

    Call log:
      - Expect "toBeAttached" with timeout 5000ms
      - waiting for locator('input[type="file"]')


       at ../fixtures/test-fixtures.ts:203

      201 |   // Now set the file input (works for both browser and Electron modes)
      202 |   const fileInput = page.locator('input[type="file"]');
    > 203 |   await expect(fileInput).toBeAttached({ timeout: 5000 });
          |                           ^
      204 |   await fileInput.setInputFiles(filePath);
      205 | };
      206 |
        at uploadFile (/Users/thomaswagner/Documents/datacloak-sentiment-workbench/packages/e2e-tests/fixtures/test-fixtures.ts:203:27)
        at navigateToSentimentStep (/Users/thomaswagner/Documents/datacloak-sentiment-workbench/packages/e2e-tests/tests/05-sentiment-analysis.spec.ts:13:5)
        at /Users/thomaswagner/Documents/datacloak-sentiment-workbench/packages/e2e-tests/tests/05-sentiment-analysis.spec.ts:143:5

    attachment #1: screenshot (image/png) ──────────────────────────────────────────────────────────
    test-results/artifacts/05-sentiment-analysis-Sent-1964d-t-analysis-job-successfully-browser-firefox/test-failed-1.png
    ────────────────────────────────────────────────────────────────────────────────────────────────

    attachment #2: video (video/webm) ──────────────────────────────────────────────────────────────
    test-results/artifacts/05-sentiment-analysis-Sent-1964d-t-analysis-job-successfully-browser-firefox/video.webm
    ────────────────────────────────────────────────────────────────────────────────────────────────

    Error Context: ../test-results/artifacts/05-sentiment-analysis-Sent-1964d-t-analysis-job-successfully-browser-firefox/error-context.md
]]>
</failure>
<system-out>
<![CDATA[
[[ATTACHMENT|artifacts/05-sentiment-analysis-Sent-1964d-t-analysis-job-successfully-browser-firefox/test-failed-1.png]]

[[ATTACHMENT|artifacts/05-sentiment-analysis-Sent-1964d-t-analysis-job-successfully-browser-firefox/video.webm]]

[[ATTACHMENT|artifacts/05-sentiment-analysis-Sent-1964d-t-analysis-job-successfully-browser-firefox/error-context.md]]
]]>
</system-out>
<system-err>
<![CDATA[(node:37218) [DEP0147] DeprecationWarning: In future versions of Node.js, fs.rmdir(path, { recursive: true }) will be removed. Use fs.rm(path, { recursive: true }) instead
(Use `node --trace-deprecation ...` to show where the warning was created)
]]>
</system-err>
</testcase>
<testcase name="Sentiment Analysis with OpenAI Integration › should show progress during sentiment analysis" classname="05-sentiment-analysis.spec.ts" time="2.174">
<failure message="05-sentiment-analysis.spec.ts:200:7 should show progress during sentiment analysis" type="FAILURE">
<![CDATA[  [browser-firefox] › 05-sentiment-analysis.spec.ts:200:7 › Sentiment Analysis with OpenAI Integration › should show progress during sentiment analysis 

    Error: expect.toBeAttached: Error: strict mode violation: locator('input[type="file"]') resolved to 2 elements:
        1) <input type="file" accept=".csv,.xlsx,.xls,.tsv" data-testid="file-input-button" aria-label="Select file to upload" aria-describedby="file-restrictions"/> aka getByTestId('file-input-button')
        2) <input multiple type="file" accept=".csv,.xlsx,.xls,.tsv" data-testid="hidden-file-input" aria-describedby="file-requirements" aria-label="Select data files for upload"/> aka getByTestId('hidden-file-input')

    Call log:
      - Expect "toBeAttached" with timeout 5000ms
      - waiting for locator('input[type="file"]')


       at ../fixtures/test-fixtures.ts:203

      201 |   // Now set the file input (works for both browser and Electron modes)
      202 |   const fileInput = page.locator('input[type="file"]');
    > 203 |   await expect(fileInput).toBeAttached({ timeout: 5000 });
          |                           ^
      204 |   await fileInput.setInputFiles(filePath);
      205 | };
      206 |
        at uploadFile (/Users/thomaswagner/Documents/datacloak-sentiment-workbench/packages/e2e-tests/fixtures/test-fixtures.ts:203:27)
        at navigateToSentimentStep (/Users/thomaswagner/Documents/datacloak-sentiment-workbench/packages/e2e-tests/tests/05-sentiment-analysis.spec.ts:13:5)
        at /Users/thomaswagner/Documents/datacloak-sentiment-workbench/packages/e2e-tests/tests/05-sentiment-analysis.spec.ts:201:5

    attachment #1: screenshot (image/png) ──────────────────────────────────────────────────────────
    test-results/artifacts/05-sentiment-analysis-Sent-7be6e-s-during-sentiment-analysis-browser-firefox/test-failed-1.png
    ────────────────────────────────────────────────────────────────────────────────────────────────

    attachment #2: video (video/webm) ──────────────────────────────────────────────────────────────
    test-results/artifacts/05-sentiment-analysis-Sent-7be6e-s-during-sentiment-analysis-browser-firefox/video.webm
    ────────────────────────────────────────────────────────────────────────────────────────────────

    Error Context: ../test-results/artifacts/05-sentiment-analysis-Sent-7be6e-s-during-sentiment-analysis-browser-firefox/error-context.md
]]>
</failure>
<system-out>
<![CDATA[
[[ATTACHMENT|artifacts/05-sentiment-analysis-Sent-7be6e-s-during-sentiment-analysis-browser-firefox/test-failed-1.png]]

[[ATTACHMENT|artifacts/05-sentiment-analysis-Sent-7be6e-s-during-sentiment-analysis-browser-firefox/video.webm]]

[[ATTACHMENT|artifacts/05-sentiment-analysis-Sent-7be6e-s-during-sentiment-analysis-browser-firefox/error-context.md]]
]]>
</system-out>
<system-err>
<![CDATA[(node:37227) [DEP0147] DeprecationWarning: In future versions of Node.js, fs.rmdir(path, { recursive: true }) will be removed. Use fs.rm(path, { recursive: true }) instead
(Use `node --trace-deprecation ...` to show where the warning was created)
]]>
</system-err>
</testcase>
<testcase name="Sentiment Analysis with OpenAI Integration › should complete sentiment analysis and show results" classname="05-sentiment-analysis.spec.ts" time="2.202">
<failure message="05-sentiment-analysis.spec.ts:270:7 should complete sentiment analysis and show results" type="FAILURE">
<![CDATA[  [browser-firefox] › 05-sentiment-analysis.spec.ts:270:7 › Sentiment Analysis with OpenAI Integration › should complete sentiment analysis and show results 

    Error: expect.toBeAttached: Error: strict mode violation: locator('input[type="file"]') resolved to 2 elements:
        1) <input type="file" accept=".csv,.xlsx,.xls,.tsv" data-testid="file-input-button" aria-label="Select file to upload" aria-describedby="file-restrictions"/> aka getByTestId('file-input-button')
        2) <input multiple type="file" accept=".csv,.xlsx,.xls,.tsv" data-testid="hidden-file-input" aria-describedby="file-requirements" aria-label="Select data files for upload"/> aka getByTestId('hidden-file-input')

    Call log:
      - Expect "toBeAttached" with timeout 5000ms
      - waiting for locator('input[type="file"]')


       at ../fixtures/test-fixtures.ts:203

      201 |   // Now set the file input (works for both browser and Electron modes)
      202 |   const fileInput = page.locator('input[type="file"]');
    > 203 |   await expect(fileInput).toBeAttached({ timeout: 5000 });
          |                           ^
      204 |   await fileInput.setInputFiles(filePath);
      205 | };
      206 |
        at uploadFile (/Users/thomaswagner/Documents/datacloak-sentiment-workbench/packages/e2e-tests/fixtures/test-fixtures.ts:203:27)
        at navigateToSentimentStep (/Users/thomaswagner/Documents/datacloak-sentiment-workbench/packages/e2e-tests/tests/05-sentiment-analysis.spec.ts:13:5)
        at /Users/thomaswagner/Documents/datacloak-sentiment-workbench/packages/e2e-tests/tests/05-sentiment-analysis.spec.ts:271:5

    attachment #1: screenshot (image/png) ──────────────────────────────────────────────────────────
    test-results/artifacts/05-sentiment-analysis-Sent-e1769-t-analysis-and-show-results-browser-firefox/test-failed-1.png
    ────────────────────────────────────────────────────────────────────────────────────────────────

    attachment #2: video (video/webm) ──────────────────────────────────────────────────────────────
    test-results/artifacts/05-sentiment-analysis-Sent-e1769-t-analysis-and-show-results-browser-firefox/video.webm
    ────────────────────────────────────────────────────────────────────────────────────────────────

    Error Context: ../test-results/artifacts/05-sentiment-analysis-Sent-e1769-t-analysis-and-show-results-browser-firefox/error-context.md
]]>
</failure>
<system-out>
<![CDATA[
[[ATTACHMENT|artifacts/05-sentiment-analysis-Sent-e1769-t-analysis-and-show-results-browser-firefox/test-failed-1.png]]

[[ATTACHMENT|artifacts/05-sentiment-analysis-Sent-e1769-t-analysis-and-show-results-browser-firefox/video.webm]]

[[ATTACHMENT|artifacts/05-sentiment-analysis-Sent-e1769-t-analysis-and-show-results-browser-firefox/error-context.md]]
]]>
</system-out>
<system-err>
<![CDATA[(node:37245) [DEP0147] DeprecationWarning: In future versions of Node.js, fs.rmdir(path, { recursive: true }) will be removed. Use fs.rm(path, { recursive: true }) instead
(Use `node --trace-deprecation ...` to show where the warning was created)
]]>
</system-err>
</testcase>
<testcase name="Sentiment Analysis with OpenAI Integration › should handle OpenAI API errors gracefully" classname="05-sentiment-analysis.spec.ts" time="2.11">
<failure message="05-sentiment-analysis.spec.ts:345:7 should handle OpenAI API errors gracefully" type="FAILURE">
<![CDATA[  [browser-firefox] › 05-sentiment-analysis.spec.ts:345:7 › Sentiment Analysis with OpenAI Integration › should handle OpenAI API errors gracefully 

    Error: expect.toBeAttached: Error: strict mode violation: locator('input[type="file"]') resolved to 2 elements:
        1) <input type="file" accept=".csv,.xlsx,.xls,.tsv" data-testid="file-input-button" aria-label="Select file to upload" aria-describedby="file-restrictions"/> aka getByTestId('file-input-button')
        2) <input multiple type="file" accept=".csv,.xlsx,.xls,.tsv" data-testid="hidden-file-input" aria-describedby="file-requirements" aria-label="Select data files for upload"/> aka getByTestId('hidden-file-input')

    Call log:
      - Expect "toBeAttached" with timeout 5000ms
      - waiting for locator('input[type="file"]')


       at ../fixtures/test-fixtures.ts:203

      201 |   // Now set the file input (works for both browser and Electron modes)
      202 |   const fileInput = page.locator('input[type="file"]');
    > 203 |   await expect(fileInput).toBeAttached({ timeout: 5000 });
          |                           ^
      204 |   await fileInput.setInputFiles(filePath);
      205 | };
      206 |
        at uploadFile (/Users/thomaswagner/Documents/datacloak-sentiment-workbench/packages/e2e-tests/fixtures/test-fixtures.ts:203:27)
        at navigateToSentimentStep (/Users/thomaswagner/Documents/datacloak-sentiment-workbench/packages/e2e-tests/tests/05-sentiment-analysis.spec.ts:13:5)
        at /Users/thomaswagner/Documents/datacloak-sentiment-workbench/packages/e2e-tests/tests/05-sentiment-analysis.spec.ts:346:5

    attachment #1: screenshot (image/png) ──────────────────────────────────────────────────────────
    test-results/artifacts/05-sentiment-analysis-Sent-3bcfd-penAI-API-errors-gracefully-browser-firefox/test-failed-1.png
    ────────────────────────────────────────────────────────────────────────────────────────────────

    attachment #2: video (video/webm) ──────────────────────────────────────────────────────────────
    test-results/artifacts/05-sentiment-analysis-Sent-3bcfd-penAI-API-errors-gracefully-browser-firefox/video.webm
    ────────────────────────────────────────────────────────────────────────────────────────────────

    Error Context: ../test-results/artifacts/05-sentiment-analysis-Sent-3bcfd-penAI-API-errors-gracefully-browser-firefox/error-context.md
]]>
</failure>
<system-out>
<![CDATA[
[[ATTACHMENT|artifacts/05-sentiment-analysis-Sent-3bcfd-penAI-API-errors-gracefully-browser-firefox/test-failed-1.png]]

[[ATTACHMENT|artifacts/05-sentiment-analysis-Sent-3bcfd-penAI-API-errors-gracefully-browser-firefox/video.webm]]

[[ATTACHMENT|artifacts/05-sentiment-analysis-Sent-3bcfd-penAI-API-errors-gracefully-browser-firefox/error-context.md]]
]]>
</system-out>
<system-err>
<![CDATA[(node:37246) [DEP0147] DeprecationWarning: In future versions of Node.js, fs.rmdir(path, { recursive: true }) will be removed. Use fs.rm(path, { recursive: true }) instead
(Use `node --trace-deprecation ...` to show where the warning was created)
]]>
</system-err>
</testcase>
<testcase name="Sentiment Analysis with OpenAI Integration › should test different sentiment datasets" classname="05-sentiment-analysis.spec.ts" time="1.89">
<failure message="05-sentiment-analysis.spec.ts:400:7 should test different sentiment datasets" type="FAILURE">
<![CDATA[  [browser-firefox] › 05-sentiment-analysis.spec.ts:400:7 › Sentiment Analysis with OpenAI Integration › should test different sentiment datasets › Test positive sentiment dataset 

    Error: expect.toBeAttached: Error: strict mode violation: locator('input[type="file"]') resolved to 2 elements:
        1) <input type="file" accept=".csv,.xlsx,.xls,.tsv" data-testid="file-input-button" aria-label="Select file to upload" aria-describedby="file-restrictions"/> aka getByTestId('file-input-button')
        2) <input multiple type="file" accept=".csv,.xlsx,.xls,.tsv" data-testid="hidden-file-input" aria-describedby="file-requirements" aria-label="Select data files for upload"/> aka getByTestId('hidden-file-input')

    Call log:
      - Expect "toBeAttached" with timeout 5000ms
      - waiting for locator('input[type="file"]')


       at ../fixtures/test-fixtures.ts:203

      201 |   // Now set the file input (works for both browser and Electron modes)
      202 |   const fileInput = page.locator('input[type="file"]');
    > 203 |   await expect(fileInput).toBeAttached({ timeout: 5000 });
          |                           ^
      204 |   await fileInput.setInputFiles(filePath);
      205 | };
      206 |
        at uploadFile (/Users/thomaswagner/Documents/datacloak-sentiment-workbench/packages/e2e-tests/fixtures/test-fixtures.ts:203:27)
        at /Users/thomaswagner/Documents/datacloak-sentiment-workbench/packages/e2e-tests/tests/05-sentiment-analysis.spec.ts:402:7
        at /Users/thomaswagner/Documents/datacloak-sentiment-workbench/packages/e2e-tests/tests/05-sentiment-analysis.spec.ts:401:5

    attachment #1: screenshot (image/png) ──────────────────────────────────────────────────────────
    test-results/artifacts/05-sentiment-analysis-Sent-7e926-ifferent-sentiment-datasets-browser-firefox/test-failed-1.png
    ────────────────────────────────────────────────────────────────────────────────────────────────

    attachment #2: video (video/webm) ──────────────────────────────────────────────────────────────
    test-results/artifacts/05-sentiment-analysis-Sent-7e926-ifferent-sentiment-datasets-browser-firefox/video.webm
    ────────────────────────────────────────────────────────────────────────────────────────────────

    Error Context: ../test-results/artifacts/05-sentiment-analysis-Sent-7e926-ifferent-sentiment-datasets-browser-firefox/error-context.md
]]>
</failure>
<system-out>
<![CDATA[
[[ATTACHMENT|artifacts/05-sentiment-analysis-Sent-7e926-ifferent-sentiment-datasets-browser-firefox/test-failed-1.png]]

[[ATTACHMENT|artifacts/05-sentiment-analysis-Sent-7e926-ifferent-sentiment-datasets-browser-firefox/video.webm]]

[[ATTACHMENT|artifacts/05-sentiment-analysis-Sent-7e926-ifferent-sentiment-datasets-browser-firefox/error-context.md]]
]]>
</system-out>
<system-err>
<![CDATA[(node:37271) [DEP0147] DeprecationWarning: In future versions of Node.js, fs.rmdir(path, { recursive: true }) will be removed. Use fs.rm(path, { recursive: true }) instead
(Use `node --trace-deprecation ...` to show where the warning was created)
]]>
</system-err>
</testcase>
<testcase name="Sentiment Analysis with OpenAI Integration › should provide sentiment analysis insights and metrics" classname="05-sentiment-analysis.spec.ts" time="1.922">
<failure message="05-sentiment-analysis.spec.ts:448:7 should provide sentiment analysis insights and metrics" type="FAILURE">
<![CDATA[  [browser-firefox] › 05-sentiment-analysis.spec.ts:448:7 › Sentiment Analysis with OpenAI Integration › should provide sentiment analysis insights and metrics 

    Error: expect.toBeAttached: Error: strict mode violation: locator('input[type="file"]') resolved to 2 elements:
        1) <input type="file" accept=".csv,.xlsx,.xls,.tsv" data-testid="file-input-button" aria-label="Select file to upload" aria-describedby="file-restrictions"/> aka getByTestId('file-input-button')
        2) <input multiple type="file" accept=".csv,.xlsx,.xls,.tsv" data-testid="hidden-file-input" aria-describedby="file-requirements" aria-label="Select data files for upload"/> aka getByTestId('hidden-file-input')

    Call log:
      - Expect "toBeAttached" with timeout 5000ms
      - waiting for locator('input[type="file"]')


       at ../fixtures/test-fixtures.ts:203

      201 |   // Now set the file input (works for both browser and Electron modes)
      202 |   const fileInput = page.locator('input[type="file"]');
    > 203 |   await expect(fileInput).toBeAttached({ timeout: 5000 });
          |                           ^
      204 |   await fileInput.setInputFiles(filePath);
      205 | };
      206 |
        at uploadFile (/Users/thomaswagner/Documents/datacloak-sentiment-workbench/packages/e2e-tests/fixtures/test-fixtures.ts:203:27)
        at navigateToSentimentStep (/Users/thomaswagner/Documents/datacloak-sentiment-workbench/packages/e2e-tests/tests/05-sentiment-analysis.spec.ts:13:5)
        at /Users/thomaswagner/Documents/datacloak-sentiment-workbench/packages/e2e-tests/tests/05-sentiment-analysis.spec.ts:449:5

    attachment #1: screenshot (image/png) ──────────────────────────────────────────────────────────
    test-results/artifacts/05-sentiment-analysis-Sent-27977-alysis-insights-and-metrics-browser-firefox/test-failed-1.png
    ────────────────────────────────────────────────────────────────────────────────────────────────

    attachment #2: video (video/webm) ──────────────────────────────────────────────────────────────
    test-results/artifacts/05-sentiment-analysis-Sent-27977-alysis-insights-and-metrics-browser-firefox/video.webm
    ────────────────────────────────────────────────────────────────────────────────────────────────

    Error Context: ../test-results/artifacts/05-sentiment-analysis-Sent-27977-alysis-insights-and-metrics-browser-firefox/error-context.md
]]>
</failure>
<system-out>
<![CDATA[
[[ATTACHMENT|artifacts/05-sentiment-analysis-Sent-27977-alysis-insights-and-metrics-browser-firefox/test-failed-1.png]]

[[ATTACHMENT|artifacts/05-sentiment-analysis-Sent-27977-alysis-insights-and-metrics-browser-firefox/video.webm]]

[[ATTACHMENT|artifacts/05-sentiment-analysis-Sent-27977-alysis-insights-and-metrics-browser-firefox/error-context.md]]
]]>
</system-out>
<system-err>
<![CDATA[(node:37283) [DEP0147] DeprecationWarning: In future versions of Node.js, fs.rmdir(path, { recursive: true }) will be removed. Use fs.rm(path, { recursive: true }) instead
(Use `node --trace-deprecation ...` to show where the warning was created)
]]>
</system-err>
</testcase>
</testsuite>
<testsuite name="06-results-export.spec.ts" timestamp="2025-06-15T23:53:34.693Z" hostname="browser-firefox" tests="9" failures="9" skipped="0" time="18.072" errors="0">
<testcase name="Results Export Functionality › should display sentiment analysis results overview" classname="06-results-export.spec.ts" time="2.138">
<failure message="06-results-export.spec.ts:44:7 should display sentiment analysis results overview" type="FAILURE">
<![CDATA[  [browser-firefox] › 06-results-export.spec.ts:44:7 › Results Export Functionality › should display sentiment analysis results overview 

    Error: expect.toBeAttached: Error: strict mode violation: locator('input[type="file"]') resolved to 2 elements:
        1) <input type="file" accept=".csv,.xlsx,.xls,.tsv" data-testid="file-input-button" aria-label="Select file to upload" aria-describedby="file-restrictions"/> aka getByTestId('file-input-button')
        2) <input multiple type="file" accept=".csv,.xlsx,.xls,.tsv" data-testid="hidden-file-input" aria-describedby="file-requirements" aria-label="Select data files for upload"/> aka getByTestId('hidden-file-input')

    Call log:
      - Expect "toBeAttached" with timeout 5000ms
      - waiting for locator('input[type="file"]')


       at ../fixtures/test-fixtures.ts:203

      201 |   // Now set the file input (works for both browser and Electron modes)
      202 |   const fileInput = page.locator('input[type="file"]');
    > 203 |   await expect(fileInput).toBeAttached({ timeout: 5000 });
          |                           ^
      204 |   await fileInput.setInputFiles(filePath);
      205 | };
      206 |
        at uploadFile (/Users/thomaswagner/Documents/datacloak-sentiment-workbench/packages/e2e-tests/fixtures/test-fixtures.ts:203:27)
        at navigateToResultsStep (/Users/thomaswagner/Documents/datacloak-sentiment-workbench/packages/e2e-tests/tests/06-results-export.spec.ts:13:5)
        at /Users/thomaswagner/Documents/datacloak-sentiment-workbench/packages/e2e-tests/tests/06-results-export.spec.ts:45:5

    attachment #1: screenshot (image/png) ──────────────────────────────────────────────────────────
    test-results/artifacts/06-results-export-Results--768e8-t-analysis-results-overview-browser-firefox/test-failed-1.png
    ────────────────────────────────────────────────────────────────────────────────────────────────

    attachment #2: video (video/webm) ──────────────────────────────────────────────────────────────
    test-results/artifacts/06-results-export-Results--768e8-t-analysis-results-overview-browser-firefox/video.webm
    ────────────────────────────────────────────────────────────────────────────────────────────────

    Error Context: ../test-results/artifacts/06-results-export-Results--768e8-t-analysis-results-overview-browser-firefox/error-context.md
]]>
</failure>
<system-out>
<![CDATA[
[[ATTACHMENT|artifacts/06-results-export-Results--768e8-t-analysis-results-overview-browser-firefox/test-failed-1.png]]

[[ATTACHMENT|artifacts/06-results-export-Results--768e8-t-analysis-results-overview-browser-firefox/video.webm]]

[[ATTACHMENT|artifacts/06-results-export-Results--768e8-t-analysis-results-overview-browser-firefox/error-context.md]]
]]>
</system-out>
<system-err>
<![CDATA[(node:37285) [DEP0147] DeprecationWarning: In future versions of Node.js, fs.rmdir(path, { recursive: true }) will be removed. Use fs.rm(path, { recursive: true }) instead
(Use `node --trace-deprecation ...` to show where the warning was created)
]]>
</system-err>
</testcase>
<testcase name="Results Export Functionality › should provide multiple export format options" classname="06-results-export.spec.ts" time="2.054">
<failure message="06-results-export.spec.ts:96:7 should provide multiple export format options" type="FAILURE">
<![CDATA[  [browser-firefox] › 06-results-export.spec.ts:96:7 › Results Export Functionality › should provide multiple export format options 

    Error: expect.toBeAttached: Error: strict mode violation: locator('input[type="file"]') resolved to 2 elements:
        1) <input type="file" accept=".csv,.xlsx,.xls,.tsv" data-testid="file-input-button" aria-label="Select file to upload" aria-describedby="file-restrictions"/> aka getByTestId('file-input-button')
        2) <input multiple type="file" accept=".csv,.xlsx,.xls,.tsv" data-testid="hidden-file-input" aria-describedby="file-requirements" aria-label="Select data files for upload"/> aka getByTestId('hidden-file-input')

    Call log:
      - Expect "toBeAttached" with timeout 5000ms
      - waiting for locator('input[type="file"]')


       at ../fixtures/test-fixtures.ts:203

      201 |   // Now set the file input (works for both browser and Electron modes)
      202 |   const fileInput = page.locator('input[type="file"]');
    > 203 |   await expect(fileInput).toBeAttached({ timeout: 5000 });
          |                           ^
      204 |   await fileInput.setInputFiles(filePath);
      205 | };
      206 |
        at uploadFile (/Users/thomaswagner/Documents/datacloak-sentiment-workbench/packages/e2e-tests/fixtures/test-fixtures.ts:203:27)
        at navigateToResultsStep (/Users/thomaswagner/Documents/datacloak-sentiment-workbench/packages/e2e-tests/tests/06-results-export.spec.ts:13:5)
        at /Users/thomaswagner/Documents/datacloak-sentiment-workbench/packages/e2e-tests/tests/06-results-export.spec.ts:97:5

    attachment #1: screenshot (image/png) ──────────────────────────────────────────────────────────
    test-results/artifacts/06-results-export-Results--e4090-tiple-export-format-options-browser-firefox/test-failed-1.png
    ────────────────────────────────────────────────────────────────────────────────────────────────

    attachment #2: video (video/webm) ──────────────────────────────────────────────────────────────
    test-results/artifacts/06-results-export-Results--e4090-tiple-export-format-options-browser-firefox/video.webm
    ────────────────────────────────────────────────────────────────────────────────────────────────

    Error Context: ../test-results/artifacts/06-results-export-Results--e4090-tiple-export-format-options-browser-firefox/error-context.md
]]>
</failure>
<system-out>
<![CDATA[
[[ATTACHMENT|artifacts/06-results-export-Results--e4090-tiple-export-format-options-browser-firefox/test-failed-1.png]]

[[ATTACHMENT|artifacts/06-results-export-Results--e4090-tiple-export-format-options-browser-firefox/video.webm]]

[[ATTACHMENT|artifacts/06-results-export-Results--e4090-tiple-export-format-options-browser-firefox/error-context.md]]
]]>
</system-out>
<system-err>
<![CDATA[(node:37301) [DEP0147] DeprecationWarning: In future versions of Node.js, fs.rmdir(path, { recursive: true }) will be removed. Use fs.rm(path, { recursive: true }) instead
(Use `node --trace-deprecation ...` to show where the warning was created)
]]>
</system-err>
</testcase>
<testcase name="Results Export Functionality › should successfully export results as CSV" classname="06-results-export.spec.ts" time="2.057">
<failure message="06-results-export.spec.ts:156:7 should successfully export results as CSV" type="FAILURE">
<![CDATA[  [browser-firefox] › 06-results-export.spec.ts:156:7 › Results Export Functionality › should successfully export results as CSV 

    Error: expect.toBeAttached: Error: strict mode violation: locator('input[type="file"]') resolved to 2 elements:
        1) <input type="file" accept=".csv,.xlsx,.xls,.tsv" data-testid="file-input-button" aria-label="Select file to upload" aria-describedby="file-restrictions"/> aka getByTestId('file-input-button')
        2) <input multiple type="file" accept=".csv,.xlsx,.xls,.tsv" data-testid="hidden-file-input" aria-describedby="file-requirements" aria-label="Select data files for upload"/> aka getByTestId('hidden-file-input')

    Call log:
      - Expect "toBeAttached" with timeout 5000ms
      - waiting for locator('input[type="file"]')


       at ../fixtures/test-fixtures.ts:203

      201 |   // Now set the file input (works for both browser and Electron modes)
      202 |   const fileInput = page.locator('input[type="file"]');
    > 203 |   await expect(fileInput).toBeAttached({ timeout: 5000 });
          |                           ^
      204 |   await fileInput.setInputFiles(filePath);
      205 | };
      206 |
        at uploadFile (/Users/thomaswagner/Documents/datacloak-sentiment-workbench/packages/e2e-tests/fixtures/test-fixtures.ts:203:27)
        at navigateToResultsStep (/Users/thomaswagner/Documents/datacloak-sentiment-workbench/packages/e2e-tests/tests/06-results-export.spec.ts:13:5)
        at /Users/thomaswagner/Documents/datacloak-sentiment-workbench/packages/e2e-tests/tests/06-results-export.spec.ts:157:5

    attachment #1: screenshot (image/png) ──────────────────────────────────────────────────────────
    test-results/artifacts/06-results-export-Results--3ef7e-fully-export-results-as-CSV-browser-firefox/test-failed-1.png
    ────────────────────────────────────────────────────────────────────────────────────────────────

    attachment #2: video (video/webm) ──────────────────────────────────────────────────────────────
    test-results/artifacts/06-results-export-Results--3ef7e-fully-export-results-as-CSV-browser-firefox/video.webm
    ────────────────────────────────────────────────────────────────────────────────────────────────

    Error Context: ../test-results/artifacts/06-results-export-Results--3ef7e-fully-export-results-as-CSV-browser-firefox/error-context.md
]]>
</failure>
<system-out>
<![CDATA[
[[ATTACHMENT|artifacts/06-results-export-Results--3ef7e-fully-export-results-as-CSV-browser-firefox/test-failed-1.png]]

[[ATTACHMENT|artifacts/06-results-export-Results--3ef7e-fully-export-results-as-CSV-browser-firefox/video.webm]]

[[ATTACHMENT|artifacts/06-results-export-Results--3ef7e-fully-export-results-as-CSV-browser-firefox/error-context.md]]
]]>
</system-out>
<system-err>
<![CDATA[(node:37312) [DEP0147] DeprecationWarning: In future versions of Node.js, fs.rmdir(path, { recursive: true }) will be removed. Use fs.rm(path, { recursive: true }) instead
(Use `node --trace-deprecation ...` to show where the warning was created)
]]>
</system-err>
</testcase>
<testcase name="Results Export Functionality › should successfully export results as Excel" classname="06-results-export.spec.ts" time="2.081">
<failure message="06-results-export.spec.ts:217:7 should successfully export results as Excel" type="FAILURE">
<![CDATA[  [browser-firefox] › 06-results-export.spec.ts:217:7 › Results Export Functionality › should successfully export results as Excel 

    Error: expect.toBeAttached: Error: strict mode violation: locator('input[type="file"]') resolved to 2 elements:
        1) <input type="file" accept=".csv,.xlsx,.xls,.tsv" data-testid="file-input-button" aria-label="Select file to upload" aria-describedby="file-restrictions"/> aka getByTestId('file-input-button')
        2) <input multiple type="file" accept=".csv,.xlsx,.xls,.tsv" data-testid="hidden-file-input" aria-describedby="file-requirements" aria-label="Select data files for upload"/> aka getByTestId('hidden-file-input')

    Call log:
      - Expect "toBeAttached" with timeout 5000ms
      - waiting for locator('input[type="file"]')


       at ../fixtures/test-fixtures.ts:203

      201 |   // Now set the file input (works for both browser and Electron modes)
      202 |   const fileInput = page.locator('input[type="file"]');
    > 203 |   await expect(fileInput).toBeAttached({ timeout: 5000 });
          |                           ^
      204 |   await fileInput.setInputFiles(filePath);
      205 | };
      206 |
        at uploadFile (/Users/thomaswagner/Documents/datacloak-sentiment-workbench/packages/e2e-tests/fixtures/test-fixtures.ts:203:27)
        at navigateToResultsStep (/Users/thomaswagner/Documents/datacloak-sentiment-workbench/packages/e2e-tests/tests/06-results-export.spec.ts:13:5)
        at /Users/thomaswagner/Documents/datacloak-sentiment-workbench/packages/e2e-tests/tests/06-results-export.spec.ts:218:5

    attachment #1: screenshot (image/png) ──────────────────────────────────────────────────────────
    test-results/artifacts/06-results-export-Results--3da77-lly-export-results-as-Excel-browser-firefox/test-failed-1.png
    ────────────────────────────────────────────────────────────────────────────────────────────────

    attachment #2: video (video/webm) ──────────────────────────────────────────────────────────────
    test-results/artifacts/06-results-export-Results--3da77-lly-export-results-as-Excel-browser-firefox/video.webm
    ────────────────────────────────────────────────────────────────────────────────────────────────

    Error Context: ../test-results/artifacts/06-results-export-Results--3da77-lly-export-results-as-Excel-browser-firefox/error-context.md
]]>
</failure>
<system-out>
<![CDATA[
[[ATTACHMENT|artifacts/06-results-export-Results--3da77-lly-export-results-as-Excel-browser-firefox/test-failed-1.png]]

[[ATTACHMENT|artifacts/06-results-export-Results--3da77-lly-export-results-as-Excel-browser-firefox/video.webm]]

[[ATTACHMENT|artifacts/06-results-export-Results--3da77-lly-export-results-as-Excel-browser-firefox/error-context.md]]
]]>
</system-out>
<system-err>
<![CDATA[(node:37313) [DEP0147] DeprecationWarning: In future versions of Node.js, fs.rmdir(path, { recursive: true }) will be removed. Use fs.rm(path, { recursive: true }) instead
(Use `node --trace-deprecation ...` to show where the warning was created)
]]>
</system-err>
</testcase>
<testcase name="Results Export Functionality › should successfully export results as JSON" classname="06-results-export.spec.ts" time="1.819">
<failure message="06-results-export.spec.ts:267:7 should successfully export results as JSON" type="FAILURE">
<![CDATA[  [browser-firefox] › 06-results-export.spec.ts:267:7 › Results Export Functionality › should successfully export results as JSON 

    Error: expect.toBeAttached: Error: strict mode violation: locator('input[type="file"]') resolved to 2 elements:
        1) <input type="file" accept=".csv,.xlsx,.xls,.tsv" data-testid="file-input-button" aria-label="Select file to upload" aria-describedby="file-restrictions"/> aka getByTestId('file-input-button')
        2) <input multiple type="file" accept=".csv,.xlsx,.xls,.tsv" data-testid="hidden-file-input" aria-describedby="file-requirements" aria-label="Select data files for upload"/> aka getByTestId('hidden-file-input')

    Call log:
      - Expect "toBeAttached" with timeout 5000ms
      - waiting for locator('input[type="file"]')


       at ../fixtures/test-fixtures.ts:203

      201 |   // Now set the file input (works for both browser and Electron modes)
      202 |   const fileInput = page.locator('input[type="file"]');
    > 203 |   await expect(fileInput).toBeAttached({ timeout: 5000 });
          |                           ^
      204 |   await fileInput.setInputFiles(filePath);
      205 | };
      206 |
        at uploadFile (/Users/thomaswagner/Documents/datacloak-sentiment-workbench/packages/e2e-tests/fixtures/test-fixtures.ts:203:27)
        at navigateToResultsStep (/Users/thomaswagner/Documents/datacloak-sentiment-workbench/packages/e2e-tests/tests/06-results-export.spec.ts:13:5)
        at /Users/thomaswagner/Documents/datacloak-sentiment-workbench/packages/e2e-tests/tests/06-results-export.spec.ts:268:5

    attachment #1: screenshot (image/png) ──────────────────────────────────────────────────────────
    test-results/artifacts/06-results-export-Results--59e0a-ully-export-results-as-JSON-browser-firefox/test-failed-1.png
    ────────────────────────────────────────────────────────────────────────────────────────────────

    attachment #2: video (video/webm) ──────────────────────────────────────────────────────────────
    test-results/artifacts/06-results-export-Results--59e0a-ully-export-results-as-JSON-browser-firefox/video.webm
    ────────────────────────────────────────────────────────────────────────────────────────────────

    Error Context: ../test-results/artifacts/06-results-export-Results--59e0a-ully-export-results-as-JSON-browser-firefox/error-context.md
]]>
</failure>
<system-out>
<![CDATA[
[[ATTACHMENT|artifacts/06-results-export-Results--59e0a-ully-export-results-as-JSON-browser-firefox/test-failed-1.png]]

[[ATTACHMENT|artifacts/06-results-export-Results--59e0a-ully-export-results-as-JSON-browser-firefox/video.webm]]

[[ATTACHMENT|artifacts/06-results-export-Results--59e0a-ully-export-results-as-JSON-browser-firefox/error-context.md]]
]]>
</system-out>
<system-err>
<![CDATA[(node:37351) [DEP0147] DeprecationWarning: In future versions of Node.js, fs.rmdir(path, { recursive: true }) will be removed. Use fs.rm(path, { recursive: true }) instead
(Use `node --trace-deprecation ...` to show where the warning was created)
]]>
</system-err>
</testcase>
<testcase name="Results Export Functionality › should provide filtering and column selection for export" classname="06-results-export.spec.ts" time="1.915">
<failure message="06-results-export.spec.ts:317:7 should provide filtering and column selection for export" type="FAILURE">
<![CDATA[  [browser-firefox] › 06-results-export.spec.ts:317:7 › Results Export Functionality › should provide filtering and column selection for export 

    Error: expect.toBeAttached: Error: strict mode violation: locator('input[type="file"]') resolved to 2 elements:
        1) <input type="file" accept=".csv,.xlsx,.xls,.tsv" data-testid="file-input-button" aria-label="Select file to upload" aria-describedby="file-restrictions"/> aka getByTestId('file-input-button')
        2) <input multiple type="file" accept=".csv,.xlsx,.xls,.tsv" data-testid="hidden-file-input" aria-describedby="file-requirements" aria-label="Select data files for upload"/> aka getByTestId('hidden-file-input')

    Call log:
      - Expect "toBeAttached" with timeout 5000ms
      - waiting for locator('input[type="file"]')


       at ../fixtures/test-fixtures.ts:203

      201 |   // Now set the file input (works for both browser and Electron modes)
      202 |   const fileInput = page.locator('input[type="file"]');
    > 203 |   await expect(fileInput).toBeAttached({ timeout: 5000 });
          |                           ^
      204 |   await fileInput.setInputFiles(filePath);
      205 | };
      206 |
        at uploadFile (/Users/thomaswagner/Documents/datacloak-sentiment-workbench/packages/e2e-tests/fixtures/test-fixtures.ts:203:27)
        at navigateToResultsStep (/Users/thomaswagner/Documents/datacloak-sentiment-workbench/packages/e2e-tests/tests/06-results-export.spec.ts:13:5)
        at /Users/thomaswagner/Documents/datacloak-sentiment-workbench/packages/e2e-tests/tests/06-results-export.spec.ts:318:5

    attachment #1: screenshot (image/png) ──────────────────────────────────────────────────────────
    test-results/artifacts/06-results-export-Results--07a95-column-selection-for-export-browser-firefox/test-failed-1.png
    ────────────────────────────────────────────────────────────────────────────────────────────────

    attachment #2: video (video/webm) ──────────────────────────────────────────────────────────────
    test-results/artifacts/06-results-export-Results--07a95-column-selection-for-export-browser-firefox/video.webm
    ────────────────────────────────────────────────────────────────────────────────────────────────

    Error Context: ../test-results/artifacts/06-results-export-Results--07a95-column-selection-for-export-browser-firefox/error-context.md
]]>
</failure>
<system-out>
<![CDATA[
[[ATTACHMENT|artifacts/06-results-export-Results--07a95-column-selection-for-export-browser-firefox/test-failed-1.png]]

[[ATTACHMENT|artifacts/06-results-export-Results--07a95-column-selection-for-export-browser-firefox/video.webm]]

[[ATTACHMENT|artifacts/06-results-export-Results--07a95-column-selection-for-export-browser-firefox/error-context.md]]
]]>
</system-out>
<system-err>
<![CDATA[(node:37369) [DEP0147] DeprecationWarning: In future versions of Node.js, fs.rmdir(path, { recursive: true }) will be removed. Use fs.rm(path, { recursive: true }) instead
(Use `node --trace-deprecation ...` to show where the warning was created)
]]>
</system-err>
</testcase>
<testcase name="Results Export Functionality › should handle large dataset exports" classname="06-results-export.spec.ts" time="2.181">
<failure message="06-results-export.spec.ts:384:7 should handle large dataset exports" type="FAILURE">
<![CDATA[  [browser-firefox] › 06-results-export.spec.ts:384:7 › Results Export Functionality › should handle large dataset exports › Complete workflow with large dataset 

    Error: expect.toBeAttached: Error: strict mode violation: locator('input[type="file"]') resolved to 2 elements:
        1) <input type="file" accept=".csv,.xlsx,.xls,.tsv" data-testid="file-input-button" aria-label="Select file to upload" aria-describedby="file-restrictions"/> aka getByTestId('file-input-button')
        2) <input multiple type="file" accept=".csv,.xlsx,.xls,.tsv" data-testid="hidden-file-input" aria-describedby="file-requirements" aria-label="Select data files for upload"/> aka getByTestId('hidden-file-input')

    Call log:
      - Expect "toBeAttached" with timeout 5000ms
      - waiting for locator('input[type="file"]')


       at ../fixtures/test-fixtures.ts:203

      201 |   // Now set the file input (works for both browser and Electron modes)
      202 |   const fileInput = page.locator('input[type="file"]');
    > 203 |   await expect(fileInput).toBeAttached({ timeout: 5000 });
          |                           ^
      204 |   await fileInput.setInputFiles(filePath);
      205 | };
      206 |
        at uploadFile (/Users/thomaswagner/Documents/datacloak-sentiment-workbench/packages/e2e-tests/fixtures/test-fixtures.ts:203:27)
        at /Users/thomaswagner/Documents/datacloak-sentiment-workbench/packages/e2e-tests/tests/06-results-export.spec.ts:387:7
        at /Users/thomaswagner/Documents/datacloak-sentiment-workbench/packages/e2e-tests/tests/06-results-export.spec.ts:385:5

    attachment #1: screenshot (image/png) ──────────────────────────────────────────────────────────
    test-results/artifacts/06-results-export-Results--5201d-andle-large-dataset-exports-browser-firefox/test-failed-1.png
    ────────────────────────────────────────────────────────────────────────────────────────────────

    attachment #2: video (video/webm) ──────────────────────────────────────────────────────────────
    test-results/artifacts/06-results-export-Results--5201d-andle-large-dataset-exports-browser-firefox/video.webm
    ────────────────────────────────────────────────────────────────────────────────────────────────

    Error Context: ../test-results/artifacts/06-results-export-Results--5201d-andle-large-dataset-exports-browser-firefox/error-context.md
]]>
</failure>
<system-out>
<![CDATA[
[[ATTACHMENT|artifacts/06-results-export-Results--5201d-andle-large-dataset-exports-browser-firefox/test-failed-1.png]]

[[ATTACHMENT|artifacts/06-results-export-Results--5201d-andle-large-dataset-exports-browser-firefox/video.webm]]

[[ATTACHMENT|artifacts/06-results-export-Results--5201d-andle-large-dataset-exports-browser-firefox/error-context.md]]
]]>
</system-out>
<system-err>
<![CDATA[(node:37372) [DEP0147] DeprecationWarning: In future versions of Node.js, fs.rmdir(path, { recursive: true }) will be removed. Use fs.rm(path, { recursive: true }) instead
(Use `node --trace-deprecation ...` to show where the warning was created)
]]>
</system-err>
</testcase>
<testcase name="Results Export Functionality › should handle export errors gracefully" classname="06-results-export.spec.ts" time="1.906">
<failure message="06-results-export.spec.ts:451:7 should handle export errors gracefully" type="FAILURE">
<![CDATA[  [browser-firefox] › 06-results-export.spec.ts:451:7 › Results Export Functionality › should handle export errors gracefully 

    Error: expect.toBeAttached: Error: strict mode violation: locator('input[type="file"]') resolved to 2 elements:
        1) <input type="file" accept=".csv,.xlsx,.xls,.tsv" data-testid="file-input-button" aria-label="Select file to upload" aria-describedby="file-restrictions"/> aka getByTestId('file-input-button')
        2) <input multiple type="file" accept=".csv,.xlsx,.xls,.tsv" data-testid="hidden-file-input" aria-describedby="file-requirements" aria-label="Select data files for upload"/> aka getByTestId('hidden-file-input')

    Call log:
      - Expect "toBeAttached" with timeout 5000ms
      - waiting for locator('input[type="file"]')


       at ../fixtures/test-fixtures.ts:203

      201 |   // Now set the file input (works for both browser and Electron modes)
      202 |   const fileInput = page.locator('input[type="file"]');
    > 203 |   await expect(fileInput).toBeAttached({ timeout: 5000 });
          |                           ^
      204 |   await fileInput.setInputFiles(filePath);
      205 | };
      206 |
        at uploadFile (/Users/thomaswagner/Documents/datacloak-sentiment-workbench/packages/e2e-tests/fixtures/test-fixtures.ts:203:27)
        at navigateToResultsStep (/Users/thomaswagner/Documents/datacloak-sentiment-workbench/packages/e2e-tests/tests/06-results-export.spec.ts:13:5)
        at /Users/thomaswagner/Documents/datacloak-sentiment-workbench/packages/e2e-tests/tests/06-results-export.spec.ts:452:5

    attachment #1: screenshot (image/png) ──────────────────────────────────────────────────────────
    test-results/artifacts/06-results-export-Results--39f14-le-export-errors-gracefully-browser-firefox/test-failed-1.png
    ────────────────────────────────────────────────────────────────────────────────────────────────

    attachment #2: video (video/webm) ──────────────────────────────────────────────────────────────
    test-results/artifacts/06-results-export-Results--39f14-le-export-errors-gracefully-browser-firefox/video.webm
    ────────────────────────────────────────────────────────────────────────────────────────────────

    Error Context: ../test-results/artifacts/06-results-export-Results--39f14-le-export-errors-gracefully-browser-firefox/error-context.md
]]>
</failure>
<system-out>
<![CDATA[
[[ATTACHMENT|artifacts/06-results-export-Results--39f14-le-export-errors-gracefully-browser-firefox/test-failed-1.png]]

[[ATTACHMENT|artifacts/06-results-export-Results--39f14-le-export-errors-gracefully-browser-firefox/video.webm]]

[[ATTACHMENT|artifacts/06-results-export-Results--39f14-le-export-errors-gracefully-browser-firefox/error-context.md]]
]]>
</system-out>
<system-err>
<![CDATA[(node:37387) [DEP0147] DeprecationWarning: In future versions of Node.js, fs.rmdir(path, { recursive: true }) will be removed. Use fs.rm(path, { recursive: true }) instead
(Use `node --trace-deprecation ...` to show where the warning was created)
]]>
</system-err>
</testcase>
<testcase name="Results Export Functionality › should provide download progress and completion feedback" classname="06-results-export.spec.ts" time="1.921">
<failure message="06-results-export.spec.ts:506:7 should provide download progress and completion feedback" type="FAILURE">
<![CDATA[  [browser-firefox] › 06-results-export.spec.ts:506:7 › Results Export Functionality › should provide download progress and completion feedback 

    Error: expect.toBeAttached: Error: strict mode violation: locator('input[type="file"]') resolved to 2 elements:
        1) <input type="file" accept=".csv,.xlsx,.xls,.tsv" data-testid="file-input-button" aria-label="Select file to upload" aria-describedby="file-restrictions"/> aka getByTestId('file-input-button')
        2) <input multiple type="file" accept=".csv,.xlsx,.xls,.tsv" data-testid="hidden-file-input" aria-describedby="file-requirements" aria-label="Select data files for upload"/> aka getByTestId('hidden-file-input')

    Call log:
      - Expect "toBeAttached" with timeout 5000ms
      - waiting for locator('input[type="file"]')


       at ../fixtures/test-fixtures.ts:203

      201 |   // Now set the file input (works for both browser and Electron modes)
      202 |   const fileInput = page.locator('input[type="file"]');
    > 203 |   await expect(fileInput).toBeAttached({ timeout: 5000 });
          |                           ^
      204 |   await fileInput.setInputFiles(filePath);
      205 | };
      206 |
        at uploadFile (/Users/thomaswagner/Documents/datacloak-sentiment-workbench/packages/e2e-tests/fixtures/test-fixtures.ts:203:27)
        at navigateToResultsStep (/Users/thomaswagner/Documents/datacloak-sentiment-workbench/packages/e2e-tests/tests/06-results-export.spec.ts:13:5)
        at /Users/thomaswagner/Documents/datacloak-sentiment-workbench/packages/e2e-tests/tests/06-results-export.spec.ts:507:5

    attachment #1: screenshot (image/png) ──────────────────────────────────────────────────────────
    test-results/artifacts/06-results-export-Results--1b461-ess-and-completion-feedback-browser-firefox/test-failed-1.png
    ────────────────────────────────────────────────────────────────────────────────────────────────

    attachment #2: video (video/webm) ──────────────────────────────────────────────────────────────
    test-results/artifacts/06-results-export-Results--1b461-ess-and-completion-feedback-browser-firefox/video.webm
    ────────────────────────────────────────────────────────────────────────────────────────────────

    Error Context: ../test-results/artifacts/06-results-export-Results--1b461-ess-and-completion-feedback-browser-firefox/error-context.md
]]>
</failure>
<system-out>
<![CDATA[
[[ATTACHMENT|artifacts/06-results-export-Results--1b461-ess-and-completion-feedback-browser-firefox/test-failed-1.png]]

[[ATTACHMENT|artifacts/06-results-export-Results--1b461-ess-and-completion-feedback-browser-firefox/video.webm]]

[[ATTACHMENT|artifacts/06-results-export-Results--1b461-ess-and-completion-feedback-browser-firefox/error-context.md]]
]]>
</system-out>
<system-err>
<![CDATA[(node:37398) [DEP0147] DeprecationWarning: In future versions of Node.js, fs.rmdir(path, { recursive: true }) will be removed. Use fs.rm(path, { recursive: true }) instead
(Use `node --trace-deprecation ...` to show where the warning was created)
]]>
</system-err>
</testcase>
</testsuite>
<testsuite name="07-large-file-handling.spec.ts" timestamp="2025-06-15T23:53:34.693Z" hostname="browser-firefox" tests="7" failures="7" skipped="0" time="6.948" errors="0">
<testcase name="Large File Handling › test 1GB file upload" classname="07-large-file-handling.spec.ts" time="1.438">
<failure message="07-large-file-handling.spec.ts:14:7 test 1GB file upload" type="FAILURE">
<![CDATA[  [browser-firefox] › 07-large-file-handling.spec.ts:14:7 › Large File Handling › test 1GB file upload 

    Error: locator.click: Error: strict mode violation: locator('button').filter({ hasText: /upload|select.*file/i }) resolved to 2 elements:
        1) <button data-step="upload" aria-current="step" aria-label="Upload Data - current " title="Select and upload your data files" class="workflow-step step current active ">…</button> aka getByRole('button', { name: 'Upload Data - current' })
        2) <button type="button" class="browse-files-button" data-testid="browse-files-button">…</button> aka getByTestId('browse-files-button')

    Call log:
      - waiting for locator('button').filter({ hasText: /upload|select.*file/i })


      19 |     
      20 |     const uploadButton = page.locator('button').filter({ hasText: /upload|select.*file/i });
    > 21 |     await uploadButton.click();
         |                        ^
      22 |     
      23 |     // Set up monitoring
      24 |     const startTime = Date.now();
        at /Users/thomaswagner/Documents/datacloak-sentiment-workbench/packages/e2e-tests/tests/07-large-file-handling.spec.ts:21:24

    attachment #1: screenshot (image/png) ──────────────────────────────────────────────────────────
    test-results/artifacts/07-large-file-handling-Lar-2e43d-ndling-test-1GB-file-upload-browser-firefox/test-failed-1.png
    ────────────────────────────────────────────────────────────────────────────────────────────────

    attachment #2: video (video/webm) ──────────────────────────────────────────────────────────────
    test-results/artifacts/07-large-file-handling-Lar-2e43d-ndling-test-1GB-file-upload-browser-firefox/video.webm
    ────────────────────────────────────────────────────────────────────────────────────────────────

    Error Context: ../test-results/artifacts/07-large-file-handling-Lar-2e43d-ndling-test-1GB-file-upload-browser-firefox/error-context.md
]]>
</failure>
<system-out>
<![CDATA[
[[ATTACHMENT|artifacts/07-large-file-handling-Lar-2e43d-ndling-test-1GB-file-upload-browser-firefox/test-failed-1.png]]

[[ATTACHMENT|artifacts/07-large-file-handling-Lar-2e43d-ndling-test-1GB-file-upload-browser-firefox/video.webm]]

[[ATTACHMENT|artifacts/07-large-file-handling-Lar-2e43d-ndling-test-1GB-file-upload-browser-firefox/error-context.md]]
]]>
</system-out>
</testcase>
<testcase name="Large File Handling › monitor memory usage during large file processing" classname="07-large-file-handling.spec.ts" time="0.825">
<failure message="07-large-file-handling.spec.ts:66:7 monitor memory usage during large file processing" type="FAILURE">
<![CDATA[  [browser-firefox] › 07-large-file-handling.spec.ts:66:7 › Large File Handling › monitor memory usage during large file processing 

    Error: locator.click: Error: strict mode violation: locator('button').filter({ hasText: /upload|select.*file/i }) resolved to 2 elements:
        1) <button data-step="upload" aria-current="step" aria-label="Upload Data - current " title="Select and upload your data files" class="workflow-step step current active ">…</button> aka getByRole('button', { name: 'Upload Data - current' })
        2) <button type="button" class="browse-files-button" data-testid="browse-files-button">…</button> aka getByTestId('browse-files-button')

    Call log:
      - waiting for locator('button').filter({ hasText: /upload|select.*file/i })


      86 |     // Perform file operations
      87 |     const uploadButton = page.locator('button').filter({ hasText: /upload|select.*file/i });
    > 88 |     await uploadButton.click();
         |                        ^
      89 |     
      90 |     const fileInput = page.locator('input[type="file"]');
      91 |     const mediumFilePath = path.join(__dirname, '../fixtures/medium-test.csv');
        at /Users/thomaswagner/Documents/datacloak-sentiment-workbench/packages/e2e-tests/tests/07-large-file-handling.spec.ts:88:24

    attachment #1: screenshot (image/png) ──────────────────────────────────────────────────────────
    test-results/artifacts/07-large-file-handling-Lar-768c0-uring-large-file-processing-browser-firefox/test-failed-1.png
    ────────────────────────────────────────────────────────────────────────────────────────────────

    attachment #2: video (video/webm) ──────────────────────────────────────────────────────────────
    test-results/artifacts/07-large-file-handling-Lar-768c0-uring-large-file-processing-browser-firefox/video.webm
    ────────────────────────────────────────────────────────────────────────────────────────────────

    Error Context: ../test-results/artifacts/07-large-file-handling-Lar-768c0-uring-large-file-processing-browser-firefox/error-context.md
]]>
</failure>
<system-out>
<![CDATA[
[[ATTACHMENT|artifacts/07-large-file-handling-Lar-768c0-uring-large-file-processing-browser-firefox/test-failed-1.png]]

[[ATTACHMENT|artifacts/07-large-file-handling-Lar-768c0-uring-large-file-processing-browser-firefox/video.webm]]

[[ATTACHMENT|artifacts/07-large-file-handling-Lar-768c0-uring-large-file-processing-browser-firefox/error-context.md]]
]]>
</system-out>
</testcase>
<testcase name="Large File Handling › verify streaming works for large files" classname="07-large-file-handling.spec.ts" time="0.822">
<failure message="07-large-file-handling.spec.ts:112:7 verify streaming works for large files" type="FAILURE">
<![CDATA[  [browser-firefox] › 07-large-file-handling.spec.ts:112:7 › Large File Handling › verify streaming works for large files 

    Error: locator.click: Error: strict mode violation: locator('button').filter({ hasText: /upload|select.*file/i }) resolved to 2 elements:
        1) <button data-step="upload" aria-current="step" aria-label="Upload Data - current " title="Select and upload your data files" class="workflow-step step current active ">…</button> aka getByRole('button', { name: 'Upload Data - current' })
        2) <button type="button" class="browse-files-button" data-testid="browse-files-button">…</button> aka getByTestId('browse-files-button')

    Call log:
      - waiting for locator('button').filter({ hasText: /upload|select.*file/i })


      125 |     
      126 |     const uploadButton = page.locator('button').filter({ hasText: /upload|select.*file/i });
    > 127 |     await uploadButton.click();
          |                        ^
      128 |     
      129 |     const fileInput = page.locator('input[type="file"]');
      130 |     const testFile = path.join(__dirname, '../fixtures/medium-test.csv');
        at /Users/thomaswagner/Documents/datacloak-sentiment-workbench/packages/e2e-tests/tests/07-large-file-handling.spec.ts:127:24

    attachment #1: screenshot (image/png) ──────────────────────────────────────────────────────────
    test-results/artifacts/07-large-file-handling-Lar-ca791-aming-works-for-large-files-browser-firefox/test-failed-1.png
    ────────────────────────────────────────────────────────────────────────────────────────────────

    attachment #2: video (video/webm) ──────────────────────────────────────────────────────────────
    test-results/artifacts/07-large-file-handling-Lar-ca791-aming-works-for-large-files-browser-firefox/video.webm
    ────────────────────────────────────────────────────────────────────────────────────────────────

    Error Context: ../test-results/artifacts/07-large-file-handling-Lar-ca791-aming-works-for-large-files-browser-firefox/error-context.md
]]>
</failure>
<system-out>
<![CDATA[
[[ATTACHMENT|artifacts/07-large-file-handling-Lar-ca791-aming-works-for-large-files-browser-firefox/test-failed-1.png]]

[[ATTACHMENT|artifacts/07-large-file-handling-Lar-ca791-aming-works-for-large-files-browser-firefox/video.webm]]

[[ATTACHMENT|artifacts/07-large-file-handling-Lar-ca791-aming-works-for-large-files-browser-firefox/error-context.md]]
]]>
</system-out>
</testcase>
<testcase name="Large File Handling › check performance benchmarks for different file sizes" classname="07-large-file-handling.spec.ts" time="1.309">
<failure message="07-large-file-handling.spec.ts:140:7 check performance benchmarks for different file sizes" type="FAILURE">
<![CDATA[  [browser-firefox] › 07-large-file-handling.spec.ts:140:7 › Large File Handling › check performance benchmarks for different file sizes 

    Error: locator.click: Error: strict mode violation: locator('button').filter({ hasText: /upload|select.*file/i }) resolved to 2 elements:
        1) <button data-step="upload" aria-current="step" aria-label="Upload Data - current " title="Select and upload your data files" class="workflow-step step current active ">…</button> aka getByRole('button', { name: 'Upload Data - current' })
        2) <button type="button" class="browse-files-button" data-testid="browse-files-button">…</button> aka getByTestId('browse-files-button')

    Call log:
      - waiting for locator('button').filter({ hasText: /upload|select.*file/i })


      159 |       
      160 |       const uploadButton = page.locator('button').filter({ hasText: /upload|select.*file/i });
    > 161 |       await uploadButton.click();
          |                          ^
      162 |       
      163 |       const fileInput = page.locator('input[type="file"]');
      164 |       await fileInput.setInputFiles(filePath);
        at /Users/thomaswagner/Documents/datacloak-sentiment-workbench/packages/e2e-tests/tests/07-large-file-handling.spec.ts:161:26

    attachment #1: screenshot (image/png) ──────────────────────────────────────────────────────────
    test-results/artifacts/07-large-file-handling-Lar-f2543-ks-for-different-file-sizes-browser-firefox/test-failed-1.png
    ────────────────────────────────────────────────────────────────────────────────────────────────

    attachment #2: video (video/webm) ──────────────────────────────────────────────────────────────
    test-results/artifacts/07-large-file-handling-Lar-f2543-ks-for-different-file-sizes-browser-firefox/video.webm
    ────────────────────────────────────────────────────────────────────────────────────────────────

    Error Context: ../test-results/artifacts/07-large-file-handling-Lar-f2543-ks-for-different-file-sizes-browser-firefox/error-context.md
]]>
</failure>
<system-out>
<![CDATA[
[[ATTACHMENT|artifacts/07-large-file-handling-Lar-f2543-ks-for-different-file-sizes-browser-firefox/test-failed-1.png]]

[[ATTACHMENT|artifacts/07-large-file-handling-Lar-f2543-ks-for-different-file-sizes-browser-firefox/video.webm]]

[[ATTACHMENT|artifacts/07-large-file-handling-Lar-f2543-ks-for-different-file-sizes-browser-firefox/error-context.md]]
]]>
</system-out>
</testcase>
<testcase name="Large File Handling › verify UI remains responsive during large file processing" classname="07-large-file-handling.spec.ts" time="0.856">
<failure message="07-large-file-handling.spec.ts:189:7 verify UI remains responsive during large file processing" type="FAILURE">
<![CDATA[  [browser-firefox] › 07-large-file-handling.spec.ts:189:7 › Large File Handling › verify UI remains responsive during large file processing 

    Error: locator.click: Error: strict mode violation: locator('button').filter({ hasText: /upload|select.*file/i }) resolved to 2 elements:
        1) <button data-step="upload" aria-current="step" aria-label="Upload Data - current " title="Select and upload your data files" class="workflow-step step current active ">…</button> aka getByRole('button', { name: 'Upload Data - current' })
        2) <button type="button" class="browse-files-button" data-testid="browse-files-button">…</button> aka getByTestId('browse-files-button')

    Call log:
      - waiting for locator('button').filter({ hasText: /upload|select.*file/i })


      192 |     // Start file upload
      193 |     const uploadButton = page.locator('button').filter({ hasText: /upload|select.*file/i });
    > 194 |     await uploadButton.click();
          |                        ^
      195 |     
      196 |     const fileInput = page.locator('input[type="file"]');
      197 |     const testFile = path.join(__dirname, '../fixtures/medium-test.csv');
        at /Users/thomaswagner/Documents/datacloak-sentiment-workbench/packages/e2e-tests/tests/07-large-file-handling.spec.ts:194:24

    attachment #1: screenshot (image/png) ──────────────────────────────────────────────────────────
    test-results/artifacts/07-large-file-handling-Lar-4f009-uring-large-file-processing-browser-firefox/test-failed-1.png
    ────────────────────────────────────────────────────────────────────────────────────────────────

    attachment #2: video (video/webm) ──────────────────────────────────────────────────────────────
    test-results/artifacts/07-large-file-handling-Lar-4f009-uring-large-file-processing-browser-firefox/video.webm
    ────────────────────────────────────────────────────────────────────────────────────────────────

    Error Context: ../test-results/artifacts/07-large-file-handling-Lar-4f009-uring-large-file-processing-browser-firefox/error-context.md
]]>
</failure>
<system-out>
<![CDATA[
[[ATTACHMENT|artifacts/07-large-file-handling-Lar-4f009-uring-large-file-processing-browser-firefox/test-failed-1.png]]

[[ATTACHMENT|artifacts/07-large-file-handling-Lar-4f009-uring-large-file-processing-browser-firefox/video.webm]]

[[ATTACHMENT|artifacts/07-large-file-handling-Lar-4f009-uring-large-file-processing-browser-firefox/error-context.md]]
]]>
</system-out>
</testcase>
<testcase name="Large File Handling › verify batch processing for multiple large files" classname="07-large-file-handling.spec.ts" time="0.852">
<failure message="07-large-file-handling.spec.ts:227:7 verify batch processing for multiple large files" type="FAILURE">
<![CDATA[  [browser-firefox] › 07-large-file-handling.spec.ts:227:7 › Large File Handling › verify batch processing for multiple large files 

    Error: locator.click: Error: strict mode violation: locator('button').filter({ hasText: /upload|select.*file/i }) resolved to 2 elements:
        1) <button data-step="upload" aria-current="step" aria-label="Upload Data - current " title="Select and upload your data files" class="workflow-step step current active ">…</button> aka getByRole('button', { name: 'Upload Data - current' })
        2) <button type="button" class="browse-files-button" data-testid="browse-files-button">…</button> aka getByTestId('browse-files-button')

    Call log:
      - waiting for locator('button').filter({ hasText: /upload|select.*file/i })


      229 |     
      230 |     const uploadButton = page.locator('button').filter({ hasText: /upload|select.*file/i });
    > 231 |     await uploadButton.click();
          |                        ^
      232 |     
      233 |     const fileInput = page.locator('input[type="file"]');
      234 |     
        at /Users/thomaswagner/Documents/datacloak-sentiment-workbench/packages/e2e-tests/tests/07-large-file-handling.spec.ts:231:24

    attachment #1: screenshot (image/png) ──────────────────────────────────────────────────────────
    test-results/artifacts/07-large-file-handling-Lar-7c6e7-ng-for-multiple-large-files-browser-firefox/test-failed-1.png
    ────────────────────────────────────────────────────────────────────────────────────────────────

    attachment #2: video (video/webm) ──────────────────────────────────────────────────────────────
    test-results/artifacts/07-large-file-handling-Lar-7c6e7-ng-for-multiple-large-files-browser-firefox/video.webm
    ────────────────────────────────────────────────────────────────────────────────────────────────

    Error Context: ../test-results/artifacts/07-large-file-handling-Lar-7c6e7-ng-for-multiple-large-files-browser-firefox/error-context.md
]]>
</failure>
<system-out>
<![CDATA[
[[ATTACHMENT|artifacts/07-large-file-handling-Lar-7c6e7-ng-for-multiple-large-files-browser-firefox/test-failed-1.png]]

[[ATTACHMENT|artifacts/07-large-file-handling-Lar-7c6e7-ng-for-multiple-large-files-browser-firefox/video.webm]]

[[ATTACHMENT|artifacts/07-large-file-handling-Lar-7c6e7-ng-for-multiple-large-files-browser-firefox/error-context.md]]
]]>
</system-out>
</testcase>
<testcase name="Large File Handling › verify progress indicators for large file operations" classname="07-large-file-handling.spec.ts" time="0.846">
<failure message="07-large-file-handling.spec.ts:264:7 verify progress indicators for large file operations" type="FAILURE">
<![CDATA[  [browser-firefox] › 07-large-file-handling.spec.ts:264:7 › Large File Handling › verify progress indicators for large file operations 

    Error: locator.click: Error: strict mode violation: locator('button').filter({ hasText: /upload|select.*file/i }) resolved to 2 elements:
        1) <button data-step="upload" aria-current="step" aria-label="Upload Data - current " title="Select and upload your data files" class="workflow-step step current active ">…</button> aka getByRole('button', { name: 'Upload Data - current' })
        2) <button type="button" class="browse-files-button" data-testid="browse-files-button">…</button> aka getByTestId('browse-files-button')

    Call log:
      - waiting for locator('button').filter({ hasText: /upload|select.*file/i })


      266 |     
      267 |     const uploadButton = page.locator('button').filter({ hasText: /upload|select.*file/i });
    > 268 |     await uploadButton.click();
          |                        ^
      269 |     
      270 |     const fileInput = page.locator('input[type="file"]');
      271 |     const testFile = path.join(__dirname, '../fixtures/medium-test.csv');
        at /Users/thomaswagner/Documents/datacloak-sentiment-workbench/packages/e2e-tests/tests/07-large-file-handling.spec.ts:268:24

    attachment #1: screenshot (image/png) ──────────────────────────────────────────────────────────
    test-results/artifacts/07-large-file-handling-Lar-9c95a-s-for-large-file-operations-browser-firefox/test-failed-1.png
    ────────────────────────────────────────────────────────────────────────────────────────────────

    attachment #2: video (video/webm) ──────────────────────────────────────────────────────────────
    test-results/artifacts/07-large-file-handling-Lar-9c95a-s-for-large-file-operations-browser-firefox/video.webm
    ────────────────────────────────────────────────────────────────────────────────────────────────

    Error Context: ../test-results/artifacts/07-large-file-handling-Lar-9c95a-s-for-large-file-operations-browser-firefox/error-context.md
]]>
</failure>
<system-out>
<![CDATA[
[[ATTACHMENT|artifacts/07-large-file-handling-Lar-9c95a-s-for-large-file-operations-browser-firefox/test-failed-1.png]]

[[ATTACHMENT|artifacts/07-large-file-handling-Lar-9c95a-s-for-large-file-operations-browser-firefox/video.webm]]

[[ATTACHMENT|artifacts/07-large-file-handling-Lar-9c95a-s-for-large-file-operations-browser-firefox/error-context.md]]
]]>
</system-out>
</testcase>
</testsuite>
<testsuite name="08-security-features.spec.ts" timestamp="2025-06-15T23:53:34.693Z" hostname="browser-firefox" tests="8" failures="8" skipped="0" time="14.7" errors="0">
<testcase name="Security Features Integration › should detect and display PII during file upload" classname="08-security-features.spec.ts" time="1.814">
<failure message="08-security-features.spec.ts:9:7 should detect and display PII during file upload" type="FAILURE">
<![CDATA[  [browser-firefox] › 08-security-features.spec.ts:9:7 › Security Features Integration › should detect and display PII during file upload › Upload file with PII data 

    Error: expect.toBeAttached: Error: strict mode violation: locator('input[type="file"]') resolved to 2 elements:
        1) <input type="file" accept=".csv,.xlsx,.xls,.tsv" data-testid="file-input-button" aria-label="Select file to upload" aria-describedby="file-restrictions"/> aka getByTestId('file-input-button')
        2) <input multiple type="file" accept=".csv,.xlsx,.xls,.tsv" data-testid="hidden-file-input" aria-describedby="file-requirements" aria-label="Select data files for upload"/> aka getByTestId('hidden-file-input')

    Call log:
      - Expect "toBeAttached" with timeout 5000ms
      - waiting for locator('input[type="file"]')


       at ../fixtures/test-fixtures.ts:203

      201 |   // Now set the file input (works for both browser and Electron modes)
      202 |   const fileInput = page.locator('input[type="file"]');
    > 203 |   await expect(fileInput).toBeAttached({ timeout: 5000 });
          |                           ^
      204 |   await fileInput.setInputFiles(filePath);
      205 | };
      206 |
        at uploadFile (/Users/thomaswagner/Documents/datacloak-sentiment-workbench/packages/e2e-tests/fixtures/test-fixtures.ts:203:27)
        at /Users/thomaswagner/Documents/datacloak-sentiment-workbench/packages/e2e-tests/tests/08-security-features.spec.ts:11:7
        at /Users/thomaswagner/Documents/datacloak-sentiment-workbench/packages/e2e-tests/tests/08-security-features.spec.ts:10:5

    attachment #1: screenshot (image/png) ──────────────────────────────────────────────────────────
    test-results/artifacts/08-security-features-Secur-f5e36-play-PII-during-file-upload-browser-firefox/test-failed-1.png
    ────────────────────────────────────────────────────────────────────────────────────────────────

    attachment #2: video (video/webm) ──────────────────────────────────────────────────────────────
    test-results/artifacts/08-security-features-Secur-f5e36-play-PII-during-file-upload-browser-firefox/video.webm
    ────────────────────────────────────────────────────────────────────────────────────────────────

    Error Context: ../test-results/artifacts/08-security-features-Secur-f5e36-play-PII-during-file-upload-browser-firefox/error-context.md
]]>
</failure>
<system-out>
<![CDATA[
[[ATTACHMENT|artifacts/08-security-features-Secur-f5e36-play-PII-during-file-upload-browser-firefox/test-failed-1.png]]

[[ATTACHMENT|artifacts/08-security-features-Secur-f5e36-play-PII-during-file-upload-browser-firefox/video.webm]]

[[ATTACHMENT|artifacts/08-security-features-Secur-f5e36-play-PII-during-file-upload-browser-firefox/error-context.md]]
]]>
</system-out>
<system-err>
<![CDATA[(node:37478) [DEP0147] DeprecationWarning: In future versions of Node.js, fs.rmdir(path, { recursive: true }) will be removed. Use fs.rm(path, { recursive: true }) instead
(Use `node --trace-deprecation ...` to show where the warning was created)
]]>
</system-err>
</testcase>
<testcase name="Security Features Integration › should provide PII masking options" classname="08-security-features.spec.ts" time="1.846">
<failure message="08-security-features.spec.ts:42:7 should provide PII masking options" type="FAILURE">
<![CDATA[  [browser-firefox] › 08-security-features.spec.ts:42:7 › Security Features Integration › should provide PII masking options 

    Error: expect.toBeAttached: Error: strict mode violation: locator('input[type="file"]') resolved to 2 elements:
        1) <input type="file" accept=".csv,.xlsx,.xls,.tsv" data-testid="file-input-button" aria-label="Select file to upload" aria-describedby="file-restrictions"/> aka getByTestId('file-input-button')
        2) <input multiple type="file" accept=".csv,.xlsx,.xls,.tsv" data-testid="hidden-file-input" aria-describedby="file-requirements" aria-label="Select data files for upload"/> aka getByTestId('hidden-file-input')

    Call log:
      - Expect "toBeAttached" with timeout 5000ms
      - waiting for locator('input[type="file"]')


       at ../fixtures/test-fixtures.ts:203

      201 |   // Now set the file input (works for both browser and Electron modes)
      202 |   const fileInput = page.locator('input[type="file"]');
    > 203 |   await expect(fileInput).toBeAttached({ timeout: 5000 });
          |                           ^
      204 |   await fileInput.setInputFiles(filePath);
      205 | };
      206 |
        at uploadFile (/Users/thomaswagner/Documents/datacloak-sentiment-workbench/packages/e2e-tests/fixtures/test-fixtures.ts:203:27)
        at /Users/thomaswagner/Documents/datacloak-sentiment-workbench/packages/e2e-tests/tests/08-security-features.spec.ts:43:5

    attachment #1: screenshot (image/png) ──────────────────────────────────────────────────────────
    test-results/artifacts/08-security-features-Secur-972ff-provide-PII-masking-options-browser-firefox/test-failed-1.png
    ────────────────────────────────────────────────────────────────────────────────────────────────

    attachment #2: video (video/webm) ──────────────────────────────────────────────────────────────
    test-results/artifacts/08-security-features-Secur-972ff-provide-PII-masking-options-browser-firefox/video.webm
    ────────────────────────────────────────────────────────────────────────────────────────────────

    Error Context: ../test-results/artifacts/08-security-features-Secur-972ff-provide-PII-masking-options-browser-firefox/error-context.md
]]>
</failure>
<system-out>
<![CDATA[
[[ATTACHMENT|artifacts/08-security-features-Secur-972ff-provide-PII-masking-options-browser-firefox/test-failed-1.png]]

[[ATTACHMENT|artifacts/08-security-features-Secur-972ff-provide-PII-masking-options-browser-firefox/video.webm]]

[[ATTACHMENT|artifacts/08-security-features-Secur-972ff-provide-PII-masking-options-browser-firefox/error-context.md]]
]]>
</system-out>
<system-err>
<![CDATA[(node:37489) [DEP0147] DeprecationWarning: In future versions of Node.js, fs.rmdir(path, { recursive: true }) will be removed. Use fs.rm(path, { recursive: true }) instead
(Use `node --trace-deprecation ...` to show where the warning was created)
]]>
</system-err>
</testcase>
<testcase name="Security Features Integration › should generate security audit report" classname="08-security-features.spec.ts" time="1.883">
<failure message="08-security-features.spec.ts:71:7 should generate security audit report" type="FAILURE">
<![CDATA[  [browser-firefox] › 08-security-features.spec.ts:71:7 › Security Features Integration › should generate security audit report 

    Error: expect.toBeAttached: Error: strict mode violation: locator('input[type="file"]') resolved to 2 elements:
        1) <input type="file" accept=".csv,.xlsx,.xls,.tsv" data-testid="file-input-button" aria-label="Select file to upload" aria-describedby="file-restrictions"/> aka getByTestId('file-input-button')
        2) <input multiple type="file" accept=".csv,.xlsx,.xls,.tsv" data-testid="hidden-file-input" aria-describedby="file-requirements" aria-label="Select data files for upload"/> aka getByTestId('hidden-file-input')

    Call log:
      - Expect "toBeAttached" with timeout 5000ms
      - waiting for locator('input[type="file"]')


       at ../fixtures/test-fixtures.ts:203

      201 |   // Now set the file input (works for both browser and Electron modes)
      202 |   const fileInput = page.locator('input[type="file"]');
    > 203 |   await expect(fileInput).toBeAttached({ timeout: 5000 });
          |                           ^
      204 |   await fileInput.setInputFiles(filePath);
      205 | };
      206 |
        at uploadFile (/Users/thomaswagner/Documents/datacloak-sentiment-workbench/packages/e2e-tests/fixtures/test-fixtures.ts:203:27)
        at /Users/thomaswagner/Documents/datacloak-sentiment-workbench/packages/e2e-tests/tests/08-security-features.spec.ts:97:5

    attachment #1: screenshot (image/png) ──────────────────────────────────────────────────────────
    test-results/artifacts/08-security-features-Secur-505d3-erate-security-audit-report-browser-firefox/test-failed-1.png
    ────────────────────────────────────────────────────────────────────────────────────────────────

    attachment #2: video (video/webm) ──────────────────────────────────────────────────────────────
    test-results/artifacts/08-security-features-Secur-505d3-erate-security-audit-report-browser-firefox/video.webm
    ────────────────────────────────────────────────────────────────────────────────────────────────

    Error Context: ../test-results/artifacts/08-security-features-Secur-505d3-erate-security-audit-report-browser-firefox/error-context.md
]]>
</failure>
<system-out>
<![CDATA[
[[ATTACHMENT|artifacts/08-security-features-Secur-505d3-erate-security-audit-report-browser-firefox/test-failed-1.png]]

[[ATTACHMENT|artifacts/08-security-features-Secur-505d3-erate-security-audit-report-browser-firefox/video.webm]]

[[ATTACHMENT|artifacts/08-security-features-Secur-505d3-erate-security-audit-report-browser-firefox/error-context.md]]
]]>
</system-out>
<system-err>
<![CDATA[(node:37506) [DEP0147] DeprecationWarning: In future versions of Node.js, fs.rmdir(path, { recursive: true }) will be removed. Use fs.rm(path, { recursive: true }) instead
(Use `node --trace-deprecation ...` to show where the warning was created)
]]>
</system-err>
</testcase>
<testcase name="Security Features Integration › should track security events in real-time" classname="08-security-features.spec.ts" time="2.053">
<failure message="08-security-features.spec.ts:127:7 should track security events in real-time" type="FAILURE">
<![CDATA[  [browser-firefox] › 08-security-features.spec.ts:127:7 › Security Features Integration › should track security events in real-time 

    Error: expect.toBeAttached: Error: strict mode violation: locator('input[type="file"]') resolved to 2 elements:
        1) <input type="file" accept=".csv,.xlsx,.xls,.tsv" data-testid="file-input-button" aria-label="Select file to upload" aria-describedby="file-restrictions"/> aka getByTestId('file-input-button')
        2) <input multiple type="file" accept=".csv,.xlsx,.xls,.tsv" data-testid="hidden-file-input" aria-describedby="file-requirements" aria-label="Select data files for upload"/> aka getByTestId('hidden-file-input')

    Call log:
      - Expect "toBeAttached" with timeout 5000ms
      - waiting for locator('input[type="file"]')


       at ../fixtures/test-fixtures.ts:203

      201 |   // Now set the file input (works for both browser and Electron modes)
      202 |   const fileInput = page.locator('input[type="file"]');
    > 203 |   await expect(fileInput).toBeAttached({ timeout: 5000 });
          |                           ^
      204 |   await fileInput.setInputFiles(filePath);
      205 | };
      206 |
        at uploadFile (/Users/thomaswagner/Documents/datacloak-sentiment-workbench/packages/e2e-tests/fixtures/test-fixtures.ts:203:27)
        at /Users/thomaswagner/Documents/datacloak-sentiment-workbench/packages/e2e-tests/tests/08-security-features.spec.ts:128:5

    attachment #1: screenshot (image/png) ──────────────────────────────────────────────────────────
    test-results/artifacts/08-security-features-Secur-d1450-ecurity-events-in-real-time-browser-firefox/test-failed-1.png
    ────────────────────────────────────────────────────────────────────────────────────────────────

    attachment #2: video (video/webm) ──────────────────────────────────────────────────────────────
    test-results/artifacts/08-security-features-Secur-d1450-ecurity-events-in-real-time-browser-firefox/video.webm
    ────────────────────────────────────────────────────────────────────────────────────────────────

    Error Context: ../test-results/artifacts/08-security-features-Secur-d1450-ecurity-events-in-real-time-browser-firefox/error-context.md
]]>
</failure>
<system-out>
<![CDATA[
[[ATTACHMENT|artifacts/08-security-features-Secur-d1450-ecurity-events-in-real-time-browser-firefox/test-failed-1.png]]

[[ATTACHMENT|artifacts/08-security-features-Secur-d1450-ecurity-events-in-real-time-browser-firefox/video.webm]]

[[ATTACHMENT|artifacts/08-security-features-Secur-d1450-ecurity-events-in-real-time-browser-firefox/error-context.md]]
]]>
</system-out>
<system-err>
<![CDATA[(node:37513) [DEP0147] DeprecationWarning: In future versions of Node.js, fs.rmdir(path, { recursive: true }) will be removed. Use fs.rm(path, { recursive: true }) instead
(Use `node --trace-deprecation ...` to show where the warning was created)
]]>
</system-err>
</testcase>
<testcase name="Security Features Integration › should mask PII before sentiment analysis" classname="08-security-features.spec.ts" time="2.017">
<failure message="08-security-features.spec.ts:152:7 should mask PII before sentiment analysis" type="FAILURE">
<![CDATA[  [browser-firefox] › 08-security-features.spec.ts:152:7 › Security Features Integration › should mask PII before sentiment analysis 

    Error: expect.toBeAttached: Error: strict mode violation: locator('input[type="file"]') resolved to 2 elements:
        1) <input type="file" accept=".csv,.xlsx,.xls,.tsv" data-testid="file-input-button" aria-label="Select file to upload" aria-describedby="file-restrictions"/> aka getByTestId('file-input-button')
        2) <input multiple type="file" accept=".csv,.xlsx,.xls,.tsv" data-testid="hidden-file-input" aria-describedby="file-requirements" aria-label="Select data files for upload"/> aka getByTestId('hidden-file-input')

    Call log:
      - Expect "toBeAttached" with timeout 5000ms
      - waiting for locator('input[type="file"]')


       at ../fixtures/test-fixtures.ts:203

      201 |   // Now set the file input (works for both browser and Electron modes)
      202 |   const fileInput = page.locator('input[type="file"]');
    > 203 |   await expect(fileInput).toBeAttached({ timeout: 5000 });
          |                           ^
      204 |   await fileInput.setInputFiles(filePath);
      205 | };
      206 |
        at uploadFile (/Users/thomaswagner/Documents/datacloak-sentiment-workbench/packages/e2e-tests/fixtures/test-fixtures.ts:203:27)
        at /Users/thomaswagner/Documents/datacloak-sentiment-workbench/packages/e2e-tests/tests/08-security-features.spec.ts:153:5

    attachment #1: screenshot (image/png) ──────────────────────────────────────────────────────────
    test-results/artifacts/08-security-features-Secur-55cfc-I-before-sentiment-analysis-browser-firefox/test-failed-1.png
    ────────────────────────────────────────────────────────────────────────────────────────────────

    attachment #2: video (video/webm) ──────────────────────────────────────────────────────────────
    test-results/artifacts/08-security-features-Secur-55cfc-I-before-sentiment-analysis-browser-firefox/video.webm
    ────────────────────────────────────────────────────────────────────────────────────────────────

    Error Context: ../test-results/artifacts/08-security-features-Secur-55cfc-I-before-sentiment-analysis-browser-firefox/error-context.md
]]>
</failure>
<system-out>
<![CDATA[
[[ATTACHMENT|artifacts/08-security-features-Secur-55cfc-I-before-sentiment-analysis-browser-firefox/test-failed-1.png]]

[[ATTACHMENT|artifacts/08-security-features-Secur-55cfc-I-before-sentiment-analysis-browser-firefox/video.webm]]

[[ATTACHMENT|artifacts/08-security-features-Secur-55cfc-I-before-sentiment-analysis-browser-firefox/error-context.md]]
]]>
</system-out>
<system-err>
<![CDATA[(node:37522) [DEP0147] DeprecationWarning: In future versions of Node.js, fs.rmdir(path, { recursive: true }) will be removed. Use fs.rm(path, { recursive: true }) instead
(Use `node --trace-deprecation ...` to show where the warning was created)
]]>
</system-err>
</testcase>
<testcase name="Security Features Integration › should handle security API endpoints" classname="08-security-features.spec.ts" time="1.32">
<failure message="08-security-features.spec.ts:183:7 should handle security API endpoints" type="FAILURE">
<![CDATA[  [browser-firefox] › 08-security-features.spec.ts:183:7 › Security Features Integration › should handle security API endpoints › Test security scan API 

    Error: expect(received).toBeTruthy()

    Received: undefined

      195 |       });
      196 |       
    > 197 |       expect(response.success).toBeTruthy();
          |                                ^
      198 |       console.log('✓ Security scan API working');
      199 |     });
      200 |
        at /Users/thomaswagner/Documents/datacloak-sentiment-workbench/packages/e2e-tests/tests/08-security-features.spec.ts:197:32
        at /Users/thomaswagner/Documents/datacloak-sentiment-workbench/packages/e2e-tests/tests/08-security-features.spec.ts:185:5

    attachment #1: screenshot (image/png) ──────────────────────────────────────────────────────────
    test-results/artifacts/08-security-features-Secur-5d14c-ndle-security-API-endpoints-browser-firefox/test-failed-1.png
    ────────────────────────────────────────────────────────────────────────────────────────────────

    attachment #2: video (video/webm) ──────────────────────────────────────────────────────────────
    test-results/artifacts/08-security-features-Secur-5d14c-ndle-security-API-endpoints-browser-firefox/video.webm
    ────────────────────────────────────────────────────────────────────────────────────────────────

    Error Context: ../test-results/artifacts/08-security-features-Secur-5d14c-ndle-security-API-endpoints-browser-firefox/error-context.md
]]>
</failure>
<system-out>
<![CDATA[
[[ATTACHMENT|artifacts/08-security-features-Secur-5d14c-ndle-security-API-endpoints-browser-firefox/test-failed-1.png]]

[[ATTACHMENT|artifacts/08-security-features-Secur-5d14c-ndle-security-API-endpoints-browser-firefox/video.webm]]

[[ATTACHMENT|artifacts/08-security-features-Secur-5d14c-ndle-security-API-endpoints-browser-firefox/error-context.md]]
]]>
</system-out>
</testcase>
<testcase name="Security Features Integration › should show security monitoring dashboard" classname="08-security-features.spec.ts" time="1.844">
<failure message="08-security-features.spec.ts:215:7 should show security monitoring dashboard" type="FAILURE">
<![CDATA[  [browser-firefox] › 08-security-features.spec.ts:215:7 › Security Features Integration › should show security monitoring dashboard 

    Error: expect.toBeAttached: Error: strict mode violation: locator('input[type="file"]') resolved to 2 elements:
        1) <input type="file" accept=".csv,.xlsx,.xls,.tsv" data-testid="file-input-button" aria-label="Select file to upload" aria-describedby="file-restrictions"/> aka getByTestId('file-input-button')
        2) <input multiple type="file" accept=".csv,.xlsx,.xls,.tsv" data-testid="hidden-file-input" aria-describedby="file-requirements" aria-label="Select data files for upload"/> aka getByTestId('hidden-file-input')

    Call log:
      - Expect "toBeAttached" with timeout 5000ms
      - waiting for locator('input[type="file"]')


       at ../fixtures/test-fixtures.ts:203

      201 |   // Now set the file input (works for both browser and Electron modes)
      202 |   const fileInput = page.locator('input[type="file"]');
    > 203 |   await expect(fileInput).toBeAttached({ timeout: 5000 });
          |                           ^
      204 |   await fileInput.setInputFiles(filePath);
      205 | };
      206 |
        at uploadFile (/Users/thomaswagner/Documents/datacloak-sentiment-workbench/packages/e2e-tests/fixtures/test-fixtures.ts:203:27)
        at /Users/thomaswagner/Documents/datacloak-sentiment-workbench/packages/e2e-tests/tests/08-security-features.spec.ts:216:5

    attachment #1: screenshot (image/png) ──────────────────────────────────────────────────────────
    test-results/artifacts/08-security-features-Secur-aba55-curity-monitoring-dashboard-browser-firefox/test-failed-1.png
    ────────────────────────────────────────────────────────────────────────────────────────────────

    attachment #2: video (video/webm) ──────────────────────────────────────────────────────────────
    test-results/artifacts/08-security-features-Secur-aba55-curity-monitoring-dashboard-browser-firefox/video.webm
    ────────────────────────────────────────────────────────────────────────────────────────────────

    Error Context: ../test-results/artifacts/08-security-features-Secur-aba55-curity-monitoring-dashboard-browser-firefox/error-context.md
]]>
</failure>
<system-out>
<![CDATA[
[[ATTACHMENT|artifacts/08-security-features-Secur-aba55-curity-monitoring-dashboard-browser-firefox/test-failed-1.png]]

[[ATTACHMENT|artifacts/08-security-features-Secur-aba55-curity-monitoring-dashboard-browser-firefox/video.webm]]

[[ATTACHMENT|artifacts/08-security-features-Secur-aba55-curity-monitoring-dashboard-browser-firefox/error-context.md]]
]]>
</system-out>
<system-err>
<![CDATA[(node:37547) [DEP0147] DeprecationWarning: In future versions of Node.js, fs.rmdir(path, { recursive: true }) will be removed. Use fs.rm(path, { recursive: true }) instead
(Use `node --trace-deprecation ...` to show where the warning was created)
]]>
</system-err>
</testcase>
<testcase name="Security Features Integration › should export security audit report" classname="08-security-features.spec.ts" time="1.923">
<failure message="08-security-features.spec.ts:247:7 should export security audit report" type="FAILURE">
<![CDATA[  [browser-firefox] › 08-security-features.spec.ts:247:7 › Security Features Integration › should export security audit report 

    Error: expect.toBeAttached: Error: strict mode violation: locator('input[type="file"]') resolved to 2 elements:
        1) <input type="file" accept=".csv,.xlsx,.xls,.tsv" data-testid="file-input-button" aria-label="Select file to upload" aria-describedby="file-restrictions"/> aka getByTestId('file-input-button')
        2) <input multiple type="file" accept=".csv,.xlsx,.xls,.tsv" data-testid="hidden-file-input" aria-describedby="file-requirements" aria-label="Select data files for upload"/> aka getByTestId('hidden-file-input')

    Call log:
      - Expect "toBeAttached" with timeout 5000ms
      - waiting for locator('input[type="file"]')


       at ../fixtures/test-fixtures.ts:203

      201 |   // Now set the file input (works for both browser and Electron modes)
      202 |   const fileInput = page.locator('input[type="file"]');
    > 203 |   await expect(fileInput).toBeAttached({ timeout: 5000 });
          |                           ^
      204 |   await fileInput.setInputFiles(filePath);
      205 | };
      206 |
        at uploadFile (/Users/thomaswagner/Documents/datacloak-sentiment-workbench/packages/e2e-tests/fixtures/test-fixtures.ts:203:27)
        at /Users/thomaswagner/Documents/datacloak-sentiment-workbench/packages/e2e-tests/tests/08-security-features.spec.ts:248:5

    attachment #1: screenshot (image/png) ──────────────────────────────────────────────────────────
    test-results/artifacts/08-security-features-Secur-584eb-xport-security-audit-report-browser-firefox/test-failed-1.png
    ────────────────────────────────────────────────────────────────────────────────────────────────

    attachment #2: video (video/webm) ──────────────────────────────────────────────────────────────
    test-results/artifacts/08-security-features-Secur-584eb-xport-security-audit-report-browser-firefox/video.webm
    ────────────────────────────────────────────────────────────────────────────────────────────────

    Error Context: ../test-results/artifacts/08-security-features-Secur-584eb-xport-security-audit-report-browser-firefox/error-context.md
]]>
</failure>
<system-out>
<![CDATA[
[[ATTACHMENT|artifacts/08-security-features-Secur-584eb-xport-security-audit-report-browser-firefox/test-failed-1.png]]

[[ATTACHMENT|artifacts/08-security-features-Secur-584eb-xport-security-audit-report-browser-firefox/video.webm]]

[[ATTACHMENT|artifacts/08-security-features-Secur-584eb-xport-security-audit-report-browser-firefox/error-context.md]]
]]>
</system-out>
<system-err>
<![CDATA[(node:37560) [DEP0147] DeprecationWarning: In future versions of Node.js, fs.rmdir(path, { recursive: true }) will be removed. Use fs.rm(path, { recursive: true }) instead
(Use `node --trace-deprecation ...` to show where the warning was created)
]]>
</system-err>
</testcase>
</testsuite>
<testsuite name="09-chunked-processing.spec.ts" timestamp="2025-06-15T23:53:34.693Z" hostname="browser-firefox" tests="5" failures="5" skipped="0" time="9.074" errors="0">
<testcase name="Chunked Processing for Large Files › should process large files in 256MB chunks" classname="09-chunked-processing.spec.ts" time="1.777">
<failure message="09-chunked-processing.spec.ts:39:7 should process large files in 256MB chunks" type="FAILURE">
<![CDATA[  [browser-firefox] › 09-chunked-processing.spec.ts:39:7 › Chunked Processing for Large Files › should process large files in 256MB chunks › Upload large file 

    Error: locator.setInputFiles: Error: strict mode violation: locator('input[type="file"]') resolved to 2 elements:
        1) <input type="file" accept=".csv,.xlsx,.xls,.tsv" data-testid="file-input-button" aria-label="Select file to upload" aria-describedby="file-restrictions"/> aka getByTestId('file-input-button')
        2) <input multiple type="file" accept=".csv,.xlsx,.xls,.tsv" data-testid="hidden-file-input" aria-describedby="file-requirements" aria-label="Select data files for upload"/> aka getByTestId('hidden-file-input')

    Call log:
      - waiting for locator('input[type="file"]')


      50 |       
      51 |       const fileInput = page.locator('input[type="file"]');
    > 52 |       await fileInput.setInputFiles(largeTestFile);
         |       ^
      53 |       console.log('✓ Large file selected for upload');
      54 |     });
      55 |
        at /Users/thomaswagner/Documents/datacloak-sentiment-workbench/packages/e2e-tests/tests/09-chunked-processing.spec.ts:52:7
        at /Users/thomaswagner/Documents/datacloak-sentiment-workbench/packages/e2e-tests/tests/09-chunked-processing.spec.ts:43:5

    attachment #1: screenshot (image/png) ──────────────────────────────────────────────────────────
    test-results/artifacts/09-chunked-processing-Chun-a188e-large-files-in-256MB-chunks-browser-firefox/test-failed-1.png
    ────────────────────────────────────────────────────────────────────────────────────────────────

    attachment #2: video (video/webm) ──────────────────────────────────────────────────────────────
    test-results/artifacts/09-chunked-processing-Chun-a188e-large-files-in-256MB-chunks-browser-firefox/video.webm
    ────────────────────────────────────────────────────────────────────────────────────────────────

    Error Context: ../test-results/artifacts/09-chunked-processing-Chun-a188e-large-files-in-256MB-chunks-browser-firefox/error-context.md
]]>
</failure>
<system-out>
<![CDATA[✓ Created 300MB test file: /tmp/e2e-large-files/large-test-300mb.csv

[[ATTACHMENT|artifacts/09-chunked-processing-Chun-a188e-large-files-in-256MB-chunks-browser-firefox/test-failed-1.png]]

[[ATTACHMENT|artifacts/09-chunked-processing-Chun-a188e-large-files-in-256MB-chunks-browser-firefox/video.webm]]

[[ATTACHMENT|artifacts/09-chunked-processing-Chun-a188e-large-files-in-256MB-chunks-browser-firefox/error-context.md]]
]]>
</system-out>
</testcase>
<testcase name="Chunked Processing for Large Files › should handle chunk upload failures gracefully" classname="09-chunked-processing.spec.ts" time="1.823">
<failure message="09-chunked-processing.spec.ts:109:7 should handle chunk upload failures gracefully" type="FAILURE">
<![CDATA[  [browser-firefox] › 09-chunked-processing.spec.ts:109:7 › Chunked Processing for Large Files › should handle chunk upload failures gracefully › Upload file with chunk failure 

    Error: locator.setInputFiles: Error: strict mode violation: locator('input[type="file"]') resolved to 2 elements:
        1) <input type="file" accept=".csv,.xlsx,.xls,.tsv" data-testid="file-input-button" aria-label="Select file to upload" aria-describedby="file-restrictions"/> aka getByTestId('file-input-button')
        2) <input multiple type="file" accept=".csv,.xlsx,.xls,.tsv" data-testid="hidden-file-input" aria-describedby="file-requirements" aria-label="Select data files for upload"/> aka getByTestId('hidden-file-input')

    Call log:
      - waiting for locator('input[type="file"]')


      133 |       
      134 |       const fileInput = page.locator('input[type="file"]');
    > 135 |       await fileInput.setInputFiles(largeTestFile);
          |       ^
      136 |     });
      137 |
      138 |     await test.step('Verify chunk retry mechanism', async () => {
        at /Users/thomaswagner/Documents/datacloak-sentiment-workbench/packages/e2e-tests/tests/09-chunked-processing.spec.ts:135:7
        at /Users/thomaswagner/Documents/datacloak-sentiment-workbench/packages/e2e-tests/tests/09-chunked-processing.spec.ts:128:5

    attachment #1: screenshot (image/png) ──────────────────────────────────────────────────────────
    test-results/artifacts/09-chunked-processing-Chun-00e96--upload-failures-gracefully-browser-firefox/test-failed-1.png
    ────────────────────────────────────────────────────────────────────────────────────────────────

    attachment #2: video (video/webm) ──────────────────────────────────────────────────────────────
    test-results/artifacts/09-chunked-processing-Chun-00e96--upload-failures-gracefully-browser-firefox/video.webm
    ────────────────────────────────────────────────────────────────────────────────────────────────

    Error Context: ../test-results/artifacts/09-chunked-processing-Chun-00e96--upload-failures-gracefully-browser-firefox/error-context.md
]]>
</failure>
<system-out>
<![CDATA[✓ Created 300MB test file: /tmp/e2e-large-files/large-test-300mb.csv

[[ATTACHMENT|artifacts/09-chunked-processing-Chun-00e96--upload-failures-gracefully-browser-firefox/test-failed-1.png]]

[[ATTACHMENT|artifacts/09-chunked-processing-Chun-00e96--upload-failures-gracefully-browser-firefox/video.webm]]

[[ATTACHMENT|artifacts/09-chunked-processing-Chun-00e96--upload-failures-gracefully-browser-firefox/error-context.md]]
]]>
</system-out>
</testcase>
<testcase name="Chunked Processing for Large Files › should maintain data integrity across chunks" classname="09-chunked-processing.spec.ts" time="1.849">
<failure message="09-chunked-processing.spec.ts:161:7 should maintain data integrity across chunks" type="FAILURE">
<![CDATA[  [browser-firefox] › 09-chunked-processing.spec.ts:161:7 › Chunked Processing for Large Files › should maintain data integrity across chunks › Upload and process chunked file 

    Error: locator.setInputFiles: Error: strict mode violation: locator('input[type="file"]') resolved to 2 elements:
        1) <input type="file" accept=".csv,.xlsx,.xls,.tsv" data-testid="file-input-button" aria-label="Select file to upload" aria-describedby="file-restrictions"/> aka getByTestId('file-input-button')
        2) <input multiple type="file" accept=".csv,.xlsx,.xls,.tsv" data-testid="hidden-file-input" aria-describedby="file-requirements" aria-label="Select data files for upload"/> aka getByTestId('hidden-file-input')

    Call log:
      - waiting for locator('input[type="file"]')


      170 |       
      171 |       const fileInput = page.locator('input[type="file"]');
    > 172 |       await fileInput.setInputFiles(largeTestFile);
          |       ^
      173 |       
      174 |       // Wait for processing to complete
      175 |       await page.waitForTimeout(10000); // Give time for chunked upload
        at /Users/thomaswagner/Documents/datacloak-sentiment-workbench/packages/e2e-tests/tests/09-chunked-processing.spec.ts:172:7
        at /Users/thomaswagner/Documents/datacloak-sentiment-workbench/packages/e2e-tests/tests/09-chunked-processing.spec.ts:165:5

    attachment #1: screenshot (image/png) ──────────────────────────────────────────────────────────
    test-results/artifacts/09-chunked-processing-Chun-6d5e9-ata-integrity-across-chunks-browser-firefox/test-failed-1.png
    ────────────────────────────────────────────────────────────────────────────────────────────────

    attachment #2: video (video/webm) ──────────────────────────────────────────────────────────────
    test-results/artifacts/09-chunked-processing-Chun-6d5e9-ata-integrity-across-chunks-browser-firefox/video.webm
    ────────────────────────────────────────────────────────────────────────────────────────────────

    Error Context: ../test-results/artifacts/09-chunked-processing-Chun-6d5e9-ata-integrity-across-chunks-browser-firefox/error-context.md
]]>
</failure>
<system-out>
<![CDATA[✓ Created 300MB test file: /tmp/e2e-large-files/large-test-300mb.csv

[[ATTACHMENT|artifacts/09-chunked-processing-Chun-6d5e9-ata-integrity-across-chunks-browser-firefox/test-failed-1.png]]

[[ATTACHMENT|artifacts/09-chunked-processing-Chun-6d5e9-ata-integrity-across-chunks-browser-firefox/video.webm]]

[[ATTACHMENT|artifacts/09-chunked-processing-Chun-6d5e9-ata-integrity-across-chunks-browser-firefox/error-context.md]]
]]>
</system-out>
</testcase>
<testcase name="Chunked Processing for Large Files › should show accurate progress for streaming operations" classname="09-chunked-processing.spec.ts" time="1.861">
<failure message="09-chunked-processing.spec.ts:200:7 should show accurate progress for streaming operations" type="FAILURE">
<![CDATA[  [browser-firefox] › 09-chunked-processing.spec.ts:200:7 › Chunked Processing for Large Files › should show accurate progress for streaming operations › Monitor streaming progress 

    Error: ENOENT: no such file or directory, stat '/tmp/e2e-large-files/large-test-300mb.csv'

      209 |       
      210 |       const fileInput = page.locator('input[type="file"]');
    > 211 |       await fileInput.setInputFiles(largeTestFile);
          |       ^
      212 |       
      213 |       // Monitor progress updates
      214 |       const progressBar = page.locator('[role="progressbar"], .progress-bar').first();
        at /Users/thomaswagner/Documents/datacloak-sentiment-workbench/packages/e2e-tests/tests/09-chunked-processing.spec.ts:211:7
        at /Users/thomaswagner/Documents/datacloak-sentiment-workbench/packages/e2e-tests/tests/09-chunked-processing.spec.ts:204:5

    attachment #1: screenshot (image/png) ──────────────────────────────────────────────────────────
    test-results/artifacts/09-chunked-processing-Chun-a2fda-ss-for-streaming-operations-browser-firefox/test-failed-1.png
    ────────────────────────────────────────────────────────────────────────────────────────────────

    attachment #2: video (video/webm) ──────────────────────────────────────────────────────────────
    test-results/artifacts/09-chunked-processing-Chun-a2fda-ss-for-streaming-operations-browser-firefox/video.webm
    ────────────────────────────────────────────────────────────────────────────────────────────────

    Error Context: ../test-results/artifacts/09-chunked-processing-Chun-a2fda-ss-for-streaming-operations-browser-firefox/error-context.md
]]>
</failure>
<system-out>
<![CDATA[✓ Created 300MB test file: /tmp/e2e-large-files/large-test-300mb.csv

[[ATTACHMENT|artifacts/09-chunked-processing-Chun-a2fda-ss-for-streaming-operations-browser-firefox/test-failed-1.png]]

[[ATTACHMENT|artifacts/09-chunked-processing-Chun-a2fda-ss-for-streaming-operations-browser-firefox/video.webm]]

[[ATTACHMENT|artifacts/09-chunked-processing-Chun-a2fda-ss-for-streaming-operations-browser-firefox/error-context.md]]
]]>
</system-out>
</testcase>
<testcase name="Chunked Processing for Large Files › should optimize chunk size based on network conditions" classname="09-chunked-processing.spec.ts" time="1.764">
<failure message="09-chunked-processing.spec.ts:252:7 should optimize chunk size based on network conditions" type="FAILURE">
<![CDATA[  [browser-firefox] › 09-chunked-processing.spec.ts:252:7 › Chunked Processing for Large Files › should optimize chunk size based on network conditions › Check adaptive chunking 

    Error: locator.setInputFiles: Error: strict mode violation: locator('input[type="file"]') resolved to 2 elements:
        1) <input type="file" accept=".csv,.xlsx,.xls,.tsv" data-testid="file-input-button" aria-label="Select file to upload" aria-describedby="file-restrictions"/> aka getByTestId('file-input-button')
        2) <input multiple type="file" accept=".csv,.xlsx,.xls,.tsv" data-testid="hidden-file-input" aria-describedby="file-requirements" aria-label="Select data files for upload"/> aka getByTestId('hidden-file-input')

    Call log:
      - waiting for locator('input[type="file"]')


      264 |       
      265 |       const fileInput = page.locator('input[type="file"]');
    > 266 |       await fileInput.setInputFiles(largeTestFile);
          |       ^
      267 |       
      268 |       // Monitor chunk size adaptations
      269 |       if (await chunkInfo.isVisible({ timeout: 5000 }).catch(() => false)) {
        at /Users/thomaswagner/Documents/datacloak-sentiment-workbench/packages/e2e-tests/tests/09-chunked-processing.spec.ts:266:7
        at /Users/thomaswagner/Documents/datacloak-sentiment-workbench/packages/e2e-tests/tests/09-chunked-processing.spec.ts:256:5

    attachment #1: screenshot (image/png) ──────────────────────────────────────────────────────────
    test-results/artifacts/09-chunked-processing-Chun-e9df1-based-on-network-conditions-browser-firefox/test-failed-1.png
    ────────────────────────────────────────────────────────────────────────────────────────────────

    attachment #2: video (video/webm) ──────────────────────────────────────────────────────────────
    test-results/artifacts/09-chunked-processing-Chun-e9df1-based-on-network-conditions-browser-firefox/video.webm
    ────────────────────────────────────────────────────────────────────────────────────────────────

    Error Context: ../test-results/artifacts/09-chunked-processing-Chun-e9df1-based-on-network-conditions-browser-firefox/error-context.md
]]>
</failure>
<system-out>
<![CDATA[✓ Created 300MB test file: /tmp/e2e-large-files/large-test-300mb.csv

[[ATTACHMENT|artifacts/09-chunked-processing-Chun-e9df1-based-on-network-conditions-browser-firefox/test-failed-1.png]]

[[ATTACHMENT|artifacts/09-chunked-processing-Chun-e9df1-based-on-network-conditions-browser-firefox/video.webm]]

[[ATTACHMENT|artifacts/09-chunked-processing-Chun-e9df1-based-on-network-conditions-browser-firefox/error-context.md]]
]]>
</system-out>
</testcase>
</testsuite>
<testsuite name="10-job-queue-system.spec.ts" timestamp="2025-06-15T23:53:34.693Z" hostname="browser-firefox" tests="8" failures="6" skipped="0" time="13.22" errors="0">
<testcase name="Job Queue System › should create and track background jobs" classname="10-job-queue-system.spec.ts" time="1.825">
<failure message="10-job-queue-system.spec.ts:9:7 should create and track background jobs" type="FAILURE">
<![CDATA[  [browser-firefox] › 10-job-queue-system.spec.ts:9:7 › Job Queue System › should create and track background jobs › Upload file to create processing job 

    Error: expect.toBeAttached: Error: strict mode violation: locator('input[type="file"]') resolved to 2 elements:
        1) <input type="file" accept=".csv,.xlsx,.xls,.tsv" data-testid="file-input-button" aria-label="Select file to upload" aria-describedby="file-restrictions"/> aka getByTestId('file-input-button')
        2) <input multiple type="file" accept=".csv,.xlsx,.xls,.tsv" data-testid="hidden-file-input" aria-describedby="file-requirements" aria-label="Select data files for upload"/> aka getByTestId('hidden-file-input')

    Call log:
      - Expect "toBeAttached" with timeout 5000ms
      - waiting for locator('input[type="file"]')


       at ../fixtures/test-fixtures.ts:203

      201 |   // Now set the file input (works for both browser and Electron modes)
      202 |   const fileInput = page.locator('input[type="file"]');
    > 203 |   await expect(fileInput).toBeAttached({ timeout: 5000 });
          |                           ^
      204 |   await fileInput.setInputFiles(filePath);
      205 | };
      206 |
        at uploadFile (/Users/thomaswagner/Documents/datacloak-sentiment-workbench/packages/e2e-tests/fixtures/test-fixtures.ts:203:27)
        at /Users/thomaswagner/Documents/datacloak-sentiment-workbench/packages/e2e-tests/tests/10-job-queue-system.spec.ts:11:7
        at /Users/thomaswagner/Documents/datacloak-sentiment-workbench/packages/e2e-tests/tests/10-job-queue-system.spec.ts:10:5

    attachment #1: screenshot (image/png) ──────────────────────────────────────────────────────────
    test-results/artifacts/10-job-queue-system-Job-Qu-9ee3d-e-and-track-background-jobs-browser-firefox/test-failed-1.png
    ────────────────────────────────────────────────────────────────────────────────────────────────

    attachment #2: video (video/webm) ──────────────────────────────────────────────────────────────
    test-results/artifacts/10-job-queue-system-Job-Qu-9ee3d-e-and-track-background-jobs-browser-firefox/video.webm
    ────────────────────────────────────────────────────────────────────────────────────────────────

    Error Context: ../test-results/artifacts/10-job-queue-system-Job-Qu-9ee3d-e-and-track-background-jobs-browser-firefox/error-context.md
]]>
</failure>
<system-out>
<![CDATA[
[[ATTACHMENT|artifacts/10-job-queue-system-Job-Qu-9ee3d-e-and-track-background-jobs-browser-firefox/test-failed-1.png]]

[[ATTACHMENT|artifacts/10-job-queue-system-Job-Qu-9ee3d-e-and-track-background-jobs-browser-firefox/video.webm]]

[[ATTACHMENT|artifacts/10-job-queue-system-Job-Qu-9ee3d-e-and-track-background-jobs-browser-firefox/error-context.md]]
]]>
</system-out>
<system-err>
<![CDATA[(node:37638) [DEP0147] DeprecationWarning: In future versions of Node.js, fs.rmdir(path, { recursive: true }) will be removed. Use fs.rm(path, { recursive: true }) instead
(Use `node --trace-deprecation ...` to show where the warning was created)
]]>
</system-err>
</testcase>
<testcase name="Job Queue System › should handle multiple concurrent jobs" classname="10-job-queue-system.spec.ts" time="1.951">
<failure message="10-job-queue-system.spec.ts:49:7 should handle multiple concurrent jobs" type="FAILURE">
<![CDATA[  [browser-firefox] › 10-job-queue-system.spec.ts:49:7 › Job Queue System › should handle multiple concurrent jobs › Create multiple jobs 

    Error: expect.toBeAttached: Error: strict mode violation: locator('input[type="file"]') resolved to 2 elements:
        1) <input type="file" accept=".csv,.xlsx,.xls,.tsv" data-testid="file-input-button" aria-label="Select file to upload" aria-describedby="file-restrictions"/> aka getByTestId('file-input-button')
        2) <input multiple type="file" accept=".csv,.xlsx,.xls,.tsv" data-testid="hidden-file-input" aria-describedby="file-requirements" aria-label="Select data files for upload"/> aka getByTestId('hidden-file-input')

    Call log:
      - Expect "toBeAttached" with timeout 5000ms
      - waiting for locator('input[type="file"]')


       at ../fixtures/test-fixtures.ts:203

      201 |   // Now set the file input (works for both browser and Electron modes)
      202 |   const fileInput = page.locator('input[type="file"]');
    > 203 |   await expect(fileInput).toBeAttached({ timeout: 5000 });
          |                           ^
      204 |   await fileInput.setInputFiles(filePath);
      205 | };
      206 |
        at uploadFile (/Users/thomaswagner/Documents/datacloak-sentiment-workbench/packages/e2e-tests/fixtures/test-fixtures.ts:203:27)
        at /Users/thomaswagner/Documents/datacloak-sentiment-workbench/packages/e2e-tests/tests/10-job-queue-system.spec.ts:53:9
        at /Users/thomaswagner/Documents/datacloak-sentiment-workbench/packages/e2e-tests/tests/10-job-queue-system.spec.ts:50:5

    attachment #1: screenshot (image/png) ──────────────────────────────────────────────────────────
    test-results/artifacts/10-job-queue-system-Job-Qu-3f2ae-le-multiple-concurrent-jobs-browser-firefox/test-failed-1.png
    ────────────────────────────────────────────────────────────────────────────────────────────────

    attachment #2: video (video/webm) ──────────────────────────────────────────────────────────────
    test-results/artifacts/10-job-queue-system-Job-Qu-3f2ae-le-multiple-concurrent-jobs-browser-firefox/video.webm
    ────────────────────────────────────────────────────────────────────────────────────────────────

    Error Context: ../test-results/artifacts/10-job-queue-system-Job-Qu-3f2ae-le-multiple-concurrent-jobs-browser-firefox/error-context.md
]]>
</failure>
<system-out>
<![CDATA[
[[ATTACHMENT|artifacts/10-job-queue-system-Job-Qu-3f2ae-le-multiple-concurrent-jobs-browser-firefox/test-failed-1.png]]

[[ATTACHMENT|artifacts/10-job-queue-system-Job-Qu-3f2ae-le-multiple-concurrent-jobs-browser-firefox/video.webm]]

[[ATTACHMENT|artifacts/10-job-queue-system-Job-Qu-3f2ae-le-multiple-concurrent-jobs-browser-firefox/error-context.md]]
]]>
</system-out>
<system-err>
<![CDATA[(node:37645) [DEP0147] DeprecationWarning: In future versions of Node.js, fs.rmdir(path, { recursive: true }) will be removed. Use fs.rm(path, { recursive: true }) instead
(Use `node --trace-deprecation ...` to show where the warning was created)
]]>
</system-err>
</testcase>
<testcase name="Job Queue System › should respect job priority scheduling" classname="10-job-queue-system.spec.ts" time="1.309">
</testcase>
<testcase name="Job Queue System › should support job cancellation" classname="10-job-queue-system.spec.ts" time="2.015">
<failure message="10-job-queue-system.spec.ts:130:7 should support job cancellation" type="FAILURE">
<![CDATA[  [browser-firefox] › 10-job-queue-system.spec.ts:130:7 › Job Queue System › should support job cancellation 

    Error: expect.toBeAttached: Error: strict mode violation: locator('input[type="file"]') resolved to 2 elements:
        1) <input type="file" accept=".csv,.xlsx,.xls,.tsv" data-testid="file-input-button" aria-label="Select file to upload" aria-describedby="file-restrictions"/> aka getByTestId('file-input-button')
        2) <input multiple type="file" accept=".csv,.xlsx,.xls,.tsv" data-testid="hidden-file-input" aria-describedby="file-requirements" aria-label="Select data files for upload"/> aka getByTestId('hidden-file-input')

    Call log:
      - Expect "toBeAttached" with timeout 5000ms
      - waiting for locator('input[type="file"]')


       at ../fixtures/test-fixtures.ts:203

      201 |   // Now set the file input (works for both browser and Electron modes)
      202 |   const fileInput = page.locator('input[type="file"]');
    > 203 |   await expect(fileInput).toBeAttached({ timeout: 5000 });
          |                           ^
      204 |   await fileInput.setInputFiles(filePath);
      205 | };
      206 |
        at uploadFile (/Users/thomaswagner/Documents/datacloak-sentiment-workbench/packages/e2e-tests/fixtures/test-fixtures.ts:203:27)
        at /Users/thomaswagner/Documents/datacloak-sentiment-workbench/packages/e2e-tests/tests/10-job-queue-system.spec.ts:131:5

    attachment #1: screenshot (image/png) ──────────────────────────────────────────────────────────
    test-results/artifacts/10-job-queue-system-Job-Qu-ee173-ld-support-job-cancellation-browser-firefox/test-failed-1.png
    ────────────────────────────────────────────────────────────────────────────────────────────────

    attachment #2: video (video/webm) ──────────────────────────────────────────────────────────────
    test-results/artifacts/10-job-queue-system-Job-Qu-ee173-ld-support-job-cancellation-browser-firefox/video.webm
    ────────────────────────────────────────────────────────────────────────────────────────────────

    Error Context: ../test-results/artifacts/10-job-queue-system-Job-Qu-ee173-ld-support-job-cancellation-browser-firefox/error-context.md
]]>
</failure>
<system-out>
<![CDATA[
[[ATTACHMENT|artifacts/10-job-queue-system-Job-Qu-ee173-ld-support-job-cancellation-browser-firefox/test-failed-1.png]]

[[ATTACHMENT|artifacts/10-job-queue-system-Job-Qu-ee173-ld-support-job-cancellation-browser-firefox/video.webm]]

[[ATTACHMENT|artifacts/10-job-queue-system-Job-Qu-ee173-ld-support-job-cancellation-browser-firefox/error-context.md]]
]]>
</system-out>
<system-err>
<![CDATA[(node:37691) [DEP0147] DeprecationWarning: In future versions of Node.js, fs.rmdir(path, { recursive: true }) will be removed. Use fs.rm(path, { recursive: true }) instead
(Use `node --trace-deprecation ...` to show where the warning was created)
]]>
</system-err>
</testcase>
<testcase name="Job Queue System › should retry failed jobs with exponential backoff" classname="10-job-queue-system.spec.ts" time="0.968">
<failure message="10-job-queue-system.spec.ts:164:7 should retry failed jobs with exponential backoff" type="FAILURE">
<![CDATA[  [browser-firefox] › 10-job-queue-system.spec.ts:164:7 › Job Queue System › should retry failed jobs with exponential backoff › Create job that will fail 

    ReferenceError: testFiles is not defined

      180 |
      181 |     await test.step('Create job that will fail', async () => {
    > 182 |       await uploadFile(page, testFiles.small, browserMode);
          |                              ^
      183 |     });
      184 |
      185 |     await test.step('Monitor retry attempts', async () => {
        at /Users/thomaswagner/Documents/datacloak-sentiment-workbench/packages/e2e-tests/tests/10-job-queue-system.spec.ts:182:30
        at /Users/thomaswagner/Documents/datacloak-sentiment-workbench/packages/e2e-tests/tests/10-job-queue-system.spec.ts:181:16

    attachment #1: screenshot (image/png) ──────────────────────────────────────────────────────────
    test-results/artifacts/10-job-queue-system-Job-Qu-6fb9b-bs-with-exponential-backoff-browser-firefox/test-failed-1.png
    ────────────────────────────────────────────────────────────────────────────────────────────────

    attachment #2: video (video/webm) ──────────────────────────────────────────────────────────────
    test-results/artifacts/10-job-queue-system-Job-Qu-6fb9b-bs-with-exponential-backoff-browser-firefox/video.webm
    ────────────────────────────────────────────────────────────────────────────────────────────────

    Error Context: ../test-results/artifacts/10-job-queue-system-Job-Qu-6fb9b-bs-with-exponential-backoff-browser-firefox/error-context.md
]]>
</failure>
<system-out>
<![CDATA[
[[ATTACHMENT|artifacts/10-job-queue-system-Job-Qu-6fb9b-bs-with-exponential-backoff-browser-firefox/test-failed-1.png]]

[[ATTACHMENT|artifacts/10-job-queue-system-Job-Qu-6fb9b-bs-with-exponential-backoff-browser-firefox/video.webm]]

[[ATTACHMENT|artifacts/10-job-queue-system-Job-Qu-6fb9b-bs-with-exponential-backoff-browser-firefox/error-context.md]]
]]>
</system-out>
</testcase>
<testcase name="Job Queue System › should track job types separately" classname="10-job-queue-system.spec.ts" time="2.102">
<failure message="10-job-queue-system.spec.ts:221:7 should track job types separately" type="FAILURE">
<![CDATA[  [browser-firefox] › 10-job-queue-system.spec.ts:221:7 › Job Queue System › should track job types separately › Create different job types 

    Error: expect.toBeAttached: Error: strict mode violation: locator('input[type="file"]') resolved to 2 elements:
        1) <input type="file" accept=".csv,.xlsx,.xls,.tsv" data-testid="file-input-button" aria-label="Select file to upload" aria-describedby="file-restrictions"/> aka getByTestId('file-input-button')
        2) <input multiple type="file" accept=".csv,.xlsx,.xls,.tsv" data-testid="hidden-file-input" aria-describedby="file-requirements" aria-label="Select data files for upload"/> aka getByTestId('hidden-file-input')

    Call log:
      - Expect "toBeAttached" with timeout 5000ms
      - waiting for locator('input[type="file"]')


       at ../fixtures/test-fixtures.ts:203

      201 |   // Now set the file input (works for both browser and Electron modes)
      202 |   const fileInput = page.locator('input[type="file"]');
    > 203 |   await expect(fileInput).toBeAttached({ timeout: 5000 });
          |                           ^
      204 |   await fileInput.setInputFiles(filePath);
      205 | };
      206 |
        at uploadFile (/Users/thomaswagner/Documents/datacloak-sentiment-workbench/packages/e2e-tests/fixtures/test-fixtures.ts:203:27)
        at /Users/thomaswagner/Documents/datacloak-sentiment-workbench/packages/e2e-tests/tests/10-job-queue-system.spec.ts:224:7
        at /Users/thomaswagner/Documents/datacloak-sentiment-workbench/packages/e2e-tests/tests/10-job-queue-system.spec.ts:222:5

    attachment #1: screenshot (image/png) ──────────────────────────────────────────────────────────
    test-results/artifacts/10-job-queue-system-Job-Qu-dda36--track-job-types-separately-browser-firefox/test-failed-1.png
    ────────────────────────────────────────────────────────────────────────────────────────────────

    attachment #2: video (video/webm) ──────────────────────────────────────────────────────────────
    test-results/artifacts/10-job-queue-system-Job-Qu-dda36--track-job-types-separately-browser-firefox/video.webm
    ────────────────────────────────────────────────────────────────────────────────────────────────

    Error Context: ../test-results/artifacts/10-job-queue-system-Job-Qu-dda36--track-job-types-separately-browser-firefox/error-context.md
]]>
</failure>
<system-out>
<![CDATA[
[[ATTACHMENT|artifacts/10-job-queue-system-Job-Qu-dda36--track-job-types-separately-browser-firefox/test-failed-1.png]]

[[ATTACHMENT|artifacts/10-job-queue-system-Job-Qu-dda36--track-job-types-separately-browser-firefox/video.webm]]

[[ATTACHMENT|artifacts/10-job-queue-system-Job-Qu-dda36--track-job-types-separately-browser-firefox/error-context.md]]
]]>
</system-out>
<system-err>
<![CDATA[(node:37701) [DEP0147] DeprecationWarning: In future versions of Node.js, fs.rmdir(path, { recursive: true }) will be removed. Use fs.rm(path, { recursive: true }) instead
(Use `node --trace-deprecation ...` to show where the warning was created)
]]>
</system-err>
</testcase>
<testcase name="Job Queue System › should show job queue metrics" classname="10-job-queue-system.spec.ts" time="1.484">
</testcase>
<testcase name="Job Queue System › should persist job history" classname="10-job-queue-system.spec.ts" time="1.566">
<failure message="10-job-queue-system.spec.ts:298:7 should persist job history" type="FAILURE">
<![CDATA[  [browser-firefox] › 10-job-queue-system.spec.ts:298:7 › Job Queue System › should persist job history › Create jobs 

    Error: expect.toBeAttached: Error: strict mode violation: locator('input[type="file"]') resolved to 2 elements:
        1) <input type="file" accept=".csv,.xlsx,.xls,.tsv" data-testid="file-input-button" aria-label="Select file to upload" aria-describedby="file-restrictions"/> aka getByTestId('file-input-button')
        2) <input multiple type="file" accept=".csv,.xlsx,.xls,.tsv" data-testid="hidden-file-input" aria-describedby="file-requirements" aria-label="Select data files for upload"/> aka getByTestId('hidden-file-input')

    Call log:
      - Expect "toBeAttached" with timeout 5000ms
      - waiting for locator('input[type="file"]')


       at ../fixtures/test-fixtures.ts:203

      201 |   // Now set the file input (works for both browser and Electron modes)
      202 |   const fileInput = page.locator('input[type="file"]');
    > 203 |   await expect(fileInput).toBeAttached({ timeout: 5000 });
          |                           ^
      204 |   await fileInput.setInputFiles(filePath);
      205 | };
      206 |
        at uploadFile (/Users/thomaswagner/Documents/datacloak-sentiment-workbench/packages/e2e-tests/fixtures/test-fixtures.ts:203:27)
        at /Users/thomaswagner/Documents/datacloak-sentiment-workbench/packages/e2e-tests/tests/10-job-queue-system.spec.ts:300:7
        at /Users/thomaswagner/Documents/datacloak-sentiment-workbench/packages/e2e-tests/tests/10-job-queue-system.spec.ts:299:5

    attachment #1: screenshot (image/png) ──────────────────────────────────────────────────────────
    test-results/artifacts/10-job-queue-system-Job-Qu-67f64--should-persist-job-history-browser-firefox/test-failed-1.png
    ────────────────────────────────────────────────────────────────────────────────────────────────

    attachment #2: video (video/webm) ──────────────────────────────────────────────────────────────
    test-results/artifacts/10-job-queue-system-Job-Qu-67f64--should-persist-job-history-browser-firefox/video.webm
    ────────────────────────────────────────────────────────────────────────────────────────────────

    Error Context: ../test-results/artifacts/10-job-queue-system-Job-Qu-67f64--should-persist-job-history-browser-firefox/error-context.md
]]>
</failure>
<system-out>
<![CDATA[
[[ATTACHMENT|artifacts/10-job-queue-system-Job-Qu-67f64--should-persist-job-history-browser-firefox/test-failed-1.png]]

[[ATTACHMENT|artifacts/10-job-queue-system-Job-Qu-67f64--should-persist-job-history-browser-firefox/video.webm]]

[[ATTACHMENT|artifacts/10-job-queue-system-Job-Qu-67f64--should-persist-job-history-browser-firefox/error-context.md]]
]]>
</system-out>
<system-err>
<![CDATA[(node:37704) [DEP0147] DeprecationWarning: In future versions of Node.js, fs.rmdir(path, { recursive: true }) will be removed. Use fs.rm(path, { recursive: true }) instead
(Use `node --trace-deprecation ...` to show where the warning was created)
]]>
</system-err>
</testcase>
</testsuite>
<testsuite name="11-memory-monitoring.spec.ts" timestamp="2025-06-15T23:53:34.693Z" hostname="browser-firefox" tests="8" failures="4" skipped="0" time="37.201" errors="0">
<testcase name="Memory Monitoring and Management › should display real-time memory usage" classname="11-memory-monitoring.spec.ts" time="2.009">
<failure message="11-memory-monitoring.spec.ts:9:7 should display real-time memory usage" type="FAILURE">
<![CDATA[  [browser-firefox] › 11-memory-monitoring.spec.ts:9:7 › Memory Monitoring and Management › should display real-time memory usage › Monitor memory during file upload 

    Error: expect.toBeAttached: Error: strict mode violation: locator('input[type="file"]') resolved to 2 elements:
        1) <input type="file" accept=".csv,.xlsx,.xls,.tsv" data-testid="file-input-button" aria-label="Select file to upload" aria-describedby="file-restrictions"/> aka getByTestId('file-input-button')
        2) <input multiple type="file" accept=".csv,.xlsx,.xls,.tsv" data-testid="hidden-file-input" aria-describedby="file-requirements" aria-label="Select data files for upload"/> aka getByTestId('hidden-file-input')

    Call log:
      - Expect "toBeAttached" with timeout 5000ms
      - waiting for locator('input[type="file"]')


       at ../fixtures/test-fixtures.ts:203

      201 |   // Now set the file input (works for both browser and Electron modes)
      202 |   const fileInput = page.locator('input[type="file"]');
    > 203 |   await expect(fileInput).toBeAttached({ timeout: 5000 });
          |                           ^
      204 |   await fileInput.setInputFiles(filePath);
      205 | };
      206 |
        at uploadFile (/Users/thomaswagner/Documents/datacloak-sentiment-workbench/packages/e2e-tests/fixtures/test-fixtures.ts:203:27)

    Error: page.waitForTimeout: Test ended.

      36 |           }
      37 |         }
    > 38 |         await page.waitForTimeout(1000);
         |                    ^
      39 |       }
      40 |       
      41 |       // Should have multiple readings showing memory changes
        at /Users/thomaswagner/Documents/datacloak-sentiment-workbench/packages/e2e-tests/tests/11-memory-monitoring.spec.ts:38:20
        at /Users/thomaswagner/Documents/datacloak-sentiment-workbench/packages/e2e-tests/tests/11-memory-monitoring.spec.ts:22:5

    attachment #1: screenshot (image/png) ──────────────────────────────────────────────────────────
    test-results/artifacts/11-memory-monitoring-Memor-b425c-play-real-time-memory-usage-browser-firefox/test-failed-1.png
    ────────────────────────────────────────────────────────────────────────────────────────────────

    attachment #2: video (video/webm) ──────────────────────────────────────────────────────────────
    test-results/artifacts/11-memory-monitoring-Memor-b425c-play-real-time-memory-usage-browser-firefox/video.webm
    ────────────────────────────────────────────────────────────────────────────────────────────────

    Error Context: ../test-results/artifacts/11-memory-monitoring-Memor-b425c-play-real-time-memory-usage-browser-firefox/error-context.md
]]>
</failure>
<system-out>
<![CDATA[
[[ATTACHMENT|artifacts/11-memory-monitoring-Memor-b425c-play-real-time-memory-usage-browser-firefox/test-failed-1.png]]

[[ATTACHMENT|artifacts/11-memory-monitoring-Memor-b425c-play-real-time-memory-usage-browser-firefox/video.webm]]

[[ATTACHMENT|artifacts/11-memory-monitoring-Memor-b425c-play-real-time-memory-usage-browser-firefox/error-context.md]]
]]>
</system-out>
<system-err>
<![CDATA[(node:37729) [DEP0147] DeprecationWarning: In future versions of Node.js, fs.rmdir(path, { recursive: true }) will be removed. Use fs.rm(path, { recursive: true }) instead
(Use `node --trace-deprecation ...` to show where the warning was created)
]]>
</system-err>
</testcase>
<testcase name="Memory Monitoring and Management › should show memory threshold alerts" classname="11-memory-monitoring.spec.ts" time="17.169">
<failure message="11-memory-monitoring.spec.ts:46:7 should show memory threshold alerts" type="FAILURE">
<![CDATA[  [browser-firefox] › 11-memory-monitoring.spec.ts:46:7 › Memory Monitoring and Management › should show memory threshold alerts › Verify memory warning 

    TimeoutError: locator.getAttribute: Timeout 15000ms exceeded.
    Call log:
      - waiting for locator('[data-testid="memory-warning"], .memory-alert')


      76 |       
      77 |       // Check if warning has appropriate severity
    > 78 |       const warningSeverity = await memoryWarning.getAttribute('data-severity');
         |                                                   ^
      79 |       if (warningSeverity) {
      80 |         expect(['warning', 'critical']).toContain(warningSeverity);
      81 |         console.log(`✓ Warning severity: ${warningSeverity}`);
        at /Users/thomaswagner/Documents/datacloak-sentiment-workbench/packages/e2e-tests/tests/11-memory-monitoring.spec.ts:78:51
        at /Users/thomaswagner/Documents/datacloak-sentiment-workbench/packages/e2e-tests/tests/11-memory-monitoring.spec.ts:67:5

    attachment #1: screenshot (image/png) ──────────────────────────────────────────────────────────
    test-results/artifacts/11-memory-monitoring-Memor-f0e73-how-memory-threshold-alerts-browser-firefox/test-failed-1.png
    ────────────────────────────────────────────────────────────────────────────────────────────────

    attachment #2: video (video/webm) ──────────────────────────────────────────────────────────────
    test-results/artifacts/11-memory-monitoring-Memor-f0e73-how-memory-threshold-alerts-browser-firefox/video.webm
    ────────────────────────────────────────────────────────────────────────────────────────────────

    Error Context: ../test-results/artifacts/11-memory-monitoring-Memor-f0e73-how-memory-threshold-alerts-browser-firefox/error-context.md
]]>
</failure>
<system-out>
<![CDATA[
[[ATTACHMENT|artifacts/11-memory-monitoring-Memor-f0e73-how-memory-threshold-alerts-browser-firefox/test-failed-1.png]]

[[ATTACHMENT|artifacts/11-memory-monitoring-Memor-f0e73-how-memory-threshold-alerts-browser-firefox/video.webm]]

[[ATTACHMENT|artifacts/11-memory-monitoring-Memor-f0e73-how-memory-threshold-alerts-browser-firefox/error-context.md]]
]]>
</system-out>
</testcase>
<testcase name="Memory Monitoring and Management › should connect to WebSocket for real-time updates" classname="11-memory-monitoring.spec.ts" time="9.416">
</testcase>
<testcase name="Memory Monitoring and Management › should trigger garbage collection on high memory" classname="11-memory-monitoring.spec.ts" time="1.355">
</testcase>
<testcase name="Memory Monitoring and Management › should show memory usage breakdown" classname="11-memory-monitoring.spec.ts" time="1.517">
<failure message="11-memory-monitoring.spec.ts:188:7 should show memory usage breakdown" type="FAILURE">
<![CDATA[  [browser-firefox] › 11-memory-monitoring.spec.ts:188:7 › Memory Monitoring and Management › should show memory usage breakdown 

    Error: expect.toBeAttached: Error: strict mode violation: locator('input[type="file"]') resolved to 2 elements:
        1) <input type="file" accept=".csv,.xlsx,.xls,.tsv" data-testid="file-input-button" aria-label="Select file to upload" aria-describedby="file-restrictions"/> aka getByTestId('file-input-button')
        2) <input multiple type="file" accept=".csv,.xlsx,.xls,.tsv" data-testid="hidden-file-input" aria-describedby="file-requirements" aria-label="Select data files for upload"/> aka getByTestId('hidden-file-input')

    Call log:
      - Expect "toBeAttached" with timeout 5000ms
      - waiting for locator('input[type="file"]')


       at ../fixtures/test-fixtures.ts:203

      201 |   // Now set the file input (works for both browser and Electron modes)
      202 |   const fileInput = page.locator('input[type="file"]');
    > 203 |   await expect(fileInput).toBeAttached({ timeout: 5000 });
          |                           ^
      204 |   await fileInput.setInputFiles(filePath);
      205 | };
      206 |
        at uploadFile (/Users/thomaswagner/Documents/datacloak-sentiment-workbench/packages/e2e-tests/fixtures/test-fixtures.ts:203:27)
        at /Users/thomaswagner/Documents/datacloak-sentiment-workbench/packages/e2e-tests/tests/11-memory-monitoring.spec.ts:189:5

    attachment #1: screenshot (image/png) ──────────────────────────────────────────────────────────
    test-results/artifacts/11-memory-monitoring-Memor-31db1-show-memory-usage-breakdown-browser-firefox/test-failed-1.png
    ────────────────────────────────────────────────────────────────────────────────────────────────

    attachment #2: video (video/webm) ──────────────────────────────────────────────────────────────
    test-results/artifacts/11-memory-monitoring-Memor-31db1-show-memory-usage-breakdown-browser-firefox/video.webm
    ────────────────────────────────────────────────────────────────────────────────────────────────

    Error Context: ../test-results/artifacts/11-memory-monitoring-Memor-31db1-show-memory-usage-breakdown-browser-firefox/error-context.md
]]>
</failure>
<system-out>
<![CDATA[
[[ATTACHMENT|artifacts/11-memory-monitoring-Memor-31db1-show-memory-usage-breakdown-browser-firefox/test-failed-1.png]]

[[ATTACHMENT|artifacts/11-memory-monitoring-Memor-31db1-show-memory-usage-breakdown-browser-firefox/video.webm]]

[[ATTACHMENT|artifacts/11-memory-monitoring-Memor-31db1-show-memory-usage-breakdown-browser-firefox/error-context.md]]
]]>
</system-out>
<system-err>
<![CDATA[(node:37761) [DEP0147] DeprecationWarning: In future versions of Node.js, fs.rmdir(path, { recursive: true }) will be removed. Use fs.rm(path, { recursive: true }) instead
(Use `node --trace-deprecation ...` to show where the warning was created)
]]>
</system-err>
</testcase>
<testcase name="Memory Monitoring and Management › should provide memory optimization recommendations" classname="11-memory-monitoring.spec.ts" time="1.336">
</testcase>
<testcase name="Memory Monitoring and Management › should track memory leaks" classname="11-memory-monitoring.spec.ts" time="2.442">
<failure message="11-memory-monitoring.spec.ts:253:7 should track memory leaks" type="FAILURE">
<![CDATA[  [browser-firefox] › 11-memory-monitoring.spec.ts:253:7 › Memory Monitoring and Management › should track memory leaks › Perform memory-intensive operations 

    Error: expect.toBeAttached: Error: strict mode violation: locator('input[type="file"]') resolved to 2 elements:
        1) <input type="file" accept=".csv,.xlsx,.xls,.tsv" data-testid="file-input-button" aria-label="Select file to upload" aria-describedby="file-restrictions"/> aka getByTestId('file-input-button')
        2) <input multiple type="file" accept=".csv,.xlsx,.xls,.tsv" data-testid="hidden-file-input" aria-describedby="file-requirements" aria-label="Select data files for upload"/> aka getByTestId('hidden-file-input')

    Call log:
      - Expect "toBeAttached" with timeout 5000ms
      - waiting for locator('input[type="file"]')


       at ../fixtures/test-fixtures.ts:203

      201 |   // Now set the file input (works for both browser and Electron modes)
      202 |   const fileInput = page.locator('input[type="file"]');
    > 203 |   await expect(fileInput).toBeAttached({ timeout: 5000 });
          |                           ^
      204 |   await fileInput.setInputFiles(filePath);
      205 | };
      206 |
        at uploadFile (/Users/thomaswagner/Documents/datacloak-sentiment-workbench/packages/e2e-tests/fixtures/test-fixtures.ts:203:27)
        at /Users/thomaswagner/Documents/datacloak-sentiment-workbench/packages/e2e-tests/tests/11-memory-monitoring.spec.ts:257:9
        at /Users/thomaswagner/Documents/datacloak-sentiment-workbench/packages/e2e-tests/tests/11-memory-monitoring.spec.ts:254:5

    attachment #1: screenshot (image/png) ──────────────────────────────────────────────────────────
    test-results/artifacts/11-memory-monitoring-Memor-bd2e8-t-should-track-memory-leaks-browser-firefox/test-failed-1.png
    ────────────────────────────────────────────────────────────────────────────────────────────────

    attachment #2: video (video/webm) ──────────────────────────────────────────────────────────────
    test-results/artifacts/11-memory-monitoring-Memor-bd2e8-t-should-track-memory-leaks-browser-firefox/video.webm
    ────────────────────────────────────────────────────────────────────────────────────────────────

    Error Context: ../test-results/artifacts/11-memory-monitoring-Memor-bd2e8-t-should-track-memory-leaks-browser-firefox/error-context.md
]]>
</failure>
<system-out>
<![CDATA[
[[ATTACHMENT|artifacts/11-memory-monitoring-Memor-bd2e8-t-should-track-memory-leaks-browser-firefox/test-failed-1.png]]

[[ATTACHMENT|artifacts/11-memory-monitoring-Memor-bd2e8-t-should-track-memory-leaks-browser-firefox/video.webm]]

[[ATTACHMENT|artifacts/11-memory-monitoring-Memor-bd2e8-t-should-track-memory-leaks-browser-firefox/error-context.md]]
]]>
</system-out>
<system-err>
<![CDATA[(node:37794) [DEP0147] DeprecationWarning: In future versions of Node.js, fs.rmdir(path, { recursive: true }) will be removed. Use fs.rm(path, { recursive: true }) instead
(Use `node --trace-deprecation ...` to show where the warning was created)
]]>
</system-err>
</testcase>
<testcase name="Memory Monitoring and Management › should show memory usage history graph" classname="11-memory-monitoring.spec.ts" time="1.957">
</testcase>
</testsuite>
<testsuite name="12-sse-progress.spec.ts" timestamp="2025-06-15T23:53:34.693Z" hostname="browser-firefox" tests="9" failures="8" skipped="0" time="25.811" errors="0">
<testcase name="Server-Sent Events (SSE) Progress Tracking › should establish SSE connection for long operations" classname="12-sse-progress.spec.ts" time="1.609">
<failure message="12-sse-progress.spec.ts:9:7 should establish SSE connection for long operations" type="FAILURE">
<![CDATA[  [browser-firefox] › 12-sse-progress.spec.ts:9:7 › Server-Sent Events (SSE) Progress Tracking › should establish SSE connection for long operations › Start long operation 

    Error: expect.toBeAttached: Error: strict mode violation: locator('input[type="file"]') resolved to 2 elements:
        1) <input type="file" accept=".csv,.xlsx,.xls,.tsv" data-testid="file-input-button" aria-label="Select file to upload" aria-describedby="file-restrictions"/> aka getByTestId('file-input-button')
        2) <input multiple type="file" accept=".csv,.xlsx,.xls,.tsv" data-testid="hidden-file-input" aria-describedby="file-requirements" aria-label="Select data files for upload"/> aka getByTestId('hidden-file-input')

    Call log:
      - Expect "toBeAttached" with timeout 5000ms
      - waiting for locator('input[type="file"]')


       at ../fixtures/test-fixtures.ts:203

      201 |   // Now set the file input (works for both browser and Electron modes)
      202 |   const fileInput = page.locator('input[type="file"]');
    > 203 |   await expect(fileInput).toBeAttached({ timeout: 5000 });
          |                           ^
      204 |   await fileInput.setInputFiles(filePath);
      205 | };
      206 |
        at uploadFile (/Users/thomaswagner/Documents/datacloak-sentiment-workbench/packages/e2e-tests/fixtures/test-fixtures.ts:203:27)
        at /Users/thomaswagner/Documents/datacloak-sentiment-workbench/packages/e2e-tests/tests/12-sse-progress.spec.ts:11:7
        at /Users/thomaswagner/Documents/datacloak-sentiment-workbench/packages/e2e-tests/tests/12-sse-progress.spec.ts:10:5

    attachment #1: screenshot (image/png) ──────────────────────────────────────────────────────────
    test-results/artifacts/12-sse-progress-Server-Sen-4197e-nection-for-long-operations-browser-firefox/test-failed-1.png
    ────────────────────────────────────────────────────────────────────────────────────────────────

    attachment #2: video (video/webm) ──────────────────────────────────────────────────────────────
    test-results/artifacts/12-sse-progress-Server-Sen-4197e-nection-for-long-operations-browser-firefox/video.webm
    ────────────────────────────────────────────────────────────────────────────────────────────────

    Error Context: ../test-results/artifacts/12-sse-progress-Server-Sen-4197e-nection-for-long-operations-browser-firefox/error-context.md
]]>
</failure>
<system-out>
<![CDATA[
[[ATTACHMENT|artifacts/12-sse-progress-Server-Sen-4197e-nection-for-long-operations-browser-firefox/test-failed-1.png]]

[[ATTACHMENT|artifacts/12-sse-progress-Server-Sen-4197e-nection-for-long-operations-browser-firefox/video.webm]]

[[ATTACHMENT|artifacts/12-sse-progress-Server-Sen-4197e-nection-for-long-operations-browser-firefox/error-context.md]]
]]>
</system-out>
<system-err>
<![CDATA[(node:37785) [DEP0147] DeprecationWarning: In future versions of Node.js, fs.rmdir(path, { recursive: true }) will be removed. Use fs.rm(path, { recursive: true }) instead
(Use `node --trace-deprecation ...` to show where the warning was created)
]]>
</system-err>
</testcase>
<testcase name="Server-Sent Events (SSE) Progress Tracking › should receive real-time progress updates" classname="12-sse-progress.spec.ts" time="11.536">
<system-err>
<![CDATA[(node:37801) [DEP0147] DeprecationWarning: In future versions of Node.js, fs.rmdir(path, { recursive: true }) will be removed. Use fs.rm(path, { recursive: true }) instead
(Use `node --trace-deprecation ...` to show where the warning was created)
]]>
</system-err>
</testcase>
<testcase name="Server-Sent Events (SSE) Progress Tracking › should handle SSE reconnection on disconnect" classname="12-sse-progress.spec.ts" time="1.619">
<failure message="12-sse-progress.spec.ts:112:7 should handle SSE reconnection on disconnect" type="FAILURE">
<![CDATA[  [browser-firefox] › 12-sse-progress.spec.ts:112:7 › Server-Sent Events (SSE) Progress Tracking › should handle SSE reconnection on disconnect 

    Error: expect.toBeAttached: Error: strict mode violation: locator('input[type="file"]') resolved to 2 elements:
        1) <input type="file" accept=".csv,.xlsx,.xls,.tsv" data-testid="file-input-button" aria-label="Select file to upload" aria-describedby="file-restrictions"/> aka getByTestId('file-input-button')
        2) <input multiple type="file" accept=".csv,.xlsx,.xls,.tsv" data-testid="hidden-file-input" aria-describedby="file-requirements" aria-label="Select data files for upload"/> aka getByTestId('hidden-file-input')

    Call log:
      - Expect "toBeAttached" with timeout 5000ms
      - waiting for locator('input[type="file"]')


       at ../fixtures/test-fixtures.ts:203

      201 |   // Now set the file input (works for both browser and Electron modes)
      202 |   const fileInput = page.locator('input[type="file"]');
    > 203 |   await expect(fileInput).toBeAttached({ timeout: 5000 });
          |                           ^
      204 |   await fileInput.setInputFiles(filePath);
      205 | };
      206 |
        at uploadFile (/Users/thomaswagner/Documents/datacloak-sentiment-workbench/packages/e2e-tests/fixtures/test-fixtures.ts:203:27)
        at /Users/thomaswagner/Documents/datacloak-sentiment-workbench/packages/e2e-tests/tests/12-sse-progress.spec.ts:113:5

    attachment #1: screenshot (image/png) ──────────────────────────────────────────────────────────
    test-results/artifacts/12-sse-progress-Server-Sen-03ff7--reconnection-on-disconnect-browser-firefox/test-failed-1.png
    ────────────────────────────────────────────────────────────────────────────────────────────────

    attachment #2: video (video/webm) ──────────────────────────────────────────────────────────────
    test-results/artifacts/12-sse-progress-Server-Sen-03ff7--reconnection-on-disconnect-browser-firefox/video.webm
    ────────────────────────────────────────────────────────────────────────────────────────────────

    Error Context: ../test-results/artifacts/12-sse-progress-Server-Sen-03ff7--reconnection-on-disconnect-browser-firefox/error-context.md
]]>
</failure>
<system-out>
<![CDATA[
[[ATTACHMENT|artifacts/12-sse-progress-Server-Sen-03ff7--reconnection-on-disconnect-browser-firefox/test-failed-1.png]]

[[ATTACHMENT|artifacts/12-sse-progress-Server-Sen-03ff7--reconnection-on-disconnect-browser-firefox/video.webm]]

[[ATTACHMENT|artifacts/12-sse-progress-Server-Sen-03ff7--reconnection-on-disconnect-browser-firefox/error-context.md]]
]]>
</system-out>
<system-err>
<![CDATA[(node:37795) [DEP0147] DeprecationWarning: In future versions of Node.js, fs.rmdir(path, { recursive: true }) will be removed. Use fs.rm(path, { recursive: true }) instead
(Use `node --trace-deprecation ...` to show where the warning was created)
]]>
</system-err>
</testcase>
<testcase name="Server-Sent Events (SSE) Progress Tracking › should track progress for sentiment analysis" classname="12-sse-progress.spec.ts" time="2.005">
<failure message="12-sse-progress.spec.ts:153:7 should track progress for sentiment analysis" type="FAILURE">
<![CDATA[  [browser-firefox] › 12-sse-progress.spec.ts:153:7 › Server-Sent Events (SSE) Progress Tracking › should track progress for sentiment analysis 

    Error: expect.toBeAttached: Error: strict mode violation: locator('input[type="file"]') resolved to 2 elements:
        1) <input type="file" accept=".csv,.xlsx,.xls,.tsv" data-testid="file-input-button" aria-label="Select file to upload" aria-describedby="file-restrictions"/> aka getByTestId('file-input-button')
        2) <input multiple type="file" accept=".csv,.xlsx,.xls,.tsv" data-testid="hidden-file-input" aria-describedby="file-requirements" aria-label="Select data files for upload"/> aka getByTestId('hidden-file-input')

    Call log:
      - Expect "toBeAttached" with timeout 5000ms
      - waiting for locator('input[type="file"]')


       at ../fixtures/test-fixtures.ts:203

      201 |   // Now set the file input (works for both browser and Electron modes)
      202 |   const fileInput = page.locator('input[type="file"]');
    > 203 |   await expect(fileInput).toBeAttached({ timeout: 5000 });
          |                           ^
      204 |   await fileInput.setInputFiles(filePath);
      205 | };
      206 |
        at uploadFile (/Users/thomaswagner/Documents/datacloak-sentiment-workbench/packages/e2e-tests/fixtures/test-fixtures.ts:203:27)
        at /Users/thomaswagner/Documents/datacloak-sentiment-workbench/packages/e2e-tests/tests/12-sse-progress.spec.ts:154:5

    attachment #1: screenshot (image/png) ──────────────────────────────────────────────────────────
    test-results/artifacts/12-sse-progress-Server-Sen-292f3-ress-for-sentiment-analysis-browser-firefox/test-failed-1.png
    ────────────────────────────────────────────────────────────────────────────────────────────────

    attachment #2: video (video/webm) ──────────────────────────────────────────────────────────────
    test-results/artifacts/12-sse-progress-Server-Sen-292f3-ress-for-sentiment-analysis-browser-firefox/video.webm
    ────────────────────────────────────────────────────────────────────────────────────────────────

    Error Context: ../test-results/artifacts/12-sse-progress-Server-Sen-292f3-ress-for-sentiment-analysis-browser-firefox/error-context.md
]]>
</failure>
<system-out>
<![CDATA[
[[ATTACHMENT|artifacts/12-sse-progress-Server-Sen-292f3-ress-for-sentiment-analysis-browser-firefox/test-failed-1.png]]

[[ATTACHMENT|artifacts/12-sse-progress-Server-Sen-292f3-ress-for-sentiment-analysis-browser-firefox/video.webm]]

[[ATTACHMENT|artifacts/12-sse-progress-Server-Sen-292f3-ress-for-sentiment-analysis-browser-firefox/error-context.md]]
]]>
</system-out>
<system-err>
<![CDATA[(node:37827) [DEP0147] DeprecationWarning: In future versions of Node.js, fs.rmdir(path, { recursive: true }) will be removed. Use fs.rm(path, { recursive: true }) instead
(Use `node --trace-deprecation ...` to show where the warning was created)
]]>
</system-err>
</testcase>
<testcase name="Server-Sent Events (SSE) Progress Tracking › should handle concurrent SSE connections" classname="12-sse-progress.spec.ts" time="1.436">
<failure message="12-sse-progress.spec.ts:196:7 should handle concurrent SSE connections" type="FAILURE">
<![CDATA[  [browser-firefox] › 12-sse-progress.spec.ts:196:7 › Server-Sent Events (SSE) Progress Tracking › should handle concurrent SSE connections › Start multiple operations 

    Error: expect.toBeAttached: Error: strict mode violation: locator('input[type="file"]') resolved to 2 elements:
        1) <input type="file" accept=".csv,.xlsx,.xls,.tsv" data-testid="file-input-button" aria-label="Select file to upload" aria-describedby="file-restrictions"/> aka getByTestId('file-input-button')
        2) <input multiple type="file" accept=".csv,.xlsx,.xls,.tsv" data-testid="hidden-file-input" aria-describedby="file-requirements" aria-label="Select data files for upload"/> aka getByTestId('hidden-file-input')

    Call log:
      - Expect "toBeAttached" with timeout 5000ms
      - waiting for locator('input[type="file"]')


       at ../fixtures/test-fixtures.ts:203

      201 |   // Now set the file input (works for both browser and Electron modes)
      202 |   const fileInput = page.locator('input[type="file"]');
    > 203 |   await expect(fileInput).toBeAttached({ timeout: 5000 });
          |                           ^
      204 |   await fileInput.setInputFiles(filePath);
      205 | };
      206 |
        at uploadFile (/Users/thomaswagner/Documents/datacloak-sentiment-workbench/packages/e2e-tests/fixtures/test-fixtures.ts:203:27)
        at /Users/thomaswagner/Documents/datacloak-sentiment-workbench/packages/e2e-tests/tests/12-sse-progress.spec.ts:199:7
        at /Users/thomaswagner/Documents/datacloak-sentiment-workbench/packages/e2e-tests/tests/12-sse-progress.spec.ts:197:5

    attachment #1: screenshot (image/png) ──────────────────────────────────────────────────────────
    test-results/artifacts/12-sse-progress-Server-Sen-0ca9b--concurrent-SSE-connections-browser-firefox/test-failed-1.png
    ────────────────────────────────────────────────────────────────────────────────────────────────

    attachment #2: video (video/webm) ──────────────────────────────────────────────────────────────
    test-results/artifacts/12-sse-progress-Server-Sen-0ca9b--concurrent-SSE-connections-browser-firefox/video.webm
    ────────────────────────────────────────────────────────────────────────────────────────────────

    Error Context: ../test-results/artifacts/12-sse-progress-Server-Sen-0ca9b--concurrent-SSE-connections-browser-firefox/error-context.md
]]>
</failure>
<system-out>
<![CDATA[
[[ATTACHMENT|artifacts/12-sse-progress-Server-Sen-0ca9b--concurrent-SSE-connections-browser-firefox/test-failed-1.png]]

[[ATTACHMENT|artifacts/12-sse-progress-Server-Sen-0ca9b--concurrent-SSE-connections-browser-firefox/video.webm]]

[[ATTACHMENT|artifacts/12-sse-progress-Server-Sen-0ca9b--concurrent-SSE-connections-browser-firefox/error-context.md]]
]]>
</system-out>
</testcase>
<testcase name="Server-Sent Events (SSE) Progress Tracking › should show accurate progress for chunked operations" classname="12-sse-progress.spec.ts" time="2.093">
<failure message="12-sse-progress.spec.ts:229:7 should show accurate progress for chunked operations" type="FAILURE">
<![CDATA[  [browser-firefox] › 12-sse-progress.spec.ts:229:7 › Server-Sent Events (SSE) Progress Tracking › should show accurate progress for chunked operations 

    Error: expect.toBeAttached: Error: strict mode violation: locator('input[type="file"]') resolved to 2 elements:
        1) <input type="file" accept=".csv,.xlsx,.xls,.tsv" data-testid="file-input-button" aria-label="Select file to upload" aria-describedby="file-restrictions"/> aka getByTestId('file-input-button')
        2) <input multiple type="file" accept=".csv,.xlsx,.xls,.tsv" data-testid="hidden-file-input" aria-describedby="file-requirements" aria-label="Select data files for upload"/> aka getByTestId('hidden-file-input')

    Call log:
      - Expect "toBeAttached" with timeout 5000ms
      - waiting for locator('input[type="file"]')


       at ../fixtures/test-fixtures.ts:203

      201 |   // Now set the file input (works for both browser and Electron modes)
      202 |   const fileInput = page.locator('input[type="file"]');
    > 203 |   await expect(fileInput).toBeAttached({ timeout: 5000 });
          |                           ^
      204 |   await fileInput.setInputFiles(filePath);
      205 | };
      206 |
        at uploadFile (/Users/thomaswagner/Documents/datacloak-sentiment-workbench/packages/e2e-tests/fixtures/test-fixtures.ts:203:27)
        at /Users/thomaswagner/Documents/datacloak-sentiment-workbench/packages/e2e-tests/tests/12-sse-progress.spec.ts:230:5

    attachment #1: screenshot (image/png) ──────────────────────────────────────────────────────────
    test-results/artifacts/12-sse-progress-Server-Sen-68fcf-ress-for-chunked-operations-browser-firefox/test-failed-1.png
    ────────────────────────────────────────────────────────────────────────────────────────────────

    attachment #2: video (video/webm) ──────────────────────────────────────────────────────────────
    test-results/artifacts/12-sse-progress-Server-Sen-68fcf-ress-for-chunked-operations-browser-firefox/video.webm
    ────────────────────────────────────────────────────────────────────────────────────────────────

    Error Context: ../test-results/artifacts/12-sse-progress-Server-Sen-68fcf-ress-for-chunked-operations-browser-firefox/error-context.md
]]>
</failure>
<system-out>
<![CDATA[
[[ATTACHMENT|artifacts/12-sse-progress-Server-Sen-68fcf-ress-for-chunked-operations-browser-firefox/test-failed-1.png]]

[[ATTACHMENT|artifacts/12-sse-progress-Server-Sen-68fcf-ress-for-chunked-operations-browser-firefox/video.webm]]

[[ATTACHMENT|artifacts/12-sse-progress-Server-Sen-68fcf-ress-for-chunked-operations-browser-firefox/error-context.md]]
]]>
</system-out>
<system-err>
<![CDATA[(node:37861) [DEP0147] DeprecationWarning: In future versions of Node.js, fs.rmdir(path, { recursive: true }) will be removed. Use fs.rm(path, { recursive: true }) instead
(Use `node --trace-deprecation ...` to show where the warning was created)
]]>
</system-err>
</testcase>
<testcase name="Server-Sent Events (SSE) Progress Tracking › should handle SSE error events" classname="12-sse-progress.spec.ts" time="1.331">
<failure message="12-sse-progress.spec.ts:269:7 should handle SSE error events" type="FAILURE">
<![CDATA[  [browser-firefox] › 12-sse-progress.spec.ts:269:7 › Server-Sent Events (SSE) Progress Tracking › should handle SSE error events › Handle SSE errors gracefully 

    ReferenceError: testFiles is not defined

      289 |
      290 |     await test.step('Handle SSE errors gracefully', async () => {
    > 291 |       await uploadFile(page, testFiles.small, browserMode);
          |                              ^
      292 |
      293 |       // Check for error handling
      294 |       const errorMessage = page.locator('[data-testid="sse-error"], .progress-error');
        at /Users/thomaswagner/Documents/datacloak-sentiment-workbench/packages/e2e-tests/tests/12-sse-progress.spec.ts:291:30
        at /Users/thomaswagner/Documents/datacloak-sentiment-workbench/packages/e2e-tests/tests/12-sse-progress.spec.ts:290:16

    attachment #1: screenshot (image/png) ──────────────────────────────────────────────────────────
    test-results/artifacts/12-sse-progress-Server-Sen-da712-uld-handle-SSE-error-events-browser-firefox/test-failed-1.png
    ────────────────────────────────────────────────────────────────────────────────────────────────

    attachment #2: video (video/webm) ──────────────────────────────────────────────────────────────
    test-results/artifacts/12-sse-progress-Server-Sen-da712-uld-handle-SSE-error-events-browser-firefox/video.webm
    ────────────────────────────────────────────────────────────────────────────────────────────────

    Error Context: ../test-results/artifacts/12-sse-progress-Server-Sen-da712-uld-handle-SSE-error-events-browser-firefox/error-context.md
]]>
</failure>
<system-out>
<![CDATA[
[[ATTACHMENT|artifacts/12-sse-progress-Server-Sen-da712-uld-handle-SSE-error-events-browser-firefox/test-failed-1.png]]

[[ATTACHMENT|artifacts/12-sse-progress-Server-Sen-da712-uld-handle-SSE-error-events-browser-firefox/video.webm]]

[[ATTACHMENT|artifacts/12-sse-progress-Server-Sen-da712-uld-handle-SSE-error-events-browser-firefox/error-context.md]]
]]>
</system-out>
</testcase>
<testcase name="Server-Sent Events (SSE) Progress Tracking › should cleanup SSE connections on completion" classname="12-sse-progress.spec.ts" time="2.083">
<failure message="12-sse-progress.spec.ts:304:7 should cleanup SSE connections on completion" type="FAILURE">
<![CDATA[  [browser-firefox] › 12-sse-progress.spec.ts:304:7 › Server-Sent Events (SSE) Progress Tracking › should cleanup SSE connections on completion 

    Error: expect.toBeAttached: Error: strict mode violation: locator('input[type="file"]') resolved to 2 elements:
        1) <input type="file" accept=".csv,.xlsx,.xls,.tsv" data-testid="file-input-button" aria-label="Select file to upload" aria-describedby="file-restrictions"/> aka getByTestId('file-input-button')
        2) <input multiple type="file" accept=".csv,.xlsx,.xls,.tsv" data-testid="hidden-file-input" aria-describedby="file-requirements" aria-label="Select data files for upload"/> aka getByTestId('hidden-file-input')

    Call log:
      - Expect "toBeAttached" with timeout 5000ms
      - waiting for locator('input[type="file"]')


       at ../fixtures/test-fixtures.ts:203

      201 |   // Now set the file input (works for both browser and Electron modes)
      202 |   const fileInput = page.locator('input[type="file"]');
    > 203 |   await expect(fileInput).toBeAttached({ timeout: 5000 });
          |                           ^
      204 |   await fileInput.setInputFiles(filePath);
      205 | };
      206 |
        at uploadFile (/Users/thomaswagner/Documents/datacloak-sentiment-workbench/packages/e2e-tests/fixtures/test-fixtures.ts:203:27)
        at /Users/thomaswagner/Documents/datacloak-sentiment-workbench/packages/e2e-tests/tests/12-sse-progress.spec.ts:305:5

    attachment #1: screenshot (image/png) ──────────────────────────────────────────────────────────
    test-results/artifacts/12-sse-progress-Server-Sen-b3843-E-connections-on-completion-browser-firefox/test-failed-1.png
    ────────────────────────────────────────────────────────────────────────────────────────────────

    attachment #2: video (video/webm) ──────────────────────────────────────────────────────────────
    test-results/artifacts/12-sse-progress-Server-Sen-b3843-E-connections-on-completion-browser-firefox/video.webm
    ────────────────────────────────────────────────────────────────────────────────────────────────

    Error Context: ../test-results/artifacts/12-sse-progress-Server-Sen-b3843-E-connections-on-completion-browser-firefox/error-context.md
]]>
</failure>
<system-out>
<![CDATA[
[[ATTACHMENT|artifacts/12-sse-progress-Server-Sen-b3843-E-connections-on-completion-browser-firefox/test-failed-1.png]]

[[ATTACHMENT|artifacts/12-sse-progress-Server-Sen-b3843-E-connections-on-completion-browser-firefox/video.webm]]

[[ATTACHMENT|artifacts/12-sse-progress-Server-Sen-b3843-E-connections-on-completion-browser-firefox/error-context.md]]
]]>
</system-out>
<system-err>
<![CDATA[(node:37876) [DEP0147] DeprecationWarning: In future versions of Node.js, fs.rmdir(path, { recursive: true }) will be removed. Use fs.rm(path, { recursive: true }) instead
(Use `node --trace-deprecation ...` to show where the warning was created)
]]>
</system-err>
</testcase>
<testcase name="Server-Sent Events (SSE) Progress Tracking › should provide progress details in SSE events" classname="12-sse-progress.spec.ts" time="2.099">
<failure message="12-sse-progress.spec.ts:324:7 should provide progress details in SSE events" type="FAILURE">
<![CDATA[  [browser-firefox] › 12-sse-progress.spec.ts:324:7 › Server-Sent Events (SSE) Progress Tracking › should provide progress details in SSE events 

    Error: expect.toBeAttached: Error: strict mode violation: locator('input[type="file"]') resolved to 2 elements:
        1) <input type="file" accept=".csv,.xlsx,.xls,.tsv" data-testid="file-input-button" aria-label="Select file to upload" aria-describedby="file-restrictions"/> aka getByTestId('file-input-button')
        2) <input multiple type="file" accept=".csv,.xlsx,.xls,.tsv" data-testid="hidden-file-input" aria-describedby="file-requirements" aria-label="Select data files for upload"/> aka getByTestId('hidden-file-input')

    Call log:
      - Expect "toBeAttached" with timeout 5000ms
      - waiting for locator('input[type="file"]')


       at ../fixtures/test-fixtures.ts:203

      201 |   // Now set the file input (works for both browser and Electron modes)
      202 |   const fileInput = page.locator('input[type="file"]');
    > 203 |   await expect(fileInput).toBeAttached({ timeout: 5000 });
          |                           ^
      204 |   await fileInput.setInputFiles(filePath);
      205 | };
      206 |
        at uploadFile (/Users/thomaswagner/Documents/datacloak-sentiment-workbench/packages/e2e-tests/fixtures/test-fixtures.ts:203:27)
        at /Users/thomaswagner/Documents/datacloak-sentiment-workbench/packages/e2e-tests/tests/12-sse-progress.spec.ts:325:5

    attachment #1: screenshot (image/png) ──────────────────────────────────────────────────────────
    test-results/artifacts/12-sse-progress-Server-Sen-d0086-gress-details-in-SSE-events-browser-firefox/test-failed-1.png
    ────────────────────────────────────────────────────────────────────────────────────────────────

    attachment #2: video (video/webm) ──────────────────────────────────────────────────────────────
    test-results/artifacts/12-sse-progress-Server-Sen-d0086-gress-details-in-SSE-events-browser-firefox/video.webm
    ────────────────────────────────────────────────────────────────────────────────────────────────

    Error Context: ../test-results/artifacts/12-sse-progress-Server-Sen-d0086-gress-details-in-SSE-events-browser-firefox/error-context.md
]]>
</failure>
<system-out>
<![CDATA[
[[ATTACHMENT|artifacts/12-sse-progress-Server-Sen-d0086-gress-details-in-SSE-events-browser-firefox/test-failed-1.png]]

[[ATTACHMENT|artifacts/12-sse-progress-Server-Sen-d0086-gress-details-in-SSE-events-browser-firefox/video.webm]]

[[ATTACHMENT|artifacts/12-sse-progress-Server-Sen-d0086-gress-details-in-SSE-events-browser-firefox/error-context.md]]
]]>
</system-out>
<system-err>
<![CDATA[(node:37886) [DEP0147] DeprecationWarning: In future versions of Node.js, fs.rmdir(path, { recursive: true }) will be removed. Use fs.rm(path, { recursive: true }) instead
(Use `node --trace-deprecation ...` to show where the warning was created)
]]>
</system-err>
</testcase>
</testsuite>
<testsuite name="csv-upload.spec.ts" timestamp="2025-06-15T23:53:34.693Z" hostname="browser-firefox" tests="3" failures="1" skipped="2" time="4.569" errors="0">
<testcase name="CSV File Upload › should upload CSV via file picker and detect fields" classname="csv-upload.spec.ts" time="1.71">
<failure message="csv-upload.spec.ts:62:7 should upload CSV via file picker and detect fields" type="FAILURE">
<![CDATA[  [browser-firefox] › csv-upload.spec.ts:62:7 › CSV File Upload › should upload CSV via file picker and detect fields 

    Error: locator.setInputFiles: Error: strict mode violation: locator('input[type="file"]') resolved to 2 elements:
        1) <input type="file" accept=".csv,.xlsx,.xls,.tsv" data-testid="file-input-button" aria-label="Select file to upload" aria-describedby="file-restrictions"/> aka getByTestId('file-input-button')
        2) <input multiple type="file" accept=".csv,.xlsx,.xls,.tsv" data-testid="hidden-file-input" aria-describedby="file-requirements" aria-label="Select data files for upload"/> aka getByTestId('hidden-file-input')

    Call log:
      - waiting for locator('input[type="file"]')


      77 |     if (await hiddenFileInput.count() > 0) {
      78 |       console.log('Found hidden file input, uploading directly...');
    > 79 |       await hiddenFileInput.setInputFiles(csvFilePath);
         |       ^
      80 |       uploadFound = true;
      81 |     }
      82 |     
        at /Users/thomaswagner/Documents/datacloak-sentiment-workbench/packages/e2e-tests/tests/csv-upload.spec.ts:79:7

    attachment #1: screenshot (image/png) ──────────────────────────────────────────────────────────
    test-results/artifacts/csv-upload-CSV-File-Upload-bb328-le-picker-and-detect-fields-browser-firefox/test-failed-1.png
    ────────────────────────────────────────────────────────────────────────────────────────────────

    attachment #2: video (video/webm) ──────────────────────────────────────────────────────────────
    test-results/artifacts/csv-upload-CSV-File-Upload-bb328-le-picker-and-detect-fields-browser-firefox/video.webm
    ────────────────────────────────────────────────────────────────────────────────────────────────

    Error Context: ../test-results/artifacts/csv-upload-CSV-File-Upload-bb328-le-picker-and-detect-fields-browser-firefox/error-context.md
]]>
</failure>
<system-out>
<![CDATA[→ GET http://localhost:5173/
← [33m200[39m http://localhost:5173/
→ GET http://localhost:5173/@vite/client
→ GET http://localhost:5173/src/main.tsx?t=1750030703180
→ GET http://localhost:5173/@react-refresh
← [33m200[39m http://localhost:5173/@vite/client
← [33m200[39m http://localhost:5173/src/main.tsx?t=1750030703180
← [33m200[39m http://localhost:5173/@react-refresh
→ GET http://localhost:5173/node_modules/.vite/deps/react_jsx-dev-runtime.js?v=6c3f721c
→ GET http://localhost:5173/node_modules/.vite/deps/react.js?v=6c3f721c
→ GET http://localhost:5173/node_modules/.vite/deps/react-dom_client.js?v=a50e1294
→ GET http://localhost:5173/src/index.css
→ GET http://localhost:5173/src/App.tsx?t=1750030703180
→ GET http://localhost:5173/node_modules/vite/dist/client/env.mjs
← [33m200[39m http://localhost:5173/node_modules/.vite/deps/react_jsx-dev-runtime.js?v=6c3f721c
← [33m200[39m http://localhost:5173/node_modules/.vite/deps/react.js?v=6c3f721c
← [33m200[39m http://localhost:5173/node_modules/.vite/deps/react-dom_client.js?v=a50e1294
← [33m200[39m http://localhost:5173/src/index.css
→ GET http://localhost:5173/node_modules/.vite/deps/chunk-UBDIXFPO.js?v=676c4d25
← [33m200[39m http://localhost:5173/src/App.tsx?t=1750030703180
← [33m200[39m http://localhost:5173/node_modules/vite/dist/client/env.mjs
→ GET http://localhost:5173/src/App.css?t=1750030703180
→ GET http://localhost:5173/src/context/AppContext.tsx?t=1750028445161
→ GET http://localhost:5173/src/components/Navigation.tsx?t=1750030602543
→ GET http://localhost:5173/src/components/WorkflowManager.tsx?t=1750030602543
→ GET http://localhost:5173/src/components/NotificationToast.tsx?t=1750028445161
→ GET http://localhost:5173/src/components/ErrorBoundary.tsx
→ GET http://localhost:5173/src/components/ProgressIndicator.tsx?t=1750015148848
→ GET http://localhost:5173/src/components/RealTimeDashboard.tsx?t=1750028445161
← [33m200[39m http://localhost:5173/node_modules/.vite/deps/chunk-UBDIXFPO.js?v=676c4d25
← [33m200[39m http://localhost:5173/src/App.css?t=1750030703180
← [33m200[39m http://localhost:5173/src/context/AppContext.tsx?t=1750028445161
← [33m200[39m http://localhost:5173/src/components/Navigation.tsx?t=1750030602543
← [33m200[39m http://localhost:5173/src/components/WorkflowManager.tsx?t=1750030602543
← [33m200[39m http://localhost:5173/src/components/NotificationToast.tsx?t=1750028445161
← [33m200[39m http://localhost:5173/src/components/ErrorBoundary.tsx
← [33m200[39m http://localhost:5173/src/components/ProgressIndicator.tsx?t=1750015148848
← [33m200[39m http://localhost:5173/src/components/RealTimeDashboard.tsx?t=1750028445161
→ GET http://localhost:5173/?token=fAzfQjQsyiNL
← [33m101[39m http://localhost:5173/?token=fAzfQjQsyiNL
→ GET http://localhost:5173/src/components/AppVersion.tsx
→ GET http://localhost:5173/src/components/Navigation.css?t=1749995170122
→ GET http://localhost:5173/src/components/index.ts?t=1750030602543
→ GET http://localhost:5173/src/components/LazyComponents.tsx?t=1750030490824
→ GET http://localhost:5173/src/hooks/useWebWorker.ts?t=1750014984624
→ GET http://localhost:5173/src/components/WorkflowManager.css?t=1749992255972
→ GET http://localhost:5173/src/components/NotificationToast.css
→ GET http://localhost:5173/src/components/ErrorBoundary.css
→ GET http://localhost:5173/src/components/ProgressIndicator.css
→ GET http://localhost:5173/src/components/MemoryMonitor.tsx?t=1750028445161
→ GET http://localhost:5173/src/components/SSEProgressIndicator.tsx?t=1750028445161
→ GET http://localhost:5173/src/components/WebSocketStatus.tsx?t=1750028445161
→ GET http://localhost:5173/src/components/RealTimeDashboard.css
→ GET http://localhost:5173/node_modules/.vite/deps/chunk-KBNVMJOC.js?v=676c4d25
← [33m200[39m http://localhost:5173/src/components/Navigation.css?t=1749995170122
← [33m200[39m http://localhost:5173/src/components/AppVersion.tsx
← [33m200[39m http://localhost:5173/src/components/index.ts?t=1750030602543
← [33m200[39m http://localhost:5173/src/components/NotificationToast.css
← [33m200[39m http://localhost:5173/src/components/ProgressIndicator.css
← [33m200[39m http://localhost:5173/src/hooks/useWebWorker.ts?t=1750014984624
← [33m200[39m http://localhost:5173/src/components/WorkflowManager.css?t=1749992255972
← [33m200[39m http://localhost:5173/src/components/LazyComponents.tsx?t=1750030490824
← [33m200[39m http://localhost:5173/src/components/ErrorBoundary.css
← [33m200[39m http://localhost:5173/src/components/MemoryMonitor.tsx?t=1750028445161
← [33m200[39m http://localhost:5173/src/components/SSEProgressIndicator.tsx?t=1750028445161
← [33m200[39m http://localhost:5173/src/components/WebSocketStatus.tsx?t=1750028445161
← [33m200[39m http://localhost:5173/src/components/RealTimeDashboard.css
← [33m200[39m http://localhost:5173/node_modules/.vite/deps/chunk-KBNVMJOC.js?v=676c4d25
→ GET http://localhost:5173/src/components/DataSourcePicker.tsx?t=1750030148913
→ GET http://localhost:5173/src/components/ProfilerUI.tsx?t=1750030188693
→ GET http://localhost:5173/src/components/TransformDesigner.tsx?t=1750030251852
→ GET http://localhost:5173/src/components/TransformOperationEditor.tsx?t=1750024154646
→ GET http://localhost:5173/src/components/TransformPreviewPanel.tsx
→ GET http://localhost:5173/src/components/TransformConfigDisplay.tsx?t=1750028445161
→ GET http://localhost:5173/src/components/RunWizard.tsx?t=1750030330428
→ GET http://localhost:5173/src/components/ResultExplorer.tsx?t=1750030490824
→ GET http://localhost:5173/src/components/SentimentInsights.tsx?t=1750028445161
→ GET http://localhost:5173/src/components/DataPreview.tsx
→ GET http://localhost:5173/src/components/VirtualScrollList.tsx
→ GET http://localhost:5173/src/components/ApiErrorDisplay.tsx
→ GET http://localhost:5173/src/components/ExportErrorHandler.tsx?t=1750028445161
→ GET http://localhost:5173/src/components/LargeFileUploader.tsx?t=1750030148913
→ GET http://localhost:5173/src/components/LargeDatasetExporter.tsx?t=1750028445161
→ GET http://localhost:5173/src/components/ElectronFeatureMonitor.tsx?t=1750028445161
→ GET http://localhost:5173/src/components/SecurityAuditReport.tsx?t=1750026236037
→ GET http://localhost:5173/src/components/SecurityBadge.tsx
→ GET http://localhost:5173/src/components/TransformPipelinePersistence.tsx?t=1750028445161
→ GET http://localhost:5173/src/components/SentimentAnalysisControl.tsx?t=1750028445161
→ GET http://localhost:5173/src/components/JobQueueManager.tsx?t=1750028445161
→ GET http://localhost:5173/src/components/AppVersion.css
→ GET http://localhost:5173/src/hooks/useMemoryMonitor.ts?t=1750028445161
→ GET http://localhost:5173/src/components/MemoryMonitor.css
→ GET http://localhost:5173/src/utils/performance.ts
→ GET http://localhost:5173/src/components/LazyComponents.css
← [33m200[39m http://localhost:5173/src/components/DataSourcePicker.tsx?t=1750030148913
→ GET http://localhost:5173/src/components/SSEProgressIndicator.css
← [33m200[39m http://localhost:5173/src/components/ProfilerUI.tsx?t=1750030188693
← [33m200[39m http://localhost:5173/src/components/TransformDesigner.tsx?t=1750030251852
← [33m200[39m http://localhost:5173/src/components/TransformOperationEditor.tsx?t=1750024154646
← [33m200[39m http://localhost:5173/src/components/TransformPreviewPanel.tsx
← [33m200[39m http://localhost:5173/src/components/TransformConfigDisplay.tsx?t=1750028445161
→ GET http://localhost:5173/src/components/WebSocketStatus.css
← [33m200[39m http://localhost:5173/src/components/ResultExplorer.tsx?t=1750030490824
← [33m200[39m http://localhost:5173/src/components/SentimentInsights.tsx?t=1750028445161
← [33m200[39m http://localhost:5173/src/components/DataPreview.tsx
← [33m200[39m http://localhost:5173/src/components/VirtualScrollList.tsx
← [33m200[39m http://localhost:5173/src/components/RunWizard.tsx?t=1750030330428
← [33m200[39m http://localhost:5173/src/components/ExportErrorHandler.tsx?t=1750028445161
← [33m200[39m http://localhost:5173/src/components/LargeFileUploader.tsx?t=1750030148913
← [33m200[39m http://localhost:5173/src/components/LargeDatasetExporter.tsx?t=1750028445161
← [33m200[39m http://localhost:5173/src/components/SecurityBadge.tsx
← [33m200[39m http://localhost:5173/src/components/ApiErrorDisplay.tsx
← [33m200[39m http://localhost:5173/src/components/ElectronFeatureMonitor.tsx?t=1750028445161
← [33m200[39m http://localhost:5173/src/components/TransformPipelinePersistence.tsx?t=1750028445161
← [33m200[39m http://localhost:5173/src/components/SentimentAnalysisControl.tsx?t=1750028445161
← [33m200[39m http://localhost:5173/src/components/SecurityAuditReport.tsx?t=1750026236037
← [33m200[39m http://localhost:5173/src/components/JobQueueManager.tsx?t=1750028445161
← [33m200[39m http://localhost:5173/src/components/MemoryMonitor.css
← [33m200[39m http://localhost:5173/src/utils/performance.ts
← [33m200[39m http://localhost:5173/src/components/AppVersion.css
← [33m200[39m http://localhost:5173/src/components/SSEProgressIndicator.css
← [33m200[39m http://localhost:5173/src/components/LazyComponents.css
← [33m200[39m http://localhost:5173/src/hooks/useMemoryMonitor.ts?t=1750028445161
← [33m200[39m http://localhost:5173/src/components/WebSocketStatus.css
→ GET http://localhost:5173/src/hooks/useApiErrorHandler.ts?t=1750028445161
→ GET http://localhost:5173/src/components/DataSourcePicker.css?t=1750008828131
→ GET http://localhost:5173/src/components/ProfilerUI.css?t=1750022315517
→ GET http://localhost:5173/src/components/TransformDesigner.css
→ GET http://localhost:5173/src/components/TransformOperationEditor.css
→ GET http://localhost:5173/src/components/TransformPreviewPanel.css
→ GET http://localhost:5173/src/components/DataPreview.css
→ GET http://localhost:5173/src/components/TransformConfigDisplay.css
→ GET http://localhost:5173/src/components/SentimentInsights.css
→ GET http://localhost:5173/src/components/VirtualScrollList.css
→ GET http://localhost:5173/src/hooks/useDebounce.ts
→ GET http://localhost:5173/src/components/ResultExplorer.css?t=1750008175222
→ GET http://localhost:5173/src/components/RunWizard.css?t=1749994688834
→ GET http://localhost:5173/src/hooks/useLargeFileUpload.ts?t=1750028445161
→ GET http://localhost:5173/src/components/LargeFileUploader.css
→ GET http://localhost:5173/src/components/ExportErrorHandler.css
→ GET http://localhost:5173/src/components/LargeDatasetExporter.css
→ GET http://localhost:5173/src/components/SecurityBadge.css
→ GET http://localhost:5173/src/components/ApiErrorDisplay.css
→ GET http://localhost:5173/src/components/ElectronFeatureMonitor.css
→ GET http://localhost:5173/src/components/SecurityAuditReport.css
→ GET http://localhost:5173/src/components/TransformPipelinePersistence.css
→ GET http://localhost:5173/src/components/SentimentAnalysisControl.css
→ GET http://localhost:5173/src/components/JobQueueManager.css
← [33m200[39m http://localhost:5173/src/hooks/useApiErrorHandler.ts?t=1750028445161
← [33m200[39m http://localhost:5173/src/components/DataSourcePicker.css?t=1750008828131
← [33m200[39m http://localhost:5173/src/components/ProfilerUI.css?t=1750022315517
← [33m200[39m http://localhost:5173/src/components/TransformDesigner.css
← [33m200[39m http://localhost:5173/src/components/TransformOperationEditor.css
← [33m200[39m http://localhost:5173/src/components/TransformPreviewPanel.css
← [33m200[39m http://localhost:5173/src/components/DataPreview.css
← [33m200[39m http://localhost:5173/src/components/TransformConfigDisplay.css
← [33m200[39m http://localhost:5173/src/components/SentimentInsights.css
← [33m200[39m http://localhost:5173/src/components/VirtualScrollList.css
← [33m200[39m http://localhost:5173/src/hooks/useDebounce.ts
← [33m200[39m http://localhost:5173/src/components/RunWizard.css?t=1749994688834
← [33m200[39m http://localhost:5173/src/components/ResultExplorer.css?t=1750008175222
← [33m200[39m http://localhost:5173/src/hooks/useLargeFileUpload.ts?t=1750028445161
← [33m200[39m http://localhost:5173/src/components/LargeFileUploader.css
← [33m200[39m http://localhost:5173/src/components/ExportErrorHandler.css
← [33m200[39m http://localhost:5173/src/components/LargeDatasetExporter.css
← [33m200[39m http://localhost:5173/src/components/SecurityAuditReport.css
← [33m200[39m http://localhost:5173/src/components/TransformPipelinePersistence.css
← [33m200[39m http://localhost:5173/src/components/SecurityBadge.css
← [33m200[39m http://localhost:5173/src/components/ApiErrorDisplay.css
← [33m200[39m http://localhost:5173/src/components/ElectronFeatureMonitor.css
← [33m200[39m http://localhost:5173/src/components/JobQueueManager.css
← [33m200[39m http://localhost:5173/src/components/SentimentAnalysisControl.css
→ GET http://localhost:5173/vite.svg
← [33m200[39m http://localhost:5173/vite.svg
Starting file picker upload test...
Found hidden file input, uploading directly...
Cleaned up test CSV file

[[ATTACHMENT|artifacts/csv-upload-CSV-File-Upload-bb328-le-picker-and-detect-fields-browser-firefox/test-failed-1.png]]

[[ATTACHMENT|artifacts/csv-upload-CSV-File-Upload-bb328-le-picker-and-detect-fields-browser-firefox/video.webm]]

[[ATTACHMENT|artifacts/csv-upload-CSV-File-Upload-bb328-le-picker-and-detect-fields-browser-firefox/error-context.md]]
]]>
</system-out>
</testcase>
<testcase name="CSV File Upload › should upload CSV via drag and drop" classname="csv-upload.spec.ts" time="1.452">
<properties>
<property name="skip" value="">
</property>
</properties>
<skipped>
</skipped>
</testcase>
<testcase name="CSV File Upload › should handle upload errors gracefully" classname="csv-upload.spec.ts" time="1.407">
<properties>
<property name="skip" value="">
</property>
</properties>
<skipped>
</skipped>
</testcase>
</testsuite>
<testsuite name="01-app-launch.spec.ts" timestamp="2025-06-15T23:53:34.693Z" hostname="browser-webkit" tests="7" failures="0" skipped="0" time="5.309" errors="0">
<testcase name="App Launch › web UI launches at localhost:5173" classname="01-app-launch.spec.ts" time="1.174">
</testcase>
<testcase name="App Launch › verify all main UI elements present" classname="01-app-launch.spec.ts" time="1.079">
</testcase>
<testcase name="App Launch › check platform bridge initialization" classname="01-app-launch.spec.ts" time="0.468">
<system-out>
<![CDATA[Platform mode indication shown: false
]]>
</system-out>
</testcase>
<testcase name="App Launch › verify responsive design on mobile viewport" classname="01-app-launch.spec.ts" time="0.842">
</testcase>
<testcase name="App Launch › verify dark mode toggle if available" classname="01-app-launch.spec.ts" time="0.447">
<system-out>
<![CDATA[No theme toggle found - feature may not be implemented
]]>
</system-out>
</testcase>
<testcase name="App Launch › verify app version display" classname="01-app-launch.spec.ts" time="0.458">
<system-out>
<![CDATA[App version found: v1.0.0
]]>
</system-out>
</testcase>
<testcase name="App Launch › verify initial performance metrics" classname="01-app-launch.spec.ts" time="0.841">
<system-out>
<![CDATA[Performance metrics: { domContentLoaded: [33m0[39m, loadComplete: [33m0[39m, totalTime: [33m81[39m }
]]>
</system-out>
</testcase>
</testsuite>
<testsuite name="02-file-upload.spec.ts" timestamp="2025-06-15T23:53:34.693Z" hostname="browser-webkit" tests="10" failures="9" skipped="0" time="16.244" errors="0">
<testcase name="File Upload Functionality › should upload small CSV file successfully" classname="02-file-upload.spec.ts" time="0.936">
<failure message="02-file-upload.spec.ts:29:7 should upload small CSV file successfully" type="FAILURE">
<![CDATA[  [browser-webkit] › 02-file-upload.spec.ts:29:7 › File Upload Functionality › should upload small CSV file successfully › Upload small CSV file 

    Error: expect.toBeAttached: Error: strict mode violation: locator('input[type="file"]') resolved to 2 elements:
        1) <input type="file" accept=".csv,.xlsx,.xls,.tsv" data-testid="file-input-button" aria-label="Select file to upload" aria-describedby="file-restrictions"/> aka getByTestId('file-input-button')
        2) <input multiple type="file" accept=".csv,.xlsx,.xls,.tsv" data-testid="hidden-file-input" aria-describedby="file-requirements" aria-label="Select data files for upload"/> aka getByTestId('hidden-file-input')

    Call log:
      - Expect "toBeAttached" with timeout 5000ms
      - waiting for locator('input[type="file"]')


       at ../fixtures/test-fixtures.ts:203

      201 |   // Now set the file input (works for both browser and Electron modes)
      202 |   const fileInput = page.locator('input[type="file"]');
    > 203 |   await expect(fileInput).toBeAttached({ timeout: 5000 });
          |                           ^
      204 |   await fileInput.setInputFiles(filePath);
      205 | };
      206 |
        at uploadFile (/Users/thomaswagner/Documents/datacloak-sentiment-workbench/packages/e2e-tests/fixtures/test-fixtures.ts:203:27)
        at /Users/thomaswagner/Documents/datacloak-sentiment-workbench/packages/e2e-tests/tests/02-file-upload.spec.ts:31:7
        at /Users/thomaswagner/Documents/datacloak-sentiment-workbench/packages/e2e-tests/tests/02-file-upload.spec.ts:30:5

    attachment #1: screenshot (image/png) ──────────────────────────────────────────────────────────
    test-results/artifacts/02-file-upload-File-Upload-7698c-small-CSV-file-successfully-browser-webkit/test-failed-1.png
    ────────────────────────────────────────────────────────────────────────────────────────────────

    attachment #2: video (video/webm) ──────────────────────────────────────────────────────────────
    test-results/artifacts/02-file-upload-File-Upload-7698c-small-CSV-file-successfully-browser-webkit/video.webm
    ────────────────────────────────────────────────────────────────────────────────────────────────

    Error Context: ../test-results/artifacts/02-file-upload-File-Upload-7698c-small-CSV-file-successfully-browser-webkit/error-context.md
]]>
</failure>
<system-out>
<![CDATA[→ GET http://localhost:5173/
← [33m200[39m http://localhost:5173/
→ GET http://localhost:5173/@react-refresh
→ GET http://localhost:5173/@vite/client
→ GET http://localhost:5173/src/main.tsx?t=1750030703180
← [33m200[39m http://localhost:5173/@react-refresh
← [33m200[39m http://localhost:5173/@vite/client
→ GET http://localhost:5173/node_modules/vite/dist/client/env.mjs
← [33m200[39m http://localhost:5173/src/main.tsx?t=1750030703180
→ GET http://localhost:5173/node_modules/.vite/deps/react_jsx-dev-runtime.js?v=6c3f721c
→ GET http://localhost:5173/node_modules/.vite/deps/react.js?v=6c3f721c
→ GET http://localhost:5173/node_modules/.vite/deps/react-dom_client.js?v=a50e1294
→ GET http://localhost:5173/src/index.css
→ GET http://localhost:5173/src/App.tsx?t=1750030703180
← [33m200[39m http://localhost:5173/node_modules/vite/dist/client/env.mjs
← [33m200[39m http://localhost:5173/node_modules/.vite/deps/react_jsx-dev-runtime.js?v=6c3f721c
← [33m200[39m http://localhost:5173/src/index.css
← [33m200[39m http://localhost:5173/node_modules/.vite/deps/react.js?v=6c3f721c
→ GET http://localhost:5173/node_modules/.vite/deps/chunk-UBDIXFPO.js?v=676c4d25
← [33m200[39m http://localhost:5173/node_modules/.vite/deps/react-dom_client.js?v=a50e1294
← [33m200[39m http://localhost:5173/src/App.tsx?t=1750030703180
→ GET http://localhost:5173/src/App.css?t=1750030703180
→ GET http://localhost:5173/src/context/AppContext.tsx?t=1750028445161
→ GET http://localhost:5173/src/components/Navigation.tsx?t=1750030602543
→ GET http://localhost:5173/src/components/WorkflowManager.tsx?t=1750030602543
→ GET http://localhost:5173/src/components/NotificationToast.tsx?t=1750028445161
→ GET http://localhost:5173/src/components/ErrorBoundary.tsx
→ GET http://localhost:5173/src/components/ProgressIndicator.tsx?t=1750015148848
→ GET http://localhost:5173/src/components/RealTimeDashboard.tsx?t=1750028445161
← [33m200[39m http://localhost:5173/node_modules/.vite/deps/chunk-UBDIXFPO.js?v=676c4d25
→ GET http://localhost:5173/node_modules/.vite/deps/chunk-KBNVMJOC.js?v=676c4d25
← [33m200[39m http://localhost:5173/src/App.css?t=1750030703180
← [33m200[39m http://localhost:5173/src/context/AppContext.tsx?t=1750028445161
← [33m200[39m http://localhost:5173/src/components/Navigation.tsx?t=1750030602543
← [33m200[39m http://localhost:5173/src/components/WorkflowManager.tsx?t=1750030602543
← [33m200[39m http://localhost:5173/src/components/NotificationToast.tsx?t=1750028445161
← [33m200[39m http://localhost:5173/src/components/ProgressIndicator.tsx?t=1750015148848
← [33m200[39m http://localhost:5173/src/components/RealTimeDashboard.tsx?t=1750028445161
← [33m200[39m http://localhost:5173/src/components/ErrorBoundary.tsx
← [33m200[39m http://localhost:5173/node_modules/.vite/deps/chunk-KBNVMJOC.js?v=676c4d25
→ GET http://localhost:5173/src/components/AppVersion.tsx
→ GET http://localhost:5173/src/components/Navigation.css?t=1749995170122
→ GET http://localhost:5173/src/components/index.ts?t=1750030602543
→ GET http://localhost:5173/src/components/LazyComponents.tsx?t=1750030490824
→ GET http://localhost:5173/src/hooks/useWebWorker.ts?t=1750014984624
→ GET http://localhost:5173/src/components/WorkflowManager.css?t=1749992255972
→ GET http://localhost:5173/src/components/NotificationToast.css
→ GET http://localhost:5173/src/components/ProgressIndicator.css
→ GET http://localhost:5173/src/components/MemoryMonitor.tsx?t=1750028445161
→ GET http://localhost:5173/src/components/SSEProgressIndicator.tsx?t=1750028445161
→ GET http://localhost:5173/src/components/WebSocketStatus.tsx?t=1750028445161
→ GET http://localhost:5173/src/components/RealTimeDashboard.css
→ GET http://localhost:5173/src/components/ErrorBoundary.css
← [33m200[39m http://localhost:5173/src/components/AppVersion.tsx
→ GET http://localhost:5173/src/components/AppVersion.css
← [33m200[39m http://localhost:5173/src/components/Navigation.css?t=1749995170122
← [33m200[39m http://localhost:5173/src/components/index.ts?t=1750030602543
→ GET http://localhost:5173/src/components/DataSourcePicker.tsx?t=1750030148913
→ GET http://localhost:5173/src/components/ProfilerUI.tsx?t=1750030188693
→ GET http://localhost:5173/src/components/TransformDesigner.tsx?t=1750030251852
→ GET http://localhost:5173/src/components/TransformOperationEditor.tsx?t=1750024154646
→ GET http://localhost:5173/src/components/TransformPreviewPanel.tsx
→ GET http://localhost:5173/src/components/TransformConfigDisplay.tsx?t=1750028445161
→ GET http://localhost:5173/src/components/RunWizard.tsx?t=1750030330428
→ GET http://localhost:5173/src/components/ResultExplorer.tsx?t=1750030490824
→ GET http://localhost:5173/src/components/SentimentInsights.tsx?t=1750028445161
→ GET http://localhost:5173/src/components/DataPreview.tsx
→ GET http://localhost:5173/src/components/VirtualScrollList.tsx
→ GET http://localhost:5173/src/components/ApiErrorDisplay.tsx
→ GET http://localhost:5173/src/components/ExportErrorHandler.tsx?t=1750028445161
→ GET http://localhost:5173/src/components/LargeFileUploader.tsx?t=1750030148913
→ GET http://localhost:5173/src/components/LargeDatasetExporter.tsx?t=1750028445161
→ GET http://localhost:5173/src/components/ElectronFeatureMonitor.tsx?t=1750028445161
→ GET http://localhost:5173/src/components/SecurityAuditReport.tsx?t=1750026236037
→ GET http://localhost:5173/src/components/SecurityBadge.tsx
→ GET http://localhost:5173/src/components/TransformPipelinePersistence.tsx?t=1750028445161
→ GET http://localhost:5173/src/components/SentimentAnalysisControl.tsx?t=1750028445161
→ GET http://localhost:5173/src/components/JobQueueManager.tsx?t=1750028445161
← [33m200[39m http://localhost:5173/src/hooks/useWebWorker.ts?t=1750014984624
← [33m200[39m http://localhost:5173/src/components/LazyComponents.tsx?t=1750030490824
← [33m200[39m http://localhost:5173/src/components/WorkflowManager.css?t=1749992255972
← [33m200[39m http://localhost:5173/src/components/NotificationToast.css
← [33m200[39m http://localhost:5173/src/components/ProgressIndicator.css
← [33m200[39m http://localhost:5173/src/components/MemoryMonitor.tsx?t=1750028445161
→ GET http://localhost:5173/src/utils/performance.ts
→ GET http://localhost:5173/src/components/LazyComponents.css
← [33m200[39m http://localhost:5173/src/components/SSEProgressIndicator.tsx?t=1750028445161
← [33m200[39m http://localhost:5173/src/components/WebSocketStatus.tsx?t=1750028445161
← [33m200[39m http://localhost:5173/src/components/RealTimeDashboard.css
← [33m200[39m http://localhost:5173/src/components/ErrorBoundary.css
← [33m200[39m http://localhost:5173/src/components/AppVersion.css
← [33m200[39m http://localhost:5173/src/components/ProfilerUI.tsx?t=1750030188693
← [33m200[39m http://localhost:5173/src/components/DataSourcePicker.tsx?t=1750030148913
← [33m200[39m http://localhost:5173/src/components/TransformDesigner.tsx?t=1750030251852
→ GET http://localhost:5173/src/hooks/useMemoryMonitor.ts?t=1750028445161
→ GET http://localhost:5173/src/components/MemoryMonitor.css
→ GET http://localhost:5173/src/components/SSEProgressIndicator.css
→ GET http://localhost:5173/src/components/WebSocketStatus.css
→ GET http://localhost:5173/src/hooks/useApiErrorHandler.ts?t=1750028445161
→ GET http://localhost:5173/src/components/DataSourcePicker.css?t=1750008828131
→ GET http://localhost:5173/src/components/ProfilerUI.css?t=1750022315517
→ GET http://localhost:5173/src/components/TransformDesigner.css
← [33m200[39m http://localhost:5173/src/components/TransformOperationEditor.tsx?t=1750024154646
← [33m200[39m http://localhost:5173/src/components/TransformPreviewPanel.tsx
← [33m200[39m http://localhost:5173/src/components/SentimentInsights.tsx?t=1750028445161
← [33m200[39m http://localhost:5173/src/components/DataPreview.tsx
← [33m200[39m http://localhost:5173/src/components/TransformConfigDisplay.tsx?t=1750028445161
← [33m200[39m http://localhost:5173/src/components/RunWizard.tsx?t=1750030330428
← [33m200[39m http://localhost:5173/src/components/ResultExplorer.tsx?t=1750030490824
← [33m200[39m http://localhost:5173/src/components/ApiErrorDisplay.tsx
← [33m200[39m http://localhost:5173/src/components/ExportErrorHandler.tsx?t=1750028445161
← [33m200[39m http://localhost:5173/src/components/LargeFileUploader.tsx?t=1750030148913
→ GET http://localhost:5173/src/components/TransformOperationEditor.css
→ GET http://localhost:5173/src/components/TransformPreviewPanel.css
→ GET http://localhost:5173/src/components/SentimentInsights.css
→ GET http://localhost:5173/src/components/DataPreview.css
→ GET http://localhost:5173/src/components/TransformConfigDisplay.css
→ GET http://localhost:5173/src/components/RunWizard.css?t=1749994688834
→ GET http://localhost:5173/src/hooks/useDebounce.ts
→ GET http://localhost:5173/src/components/ResultExplorer.css?t=1750008175222
→ GET http://localhost:5173/src/components/ApiErrorDisplay.css
→ GET http://localhost:5173/src/components/ExportErrorHandler.css
→ GET http://localhost:5173/src/hooks/useLargeFileUpload.ts?t=1750028445161
→ GET http://localhost:5173/src/components/LargeFileUploader.css
← [33m200[39m http://localhost:5173/src/components/LargeDatasetExporter.tsx?t=1750028445161
← [33m200[39m http://localhost:5173/src/components/VirtualScrollList.tsx
← [33m200[39m http://localhost:5173/src/components/SecurityAuditReport.tsx?t=1750026236037
← [33m200[39m http://localhost:5173/src/components/SecurityBadge.tsx
← [33m200[39m http://localhost:5173/src/components/TransformPipelinePersistence.tsx?t=1750028445161
← [33m200[39m http://localhost:5173/src/components/SentimentAnalysisControl.tsx?t=1750028445161
← [33m200[39m http://localhost:5173/src/components/ElectronFeatureMonitor.tsx?t=1750028445161
← [33m200[39m http://localhost:5173/src/utils/performance.ts
← [33m200[39m http://localhost:5173/src/components/LazyComponents.css
← [33m200[39m http://localhost:5173/src/hooks/useMemoryMonitor.ts?t=1750028445161
← [33m200[39m http://localhost:5173/src/components/MemoryMonitor.css
← [33m200[39m http://localhost:5173/src/components/JobQueueManager.tsx?t=1750028445161
← [33m200[39m http://localhost:5173/src/components/WebSocketStatus.css
← [33m200[39m http://localhost:5173/src/hooks/useApiErrorHandler.ts?t=1750028445161
← [33m200[39m http://localhost:5173/src/components/DataSourcePicker.css?t=1750008828131
← [33m200[39m http://localhost:5173/src/components/ProfilerUI.css?t=1750022315517
← [33m200[39m http://localhost:5173/src/components/SSEProgressIndicator.css
← [33m200[39m http://localhost:5173/src/components/TransformOperationEditor.css
← [33m200[39m http://localhost:5173/src/components/TransformPreviewPanel.css
← [33m200[39m http://localhost:5173/src/components/TransformDesigner.css
← [33m200[39m http://localhost:5173/src/components/SentimentInsights.css
← [33m200[39m http://localhost:5173/src/components/DataPreview.css
← [33m200[39m http://localhost:5173/src/components/TransformConfigDisplay.css
← [33m200[39m http://localhost:5173/src/components/RunWizard.css?t=1749994688834
← [33m200[39m http://localhost:5173/src/hooks/useDebounce.ts
← [33m200[39m http://localhost:5173/src/components/ResultExplorer.css?t=1750008175222
← [33m200[39m http://localhost:5173/src/components/ApiErrorDisplay.css
← [33m200[39m http://localhost:5173/src/components/ExportErrorHandler.css
← [33m200[39m http://localhost:5173/src/hooks/useLargeFileUpload.ts?t=1750028445161
← [33m200[39m http://localhost:5173/src/components/LargeFileUploader.css
→ GET http://localhost:5173/src/components/LargeDatasetExporter.css
→ GET http://localhost:5173/src/components/VirtualScrollList.css
→ GET http://localhost:5173/src/components/SecurityAuditReport.css
→ GET http://localhost:5173/src/components/SecurityBadge.css
→ GET http://localhost:5173/src/components/TransformPipelinePersistence.css
→ GET http://localhost:5173/src/components/SentimentAnalysisControl.css
→ GET http://localhost:5173/src/components/ElectronFeatureMonitor.css
→ GET http://localhost:5173/src/components/JobQueueManager.css
← [33m200[39m http://localhost:5173/src/components/LargeDatasetExporter.css
← [33m200[39m http://localhost:5173/src/components/VirtualScrollList.css
← [33m200[39m http://localhost:5173/src/components/SecurityAuditReport.css
← [33m200[39m http://localhost:5173/src/components/SecurityBadge.css
← [33m200[39m http://localhost:5173/src/components/TransformPipelinePersistence.css
← [33m200[39m http://localhost:5173/src/components/SentimentAnalysisControl.css
← [33m200[39m http://localhost:5173/src/components/ElectronFeatureMonitor.css
← [33m200[39m http://localhost:5173/src/components/JobQueueManager.css

[[ATTACHMENT|artifacts/02-file-upload-File-Upload-7698c-small-CSV-file-successfully-browser-webkit/test-failed-1.png]]

[[ATTACHMENT|artifacts/02-file-upload-File-Upload-7698c-small-CSV-file-successfully-browser-webkit/video.webm]]

[[ATTACHMENT|artifacts/02-file-upload-File-Upload-7698c-small-CSV-file-successfully-browser-webkit/error-context.md]]
]]>
</system-out>
<system-err>
<![CDATA[(node:37940) [DEP0147] DeprecationWarning: In future versions of Node.js, fs.rmdir(path, { recursive: true }) will be removed. Use fs.rm(path, { recursive: true }) instead
(Use `node --trace-deprecation ...` to show where the warning was created)
]]>
</system-err>
</testcase>
<testcase name="File Upload Functionality › should upload medium CSV file with progress indication" classname="02-file-upload.spec.ts" time="0.929">
<failure message="02-file-upload.spec.ts:60:7 should upload medium CSV file with progress indication" type="FAILURE">
<![CDATA[  [browser-webkit] › 02-file-upload.spec.ts:60:7 › File Upload Functionality › should upload medium CSV file with progress indication › Upload medium CSV file 

    Error: expect.toBeAttached: Error: strict mode violation: locator('input[type="file"]') resolved to 2 elements:
        1) <input type="file" accept=".csv,.xlsx,.xls,.tsv" data-testid="file-input-button" aria-label="Select file to upload" aria-describedby="file-restrictions"/> aka getByTestId('file-input-button')
        2) <input multiple type="file" accept=".csv,.xlsx,.xls,.tsv" data-testid="hidden-file-input" aria-describedby="file-requirements" aria-label="Select data files for upload"/> aka getByTestId('hidden-file-input')

    Call log:
      - Expect "toBeAttached" with timeout 5000ms
      - waiting for locator('input[type="file"]')


       at ../fixtures/test-fixtures.ts:203

      201 |   // Now set the file input (works for both browser and Electron modes)
      202 |   const fileInput = page.locator('input[type="file"]');
    > 203 |   await expect(fileInput).toBeAttached({ timeout: 5000 });
          |                           ^
      204 |   await fileInput.setInputFiles(filePath);
      205 | };
      206 |
        at uploadFile (/Users/thomaswagner/Documents/datacloak-sentiment-workbench/packages/e2e-tests/fixtures/test-fixtures.ts:203:27)
        at /Users/thomaswagner/Documents/datacloak-sentiment-workbench/packages/e2e-tests/tests/02-file-upload.spec.ts:62:7
        at /Users/thomaswagner/Documents/datacloak-sentiment-workbench/packages/e2e-tests/tests/02-file-upload.spec.ts:61:5

    attachment #1: screenshot (image/png) ──────────────────────────────────────────────────────────
    test-results/artifacts/02-file-upload-File-Upload-0a670-le-with-progress-indication-browser-webkit/test-failed-1.png
    ────────────────────────────────────────────────────────────────────────────────────────────────

    attachment #2: video (video/webm) ──────────────────────────────────────────────────────────────
    test-results/artifacts/02-file-upload-File-Upload-0a670-le-with-progress-indication-browser-webkit/video.webm
    ────────────────────────────────────────────────────────────────────────────────────────────────

    Error Context: ../test-results/artifacts/02-file-upload-File-Upload-0a670-le-with-progress-indication-browser-webkit/error-context.md
]]>
</failure>
<system-out>
<![CDATA[→ GET http://localhost:5173/
← [33m200[39m http://localhost:5173/
→ GET http://localhost:5173/@react-refresh
→ GET http://localhost:5173/@vite/client
→ GET http://localhost:5173/src/main.tsx?t=1750030703180
← [33m200[39m http://localhost:5173/@react-refresh
← [33m200[39m http://localhost:5173/@vite/client
→ GET http://localhost:5173/node_modules/vite/dist/client/env.mjs
← [33m200[39m http://localhost:5173/src/main.tsx?t=1750030703180
→ GET http://localhost:5173/node_modules/.vite/deps/react_jsx-dev-runtime.js?v=6c3f721c
→ GET http://localhost:5173/node_modules/.vite/deps/react.js?v=6c3f721c
→ GET http://localhost:5173/node_modules/.vite/deps/react-dom_client.js?v=a50e1294
→ GET http://localhost:5173/src/index.css
→ GET http://localhost:5173/src/App.tsx?t=1750030703180
← [33m200[39m http://localhost:5173/node_modules/vite/dist/client/env.mjs
← [33m200[39m http://localhost:5173/node_modules/.vite/deps/react_jsx-dev-runtime.js?v=6c3f721c
→ GET http://localhost:5173/node_modules/.vite/deps/chunk-UBDIXFPO.js?v=676c4d25
← [33m200[39m http://localhost:5173/node_modules/.vite/deps/react.js?v=6c3f721c
← [33m200[39m http://localhost:5173/node_modules/.vite/deps/react-dom_client.js?v=a50e1294
← [33m200[39m http://localhost:5173/src/index.css
← [33m200[39m http://localhost:5173/src/App.tsx?t=1750030703180
← [33m200[39m http://localhost:5173/node_modules/.vite/deps/chunk-UBDIXFPO.js?v=676c4d25
→ GET http://localhost:5173/src/App.css?t=1750030703180
→ GET http://localhost:5173/src/context/AppContext.tsx?t=1750028445161
→ GET http://localhost:5173/src/components/Navigation.tsx?t=1750030602543
→ GET http://localhost:5173/src/components/WorkflowManager.tsx?t=1750030602543
→ GET http://localhost:5173/src/components/NotificationToast.tsx?t=1750028445161
→ GET http://localhost:5173/src/components/ErrorBoundary.tsx
→ GET http://localhost:5173/src/components/ProgressIndicator.tsx?t=1750015148848
→ GET http://localhost:5173/src/components/RealTimeDashboard.tsx?t=1750028445161
→ GET http://localhost:5173/node_modules/.vite/deps/chunk-KBNVMJOC.js?v=676c4d25
← [33m200[39m http://localhost:5173/src/App.css?t=1750030703180
← [33m200[39m http://localhost:5173/src/context/AppContext.tsx?t=1750028445161
← [33m200[39m http://localhost:5173/src/components/Navigation.tsx?t=1750030602543
← [33m200[39m http://localhost:5173/src/components/RealTimeDashboard.tsx?t=1750028445161
← [33m200[39m http://localhost:5173/src/components/WorkflowManager.tsx?t=1750030602543
← [33m200[39m http://localhost:5173/src/components/NotificationToast.tsx?t=1750028445161
← [33m200[39m http://localhost:5173/src/components/ErrorBoundary.tsx
← [33m200[39m http://localhost:5173/src/components/ProgressIndicator.tsx?t=1750015148848
← [33m200[39m http://localhost:5173/node_modules/.vite/deps/chunk-KBNVMJOC.js?v=676c4d25
→ GET http://localhost:5173/src/components/AppVersion.tsx
→ GET http://localhost:5173/src/components/Navigation.css?t=1749995170122
→ GET http://localhost:5173/src/components/MemoryMonitor.tsx?t=1750028445161
→ GET http://localhost:5173/src/components/SSEProgressIndicator.tsx?t=1750028445161
→ GET http://localhost:5173/src/components/WebSocketStatus.tsx?t=1750028445161
→ GET http://localhost:5173/src/components/RealTimeDashboard.css
→ GET http://localhost:5173/src/components/index.ts?t=1750030602543
→ GET http://localhost:5173/src/components/LazyComponents.tsx?t=1750030490824
→ GET http://localhost:5173/src/hooks/useWebWorker.ts?t=1750014984624
→ GET http://localhost:5173/src/components/WorkflowManager.css?t=1749992255972
→ GET http://localhost:5173/src/components/NotificationToast.css
→ GET http://localhost:5173/src/components/ErrorBoundary.css
→ GET http://localhost:5173/src/components/ProgressIndicator.css
← [33m200[39m http://localhost:5173/src/components/AppVersion.tsx
← [33m200[39m http://localhost:5173/src/components/MemoryMonitor.tsx?t=1750028445161
← [33m200[39m http://localhost:5173/src/components/SSEProgressIndicator.tsx?t=1750028445161
← [33m200[39m http://localhost:5173/src/components/Navigation.css?t=1749995170122
← [33m200[39m http://localhost:5173/src/components/RealTimeDashboard.css
← [33m200[39m http://localhost:5173/src/components/WebSocketStatus.tsx?t=1750028445161
← [33m200[39m http://localhost:5173/src/components/LazyComponents.tsx?t=1750030490824
← [33m200[39m http://localhost:5173/src/components/index.ts?t=1750030602543
← [33m200[39m http://localhost:5173/src/components/WorkflowManager.css?t=1749992255972
← [33m200[39m http://localhost:5173/src/hooks/useWebWorker.ts?t=1750014984624
← [33m200[39m http://localhost:5173/src/components/ErrorBoundary.css
← [33m200[39m http://localhost:5173/src/components/NotificationToast.css
← [33m200[39m http://localhost:5173/src/components/ProgressIndicator.css
→ GET http://localhost:5173/src/components/AppVersion.css
→ GET http://localhost:5173/src/hooks/useMemoryMonitor.ts?t=1750028445161
→ GET http://localhost:5173/src/components/MemoryMonitor.css
→ GET http://localhost:5173/src/components/ApiErrorDisplay.tsx
→ GET http://localhost:5173/src/components/SSEProgressIndicator.css
→ GET http://localhost:5173/src/components/DataSourcePicker.tsx?t=1750030148913
→ GET http://localhost:5173/src/components/ProfilerUI.tsx?t=1750030188693
→ GET http://localhost:5173/src/components/TransformDesigner.tsx?t=1750030251852
→ GET http://localhost:5173/src/components/TransformOperationEditor.tsx?t=1750024154646
→ GET http://localhost:5173/src/components/TransformPreviewPanel.tsx
→ GET http://localhost:5173/src/components/TransformConfigDisplay.tsx?t=1750028445161
→ GET http://localhost:5173/src/components/RunWizard.tsx?t=1750030330428
→ GET http://localhost:5173/src/components/ResultExplorer.tsx?t=1750030490824
→ GET http://localhost:5173/src/components/SentimentInsights.tsx?t=1750028445161
→ GET http://localhost:5173/src/components/DataPreview.tsx
→ GET http://localhost:5173/src/components/VirtualScrollList.tsx
→ GET http://localhost:5173/src/components/ExportErrorHandler.tsx?t=1750028445161
→ GET http://localhost:5173/src/components/LargeFileUploader.tsx?t=1750030148913
→ GET http://localhost:5173/src/components/LargeDatasetExporter.tsx?t=1750028445161
→ GET http://localhost:5173/src/components/ElectronFeatureMonitor.tsx?t=1750028445161
→ GET http://localhost:5173/src/components/SecurityAuditReport.tsx?t=1750026236037
→ GET http://localhost:5173/src/components/SecurityBadge.tsx
→ GET http://localhost:5173/src/components/TransformPipelinePersistence.tsx?t=1750028445161
→ GET http://localhost:5173/src/components/SentimentAnalysisControl.tsx?t=1750028445161
→ GET http://localhost:5173/src/components/JobQueueManager.tsx?t=1750028445161
→ GET http://localhost:5173/src/utils/performance.ts
→ GET http://localhost:5173/src/components/LazyComponents.css
→ GET http://localhost:5173/src/components/WebSocketStatus.css
← [33m200[39m http://localhost:5173/src/components/AppVersion.css
← [33m200[39m http://localhost:5173/src/hooks/useMemoryMonitor.ts?t=1750028445161
← [33m200[39m http://localhost:5173/src/components/MemoryMonitor.css
← [33m200[39m http://localhost:5173/src/components/ApiErrorDisplay.tsx
→ GET http://localhost:5173/src/components/ApiErrorDisplay.css
← [33m200[39m http://localhost:5173/src/components/SSEProgressIndicator.css
← [33m200[39m http://localhost:5173/src/components/TransformDesigner.tsx?t=1750030251852
→ GET http://localhost:5173/src/hooks/useApiErrorHandler.ts?t=1750028445161
→ GET http://localhost:5173/src/components/TransformDesigner.css
← [33m200[39m http://localhost:5173/src/components/DataSourcePicker.tsx?t=1750030148913
← [33m200[39m http://localhost:5173/src/components/ProfilerUI.tsx?t=1750030188693
← [33m200[39m http://localhost:5173/src/components/TransformOperationEditor.tsx?t=1750024154646
→ GET http://localhost:5173/src/components/DataSourcePicker.css?t=1750008828131
← [33m200[39m http://localhost:5173/src/components/RunWizard.tsx?t=1750030330428
← [33m200[39m http://localhost:5173/src/components/ResultExplorer.tsx?t=1750030490824
← [33m200[39m http://localhost:5173/src/components/TransformPreviewPanel.tsx
← [33m200[39m http://localhost:5173/src/components/VirtualScrollList.tsx
← [33m200[39m http://localhost:5173/src/components/ExportErrorHandler.tsx?t=1750028445161
← [33m200[39m http://localhost:5173/src/components/SentimentInsights.tsx?t=1750028445161
← [33m200[39m http://localhost:5173/src/components/DataPreview.tsx
← [33m200[39m http://localhost:5173/src/components/TransformConfigDisplay.tsx?t=1750028445161
← [33m200[39m http://localhost:5173/src/components/LargeDatasetExporter.tsx?t=1750028445161
← [33m200[39m http://localhost:5173/src/components/ElectronFeatureMonitor.tsx?t=1750028445161
→ GET http://localhost:5173/src/components/ProfilerUI.css?t=1750022315517
→ GET http://localhost:5173/src/components/TransformOperationEditor.css
→ GET http://localhost:5173/src/components/RunWizard.css?t=1749994688834
→ GET http://localhost:5173/src/hooks/useDebounce.ts
→ GET http://localhost:5173/src/components/ResultExplorer.css?t=1750008175222
→ GET http://localhost:5173/src/components/TransformPreviewPanel.css
→ GET http://localhost:5173/src/components/VirtualScrollList.css
→ GET http://localhost:5173/src/components/ExportErrorHandler.css
→ GET http://localhost:5173/src/components/SentimentInsights.css
→ GET http://localhost:5173/src/components/DataPreview.css
→ GET http://localhost:5173/src/components/TransformConfigDisplay.css
→ GET http://localhost:5173/src/components/LargeDatasetExporter.css
← [33m200[39m http://localhost:5173/src/components/SecurityAuditReport.tsx?t=1750026236037
← [33m200[39m http://localhost:5173/src/components/SecurityBadge.tsx
← [33m200[39m http://localhost:5173/src/components/LargeFileUploader.tsx?t=1750030148913
← [33m200[39m http://localhost:5173/src/components/SentimentAnalysisControl.tsx?t=1750028445161
← [33m200[39m http://localhost:5173/src/components/JobQueueManager.tsx?t=1750028445161
← [33m200[39m http://localhost:5173/src/utils/performance.ts
← [33m200[39m http://localhost:5173/src/components/LazyComponents.css
← [33m200[39m http://localhost:5173/src/components/TransformPipelinePersistence.tsx?t=1750028445161
← [33m200[39m http://localhost:5173/src/components/ApiErrorDisplay.css
← [33m200[39m http://localhost:5173/src/hooks/useApiErrorHandler.ts?t=1750028445161
← [33m200[39m http://localhost:5173/src/components/TransformDesigner.css
← [33m200[39m http://localhost:5173/src/components/DataSourcePicker.css?t=1750008828131
← [33m200[39m http://localhost:5173/src/components/WebSocketStatus.css
← [33m200[39m http://localhost:5173/src/components/TransformOperationEditor.css
← [33m200[39m http://localhost:5173/src/components/ProfilerUI.css?t=1750022315517
← [33m200[39m http://localhost:5173/src/components/RunWizard.css?t=1749994688834
← [33m200[39m http://localhost:5173/src/hooks/useDebounce.ts
← [33m200[39m http://localhost:5173/src/components/ResultExplorer.css?t=1750008175222
← [33m200[39m http://localhost:5173/src/components/TransformPreviewPanel.css
← [33m200[39m http://localhost:5173/src/components/VirtualScrollList.css
← [33m200[39m http://localhost:5173/src/components/ExportErrorHandler.css
← [33m200[39m http://localhost:5173/src/components/SentimentInsights.css
← [33m200[39m http://localhost:5173/src/components/DataPreview.css
← [33m200[39m http://localhost:5173/src/components/TransformConfigDisplay.css
← [33m200[39m http://localhost:5173/src/components/LargeDatasetExporter.css
→ GET http://localhost:5173/src/components/ElectronFeatureMonitor.css
→ GET http://localhost:5173/src/components/SecurityAuditReport.css
→ GET http://localhost:5173/src/components/SecurityBadge.css
→ GET http://localhost:5173/src/hooks/useLargeFileUpload.ts?t=1750028445161
→ GET http://localhost:5173/src/components/LargeFileUploader.css
→ GET http://localhost:5173/src/components/SentimentAnalysisControl.css
→ GET http://localhost:5173/src/components/JobQueueManager.css
→ GET http://localhost:5173/src/components/TransformPipelinePersistence.css
← [33m200[39m http://localhost:5173/src/components/ElectronFeatureMonitor.css
← [33m200[39m http://localhost:5173/src/components/SecurityAuditReport.css
← [33m200[39m http://localhost:5173/src/components/SecurityBadge.css
← [33m200[39m http://localhost:5173/src/hooks/useLargeFileUpload.ts?t=1750028445161
← [33m200[39m http://localhost:5173/src/components/LargeFileUploader.css
← [33m200[39m http://localhost:5173/src/components/SentimentAnalysisControl.css
← [33m200[39m http://localhost:5173/src/components/JobQueueManager.css
← [33m200[39m http://localhost:5173/src/components/TransformPipelinePersistence.css

[[ATTACHMENT|artifacts/02-file-upload-File-Upload-0a670-le-with-progress-indication-browser-webkit/test-failed-1.png]]

[[ATTACHMENT|artifacts/02-file-upload-File-Upload-0a670-le-with-progress-indication-browser-webkit/video.webm]]

[[ATTACHMENT|artifacts/02-file-upload-File-Upload-0a670-le-with-progress-indication-browser-webkit/error-context.md]]
]]>
</system-out>
<system-err>
<![CDATA[(node:37942) [DEP0147] DeprecationWarning: In future versions of Node.js, fs.rmdir(path, { recursive: true }) will be removed. Use fs.rm(path, { recursive: true }) instead
(Use `node --trace-deprecation ...` to show where the warning was created)
]]>
</system-err>
</testcase>
<testcase name="File Upload Functionality › should handle large CSV file upload" classname="02-file-upload.spec.ts" time="1.204">
<failure message="02-file-upload.spec.ts:107:7 should handle large CSV file upload" type="FAILURE">
<![CDATA[  [browser-webkit] › 02-file-upload.spec.ts:107:7 › File Upload Functionality › should handle large CSV file upload › Upload large CSV file 

    Error: expect.toBeAttached: Error: strict mode violation: locator('input[type="file"]') resolved to 2 elements:
        1) <input type="file" accept=".csv,.xlsx,.xls,.tsv" data-testid="file-input-button" aria-label="Select file to upload" aria-describedby="file-restrictions"/> aka getByTestId('file-input-button')
        2) <input multiple type="file" accept=".csv,.xlsx,.xls,.tsv" data-testid="hidden-file-input" aria-describedby="file-requirements" aria-label="Select data files for upload"/> aka getByTestId('hidden-file-input')

    Call log:
      - Expect "toBeAttached" with timeout 5000ms
      - waiting for locator('input[type="file"]')


       at ../fixtures/test-fixtures.ts:203

      201 |   // Now set the file input (works for both browser and Electron modes)
      202 |   const fileInput = page.locator('input[type="file"]');
    > 203 |   await expect(fileInput).toBeAttached({ timeout: 5000 });
          |                           ^
      204 |   await fileInput.setInputFiles(filePath);
      205 | };
      206 |
        at uploadFile (/Users/thomaswagner/Documents/datacloak-sentiment-workbench/packages/e2e-tests/fixtures/test-fixtures.ts:203:27)
        at /Users/thomaswagner/Documents/datacloak-sentiment-workbench/packages/e2e-tests/tests/02-file-upload.spec.ts:109:7
        at /Users/thomaswagner/Documents/datacloak-sentiment-workbench/packages/e2e-tests/tests/02-file-upload.spec.ts:108:5

    attachment #1: screenshot (image/png) ──────────────────────────────────────────────────────────
    test-results/artifacts/02-file-upload-File-Upload-032ed-andle-large-CSV-file-upload-browser-webkit/test-failed-1.png
    ────────────────────────────────────────────────────────────────────────────────────────────────

    attachment #2: video (video/webm) ──────────────────────────────────────────────────────────────
    test-results/artifacts/02-file-upload-File-Upload-032ed-andle-large-CSV-file-upload-browser-webkit/video.webm
    ────────────────────────────────────────────────────────────────────────────────────────────────

    Error Context: ../test-results/artifacts/02-file-upload-File-Upload-032ed-andle-large-CSV-file-upload-browser-webkit/error-context.md
]]>
</failure>
<system-out>
<![CDATA[→ GET http://localhost:5173/
← [33m200[39m http://localhost:5173/
→ GET http://localhost:5173/@react-refresh
→ GET http://localhost:5173/@vite/client
→ GET http://localhost:5173/src/main.tsx?t=1750030703180
← [33m200[39m http://localhost:5173/@react-refresh
← [33m200[39m http://localhost:5173/@vite/client
→ GET http://localhost:5173/node_modules/vite/dist/client/env.mjs
← [33m200[39m http://localhost:5173/src/main.tsx?t=1750030703180
→ GET http://localhost:5173/node_modules/.vite/deps/react_jsx-dev-runtime.js?v=6c3f721c
→ GET http://localhost:5173/node_modules/.vite/deps/react.js?v=6c3f721c
→ GET http://localhost:5173/node_modules/.vite/deps/react-dom_client.js?v=a50e1294
→ GET http://localhost:5173/src/index.css
→ GET http://localhost:5173/src/App.tsx?t=1750030703180
← [33m200[39m http://localhost:5173/node_modules/vite/dist/client/env.mjs
← [33m200[39m http://localhost:5173/node_modules/.vite/deps/react_jsx-dev-runtime.js?v=6c3f721c
← [33m200[39m http://localhost:5173/node_modules/.vite/deps/react.js?v=6c3f721c
→ GET http://localhost:5173/node_modules/.vite/deps/chunk-UBDIXFPO.js?v=676c4d25
← [33m200[39m http://localhost:5173/node_modules/.vite/deps/react-dom_client.js?v=a50e1294
← [33m200[39m http://localhost:5173/src/index.css
← [33m200[39m http://localhost:5173/src/App.tsx?t=1750030703180
→ GET http://localhost:5173/src/App.css?t=1750030703180
→ GET http://localhost:5173/src/context/AppContext.tsx?t=1750028445161
→ GET http://localhost:5173/src/components/Navigation.tsx?t=1750030602543
→ GET http://localhost:5173/src/components/WorkflowManager.tsx?t=1750030602543
→ GET http://localhost:5173/src/components/NotificationToast.tsx?t=1750028445161
→ GET http://localhost:5173/src/components/ErrorBoundary.tsx
→ GET http://localhost:5173/src/components/ProgressIndicator.tsx?t=1750015148848
→ GET http://localhost:5173/src/components/RealTimeDashboard.tsx?t=1750028445161
← [33m200[39m http://localhost:5173/node_modules/.vite/deps/chunk-UBDIXFPO.js?v=676c4d25
← [33m200[39m http://localhost:5173/src/App.css?t=1750030703180
← [33m200[39m http://localhost:5173/src/context/AppContext.tsx?t=1750028445161
← [33m200[39m http://localhost:5173/src/components/Navigation.tsx?t=1750030602543
→ GET http://localhost:5173/node_modules/.vite/deps/chunk-KBNVMJOC.js?v=676c4d25
→ GET http://localhost:5173/src/components/AppVersion.tsx
→ GET http://localhost:5173/src/components/Navigation.css?t=1749995170122
← [33m200[39m http://localhost:5173/src/components/WorkflowManager.tsx?t=1750030602543
← [33m200[39m http://localhost:5173/src/components/NotificationToast.tsx?t=1750028445161
← [33m200[39m http://localhost:5173/src/components/ErrorBoundary.tsx
← [33m200[39m http://localhost:5173/src/components/RealTimeDashboard.tsx?t=1750028445161
← [33m200[39m http://localhost:5173/src/components/ProgressIndicator.tsx?t=1750015148848
← [33m200[39m http://localhost:5173/node_modules/.vite/deps/chunk-KBNVMJOC.js?v=676c4d25
← [33m200[39m http://localhost:5173/src/components/AppVersion.tsx
← [33m200[39m http://localhost:5173/src/components/Navigation.css?t=1749995170122
→ GET http://localhost:5173/src/components/index.ts?t=1750030602543
→ GET http://localhost:5173/src/components/LazyComponents.tsx?t=1750030490824
→ GET http://localhost:5173/src/hooks/useWebWorker.ts?t=1750014984624
→ GET http://localhost:5173/src/components/WorkflowManager.css?t=1749992255972
→ GET http://localhost:5173/src/components/NotificationToast.css
→ GET http://localhost:5173/src/components/ErrorBoundary.css
→ GET http://localhost:5173/src/components/MemoryMonitor.tsx?t=1750028445161
→ GET http://localhost:5173/src/components/SSEProgressIndicator.tsx?t=1750028445161
→ GET http://localhost:5173/src/components/WebSocketStatus.tsx?t=1750028445161
→ GET http://localhost:5173/src/components/RealTimeDashboard.css
→ GET http://localhost:5173/src/components/ProgressIndicator.css
→ GET http://localhost:5173/src/components/AppVersion.css
← [33m200[39m http://localhost:5173/src/components/index.ts?t=1750030602543
← [33m200[39m http://localhost:5173/src/hooks/useWebWorker.ts?t=1750014984624
← [33m200[39m http://localhost:5173/src/components/LazyComponents.tsx?t=1750030490824
→ GET http://localhost:5173/src/components/DataSourcePicker.tsx?t=1750030148913
→ GET http://localhost:5173/src/components/ProfilerUI.tsx?t=1750030188693
→ GET http://localhost:5173/src/components/TransformDesigner.tsx?t=1750030251852
→ GET http://localhost:5173/src/components/TransformOperationEditor.tsx?t=1750024154646
→ GET http://localhost:5173/src/components/TransformPreviewPanel.tsx
→ GET http://localhost:5173/src/components/TransformConfigDisplay.tsx?t=1750028445161
→ GET http://localhost:5173/src/components/RunWizard.tsx?t=1750030330428
→ GET http://localhost:5173/src/components/ResultExplorer.tsx?t=1750030490824
→ GET http://localhost:5173/src/components/SentimentInsights.tsx?t=1750028445161
→ GET http://localhost:5173/src/components/DataPreview.tsx
→ GET http://localhost:5173/src/components/VirtualScrollList.tsx
→ GET http://localhost:5173/src/components/ApiErrorDisplay.tsx
→ GET http://localhost:5173/src/components/ExportErrorHandler.tsx?t=1750028445161
→ GET http://localhost:5173/src/components/LargeFileUploader.tsx?t=1750030148913
→ GET http://localhost:5173/src/components/LargeDatasetExporter.tsx?t=1750028445161
→ GET http://localhost:5173/src/components/ElectronFeatureMonitor.tsx?t=1750028445161
→ GET http://localhost:5173/src/components/SecurityAuditReport.tsx?t=1750026236037
→ GET http://localhost:5173/src/components/SecurityBadge.tsx
→ GET http://localhost:5173/src/components/TransformPipelinePersistence.tsx?t=1750028445161
→ GET http://localhost:5173/src/components/SentimentAnalysisControl.tsx?t=1750028445161
→ GET http://localhost:5173/src/components/JobQueueManager.tsx?t=1750028445161
← [33m200[39m http://localhost:5173/src/components/WorkflowManager.css?t=1749992255972
← [33m200[39m http://localhost:5173/src/components/NotificationToast.css
← [33m200[39m http://localhost:5173/src/components/ErrorBoundary.css
← [33m200[39m http://localhost:5173/src/components/MemoryMonitor.tsx?t=1750028445161
← [33m200[39m http://localhost:5173/src/components/SSEProgressIndicator.tsx?t=1750028445161
← [33m200[39m http://localhost:5173/src/components/WebSocketStatus.tsx?t=1750028445161
← [33m200[39m http://localhost:5173/src/components/RealTimeDashboard.css
← [33m200[39m http://localhost:5173/src/components/ProgressIndicator.css
→ GET http://localhost:5173/src/utils/performance.ts
→ GET http://localhost:5173/src/components/LazyComponents.css
← [33m200[39m http://localhost:5173/src/components/AppVersion.css
← [33m200[39m http://localhost:5173/src/components/DataSourcePicker.tsx?t=1750030148913
← [33m200[39m http://localhost:5173/src/components/ProfilerUI.tsx?t=1750030188693
← [33m200[39m http://localhost:5173/src/components/TransformDesigner.tsx?t=1750030251852
← [33m200[39m http://localhost:5173/src/components/TransformOperationEditor.tsx?t=1750024154646
← [33m200[39m http://localhost:5173/src/components/SentimentInsights.tsx?t=1750028445161
← [33m200[39m http://localhost:5173/src/components/TransformPreviewPanel.tsx
← [33m200[39m http://localhost:5173/src/components/TransformConfigDisplay.tsx?t=1750028445161
→ GET http://localhost:5173/src/components/SSEProgressIndicator.css
→ GET http://localhost:5173/src/components/WebSocketStatus.css
→ GET http://localhost:5173/src/hooks/useMemoryMonitor.ts?t=1750028445161
→ GET http://localhost:5173/src/components/MemoryMonitor.css
→ GET http://localhost:5173/src/hooks/useApiErrorHandler.ts?t=1750028445161
→ GET http://localhost:5173/src/components/DataSourcePicker.css?t=1750008828131
→ GET http://localhost:5173/src/components/ProfilerUI.css?t=1750022315517
→ GET http://localhost:5173/src/components/TransformDesigner.css
→ GET http://localhost:5173/src/components/TransformOperationEditor.css
→ GET http://localhost:5173/src/components/SentimentInsights.css
→ GET http://localhost:5173/src/components/TransformPreviewPanel.css
→ GET http://localhost:5173/src/components/TransformConfigDisplay.css
← [33m200[39m http://localhost:5173/src/components/RunWizard.tsx?t=1750030330428
← [33m200[39m http://localhost:5173/src/components/ResultExplorer.tsx?t=1750030490824
← [33m200[39m http://localhost:5173/src/components/VirtualScrollList.tsx
← [33m200[39m http://localhost:5173/src/components/ApiErrorDisplay.tsx
← [33m200[39m http://localhost:5173/src/components/ExportErrorHandler.tsx?t=1750028445161
← [33m200[39m http://localhost:5173/src/components/LargeFileUploader.tsx?t=1750030148913
← [33m200[39m http://localhost:5173/src/components/DataPreview.tsx
← [33m200[39m http://localhost:5173/src/components/ElectronFeatureMonitor.tsx?t=1750028445161
← [33m200[39m http://localhost:5173/src/components/SecurityAuditReport.tsx?t=1750026236037
← [33m200[39m http://localhost:5173/src/components/SecurityBadge.tsx
← [33m200[39m http://localhost:5173/src/components/LargeDatasetExporter.tsx?t=1750028445161
← [33m200[39m http://localhost:5173/src/components/JobQueueManager.tsx?t=1750028445161
← [33m200[39m http://localhost:5173/src/utils/performance.ts
← [33m200[39m http://localhost:5173/src/components/LazyComponents.css
← [33m200[39m http://localhost:5173/src/components/TransformPipelinePersistence.tsx?t=1750028445161
← [33m200[39m http://localhost:5173/src/components/SentimentAnalysisControl.tsx?t=1750028445161
← [33m200[39m http://localhost:5173/src/components/WebSocketStatus.css
← [33m200[39m http://localhost:5173/src/hooks/useMemoryMonitor.ts?t=1750028445161
→ GET http://localhost:5173/src/components/RunWizard.css?t=1749994688834
→ GET http://localhost:5173/src/hooks/useDebounce.ts
→ GET http://localhost:5173/src/components/ResultExplorer.css?t=1750008175222
→ GET http://localhost:5173/src/components/VirtualScrollList.css
→ GET http://localhost:5173/src/components/ApiErrorDisplay.css
→ GET http://localhost:5173/src/components/ExportErrorHandler.css
→ GET http://localhost:5173/src/hooks/useLargeFileUpload.ts?t=1750028445161
→ GET http://localhost:5173/src/components/LargeFileUploader.css
→ GET http://localhost:5173/src/components/DataPreview.css
→ GET http://localhost:5173/src/components/ElectronFeatureMonitor.css
→ GET http://localhost:5173/src/components/SecurityAuditReport.css
→ GET http://localhost:5173/src/components/SecurityBadge.css
→ GET http://localhost:5173/src/components/LargeDatasetExporter.css
→ GET http://localhost:5173/src/components/JobQueueManager.css
→ GET http://localhost:5173/src/components/TransformPipelinePersistence.css
→ GET http://localhost:5173/src/components/SentimentAnalysisControl.css
← [33m200[39m http://localhost:5173/src/components/MemoryMonitor.css
← [33m200[39m http://localhost:5173/src/hooks/useApiErrorHandler.ts?t=1750028445161
← [33m200[39m http://localhost:5173/src/components/SSEProgressIndicator.css
← [33m200[39m http://localhost:5173/src/components/ProfilerUI.css?t=1750022315517
← [33m200[39m http://localhost:5173/src/components/DataSourcePicker.css?t=1750008828131
← [33m200[39m http://localhost:5173/src/components/TransformDesigner.css
← [33m200[39m http://localhost:5173/src/components/TransformOperationEditor.css
← [33m200[39m http://localhost:5173/src/components/SentimentInsights.css
← [33m200[39m http://localhost:5173/src/components/TransformPreviewPanel.css
← [33m200[39m http://localhost:5173/src/components/TransformConfigDisplay.css
← [33m200[39m http://localhost:5173/src/components/RunWizard.css?t=1749994688834
← [33m200[39m http://localhost:5173/src/hooks/useDebounce.ts
← [33m200[39m http://localhost:5173/src/components/VirtualScrollList.css
← [33m200[39m http://localhost:5173/src/components/ResultExplorer.css?t=1750008175222
← [33m200[39m http://localhost:5173/src/components/ExportErrorHandler.css
← [33m200[39m http://localhost:5173/src/components/ApiErrorDisplay.css
← [33m200[39m http://localhost:5173/src/hooks/useLargeFileUpload.ts?t=1750028445161
← [33m200[39m http://localhost:5173/src/components/LargeFileUploader.css
← [33m200[39m http://localhost:5173/src/components/ElectronFeatureMonitor.css
← [33m200[39m http://localhost:5173/src/components/SecurityAuditReport.css
← [33m200[39m http://localhost:5173/src/components/SecurityBadge.css
← [33m200[39m http://localhost:5173/src/components/LargeDatasetExporter.css
← [33m200[39m http://localhost:5173/src/components/JobQueueManager.css
← [33m200[39m http://localhost:5173/src/components/TransformPipelinePersistence.css
← [33m200[39m http://localhost:5173/src/components/DataPreview.css
← [33m200[39m http://localhost:5173/src/components/SentimentAnalysisControl.css

[[ATTACHMENT|artifacts/02-file-upload-File-Upload-032ed-andle-large-CSV-file-upload-browser-webkit/test-failed-1.png]]

[[ATTACHMENT|artifacts/02-file-upload-File-Upload-032ed-andle-large-CSV-file-upload-browser-webkit/video.webm]]

[[ATTACHMENT|artifacts/02-file-upload-File-Upload-032ed-andle-large-CSV-file-upload-browser-webkit/error-context.md]]
]]>
</system-out>
<system-err>
<![CDATA[(node:37984) [DEP0147] DeprecationWarning: In future versions of Node.js, fs.rmdir(path, { recursive: true }) will be removed. Use fs.rm(path, { recursive: true }) instead
(Use `node --trace-deprecation ...` to show where the warning was created)
]]>
</system-err>
</testcase>
<testcase name="File Upload Functionality › should upload PII-containing file and show warnings" classname="02-file-upload.spec.ts" time="1.183">
<failure message="02-file-upload.spec.ts:137:7 should upload PII-containing file and show warnings" type="FAILURE">
<![CDATA[  [browser-webkit] › 02-file-upload.spec.ts:137:7 › File Upload Functionality › should upload PII-containing file and show warnings › Upload PII file 

    Error: expect.toBeAttached: Error: strict mode violation: locator('input[type="file"]') resolved to 2 elements:
        1) <input type="file" accept=".csv,.xlsx,.xls,.tsv" data-testid="file-input-button" aria-label="Select file to upload" aria-describedby="file-restrictions"/> aka getByTestId('file-input-button')
        2) <input multiple type="file" accept=".csv,.xlsx,.xls,.tsv" data-testid="hidden-file-input" aria-describedby="file-requirements" aria-label="Select data files for upload"/> aka getByTestId('hidden-file-input')

    Call log:
      - Expect "toBeAttached" with timeout 5000ms
      - waiting for locator('input[type="file"]')


       at ../fixtures/test-fixtures.ts:203

      201 |   // Now set the file input (works for both browser and Electron modes)
      202 |   const fileInput = page.locator('input[type="file"]');
    > 203 |   await expect(fileInput).toBeAttached({ timeout: 5000 });
          |                           ^
      204 |   await fileInput.setInputFiles(filePath);
      205 | };
      206 |
        at uploadFile (/Users/thomaswagner/Documents/datacloak-sentiment-workbench/packages/e2e-tests/fixtures/test-fixtures.ts:203:27)
        at /Users/thomaswagner/Documents/datacloak-sentiment-workbench/packages/e2e-tests/tests/02-file-upload.spec.ts:139:7
        at /Users/thomaswagner/Documents/datacloak-sentiment-workbench/packages/e2e-tests/tests/02-file-upload.spec.ts:138:5

    attachment #1: screenshot (image/png) ──────────────────────────────────────────────────────────
    test-results/artifacts/02-file-upload-File-Upload-6b334-ning-file-and-show-warnings-browser-webkit/test-failed-1.png
    ────────────────────────────────────────────────────────────────────────────────────────────────

    attachment #2: video (video/webm) ──────────────────────────────────────────────────────────────
    test-results/artifacts/02-file-upload-File-Upload-6b334-ning-file-and-show-warnings-browser-webkit/video.webm
    ────────────────────────────────────────────────────────────────────────────────────────────────

    Error Context: ../test-results/artifacts/02-file-upload-File-Upload-6b334-ning-file-and-show-warnings-browser-webkit/error-context.md
]]>
</failure>
<system-out>
<![CDATA[→ GET http://localhost:5173/
← [33m200[39m http://localhost:5173/
→ GET http://localhost:5173/@react-refresh
→ GET http://localhost:5173/@vite/client
→ GET http://localhost:5173/src/main.tsx?t=1750030703180
← [33m200[39m http://localhost:5173/@react-refresh
← [33m200[39m http://localhost:5173/@vite/client
→ GET http://localhost:5173/node_modules/vite/dist/client/env.mjs
← [33m200[39m http://localhost:5173/src/main.tsx?t=1750030703180
→ GET http://localhost:5173/node_modules/.vite/deps/react_jsx-dev-runtime.js?v=6c3f721c
→ GET http://localhost:5173/node_modules/.vite/deps/react.js?v=6c3f721c
→ GET http://localhost:5173/node_modules/.vite/deps/react-dom_client.js?v=a50e1294
→ GET http://localhost:5173/src/index.css
→ GET http://localhost:5173/src/App.tsx?t=1750030703180
← [33m200[39m http://localhost:5173/node_modules/.vite/deps/react_jsx-dev-runtime.js?v=6c3f721c
← [33m200[39m http://localhost:5173/node_modules/vite/dist/client/env.mjs
→ GET http://localhost:5173/node_modules/.vite/deps/chunk-UBDIXFPO.js?v=676c4d25
← [33m200[39m http://localhost:5173/node_modules/.vite/deps/react.js?v=6c3f721c
← [33m200[39m http://localhost:5173/node_modules/.vite/deps/chunk-UBDIXFPO.js?v=676c4d25
← [33m200[39m http://localhost:5173/node_modules/.vite/deps/react-dom_client.js?v=a50e1294
← [33m200[39m http://localhost:5173/src/index.css
← [33m200[39m http://localhost:5173/src/App.tsx?t=1750030703180
→ GET http://localhost:5173/src/App.css?t=1750030703180
→ GET http://localhost:5173/src/context/AppContext.tsx?t=1750028445161
→ GET http://localhost:5173/src/components/Navigation.tsx?t=1750030602543
→ GET http://localhost:5173/src/components/WorkflowManager.tsx?t=1750030602543
→ GET http://localhost:5173/src/components/NotificationToast.tsx?t=1750028445161
→ GET http://localhost:5173/src/components/ErrorBoundary.tsx
→ GET http://localhost:5173/src/components/ProgressIndicator.tsx?t=1750015148848
→ GET http://localhost:5173/src/components/RealTimeDashboard.tsx?t=1750028445161
→ GET http://localhost:5173/node_modules/.vite/deps/chunk-KBNVMJOC.js?v=676c4d25
← [33m200[39m http://localhost:5173/src/App.css?t=1750030703180
← [33m200[39m http://localhost:5173/src/context/AppContext.tsx?t=1750028445161
← [33m200[39m http://localhost:5173/src/components/Navigation.tsx?t=1750030602543
← [33m200[39m http://localhost:5173/src/components/WorkflowManager.tsx?t=1750030602543
← [33m200[39m http://localhost:5173/src/components/NotificationToast.tsx?t=1750028445161
← [33m200[39m http://localhost:5173/src/components/ProgressIndicator.tsx?t=1750015148848
← [33m200[39m http://localhost:5173/src/components/RealTimeDashboard.tsx?t=1750028445161
← [33m200[39m http://localhost:5173/src/components/ErrorBoundary.tsx
→ GET http://localhost:5173/src/components/AppVersion.tsx
→ GET http://localhost:5173/src/components/Navigation.css?t=1749995170122
→ GET http://localhost:5173/src/components/index.ts?t=1750030602543
→ GET http://localhost:5173/src/components/LazyComponents.tsx?t=1750030490824
→ GET http://localhost:5173/src/hooks/useWebWorker.ts?t=1750014984624
→ GET http://localhost:5173/src/components/WorkflowManager.css?t=1749992255972
→ GET http://localhost:5173/src/components/NotificationToast.css
→ GET http://localhost:5173/src/components/ProgressIndicator.css
→ GET http://localhost:5173/src/components/MemoryMonitor.tsx?t=1750028445161
→ GET http://localhost:5173/src/components/SSEProgressIndicator.tsx?t=1750028445161
→ GET http://localhost:5173/src/components/WebSocketStatus.tsx?t=1750028445161
→ GET http://localhost:5173/src/components/RealTimeDashboard.css
→ GET http://localhost:5173/src/components/ErrorBoundary.css
← [33m200[39m http://localhost:5173/node_modules/.vite/deps/chunk-KBNVMJOC.js?v=676c4d25
← [33m200[39m http://localhost:5173/src/components/AppVersion.tsx
← [33m200[39m http://localhost:5173/src/hooks/useWebWorker.ts?t=1750014984624
← [33m200[39m http://localhost:5173/src/components/Navigation.css?t=1749995170122
← [33m200[39m http://localhost:5173/src/components/index.ts?t=1750030602543
→ GET http://localhost:5173/src/components/AppVersion.css
← [33m200[39m http://localhost:5173/src/components/WorkflowManager.css?t=1749992255972
→ GET http://localhost:5173/src/components/DataSourcePicker.tsx?t=1750030148913
→ GET http://localhost:5173/src/components/ProfilerUI.tsx?t=1750030188693
→ GET http://localhost:5173/src/components/TransformDesigner.tsx?t=1750030251852
→ GET http://localhost:5173/src/components/TransformOperationEditor.tsx?t=1750024154646
→ GET http://localhost:5173/src/components/TransformPreviewPanel.tsx
→ GET http://localhost:5173/src/components/TransformConfigDisplay.tsx?t=1750028445161
→ GET http://localhost:5173/src/components/RunWizard.tsx?t=1750030330428
→ GET http://localhost:5173/src/components/ResultExplorer.tsx?t=1750030490824
→ GET http://localhost:5173/src/components/SentimentInsights.tsx?t=1750028445161
→ GET http://localhost:5173/src/components/DataPreview.tsx
→ GET http://localhost:5173/src/components/VirtualScrollList.tsx
→ GET http://localhost:5173/src/components/ApiErrorDisplay.tsx
→ GET http://localhost:5173/src/components/ExportErrorHandler.tsx?t=1750028445161
→ GET http://localhost:5173/src/components/LargeFileUploader.tsx?t=1750030148913
→ GET http://localhost:5173/src/components/LargeDatasetExporter.tsx?t=1750028445161
→ GET http://localhost:5173/src/components/ElectronFeatureMonitor.tsx?t=1750028445161
→ GET http://localhost:5173/src/components/SecurityAuditReport.tsx?t=1750026236037
→ GET http://localhost:5173/src/components/SecurityBadge.tsx
→ GET http://localhost:5173/src/components/TransformPipelinePersistence.tsx?t=1750028445161
→ GET http://localhost:5173/src/components/SentimentAnalysisControl.tsx?t=1750028445161
→ GET http://localhost:5173/src/components/JobQueueManager.tsx?t=1750028445161
← [33m200[39m http://localhost:5173/src/components/LazyComponents.tsx?t=1750030490824
← [33m200[39m http://localhost:5173/src/components/NotificationToast.css
← [33m200[39m http://localhost:5173/src/components/MemoryMonitor.tsx?t=1750028445161
← [33m200[39m http://localhost:5173/src/components/SSEProgressIndicator.tsx?t=1750028445161
→ GET http://localhost:5173/src/utils/performance.ts
→ GET http://localhost:5173/src/components/LazyComponents.css
→ GET http://localhost:5173/src/hooks/useMemoryMonitor.ts?t=1750028445161
→ GET http://localhost:5173/src/components/MemoryMonitor.css
← [33m200[39m http://localhost:5173/src/components/WebSocketStatus.tsx?t=1750028445161
← [33m200[39m http://localhost:5173/src/components/ErrorBoundary.css
← [33m200[39m http://localhost:5173/src/components/RealTimeDashboard.css
← [33m200[39m http://localhost:5173/src/components/ProgressIndicator.css
← [33m200[39m http://localhost:5173/src/components/AppVersion.css
← [33m200[39m http://localhost:5173/src/components/DataSourcePicker.tsx?t=1750030148913
← [33m200[39m http://localhost:5173/src/components/ProfilerUI.tsx?t=1750030188693
← [33m200[39m http://localhost:5173/src/components/TransformConfigDisplay.tsx?t=1750028445161
→ GET http://localhost:5173/src/components/SSEProgressIndicator.css
→ GET http://localhost:5173/src/components/WebSocketStatus.css
→ GET http://localhost:5173/src/hooks/useApiErrorHandler.ts?t=1750028445161
→ GET http://localhost:5173/src/components/DataSourcePicker.css?t=1750008828131
→ GET http://localhost:5173/src/components/ProfilerUI.css?t=1750022315517
← [33m200[39m http://localhost:5173/src/components/TransformDesigner.tsx?t=1750030251852
← [33m200[39m http://localhost:5173/src/components/TransformOperationEditor.tsx?t=1750024154646
← [33m200[39m http://localhost:5173/src/components/TransformPreviewPanel.tsx
← [33m200[39m http://localhost:5173/src/components/SentimentInsights.tsx?t=1750028445161
← [33m200[39m http://localhost:5173/src/components/DataPreview.tsx
← [33m200[39m http://localhost:5173/src/components/RunWizard.tsx?t=1750030330428
→ GET http://localhost:5173/src/components/TransformConfigDisplay.css
→ GET http://localhost:5173/src/components/TransformDesigner.css
→ GET http://localhost:5173/src/components/TransformOperationEditor.css
→ GET http://localhost:5173/src/components/TransformPreviewPanel.css
→ GET http://localhost:5173/src/components/SentimentInsights.css
→ GET http://localhost:5173/src/components/DataPreview.css
→ GET http://localhost:5173/src/components/RunWizard.css?t=1749994688834
← [33m200[39m http://localhost:5173/src/components/ResultExplorer.tsx?t=1750030490824
← [33m200[39m http://localhost:5173/src/components/ExportErrorHandler.tsx?t=1750028445161
← [33m200[39m http://localhost:5173/src/components/LargeFileUploader.tsx?t=1750030148913
← [33m200[39m http://localhost:5173/src/components/LargeDatasetExporter.tsx?t=1750028445161
← [33m200[39m http://localhost:5173/src/components/VirtualScrollList.tsx
← [33m200[39m http://localhost:5173/src/components/ApiErrorDisplay.tsx
→ GET http://localhost:5173/src/hooks/useDebounce.ts
→ GET http://localhost:5173/src/components/ResultExplorer.css?t=1750008175222
→ GET http://localhost:5173/src/components/ExportErrorHandler.css
→ GET http://localhost:5173/src/hooks/useLargeFileUpload.ts?t=1750028445161
→ GET http://localhost:5173/src/components/LargeFileUploader.css
→ GET http://localhost:5173/src/components/LargeDatasetExporter.css
→ GET http://localhost:5173/src/components/VirtualScrollList.css
→ GET http://localhost:5173/src/components/ApiErrorDisplay.css
← [33m200[39m http://localhost:5173/src/components/SecurityAuditReport.tsx?t=1750026236037
← [33m200[39m http://localhost:5173/src/components/SecurityBadge.tsx
← [33m200[39m http://localhost:5173/src/components/ElectronFeatureMonitor.tsx?t=1750028445161
← [33m200[39m http://localhost:5173/src/utils/performance.ts
← [33m200[39m http://localhost:5173/src/components/TransformPipelinePersistence.tsx?t=1750028445161
← [33m200[39m http://localhost:5173/src/components/SentimentAnalysisControl.tsx?t=1750028445161
← [33m200[39m http://localhost:5173/src/components/JobQueueManager.tsx?t=1750028445161
← [33m200[39m http://localhost:5173/src/components/MemoryMonitor.css
← [33m200[39m http://localhost:5173/src/components/SSEProgressIndicator.css
← [33m200[39m http://localhost:5173/src/components/WebSocketStatus.css
← [33m200[39m http://localhost:5173/src/components/LazyComponents.css
← [33m200[39m http://localhost:5173/src/hooks/useMemoryMonitor.ts?t=1750028445161
← [33m200[39m http://localhost:5173/src/components/ProfilerUI.css?t=1750022315517
← [33m200[39m http://localhost:5173/src/components/TransformConfigDisplay.css
← [33m200[39m http://localhost:5173/src/hooks/useApiErrorHandler.ts?t=1750028445161
→ GET http://localhost:5173/src/components/SecurityAuditReport.css
→ GET http://localhost:5173/src/components/SecurityBadge.css
→ GET http://localhost:5173/src/components/ElectronFeatureMonitor.css
→ GET http://localhost:5173/src/components/TransformPipelinePersistence.css
→ GET http://localhost:5173/src/components/SentimentAnalysisControl.css
→ GET http://localhost:5173/src/components/JobQueueManager.css
← [33m200[39m http://localhost:5173/src/components/DataSourcePicker.css?t=1750008828131
← [33m200[39m http://localhost:5173/src/components/TransformDesigner.css
← [33m200[39m http://localhost:5173/src/components/TransformOperationEditor.css
← [33m200[39m http://localhost:5173/src/components/SentimentInsights.css
← [33m200[39m http://localhost:5173/src/components/DataPreview.css
← [33m200[39m http://localhost:5173/src/components/TransformPreviewPanel.css
← [33m200[39m http://localhost:5173/src/components/RunWizard.css?t=1749994688834
← [33m200[39m http://localhost:5173/src/hooks/useDebounce.ts
← [33m200[39m http://localhost:5173/src/components/ResultExplorer.css?t=1750008175222
← [33m200[39m http://localhost:5173/src/components/ExportErrorHandler.css
← [33m200[39m http://localhost:5173/src/hooks/useLargeFileUpload.ts?t=1750028445161
← [33m200[39m http://localhost:5173/src/components/ApiErrorDisplay.css
← [33m200[39m http://localhost:5173/src/components/LargeFileUploader.css
← [33m200[39m http://localhost:5173/src/components/LargeDatasetExporter.css
← [33m200[39m http://localhost:5173/src/components/VirtualScrollList.css
← [33m200[39m http://localhost:5173/src/components/SecurityAuditReport.css
← [33m200[39m http://localhost:5173/src/components/SecurityBadge.css
← [33m200[39m http://localhost:5173/src/components/ElectronFeatureMonitor.css
← [33m200[39m http://localhost:5173/src/components/TransformPipelinePersistence.css
← [33m200[39m http://localhost:5173/src/components/SentimentAnalysisControl.css
← [33m200[39m http://localhost:5173/src/components/JobQueueManager.css

[[ATTACHMENT|artifacts/02-file-upload-File-Upload-6b334-ning-file-and-show-warnings-browser-webkit/test-failed-1.png]]

[[ATTACHMENT|artifacts/02-file-upload-File-Upload-6b334-ning-file-and-show-warnings-browser-webkit/video.webm]]

[[ATTACHMENT|artifacts/02-file-upload-File-Upload-6b334-ning-file-and-show-warnings-browser-webkit/error-context.md]]
]]>
</system-out>
<system-err>
<![CDATA[(node:37985) [DEP0147] DeprecationWarning: In future versions of Node.js, fs.rmdir(path, { recursive: true }) will be removed. Use fs.rm(path, { recursive: true }) instead
(Use `node --trace-deprecation ...` to show where the warning was created)
]]>
</system-err>
</testcase>
<testcase name="File Upload Functionality › should reject invalid file formats" classname="02-file-upload.spec.ts" time="1.186">
<failure message="02-file-upload.spec.ts:171:7 should reject invalid file formats" type="FAILURE">
<![CDATA[  [browser-webkit] › 02-file-upload.spec.ts:171:7 › File Upload Functionality › should reject invalid file formats › Attempt to upload invalid format 

    Error: locator.setInputFiles: Error: strict mode violation: locator('input[type="file"]') resolved to 2 elements:
        1) <input type="file" accept=".csv,.xlsx,.xls,.tsv" data-testid="file-input-button" aria-label="Select file to upload" aria-describedby="file-restrictions"/> aka getByTestId('file-input-button')
        2) <input multiple type="file" accept=".csv,.xlsx,.xls,.tsv" data-testid="hidden-file-input" aria-describedby="file-requirements" aria-label="Select data files for upload"/> aka getByTestId('hidden-file-input')

    Call log:
      - waiting for locator('input[type="file"]')


      174 |         // In browser mode, try to upload the invalid file
      175 |         const fileInput = page.locator('input[type="file"]');
    > 176 |         await fileInput.setInputFiles(testFiles.invalidFormat);
          |         ^
      177 |       } else {
      178 |         // In Electron mode, the file picker should filter, but we can simulate
      179 |         console.log('Electron mode: File picker should filter invalid formats');
        at /Users/thomaswagner/Documents/datacloak-sentiment-workbench/packages/e2e-tests/tests/02-file-upload.spec.ts:176:9
        at /Users/thomaswagner/Documents/datacloak-sentiment-workbench/packages/e2e-tests/tests/02-file-upload.spec.ts:172:5

    attachment #1: screenshot (image/png) ──────────────────────────────────────────────────────────
    test-results/artifacts/02-file-upload-File-Upload-b9939-reject-invalid-file-formats-browser-webkit/test-failed-1.png
    ────────────────────────────────────────────────────────────────────────────────────────────────

    attachment #2: video (video/webm) ──────────────────────────────────────────────────────────────
    test-results/artifacts/02-file-upload-File-Upload-b9939-reject-invalid-file-formats-browser-webkit/video.webm
    ────────────────────────────────────────────────────────────────────────────────────────────────

    Error Context: ../test-results/artifacts/02-file-upload-File-Upload-b9939-reject-invalid-file-formats-browser-webkit/error-context.md
]]>
</failure>
<system-out>
<![CDATA[→ GET http://localhost:5173/
← [33m200[39m http://localhost:5173/
→ GET http://localhost:5173/@react-refresh
→ GET http://localhost:5173/@vite/client
→ GET http://localhost:5173/src/main.tsx?t=1750030703180
← [33m200[39m http://localhost:5173/@react-refresh
← [33m200[39m http://localhost:5173/@vite/client
→ GET http://localhost:5173/node_modules/vite/dist/client/env.mjs
← [33m200[39m http://localhost:5173/src/main.tsx?t=1750030703180
→ GET http://localhost:5173/node_modules/.vite/deps/react_jsx-dev-runtime.js?v=6c3f721c
→ GET http://localhost:5173/node_modules/.vite/deps/react.js?v=6c3f721c
→ GET http://localhost:5173/node_modules/.vite/deps/react-dom_client.js?v=a50e1294
→ GET http://localhost:5173/src/index.css
→ GET http://localhost:5173/src/App.tsx?t=1750030703180
← [33m200[39m http://localhost:5173/node_modules/vite/dist/client/env.mjs
← [33m200[39m http://localhost:5173/node_modules/.vite/deps/react_jsx-dev-runtime.js?v=6c3f721c
← [33m200[39m http://localhost:5173/node_modules/.vite/deps/react.js?v=6c3f721c
→ GET http://localhost:5173/node_modules/.vite/deps/chunk-UBDIXFPO.js?v=676c4d25
← [33m200[39m http://localhost:5173/node_modules/.vite/deps/react-dom_client.js?v=a50e1294
← [33m200[39m http://localhost:5173/node_modules/.vite/deps/chunk-UBDIXFPO.js?v=676c4d25
← [33m200[39m http://localhost:5173/src/index.css
← [33m200[39m http://localhost:5173/src/App.tsx?t=1750030703180
→ GET http://localhost:5173/node_modules/.vite/deps/chunk-KBNVMJOC.js?v=676c4d25
→ GET http://localhost:5173/src/App.css?t=1750030703180
→ GET http://localhost:5173/src/context/AppContext.tsx?t=1750028445161
→ GET http://localhost:5173/src/components/Navigation.tsx?t=1750030602543
→ GET http://localhost:5173/src/components/WorkflowManager.tsx?t=1750030602543
→ GET http://localhost:5173/src/components/NotificationToast.tsx?t=1750028445161
→ GET http://localhost:5173/src/components/ErrorBoundary.tsx
→ GET http://localhost:5173/src/components/ProgressIndicator.tsx?t=1750015148848
→ GET http://localhost:5173/src/components/RealTimeDashboard.tsx?t=1750028445161
← [33m200[39m http://localhost:5173/node_modules/.vite/deps/chunk-KBNVMJOC.js?v=676c4d25
← [33m200[39m http://localhost:5173/src/App.css?t=1750030703180
← [33m200[39m http://localhost:5173/src/context/AppContext.tsx?t=1750028445161
← [33m200[39m http://localhost:5173/src/components/Navigation.tsx?t=1750030602543
← [33m200[39m http://localhost:5173/src/components/WorkflowManager.tsx?t=1750030602543
→ GET http://localhost:5173/src/components/AppVersion.tsx
→ GET http://localhost:5173/src/components/Navigation.css?t=1749995170122
→ GET http://localhost:5173/src/components/index.ts?t=1750030602543
→ GET http://localhost:5173/src/components/LazyComponents.tsx?t=1750030490824
→ GET http://localhost:5173/src/hooks/useWebWorker.ts?t=1750014984624
→ GET http://localhost:5173/src/components/WorkflowManager.css?t=1749992255972
← [33m200[39m http://localhost:5173/src/components/RealTimeDashboard.tsx?t=1750028445161
← [33m200[39m http://localhost:5173/src/components/ErrorBoundary.tsx
← [33m200[39m http://localhost:5173/src/components/ProgressIndicator.tsx?t=1750015148848
← [33m200[39m http://localhost:5173/src/components/NotificationToast.tsx?t=1750028445161
→ GET http://localhost:5173/src/components/MemoryMonitor.tsx?t=1750028445161
→ GET http://localhost:5173/src/components/SSEProgressIndicator.tsx?t=1750028445161
→ GET http://localhost:5173/src/components/WebSocketStatus.tsx?t=1750028445161
→ GET http://localhost:5173/src/components/RealTimeDashboard.css
→ GET http://localhost:5173/src/components/ErrorBoundary.css
→ GET http://localhost:5173/src/components/ProgressIndicator.css
→ GET http://localhost:5173/src/components/NotificationToast.css
← [33m200[39m http://localhost:5173/src/components/AppVersion.tsx
← [33m200[39m http://localhost:5173/src/components/Navigation.css?t=1749995170122
← [33m200[39m http://localhost:5173/src/components/index.ts?t=1750030602543
← [33m200[39m http://localhost:5173/src/components/LazyComponents.tsx?t=1750030490824
← [33m200[39m http://localhost:5173/src/hooks/useWebWorker.ts?t=1750014984624
→ GET http://localhost:5173/src/components/AppVersion.css
→ GET http://localhost:5173/src/components/DataSourcePicker.tsx?t=1750030148913
→ GET http://localhost:5173/src/components/ProfilerUI.tsx?t=1750030188693
→ GET http://localhost:5173/src/components/TransformDesigner.tsx?t=1750030251852
→ GET http://localhost:5173/src/components/TransformOperationEditor.tsx?t=1750024154646
→ GET http://localhost:5173/src/components/TransformPreviewPanel.tsx
→ GET http://localhost:5173/src/components/TransformConfigDisplay.tsx?t=1750028445161
→ GET http://localhost:5173/src/components/RunWizard.tsx?t=1750030330428
→ GET http://localhost:5173/src/components/ResultExplorer.tsx?t=1750030490824
→ GET http://localhost:5173/src/components/SentimentInsights.tsx?t=1750028445161
→ GET http://localhost:5173/src/components/DataPreview.tsx
→ GET http://localhost:5173/src/components/VirtualScrollList.tsx
→ GET http://localhost:5173/src/components/ApiErrorDisplay.tsx
→ GET http://localhost:5173/src/components/ExportErrorHandler.tsx?t=1750028445161
→ GET http://localhost:5173/src/components/LargeFileUploader.tsx?t=1750030148913
→ GET http://localhost:5173/src/components/LargeDatasetExporter.tsx?t=1750028445161
→ GET http://localhost:5173/src/components/ElectronFeatureMonitor.tsx?t=1750028445161
→ GET http://localhost:5173/src/components/SecurityAuditReport.tsx?t=1750026236037
→ GET http://localhost:5173/src/components/SecurityBadge.tsx
→ GET http://localhost:5173/src/components/TransformPipelinePersistence.tsx?t=1750028445161
→ GET http://localhost:5173/src/components/SentimentAnalysisControl.tsx?t=1750028445161
→ GET http://localhost:5173/src/components/JobQueueManager.tsx?t=1750028445161
→ GET http://localhost:5173/src/utils/performance.ts
→ GET http://localhost:5173/src/components/LazyComponents.css
← [33m200[39m http://localhost:5173/src/components/WorkflowManager.css?t=1749992255972
← [33m200[39m http://localhost:5173/src/components/MemoryMonitor.tsx?t=1750028445161
← [33m200[39m http://localhost:5173/src/components/SSEProgressIndicator.tsx?t=1750028445161
→ GET http://localhost:5173/src/hooks/useMemoryMonitor.ts?t=1750028445161
→ GET http://localhost:5173/src/components/MemoryMonitor.css
← [33m200[39m http://localhost:5173/src/components/WebSocketStatus.tsx?t=1750028445161
→ GET http://localhost:5173/src/components/SSEProgressIndicator.css
→ GET http://localhost:5173/src/components/WebSocketStatus.css
← [33m200[39m http://localhost:5173/src/components/AppVersion.css
← [33m200[39m http://localhost:5173/src/components/ErrorBoundary.css
← [33m200[39m http://localhost:5173/src/components/ProgressIndicator.css
← [33m200[39m http://localhost:5173/src/components/NotificationToast.css
← [33m200[39m http://localhost:5173/src/components/DataSourcePicker.tsx?t=1750030148913
← [33m200[39m http://localhost:5173/src/components/RealTimeDashboard.css
← [33m200[39m http://localhost:5173/src/components/ProfilerUI.tsx?t=1750030188693
→ GET http://localhost:5173/src/hooks/useApiErrorHandler.ts?t=1750028445161
→ GET http://localhost:5173/src/components/DataSourcePicker.css?t=1750008828131
→ GET http://localhost:5173/src/components/ProfilerUI.css?t=1750022315517
← [33m200[39m http://localhost:5173/src/components/TransformDesigner.tsx?t=1750030251852
→ GET http://localhost:5173/src/components/TransformDesigner.css
← [33m200[39m http://localhost:5173/src/components/TransformOperationEditor.tsx?t=1750024154646
← [33m200[39m http://localhost:5173/src/components/TransformPreviewPanel.tsx
← [33m200[39m http://localhost:5173/src/components/TransformConfigDisplay.tsx?t=1750028445161
→ GET http://localhost:5173/src/components/TransformOperationEditor.css
→ GET http://localhost:5173/src/components/TransformPreviewPanel.css
→ GET http://localhost:5173/src/components/TransformConfigDisplay.css
← [33m200[39m http://localhost:5173/src/components/SentimentInsights.tsx?t=1750028445161
← [33m200[39m http://localhost:5173/src/components/DataPreview.tsx
← [33m200[39m http://localhost:5173/src/components/VirtualScrollList.tsx
← [33m200[39m http://localhost:5173/src/components/ApiErrorDisplay.tsx
← [33m200[39m http://localhost:5173/src/components/RunWizard.tsx?t=1750030330428
← [33m200[39m http://localhost:5173/src/components/LargeDatasetExporter.tsx?t=1750028445161
→ GET http://localhost:5173/src/components/SentimentInsights.css
→ GET http://localhost:5173/src/components/VirtualScrollList.css
→ GET http://localhost:5173/src/components/DataPreview.css
→ GET http://localhost:5173/src/components/ApiErrorDisplay.css
→ GET http://localhost:5173/src/components/RunWizard.css?t=1749994688834
→ GET http://localhost:5173/src/components/LargeDatasetExporter.css
← [33m200[39m http://localhost:5173/src/components/LargeFileUploader.tsx?t=1750030148913
← [33m200[39m http://localhost:5173/src/components/ElectronFeatureMonitor.tsx?t=1750028445161
← [33m200[39m http://localhost:5173/src/components/ExportErrorHandler.tsx?t=1750028445161
← [33m200[39m http://localhost:5173/src/components/ResultExplorer.tsx?t=1750030490824
← [33m200[39m http://localhost:5173/src/components/SecurityBadge.tsx
→ GET http://localhost:5173/src/hooks/useLargeFileUpload.ts?t=1750028445161
→ GET http://localhost:5173/src/components/LargeFileUploader.css
→ GET http://localhost:5173/src/components/ElectronFeatureMonitor.css
→ GET http://localhost:5173/src/components/ExportErrorHandler.css
→ GET http://localhost:5173/src/hooks/useDebounce.ts
→ GET http://localhost:5173/src/components/ResultExplorer.css?t=1750008175222
← [33m200[39m http://localhost:5173/src/components/TransformPipelinePersistence.tsx?t=1750028445161
← [33m200[39m http://localhost:5173/src/components/SentimentAnalysisControl.tsx?t=1750028445161
→ GET http://localhost:5173/src/components/SecurityBadge.css
→ GET http://localhost:5173/src/components/TransformPipelinePersistence.css
→ GET http://localhost:5173/src/components/SentimentAnalysisControl.css
← [33m200[39m http://localhost:5173/src/components/JobQueueManager.tsx?t=1750028445161
← [33m200[39m http://localhost:5173/src/components/SecurityAuditReport.tsx?t=1750026236037
← [33m200[39m http://localhost:5173/src/components/LazyComponents.css
← [33m200[39m http://localhost:5173/src/hooks/useMemoryMonitor.ts?t=1750028445161
← [33m200[39m http://localhost:5173/src/components/MemoryMonitor.css
← [33m200[39m http://localhost:5173/src/components/SSEProgressIndicator.css
→ GET http://localhost:5173/src/components/JobQueueManager.css
→ GET http://localhost:5173/src/components/SecurityAuditReport.css
← [33m200[39m http://localhost:5173/src/utils/performance.ts
← [33m200[39m http://localhost:5173/src/components/WebSocketStatus.css
← [33m200[39m http://localhost:5173/src/components/DataSourcePicker.css?t=1750008828131
← [33m200[39m http://localhost:5173/src/hooks/useApiErrorHandler.ts?t=1750028445161
← [33m200[39m http://localhost:5173/src/components/ProfilerUI.css?t=1750022315517
← [33m200[39m http://localhost:5173/src/components/TransformDesigner.css
← [33m200[39m http://localhost:5173/src/components/VirtualScrollList.css
← [33m200[39m http://localhost:5173/src/components/TransformOperationEditor.css
← [33m200[39m http://localhost:5173/src/components/TransformPreviewPanel.css
← [33m200[39m http://localhost:5173/src/components/TransformConfigDisplay.css
← [33m200[39m http://localhost:5173/src/components/SentimentInsights.css
← [33m200[39m http://localhost:5173/src/components/ApiErrorDisplay.css
← [33m200[39m http://localhost:5173/src/components/RunWizard.css?t=1749994688834
← [33m200[39m http://localhost:5173/src/components/LargeDatasetExporter.css
← [33m200[39m http://localhost:5173/src/hooks/useLargeFileUpload.ts?t=1750028445161
← [33m200[39m http://localhost:5173/src/components/DataPreview.css
← [33m200[39m http://localhost:5173/src/components/ElectronFeatureMonitor.css
← [33m200[39m http://localhost:5173/src/components/ExportErrorHandler.css
← [33m200[39m http://localhost:5173/src/hooks/useDebounce.ts
← [33m200[39m http://localhost:5173/src/components/LargeFileUploader.css
← [33m200[39m http://localhost:5173/src/components/TransformPipelinePersistence.css
← [33m200[39m http://localhost:5173/src/components/ResultExplorer.css?t=1750008175222
← [33m200[39m http://localhost:5173/src/components/SecurityBadge.css
← [33m200[39m http://localhost:5173/src/components/SentimentAnalysisControl.css
← [33m200[39m http://localhost:5173/src/components/JobQueueManager.css
← [33m200[39m http://localhost:5173/src/components/SecurityAuditReport.css

[[ATTACHMENT|artifacts/02-file-upload-File-Upload-b9939-reject-invalid-file-formats-browser-webkit/test-failed-1.png]]

[[ATTACHMENT|artifacts/02-file-upload-File-Upload-b9939-reject-invalid-file-formats-browser-webkit/video.webm]]

[[ATTACHMENT|artifacts/02-file-upload-File-Upload-b9939-reject-invalid-file-formats-browser-webkit/error-context.md]]
]]>
</system-out>
<system-err>
<![CDATA[(node:37986) [DEP0147] DeprecationWarning: In future versions of Node.js, fs.rmdir(path, { recursive: true }) will be removed. Use fs.rm(path, { recursive: true }) instead
(Use `node --trace-deprecation ...` to show where the warning was created)
]]>
</system-err>
</testcase>
<testcase name="File Upload Functionality › should handle malformed CSV gracefully" classname="02-file-upload.spec.ts" time="1.197">
<failure message="02-file-upload.spec.ts:208:7 should handle malformed CSV gracefully" type="FAILURE">
<![CDATA[  [browser-webkit] › 02-file-upload.spec.ts:208:7 › File Upload Functionality › should handle malformed CSV gracefully › Upload malformed CSV 

    Error: expect.toBeAttached: Error: strict mode violation: locator('input[type="file"]') resolved to 2 elements:
        1) <input type="file" accept=".csv,.xlsx,.xls,.tsv" data-testid="file-input-button" aria-label="Select file to upload" aria-describedby="file-restrictions"/> aka getByTestId('file-input-button')
        2) <input multiple type="file" accept=".csv,.xlsx,.xls,.tsv" data-testid="hidden-file-input" aria-describedby="file-requirements" aria-label="Select data files for upload"/> aka getByTestId('hidden-file-input')

    Call log:
      - Expect "toBeAttached" with timeout 5000ms
      - waiting for locator('input[type="file"]')


       at ../fixtures/test-fixtures.ts:203

      201 |   // Now set the file input (works for both browser and Electron modes)
      202 |   const fileInput = page.locator('input[type="file"]');
    > 203 |   await expect(fileInput).toBeAttached({ timeout: 5000 });
          |                           ^
      204 |   await fileInput.setInputFiles(filePath);
      205 | };
      206 |
        at uploadFile (/Users/thomaswagner/Documents/datacloak-sentiment-workbench/packages/e2e-tests/fixtures/test-fixtures.ts:203:27)
        at /Users/thomaswagner/Documents/datacloak-sentiment-workbench/packages/e2e-tests/tests/02-file-upload.spec.ts:210:7
        at /Users/thomaswagner/Documents/datacloak-sentiment-workbench/packages/e2e-tests/tests/02-file-upload.spec.ts:209:5

    attachment #1: screenshot (image/png) ──────────────────────────────────────────────────────────
    test-results/artifacts/02-file-upload-File-Upload-2abe1-le-malformed-CSV-gracefully-browser-webkit/test-failed-1.png
    ────────────────────────────────────────────────────────────────────────────────────────────────

    attachment #2: video (video/webm) ──────────────────────────────────────────────────────────────
    test-results/artifacts/02-file-upload-File-Upload-2abe1-le-malformed-CSV-gracefully-browser-webkit/video.webm
    ────────────────────────────────────────────────────────────────────────────────────────────────

    Error Context: ../test-results/artifacts/02-file-upload-File-Upload-2abe1-le-malformed-CSV-gracefully-browser-webkit/error-context.md
]]>
</failure>
<system-out>
<![CDATA[→ GET http://localhost:5173/
← [33m200[39m http://localhost:5173/
→ GET http://localhost:5173/@react-refresh
→ GET http://localhost:5173/@vite/client
→ GET http://localhost:5173/src/main.tsx?t=1750030703180
← [33m200[39m http://localhost:5173/@react-refresh
← [33m200[39m http://localhost:5173/@vite/client
→ GET http://localhost:5173/node_modules/vite/dist/client/env.mjs
← [33m200[39m http://localhost:5173/src/main.tsx?t=1750030703180
→ GET http://localhost:5173/node_modules/.vite/deps/react_jsx-dev-runtime.js?v=6c3f721c
→ GET http://localhost:5173/node_modules/.vite/deps/react.js?v=6c3f721c
→ GET http://localhost:5173/node_modules/.vite/deps/react-dom_client.js?v=a50e1294
→ GET http://localhost:5173/src/index.css
→ GET http://localhost:5173/src/App.tsx?t=1750030703180
← [33m200[39m http://localhost:5173/node_modules/vite/dist/client/env.mjs
← [33m200[39m http://localhost:5173/node_modules/.vite/deps/react_jsx-dev-runtime.js?v=6c3f721c
← [33m200[39m http://localhost:5173/node_modules/.vite/deps/react.js?v=6c3f721c
→ GET http://localhost:5173/node_modules/.vite/deps/chunk-UBDIXFPO.js?v=676c4d25
← [33m200[39m http://localhost:5173/node_modules/.vite/deps/react-dom_client.js?v=a50e1294
← [33m200[39m http://localhost:5173/src/index.css
← [33m200[39m http://localhost:5173/src/App.tsx?t=1750030703180
← [33m200[39m http://localhost:5173/node_modules/.vite/deps/chunk-UBDIXFPO.js?v=676c4d25
→ GET http://localhost:5173/src/App.css?t=1750030703180
→ GET http://localhost:5173/src/context/AppContext.tsx?t=1750028445161
→ GET http://localhost:5173/src/components/Navigation.tsx?t=1750030602543
→ GET http://localhost:5173/src/components/WorkflowManager.tsx?t=1750030602543
→ GET http://localhost:5173/src/components/NotificationToast.tsx?t=1750028445161
→ GET http://localhost:5173/src/components/ErrorBoundary.tsx
→ GET http://localhost:5173/src/components/ProgressIndicator.tsx?t=1750015148848
→ GET http://localhost:5173/src/components/RealTimeDashboard.tsx?t=1750028445161
← [33m200[39m http://localhost:5173/src/App.css?t=1750030703180
← [33m200[39m http://localhost:5173/src/context/AppContext.tsx?t=1750028445161
← [33m200[39m http://localhost:5173/src/components/Navigation.tsx?t=1750030602543
← [33m200[39m http://localhost:5173/src/components/RealTimeDashboard.tsx?t=1750028445161
→ GET http://localhost:5173/node_modules/.vite/deps/chunk-KBNVMJOC.js?v=676c4d25
→ GET http://localhost:5173/src/components/AppVersion.tsx
→ GET http://localhost:5173/src/components/Navigation.css?t=1749995170122
→ GET http://localhost:5173/src/components/MemoryMonitor.tsx?t=1750028445161
→ GET http://localhost:5173/src/components/SSEProgressIndicator.tsx?t=1750028445161
→ GET http://localhost:5173/src/components/WebSocketStatus.tsx?t=1750028445161
→ GET http://localhost:5173/src/components/RealTimeDashboard.css
← [33m200[39m http://localhost:5173/src/components/WorkflowManager.tsx?t=1750030602543
← [33m200[39m http://localhost:5173/src/components/NotificationToast.tsx?t=1750028445161
← [33m200[39m http://localhost:5173/src/components/ErrorBoundary.tsx
← [33m200[39m http://localhost:5173/src/components/ProgressIndicator.tsx?t=1750015148848
← [33m200[39m http://localhost:5173/node_modules/.vite/deps/chunk-KBNVMJOC.js?v=676c4d25
← [33m200[39m http://localhost:5173/src/components/AppVersion.tsx
← [33m200[39m http://localhost:5173/src/components/Navigation.css?t=1749995170122
← [33m200[39m http://localhost:5173/src/components/MemoryMonitor.tsx?t=1750028445161
← [33m200[39m http://localhost:5173/src/components/SSEProgressIndicator.tsx?t=1750028445161
← [33m200[39m http://localhost:5173/src/components/WebSocketStatus.tsx?t=1750028445161
→ GET http://localhost:5173/src/components/index.ts?t=1750030602543
→ GET http://localhost:5173/src/components/LazyComponents.tsx?t=1750030490824
→ GET http://localhost:5173/src/hooks/useWebWorker.ts?t=1750014984624
→ GET http://localhost:5173/src/components/WorkflowManager.css?t=1749992255972
→ GET http://localhost:5173/src/components/NotificationToast.css
→ GET http://localhost:5173/src/components/ErrorBoundary.css
→ GET http://localhost:5173/src/components/ProgressIndicator.css
→ GET http://localhost:5173/src/components/AppVersion.css
→ GET http://localhost:5173/src/hooks/useMemoryMonitor.ts?t=1750028445161
→ GET http://localhost:5173/src/components/MemoryMonitor.css
→ GET http://localhost:5173/src/components/ApiErrorDisplay.tsx
→ GET http://localhost:5173/src/components/SSEProgressIndicator.css
← [33m200[39m http://localhost:5173/src/components/RealTimeDashboard.css
← [33m200[39m http://localhost:5173/src/components/index.ts?t=1750030602543
→ GET http://localhost:5173/src/components/WebSocketStatus.css
← [33m200[39m http://localhost:5173/src/components/LazyComponents.tsx?t=1750030490824
← [33m200[39m http://localhost:5173/src/hooks/useWebWorker.ts?t=1750014984624
← [33m200[39m http://localhost:5173/src/components/WorkflowManager.css?t=1749992255972
← [33m200[39m http://localhost:5173/src/components/NotificationToast.css
← [33m200[39m http://localhost:5173/src/components/ErrorBoundary.css
← [33m200[39m http://localhost:5173/src/hooks/useMemoryMonitor.ts?t=1750028445161
← [33m200[39m http://localhost:5173/src/components/MemoryMonitor.css
→ GET http://localhost:5173/src/components/DataSourcePicker.tsx?t=1750030148913
→ GET http://localhost:5173/src/components/ProfilerUI.tsx?t=1750030188693
→ GET http://localhost:5173/src/components/TransformDesigner.tsx?t=1750030251852
→ GET http://localhost:5173/src/components/TransformOperationEditor.tsx?t=1750024154646
→ GET http://localhost:5173/src/components/TransformPreviewPanel.tsx
→ GET http://localhost:5173/src/components/TransformConfigDisplay.tsx?t=1750028445161
→ GET http://localhost:5173/src/components/RunWizard.tsx?t=1750030330428
→ GET http://localhost:5173/src/components/ResultExplorer.tsx?t=1750030490824
→ GET http://localhost:5173/src/components/SentimentInsights.tsx?t=1750028445161
→ GET http://localhost:5173/src/components/DataPreview.tsx
→ GET http://localhost:5173/src/components/VirtualScrollList.tsx
→ GET http://localhost:5173/src/components/ExportErrorHandler.tsx?t=1750028445161
→ GET http://localhost:5173/src/components/LargeFileUploader.tsx?t=1750030148913
→ GET http://localhost:5173/src/components/LargeDatasetExporter.tsx?t=1750028445161
→ GET http://localhost:5173/src/components/ElectronFeatureMonitor.tsx?t=1750028445161
→ GET http://localhost:5173/src/components/SecurityAuditReport.tsx?t=1750026236037
→ GET http://localhost:5173/src/components/SecurityBadge.tsx
→ GET http://localhost:5173/src/components/TransformPipelinePersistence.tsx?t=1750028445161
→ GET http://localhost:5173/src/components/SentimentAnalysisControl.tsx?t=1750028445161
→ GET http://localhost:5173/src/components/JobQueueManager.tsx?t=1750028445161
→ GET http://localhost:5173/src/utils/performance.ts
→ GET http://localhost:5173/src/components/LazyComponents.css
← [33m200[39m http://localhost:5173/src/components/ApiErrorDisplay.tsx
← [33m200[39m http://localhost:5173/src/components/ProgressIndicator.css
← [33m200[39m http://localhost:5173/src/components/AppVersion.css
← [33m200[39m http://localhost:5173/src/components/WebSocketStatus.css
← [33m200[39m http://localhost:5173/src/components/SSEProgressIndicator.css
→ GET http://localhost:5173/src/components/ApiErrorDisplay.css
← [33m200[39m http://localhost:5173/src/components/DataSourcePicker.tsx?t=1750030148913
← [33m200[39m http://localhost:5173/src/components/ProfilerUI.tsx?t=1750030188693
← [33m200[39m http://localhost:5173/src/components/TransformDesigner.tsx?t=1750030251852
← [33m200[39m http://localhost:5173/src/components/TransformOperationEditor.tsx?t=1750024154646
→ GET http://localhost:5173/src/hooks/useApiErrorHandler.ts?t=1750028445161
→ GET http://localhost:5173/src/components/DataSourcePicker.css?t=1750008828131
→ GET http://localhost:5173/src/components/ProfilerUI.css?t=1750022315517
→ GET http://localhost:5173/src/components/TransformDesigner.css
→ GET http://localhost:5173/src/components/TransformOperationEditor.css
← [33m200[39m http://localhost:5173/src/components/ResultExplorer.tsx?t=1750030490824
← [33m200[39m http://localhost:5173/src/components/SentimentInsights.tsx?t=1750028445161
← [33m200[39m http://localhost:5173/src/components/TransformPreviewPanel.tsx
← [33m200[39m http://localhost:5173/src/components/TransformConfigDisplay.tsx?t=1750028445161
← [33m200[39m http://localhost:5173/src/components/RunWizard.tsx?t=1750030330428
← [33m200[39m http://localhost:5173/src/components/VirtualScrollList.tsx
← [33m200[39m http://localhost:5173/src/components/ExportErrorHandler.tsx?t=1750028445161
→ GET http://localhost:5173/src/hooks/useDebounce.ts
→ GET http://localhost:5173/src/components/ResultExplorer.css?t=1750008175222
→ GET http://localhost:5173/src/components/SentimentInsights.css
→ GET http://localhost:5173/src/components/TransformPreviewPanel.css
→ GET http://localhost:5173/src/components/TransformConfigDisplay.css
→ GET http://localhost:5173/src/components/RunWizard.css?t=1749994688834
← [33m200[39m http://localhost:5173/src/components/LargeFileUploader.tsx?t=1750030148913
← [33m200[39m http://localhost:5173/src/components/DataPreview.tsx
← [33m200[39m http://localhost:5173/src/components/SecurityAuditReport.tsx?t=1750026236037
← [33m200[39m http://localhost:5173/src/components/SecurityBadge.tsx
← [33m200[39m http://localhost:5173/src/components/LargeDatasetExporter.tsx?t=1750028445161
← [33m200[39m http://localhost:5173/src/components/ElectronFeatureMonitor.tsx?t=1750028445161
← [33m200[39m http://localhost:5173/src/components/JobQueueManager.tsx?t=1750028445161
← [33m200[39m http://localhost:5173/src/utils/performance.ts
← [33m200[39m http://localhost:5173/src/components/LazyComponents.css
← [33m200[39m http://localhost:5173/src/components/TransformPipelinePersistence.tsx?t=1750028445161
← [33m200[39m http://localhost:5173/src/components/SentimentAnalysisControl.tsx?t=1750028445161
← [33m200[39m http://localhost:5173/src/hooks/useApiErrorHandler.ts?t=1750028445161
→ GET http://localhost:5173/src/components/VirtualScrollList.css
→ GET http://localhost:5173/src/components/ExportErrorHandler.css
→ GET http://localhost:5173/src/hooks/useLargeFileUpload.ts?t=1750028445161
→ GET http://localhost:5173/src/components/LargeFileUploader.css
→ GET http://localhost:5173/src/components/DataPreview.css
→ GET http://localhost:5173/src/components/SecurityAuditReport.css
→ GET http://localhost:5173/src/components/SecurityBadge.css
→ GET http://localhost:5173/src/components/LargeDatasetExporter.css
→ GET http://localhost:5173/src/components/ElectronFeatureMonitor.css
→ GET http://localhost:5173/src/components/JobQueueManager.css
→ GET http://localhost:5173/src/components/TransformPipelinePersistence.css
→ GET http://localhost:5173/src/components/SentimentAnalysisControl.css
← [33m200[39m http://localhost:5173/src/components/DataSourcePicker.css?t=1750008828131
← [33m200[39m http://localhost:5173/src/components/ProfilerUI.css?t=1750022315517
← [33m200[39m http://localhost:5173/src/components/TransformDesigner.css
← [33m200[39m http://localhost:5173/src/components/ApiErrorDisplay.css
← [33m200[39m http://localhost:5173/src/hooks/useDebounce.ts
← [33m200[39m http://localhost:5173/src/components/ResultExplorer.css?t=1750008175222
← [33m200[39m http://localhost:5173/src/components/TransformOperationEditor.css
← [33m200[39m http://localhost:5173/src/components/SentimentInsights.css
← [33m200[39m http://localhost:5173/src/components/TransformPreviewPanel.css
← [33m200[39m http://localhost:5173/src/components/TransformConfigDisplay.css
← [33m200[39m http://localhost:5173/src/components/RunWizard.css?t=1749994688834
← [33m200[39m http://localhost:5173/src/components/VirtualScrollList.css
← [33m200[39m http://localhost:5173/src/components/ExportErrorHandler.css
← [33m200[39m http://localhost:5173/src/hooks/useLargeFileUpload.ts?t=1750028445161
← [33m200[39m http://localhost:5173/src/components/LargeFileUploader.css
← [33m200[39m http://localhost:5173/src/components/DataPreview.css
← [33m200[39m http://localhost:5173/src/components/SecurityAuditReport.css
← [33m200[39m http://localhost:5173/src/components/SecurityBadge.css
← [33m200[39m http://localhost:5173/src/components/LargeDatasetExporter.css
← [33m200[39m http://localhost:5173/src/components/ElectronFeatureMonitor.css
← [33m200[39m http://localhost:5173/src/components/JobQueueManager.css
← [33m200[39m http://localhost:5173/src/components/TransformPipelinePersistence.css
← [33m200[39m http://localhost:5173/src/components/SentimentAnalysisControl.css

[[ATTACHMENT|artifacts/02-file-upload-File-Upload-2abe1-le-malformed-CSV-gracefully-browser-webkit/test-failed-1.png]]

[[ATTACHMENT|artifacts/02-file-upload-File-Upload-2abe1-le-malformed-CSV-gracefully-browser-webkit/video.webm]]

[[ATTACHMENT|artifacts/02-file-upload-File-Upload-2abe1-le-malformed-CSV-gracefully-browser-webkit/error-context.md]]
]]>
</system-out>
<system-err>
<![CDATA[(node:38017) [DEP0147] DeprecationWarning: In future versions of Node.js, fs.rmdir(path, { recursive: true }) will be removed. Use fs.rm(path, { recursive: true }) instead
(Use `node --trace-deprecation ...` to show where the warning was created)
]]>
</system-err>
</testcase>
<testcase name="File Upload Functionality › should support drag and drop file upload" classname="02-file-upload.spec.ts" time="6.196">
<failure message="02-file-upload.spec.ts:241:7 should support drag and drop file upload" type="FAILURE">
<![CDATA[  [browser-webkit] › 02-file-upload.spec.ts:241:7 › File Upload Functionality › should support drag and drop file upload › Drag and drop file 

    Error: Timed out 5000ms waiting for expect(locator).toBeVisible()

    Locator: locator('.drop-zone, [data-testid="drop-zone"]')
    Expected: visible
    Received: <element(s) not found>
    Call log:
      - Expect "toBeVisible" with timeout 5000ms
      - waiting for locator('.drop-zone, [data-testid="drop-zone"]')


      242 |     await test.step('Drag and drop file', async () => {
      243 |       const dropZone = page.locator('.drop-zone, [data-testid="drop-zone"]');
    > 244 |       await expect(dropZone).toBeVisible();
          |                              ^
      245 |       
      246 |       if (browserMode) {
      247 |         // Create a realistic drag and drop simulation for browser
        at /Users/thomaswagner/Documents/datacloak-sentiment-workbench/packages/e2e-tests/tests/02-file-upload.spec.ts:244:30
        at /Users/thomaswagner/Documents/datacloak-sentiment-workbench/packages/e2e-tests/tests/02-file-upload.spec.ts:242:16

    attachment #1: screenshot (image/png) ──────────────────────────────────────────────────────────
    test-results/artifacts/02-file-upload-File-Upload-28b70-t-drag-and-drop-file-upload-browser-webkit/test-failed-1.png
    ────────────────────────────────────────────────────────────────────────────────────────────────

    attachment #2: video (video/webm) ──────────────────────────────────────────────────────────────
    test-results/artifacts/02-file-upload-File-Upload-28b70-t-drag-and-drop-file-upload-browser-webkit/video.webm
    ────────────────────────────────────────────────────────────────────────────────────────────────

    Error Context: ../test-results/artifacts/02-file-upload-File-Upload-28b70-t-drag-and-drop-file-upload-browser-webkit/error-context.md
]]>
</failure>
<system-out>
<![CDATA[→ GET http://localhost:5173/
← [33m200[39m http://localhost:5173/
→ GET http://localhost:5173/@react-refresh
→ GET http://localhost:5173/@vite/client
→ GET http://localhost:5173/src/main.tsx?t=1750030703180
← [33m200[39m http://localhost:5173/@react-refresh
← [33m200[39m http://localhost:5173/@vite/client
→ GET http://localhost:5173/node_modules/vite/dist/client/env.mjs
← [33m200[39m http://localhost:5173/src/main.tsx?t=1750030703180
→ GET http://localhost:5173/node_modules/.vite/deps/react_jsx-dev-runtime.js?v=6c3f721c
→ GET http://localhost:5173/node_modules/.vite/deps/react.js?v=6c3f721c
→ GET http://localhost:5173/node_modules/.vite/deps/react-dom_client.js?v=a50e1294
→ GET http://localhost:5173/src/index.css
→ GET http://localhost:5173/src/App.tsx?t=1750030703180
← [33m200[39m http://localhost:5173/node_modules/vite/dist/client/env.mjs
← [33m200[39m http://localhost:5173/node_modules/.vite/deps/react_jsx-dev-runtime.js?v=6c3f721c
← [33m200[39m http://localhost:5173/node_modules/.vite/deps/react.js?v=6c3f721c
→ GET http://localhost:5173/node_modules/.vite/deps/chunk-UBDIXFPO.js?v=676c4d25
← [33m200[39m http://localhost:5173/node_modules/.vite/deps/react-dom_client.js?v=a50e1294
← [33m200[39m http://localhost:5173/src/index.css
← [33m200[39m http://localhost:5173/src/App.tsx?t=1750030703180
← [33m200[39m http://localhost:5173/node_modules/.vite/deps/chunk-UBDIXFPO.js?v=676c4d25
→ GET http://localhost:5173/src/App.css?t=1750030703180
→ GET http://localhost:5173/src/context/AppContext.tsx?t=1750028445161
→ GET http://localhost:5173/src/components/Navigation.tsx?t=1750030602543
→ GET http://localhost:5173/src/components/WorkflowManager.tsx?t=1750030602543
→ GET http://localhost:5173/src/components/NotificationToast.tsx?t=1750028445161
→ GET http://localhost:5173/src/components/ErrorBoundary.tsx
→ GET http://localhost:5173/src/components/ProgressIndicator.tsx?t=1750015148848
→ GET http://localhost:5173/src/components/RealTimeDashboard.tsx?t=1750028445161
← [33m200[39m http://localhost:5173/src/App.css?t=1750030703180
← [33m200[39m http://localhost:5173/src/context/AppContext.tsx?t=1750028445161
→ GET http://localhost:5173/node_modules/.vite/deps/chunk-KBNVMJOC.js?v=676c4d25
← [33m200[39m http://localhost:5173/src/components/Navigation.tsx?t=1750030602543
← [33m200[39m http://localhost:5173/src/components/RealTimeDashboard.tsx?t=1750028445161
← [33m200[39m http://localhost:5173/src/components/WorkflowManager.tsx?t=1750030602543
← [33m200[39m http://localhost:5173/src/components/NotificationToast.tsx?t=1750028445161
← [33m200[39m http://localhost:5173/src/components/ErrorBoundary.tsx
← [33m200[39m http://localhost:5173/src/components/ProgressIndicator.tsx?t=1750015148848
→ GET http://localhost:5173/src/components/AppVersion.tsx
→ GET http://localhost:5173/src/components/Navigation.css?t=1749995170122
→ GET http://localhost:5173/src/components/MemoryMonitor.tsx?t=1750028445161
→ GET http://localhost:5173/src/components/SSEProgressIndicator.tsx?t=1750028445161
→ GET http://localhost:5173/src/components/WebSocketStatus.tsx?t=1750028445161
→ GET http://localhost:5173/src/components/RealTimeDashboard.css
→ GET http://localhost:5173/src/components/index.ts?t=1750030602543
→ GET http://localhost:5173/src/components/LazyComponents.tsx?t=1750030490824
→ GET http://localhost:5173/src/hooks/useWebWorker.ts?t=1750014984624
→ GET http://localhost:5173/src/components/WorkflowManager.css?t=1749992255972
→ GET http://localhost:5173/src/components/NotificationToast.css
→ GET http://localhost:5173/src/components/ErrorBoundary.css
→ GET http://localhost:5173/src/components/ProgressIndicator.css
← [33m200[39m http://localhost:5173/node_modules/.vite/deps/chunk-KBNVMJOC.js?v=676c4d25
← [33m200[39m http://localhost:5173/src/components/AppVersion.tsx
← [33m200[39m http://localhost:5173/src/components/Navigation.css?t=1749995170122
← [33m200[39m http://localhost:5173/src/components/MemoryMonitor.tsx?t=1750028445161
→ GET http://localhost:5173/src/components/AppVersion.css
→ GET http://localhost:5173/src/hooks/useMemoryMonitor.ts?t=1750028445161
→ GET http://localhost:5173/src/components/MemoryMonitor.css
← [33m200[39m http://localhost:5173/src/components/SSEProgressIndicator.tsx?t=1750028445161
→ GET http://localhost:5173/src/components/ApiErrorDisplay.tsx
→ GET http://localhost:5173/src/components/SSEProgressIndicator.css
← [33m200[39m http://localhost:5173/src/components/WebSocketStatus.tsx?t=1750028445161
← [33m200[39m http://localhost:5173/src/components/RealTimeDashboard.css
→ GET http://localhost:5173/src/components/WebSocketStatus.css
← [33m200[39m http://localhost:5173/src/components/index.ts?t=1750030602543
← [33m200[39m http://localhost:5173/src/components/LazyComponents.tsx?t=1750030490824
← [33m200[39m http://localhost:5173/src/components/WorkflowManager.css?t=1749992255972
← [33m200[39m http://localhost:5173/src/hooks/useWebWorker.ts?t=1750014984624
← [33m200[39m http://localhost:5173/src/components/ProgressIndicator.css
← [33m200[39m http://localhost:5173/src/components/NotificationToast.css
← [33m200[39m http://localhost:5173/src/components/ErrorBoundary.css
← [33m200[39m http://localhost:5173/src/components/AppVersion.css
→ GET http://localhost:5173/src/components/DataSourcePicker.tsx?t=1750030148913
→ GET http://localhost:5173/src/components/ProfilerUI.tsx?t=1750030188693
→ GET http://localhost:5173/src/components/TransformDesigner.tsx?t=1750030251852
→ GET http://localhost:5173/src/components/TransformOperationEditor.tsx?t=1750024154646
→ GET http://localhost:5173/src/components/TransformPreviewPanel.tsx
→ GET http://localhost:5173/src/components/TransformConfigDisplay.tsx?t=1750028445161
→ GET http://localhost:5173/src/components/RunWizard.tsx?t=1750030330428
→ GET http://localhost:5173/src/components/ResultExplorer.tsx?t=1750030490824
→ GET http://localhost:5173/src/components/SentimentInsights.tsx?t=1750028445161
→ GET http://localhost:5173/src/components/DataPreview.tsx
→ GET http://localhost:5173/src/components/VirtualScrollList.tsx
→ GET http://localhost:5173/src/components/ExportErrorHandler.tsx?t=1750028445161
→ GET http://localhost:5173/src/components/LargeFileUploader.tsx?t=1750030148913
→ GET http://localhost:5173/src/components/LargeDatasetExporter.tsx?t=1750028445161
→ GET http://localhost:5173/src/components/ElectronFeatureMonitor.tsx?t=1750028445161
→ GET http://localhost:5173/src/components/SecurityAuditReport.tsx?t=1750026236037
→ GET http://localhost:5173/src/components/SecurityBadge.tsx
→ GET http://localhost:5173/src/components/TransformPipelinePersistence.tsx?t=1750028445161
→ GET http://localhost:5173/src/components/SentimentAnalysisControl.tsx?t=1750028445161
→ GET http://localhost:5173/src/components/JobQueueManager.tsx?t=1750028445161
→ GET http://localhost:5173/src/utils/performance.ts
→ GET http://localhost:5173/src/components/LazyComponents.css
← [33m200[39m http://localhost:5173/src/hooks/useMemoryMonitor.ts?t=1750028445161
← [33m200[39m http://localhost:5173/src/components/MemoryMonitor.css
← [33m200[39m http://localhost:5173/src/components/ApiErrorDisplay.tsx
← [33m200[39m http://localhost:5173/src/components/SSEProgressIndicator.css
← [33m200[39m http://localhost:5173/src/components/WebSocketStatus.css
→ GET http://localhost:5173/src/components/ApiErrorDisplay.css
← [33m200[39m http://localhost:5173/src/components/DataSourcePicker.tsx?t=1750030148913
← [33m200[39m http://localhost:5173/src/components/ProfilerUI.tsx?t=1750030188693
→ GET http://localhost:5173/src/hooks/useApiErrorHandler.ts?t=1750028445161
→ GET http://localhost:5173/src/components/DataSourcePicker.css?t=1750008828131
→ GET http://localhost:5173/src/components/ProfilerUI.css?t=1750022315517
← [33m200[39m http://localhost:5173/src/components/TransformOperationEditor.tsx?t=1750024154646
← [33m200[39m http://localhost:5173/src/components/TransformPreviewPanel.tsx
→ GET http://localhost:5173/src/components/TransformOperationEditor.css
← [33m200[39m http://localhost:5173/src/components/TransformConfigDisplay.tsx?t=1750028445161
← [33m200[39m http://localhost:5173/src/components/RunWizard.tsx?t=1750030330428
→ GET http://localhost:5173/src/components/TransformPreviewPanel.css
→ GET http://localhost:5173/src/components/TransformConfigDisplay.css
→ GET http://localhost:5173/src/components/RunWizard.css?t=1749994688834
← [33m200[39m http://localhost:5173/src/components/ResultExplorer.tsx?t=1750030490824
← [33m200[39m http://localhost:5173/src/components/SentimentInsights.tsx?t=1750028445161
← [33m200[39m http://localhost:5173/src/components/DataPreview.tsx
→ GET http://localhost:5173/src/hooks/useDebounce.ts
→ GET http://localhost:5173/src/components/ResultExplorer.css?t=1750008175222
→ GET http://localhost:5173/src/components/SentimentInsights.css
→ GET http://localhost:5173/src/components/DataPreview.css
← [33m200[39m http://localhost:5173/src/components/TransformDesigner.tsx?t=1750030251852
← [33m200[39m http://localhost:5173/src/components/ExportErrorHandler.tsx?t=1750028445161
← [33m200[39m http://localhost:5173/src/components/LargeFileUploader.tsx?t=1750030148913
→ GET http://localhost:5173/src/components/TransformDesigner.css
→ GET http://localhost:5173/src/components/ExportErrorHandler.css
→ GET http://localhost:5173/src/hooks/useLargeFileUpload.ts?t=1750028445161
→ GET http://localhost:5173/src/components/LargeFileUploader.css
← [33m200[39m http://localhost:5173/src/components/LargeDatasetExporter.tsx?t=1750028445161
← [33m200[39m http://localhost:5173/src/components/ElectronFeatureMonitor.tsx?t=1750028445161
← [33m200[39m http://localhost:5173/src/components/SecurityAuditReport.tsx?t=1750026236037
← [33m200[39m http://localhost:5173/src/components/VirtualScrollList.tsx
← [33m200[39m http://localhost:5173/src/components/SecurityBadge.tsx
← [33m200[39m http://localhost:5173/src/components/TransformPipelinePersistence.tsx?t=1750028445161
← [33m200[39m http://localhost:5173/src/components/SentimentAnalysisControl.tsx?t=1750028445161
← [33m200[39m http://localhost:5173/src/components/JobQueueManager.tsx?t=1750028445161
← [33m200[39m http://localhost:5173/src/utils/performance.ts
→ GET http://localhost:5173/src/components/LargeDatasetExporter.css
→ GET http://localhost:5173/src/components/ElectronFeatureMonitor.css
→ GET http://localhost:5173/src/components/SecurityAuditReport.css
→ GET http://localhost:5173/src/components/VirtualScrollList.css
→ GET http://localhost:5173/src/components/SecurityBadge.css
→ GET http://localhost:5173/src/components/TransformPipelinePersistence.css
→ GET http://localhost:5173/src/components/SentimentAnalysisControl.css
→ GET http://localhost:5173/src/components/JobQueueManager.css
← [33m200[39m http://localhost:5173/src/components/LazyComponents.css
← [33m200[39m http://localhost:5173/src/components/ApiErrorDisplay.css
← [33m200[39m http://localhost:5173/src/hooks/useApiErrorHandler.ts?t=1750028445161
← [33m200[39m http://localhost:5173/src/components/DataSourcePicker.css?t=1750008828131
← [33m200[39m http://localhost:5173/src/components/ProfilerUI.css?t=1750022315517
← [33m200[39m http://localhost:5173/src/components/TransformConfigDisplay.css
← [33m200[39m http://localhost:5173/src/components/RunWizard.css?t=1749994688834
← [33m200[39m http://localhost:5173/src/components/TransformPreviewPanel.css
← [33m200[39m http://localhost:5173/src/components/TransformOperationEditor.css
← [33m200[39m http://localhost:5173/src/components/SentimentInsights.css
← [33m200[39m http://localhost:5173/src/components/DataPreview.css
← [33m200[39m http://localhost:5173/src/hooks/useDebounce.ts
← [33m200[39m http://localhost:5173/src/components/ResultExplorer.css?t=1750008175222
← [33m200[39m http://localhost:5173/src/hooks/useLargeFileUpload.ts?t=1750028445161
← [33m200[39m http://localhost:5173/src/components/LargeFileUploader.css
← [33m200[39m http://localhost:5173/src/components/LargeDatasetExporter.css
← [33m200[39m http://localhost:5173/src/components/TransformDesigner.css
← [33m200[39m http://localhost:5173/src/components/ExportErrorHandler.css
← [33m200[39m http://localhost:5173/src/components/SecurityAuditReport.css
← [33m200[39m http://localhost:5173/src/components/VirtualScrollList.css
← [33m200[39m http://localhost:5173/src/components/SecurityBadge.css
← [33m200[39m http://localhost:5173/src/components/ElectronFeatureMonitor.css
← [33m200[39m http://localhost:5173/src/components/JobQueueManager.css
← [33m200[39m http://localhost:5173/src/components/TransformPipelinePersistence.css
← [33m200[39m http://localhost:5173/src/components/SentimentAnalysisControl.css

[[ATTACHMENT|artifacts/02-file-upload-File-Upload-28b70-t-drag-and-drop-file-upload-browser-webkit/test-failed-1.png]]

[[ATTACHMENT|artifacts/02-file-upload-File-Upload-28b70-t-drag-and-drop-file-upload-browser-webkit/video.webm]]

[[ATTACHMENT|artifacts/02-file-upload-File-Upload-28b70-t-drag-and-drop-file-upload-browser-webkit/error-context.md]]
]]>
</system-out>
<system-err>
<![CDATA[(node:38018) [DEP0147] DeprecationWarning: In future versions of Node.js, fs.rmdir(path, { recursive: true }) will be removed. Use fs.rm(path, { recursive: true }) instead
(Use `node --trace-deprecation ...` to show where the warning was created)
]]>
</system-err>
</testcase>
<testcase name="File Upload Functionality › should show file requirements and help text" classname="02-file-upload.spec.ts" time="1.324">
<system-out>
<![CDATA[→ GET http://localhost:5173/
← [33m200[39m http://localhost:5173/
→ GET http://localhost:5173/@react-refresh
→ GET http://localhost:5173/@vite/client
→ GET http://localhost:5173/src/main.tsx?t=1750030703180
← [33m200[39m http://localhost:5173/@react-refresh
← [33m200[39m http://localhost:5173/@vite/client
→ GET http://localhost:5173/node_modules/vite/dist/client/env.mjs
← [33m200[39m http://localhost:5173/node_modules/vite/dist/client/env.mjs
← [33m200[39m http://localhost:5173/src/main.tsx?t=1750030703180
→ GET http://localhost:5173/node_modules/.vite/deps/react_jsx-dev-runtime.js?v=6c3f721c
→ GET http://localhost:5173/node_modules/.vite/deps/react.js?v=6c3f721c
→ GET http://localhost:5173/node_modules/.vite/deps/react-dom_client.js?v=a50e1294
→ GET http://localhost:5173/src/index.css
→ GET http://localhost:5173/src/App.tsx?t=1750030703180
← [33m200[39m http://localhost:5173/node_modules/.vite/deps/react_jsx-dev-runtime.js?v=6c3f721c
→ GET http://localhost:5173/node_modules/.vite/deps/chunk-UBDIXFPO.js?v=676c4d25
← [33m200[39m http://localhost:5173/node_modules/.vite/deps/react.js?v=6c3f721c
← [33m200[39m http://localhost:5173/node_modules/.vite/deps/react-dom_client.js?v=a50e1294
← [33m200[39m http://localhost:5173/node_modules/.vite/deps/chunk-UBDIXFPO.js?v=676c4d25
→ GET http://localhost:5173/node_modules/.vite/deps/chunk-KBNVMJOC.js?v=676c4d25
← [33m200[39m http://localhost:5173/src/index.css
← [33m200[39m http://localhost:5173/src/App.tsx?t=1750030703180
→ GET http://localhost:5173/src/App.css?t=1750030703180
→ GET http://localhost:5173/src/context/AppContext.tsx?t=1750028445161
→ GET http://localhost:5173/src/components/Navigation.tsx?t=1750030602543
→ GET http://localhost:5173/src/components/WorkflowManager.tsx?t=1750030602543
→ GET http://localhost:5173/src/components/NotificationToast.tsx?t=1750028445161
→ GET http://localhost:5173/src/components/ErrorBoundary.tsx
→ GET http://localhost:5173/src/components/ProgressIndicator.tsx?t=1750015148848
→ GET http://localhost:5173/src/components/RealTimeDashboard.tsx?t=1750028445161
← [33m200[39m http://localhost:5173/node_modules/.vite/deps/chunk-KBNVMJOC.js?v=676c4d25
← [33m200[39m http://localhost:5173/src/components/ErrorBoundary.tsx
← [33m200[39m http://localhost:5173/src/App.css?t=1750030703180
← [33m200[39m http://localhost:5173/src/context/AppContext.tsx?t=1750028445161
← [33m200[39m http://localhost:5173/src/components/Navigation.tsx?t=1750030602543
→ GET http://localhost:5173/src/components/ErrorBoundary.css
→ GET http://localhost:5173/src/components/AppVersion.tsx
→ GET http://localhost:5173/src/components/Navigation.css?t=1749995170122
← [33m200[39m http://localhost:5173/src/components/WorkflowManager.tsx?t=1750030602543
← [33m200[39m http://localhost:5173/src/components/ProgressIndicator.tsx?t=1750015148848
← [33m200[39m http://localhost:5173/src/components/RealTimeDashboard.tsx?t=1750028445161
← [33m200[39m http://localhost:5173/src/components/ErrorBoundary.css
← [33m200[39m http://localhost:5173/src/components/NotificationToast.tsx?t=1750028445161
→ GET http://localhost:5173/src/components/index.ts?t=1750030602543
→ GET http://localhost:5173/src/components/LazyComponents.tsx?t=1750030490824
→ GET http://localhost:5173/src/hooks/useWebWorker.ts?t=1750014984624
→ GET http://localhost:5173/src/components/WorkflowManager.css?t=1749992255972
→ GET http://localhost:5173/src/components/ProgressIndicator.css
→ GET http://localhost:5173/src/components/MemoryMonitor.tsx?t=1750028445161
→ GET http://localhost:5173/src/components/SSEProgressIndicator.tsx?t=1750028445161
→ GET http://localhost:5173/src/components/WebSocketStatus.tsx?t=1750028445161
→ GET http://localhost:5173/src/components/RealTimeDashboard.css
→ GET http://localhost:5173/src/components/NotificationToast.css
← [33m200[39m http://localhost:5173/src/components/Navigation.css?t=1749995170122
← [33m200[39m http://localhost:5173/src/components/AppVersion.tsx
→ GET http://localhost:5173/src/components/AppVersion.css
← [33m200[39m http://localhost:5173/src/components/index.ts?t=1750030602543
→ GET http://localhost:5173/src/components/DataSourcePicker.tsx?t=1750030148913
→ GET http://localhost:5173/src/components/ProfilerUI.tsx?t=1750030188693
→ GET http://localhost:5173/src/components/TransformDesigner.tsx?t=1750030251852
→ GET http://localhost:5173/src/components/TransformOperationEditor.tsx?t=1750024154646
→ GET http://localhost:5173/src/components/TransformPreviewPanel.tsx
→ GET http://localhost:5173/src/components/TransformConfigDisplay.tsx?t=1750028445161
→ GET http://localhost:5173/src/components/RunWizard.tsx?t=1750030330428
→ GET http://localhost:5173/src/components/ResultExplorer.tsx?t=1750030490824
→ GET http://localhost:5173/src/components/SentimentInsights.tsx?t=1750028445161
→ GET http://localhost:5173/src/components/DataPreview.tsx
→ GET http://localhost:5173/src/components/VirtualScrollList.tsx
→ GET http://localhost:5173/src/components/ApiErrorDisplay.tsx
→ GET http://localhost:5173/src/components/ExportErrorHandler.tsx?t=1750028445161
→ GET http://localhost:5173/src/components/LargeFileUploader.tsx?t=1750030148913
→ GET http://localhost:5173/src/components/LargeDatasetExporter.tsx?t=1750028445161
→ GET http://localhost:5173/src/components/ElectronFeatureMonitor.tsx?t=1750028445161
→ GET http://localhost:5173/src/components/SecurityAuditReport.tsx?t=1750026236037
→ GET http://localhost:5173/src/components/SecurityBadge.tsx
→ GET http://localhost:5173/src/components/TransformPipelinePersistence.tsx?t=1750028445161
→ GET http://localhost:5173/src/components/SentimentAnalysisControl.tsx?t=1750028445161
→ GET http://localhost:5173/src/components/JobQueueManager.tsx?t=1750028445161
← [33m200[39m http://localhost:5173/src/components/LazyComponents.tsx?t=1750030490824
← [33m200[39m http://localhost:5173/src/components/SSEProgressIndicator.tsx?t=1750028445161
← [33m200[39m http://localhost:5173/src/hooks/useWebWorker.ts?t=1750014984624
← [33m200[39m http://localhost:5173/src/components/WorkflowManager.css?t=1749992255972
← [33m200[39m http://localhost:5173/src/components/ProgressIndicator.css
← [33m200[39m http://localhost:5173/src/components/MemoryMonitor.tsx?t=1750028445161
← [33m200[39m http://localhost:5173/src/components/RealTimeDashboard.css
← [33m200[39m http://localhost:5173/src/components/WebSocketStatus.tsx?t=1750028445161
← [33m200[39m http://localhost:5173/src/components/ProfilerUI.tsx?t=1750030188693
→ GET http://localhost:5173/src/utils/performance.ts
→ GET http://localhost:5173/src/components/LazyComponents.css
→ GET http://localhost:5173/src/components/SSEProgressIndicator.css
→ GET http://localhost:5173/src/hooks/useMemoryMonitor.ts?t=1750028445161
→ GET http://localhost:5173/src/components/MemoryMonitor.css
→ GET http://localhost:5173/src/components/WebSocketStatus.css
→ GET http://localhost:5173/src/components/ProfilerUI.css?t=1750022315517
← [33m200[39m http://localhost:5173/src/components/NotificationToast.css
← [33m200[39m http://localhost:5173/src/components/AppVersion.css
← [33m200[39m http://localhost:5173/src/components/DataSourcePicker.tsx?t=1750030148913
← [33m200[39m http://localhost:5173/src/components/TransformDesigner.tsx?t=1750030251852
← [33m200[39m http://localhost:5173/src/components/TransformPreviewPanel.tsx
← [33m200[39m http://localhost:5173/src/components/TransformOperationEditor.tsx?t=1750024154646
← [33m200[39m http://localhost:5173/src/components/TransformConfigDisplay.tsx?t=1750028445161
← [33m200[39m http://localhost:5173/src/components/RunWizard.tsx?t=1750030330428
← [33m200[39m http://localhost:5173/src/components/ResultExplorer.tsx?t=1750030490824
← [33m200[39m http://localhost:5173/src/components/SentimentInsights.tsx?t=1750028445161
← [33m200[39m http://localhost:5173/src/components/ApiErrorDisplay.tsx
← [33m200[39m http://localhost:5173/src/components/ExportErrorHandler.tsx?t=1750028445161
← [33m200[39m http://localhost:5173/src/components/LargeFileUploader.tsx?t=1750030148913
← [33m200[39m http://localhost:5173/src/components/DataPreview.tsx
← [33m200[39m http://localhost:5173/src/components/VirtualScrollList.tsx
← [33m200[39m http://localhost:5173/src/components/ElectronFeatureMonitor.tsx?t=1750028445161
← [33m200[39m http://localhost:5173/src/components/SecurityAuditReport.tsx?t=1750026236037
→ GET http://localhost:5173/src/hooks/useApiErrorHandler.ts?t=1750028445161
→ GET http://localhost:5173/src/components/DataSourcePicker.css?t=1750008828131
→ GET http://localhost:5173/src/components/TransformDesigner.css
→ GET http://localhost:5173/src/components/TransformPreviewPanel.css
→ GET http://localhost:5173/src/components/TransformOperationEditor.css
→ GET http://localhost:5173/src/components/TransformConfigDisplay.css
→ GET http://localhost:5173/src/components/RunWizard.css?t=1749994688834
→ GET http://localhost:5173/src/hooks/useDebounce.ts
→ GET http://localhost:5173/src/components/ResultExplorer.css?t=1750008175222
→ GET http://localhost:5173/src/components/SentimentInsights.css
→ GET http://localhost:5173/src/components/ApiErrorDisplay.css
→ GET http://localhost:5173/src/components/ExportErrorHandler.css
→ GET http://localhost:5173/src/hooks/useLargeFileUpload.ts?t=1750028445161
→ GET http://localhost:5173/src/components/LargeFileUploader.css
→ GET http://localhost:5173/src/components/DataPreview.css
→ GET http://localhost:5173/src/components/VirtualScrollList.css
→ GET http://localhost:5173/src/components/ElectronFeatureMonitor.css
← [33m200[39m http://localhost:5173/src/components/SecurityBadge.tsx
← [33m200[39m http://localhost:5173/src/components/LargeDatasetExporter.tsx?t=1750028445161
← [33m200[39m http://localhost:5173/src/components/JobQueueManager.tsx?t=1750028445161
← [33m200[39m http://localhost:5173/src/components/LazyComponents.css
← [33m200[39m http://localhost:5173/src/utils/performance.ts
← [33m200[39m http://localhost:5173/src/components/TransformPipelinePersistence.tsx?t=1750028445161
← [33m200[39m http://localhost:5173/src/components/SentimentAnalysisControl.tsx?t=1750028445161
← [33m200[39m http://localhost:5173/src/hooks/useMemoryMonitor.ts?t=1750028445161
← [33m200[39m http://localhost:5173/src/components/MemoryMonitor.css
← [33m200[39m http://localhost:5173/src/components/WebSocketStatus.css
← [33m200[39m http://localhost:5173/src/components/SSEProgressIndicator.css
← [33m200[39m http://localhost:5173/src/components/ProfilerUI.css?t=1750022315517
← [33m200[39m http://localhost:5173/src/hooks/useApiErrorHandler.ts?t=1750028445161
← [33m200[39m http://localhost:5173/src/components/DataSourcePicker.css?t=1750008828131
← [33m200[39m http://localhost:5173/src/components/TransformDesigner.css
← [33m200[39m http://localhost:5173/src/components/TransformPreviewPanel.css
← [33m200[39m http://localhost:5173/src/components/TransformOperationEditor.css
← [33m200[39m http://localhost:5173/src/components/RunWizard.css?t=1749994688834
← [33m200[39m http://localhost:5173/src/components/TransformConfigDisplay.css
← [33m200[39m http://localhost:5173/src/hooks/useDebounce.ts
← [33m200[39m http://localhost:5173/src/components/ResultExplorer.css?t=1750008175222
← [33m200[39m http://localhost:5173/src/components/ApiErrorDisplay.css
← [33m200[39m http://localhost:5173/src/components/ExportErrorHandler.css
← [33m200[39m http://localhost:5173/src/hooks/useLargeFileUpload.ts?t=1750028445161
← [33m200[39m http://localhost:5173/src/components/LargeFileUploader.css
← [33m200[39m http://localhost:5173/src/components/SentimentInsights.css
← [33m200[39m http://localhost:5173/src/components/VirtualScrollList.css
← [33m200[39m http://localhost:5173/src/components/ElectronFeatureMonitor.css
← [33m200[39m http://localhost:5173/src/components/DataPreview.css
→ GET http://localhost:5173/src/components/SecurityAuditReport.css
→ GET http://localhost:5173/src/components/SecurityBadge.css
→ GET http://localhost:5173/src/components/LargeDatasetExporter.css
→ GET http://localhost:5173/src/components/JobQueueManager.css
→ GET http://localhost:5173/src/components/TransformPipelinePersistence.css
→ GET http://localhost:5173/src/components/SentimentAnalysisControl.css
← [33m200[39m http://localhost:5173/src/components/SecurityAuditReport.css
← [33m200[39m http://localhost:5173/src/components/SecurityBadge.css
← [33m200[39m http://localhost:5173/src/components/LargeDatasetExporter.css
← [33m200[39m http://localhost:5173/src/components/JobQueueManager.css
← [33m200[39m http://localhost:5173/src/components/TransformPipelinePersistence.css
← [33m200[39m http://localhost:5173/src/components/SentimentAnalysisControl.css
Help text available: false
]]>
</system-out>
</testcase>
<testcase name="File Upload Error Scenarios › should handle server upload errors gracefully" classname="02-file-upload.spec.ts" time="1.134">
<failure message="02-file-upload.spec.ts:351:7 should handle server upload errors gracefully" type="FAILURE">
<![CDATA[  [browser-webkit] › 02-file-upload.spec.ts:351:7 › File Upload Error Scenarios › should handle server upload errors gracefully › Attempt upload with server error 

    Error: expect.toBeAttached: Error: strict mode violation: locator('input[type="file"]') resolved to 2 elements:
        1) <input type="file" accept=".csv,.xlsx,.xls,.tsv" data-testid="file-input-button" aria-label="Select file to upload" aria-describedby="file-restrictions"/> aka getByTestId('file-input-button')
        2) <input multiple type="file" accept=".csv,.xlsx,.xls,.tsv" data-testid="hidden-file-input" aria-describedby="file-requirements" aria-label="Select data files for upload"/> aka getByTestId('hidden-file-input')

    Call log:
      - Expect "toBeAttached" with timeout 5000ms
      - waiting for locator('input[type="file"]')


       at ../fixtures/test-fixtures.ts:203

      201 |   // Now set the file input (works for both browser and Electron modes)
      202 |   const fileInput = page.locator('input[type="file"]');
    > 203 |   await expect(fileInput).toBeAttached({ timeout: 5000 });
          |                           ^
      204 |   await fileInput.setInputFiles(filePath);
      205 | };
      206 |
        at uploadFile (/Users/thomaswagner/Documents/datacloak-sentiment-workbench/packages/e2e-tests/fixtures/test-fixtures.ts:203:27)
        at /Users/thomaswagner/Documents/datacloak-sentiment-workbench/packages/e2e-tests/tests/02-file-upload.spec.ts:365:7
        at /Users/thomaswagner/Documents/datacloak-sentiment-workbench/packages/e2e-tests/tests/02-file-upload.spec.ts:364:5

    attachment #1: screenshot (image/png) ──────────────────────────────────────────────────────────
    test-results/artifacts/02-file-upload-File-Upload-cab16-er-upload-errors-gracefully-browser-webkit/test-failed-1.png
    ────────────────────────────────────────────────────────────────────────────────────────────────

    attachment #2: video (video/webm) ──────────────────────────────────────────────────────────────
    test-results/artifacts/02-file-upload-File-Upload-cab16-er-upload-errors-gracefully-browser-webkit/video.webm
    ────────────────────────────────────────────────────────────────────────────────────────────────

    Error Context: ../test-results/artifacts/02-file-upload-File-Upload-cab16-er-upload-errors-gracefully-browser-webkit/error-context.md
]]>
</failure>
<system-out>
<![CDATA[
[[ATTACHMENT|artifacts/02-file-upload-File-Upload-cab16-er-upload-errors-gracefully-browser-webkit/test-failed-1.png]]

[[ATTACHMENT|artifacts/02-file-upload-File-Upload-cab16-er-upload-errors-gracefully-browser-webkit/video.webm]]

[[ATTACHMENT|artifacts/02-file-upload-File-Upload-cab16-er-upload-errors-gracefully-browser-webkit/error-context.md]]
]]>
</system-out>
<system-err>
<![CDATA[(node:38050) [DEP0147] DeprecationWarning: In future versions of Node.js, fs.rmdir(path, { recursive: true }) will be removed. Use fs.rm(path, { recursive: true }) instead
(Use `node --trace-deprecation ...` to show where the warning was created)
]]>
</system-err>
</testcase>
<testcase name="File Upload Error Scenarios › should handle network connectivity issues" classname="02-file-upload.spec.ts" time="0.955">
<failure message="02-file-upload.spec.ts:394:7 should handle network connectivity issues" type="FAILURE">
<![CDATA[  [browser-webkit] › 02-file-upload.spec.ts:394:7 › File Upload Error Scenarios › should handle network connectivity issues › Attempt upload with network timeout 

    Error: expect.toBeAttached: Error: strict mode violation: locator('input[type="file"]') resolved to 2 elements:
        1) <input type="file" accept=".csv,.xlsx,.xls,.tsv" data-testid="file-input-button" aria-label="Select file to upload" aria-describedby="file-restrictions"/> aka getByTestId('file-input-button')
        2) <input multiple type="file" accept=".csv,.xlsx,.xls,.tsv" data-testid="hidden-file-input" aria-describedby="file-requirements" aria-label="Select data files for upload"/> aka getByTestId('hidden-file-input')

    Call log:
      - Expect "toBeAttached" with timeout 5000ms
      - waiting for locator('input[type="file"]')


       at ../fixtures/test-fixtures.ts:203

      201 |   // Now set the file input (works for both browser and Electron modes)
      202 |   const fileInput = page.locator('input[type="file"]');
    > 203 |   await expect(fileInput).toBeAttached({ timeout: 5000 });
          |                           ^
      204 |   await fileInput.setInputFiles(filePath);
      205 | };
      206 |
        at uploadFile (/Users/thomaswagner/Documents/datacloak-sentiment-workbench/packages/e2e-tests/fixtures/test-fixtures.ts:203:27)
        at /Users/thomaswagner/Documents/datacloak-sentiment-workbench/packages/e2e-tests/tests/02-file-upload.spec.ts:407:7
        at /Users/thomaswagner/Documents/datacloak-sentiment-workbench/packages/e2e-tests/tests/02-file-upload.spec.ts:406:5

    attachment #1: screenshot (image/png) ──────────────────────────────────────────────────────────
    test-results/artifacts/02-file-upload-File-Upload-54e94-network-connectivity-issues-browser-webkit/test-failed-1.png
    ────────────────────────────────────────────────────────────────────────────────────────────────

    attachment #2: video (video/webm) ──────────────────────────────────────────────────────────────
    test-results/artifacts/02-file-upload-File-Upload-54e94-network-connectivity-issues-browser-webkit/video.webm
    ────────────────────────────────────────────────────────────────────────────────────────────────

    Error Context: ../test-results/artifacts/02-file-upload-File-Upload-54e94-network-connectivity-issues-browser-webkit/error-context.md
]]>
</failure>
<system-out>
<![CDATA[
[[ATTACHMENT|artifacts/02-file-upload-File-Upload-54e94-network-connectivity-issues-browser-webkit/test-failed-1.png]]

[[ATTACHMENT|artifacts/02-file-upload-File-Upload-54e94-network-connectivity-issues-browser-webkit/video.webm]]

[[ATTACHMENT|artifacts/02-file-upload-File-Upload-54e94-network-connectivity-issues-browser-webkit/error-context.md]]
]]>
</system-out>
<system-err>
<![CDATA[(node:38019) [DEP0147] DeprecationWarning: In future versions of Node.js, fs.rmdir(path, { recursive: true }) will be removed. Use fs.rm(path, { recursive: true }) instead
(Use `node --trace-deprecation ...` to show where the warning was created)
]]>
</system-err>
</testcase>
</testsuite>
<testsuite name="03-pii-detection.spec.ts" timestamp="2025-06-15T23:53:34.693Z" hostname="browser-webkit" tests="7" failures="7" skipped="0" time="8.031" errors="0">
<testcase name="Field Detection and PII Identification › should detect common field types correctly" classname="03-pii-detection.spec.ts" time="1.134">
<failure message="03-pii-detection.spec.ts:11:7 should detect common field types correctly" type="FAILURE">
<![CDATA[  [browser-webkit] › 03-pii-detection.spec.ts:11:7 › Field Detection and PII Identification › should detect common field types correctly › Upload test file with various field types 

    Error: expect.toBeAttached: Error: strict mode violation: locator('input[type="file"]') resolved to 2 elements:
        1) <input type="file" accept=".csv,.xlsx,.xls,.tsv" data-testid="file-input-button" aria-label="Select file to upload" aria-describedby="file-restrictions"/> aka getByTestId('file-input-button')
        2) <input multiple type="file" accept=".csv,.xlsx,.xls,.tsv" data-testid="hidden-file-input" aria-describedby="file-requirements" aria-label="Select data files for upload"/> aka getByTestId('hidden-file-input')

    Call log:
      - Expect "toBeAttached" with timeout 5000ms
      - waiting for locator('input[type="file"]')


       at ../fixtures/test-fixtures.ts:203

      201 |   // Now set the file input (works for both browser and Electron modes)
      202 |   const fileInput = page.locator('input[type="file"]');
    > 203 |   await expect(fileInput).toBeAttached({ timeout: 5000 });
          |                           ^
      204 |   await fileInput.setInputFiles(filePath);
      205 | };
      206 |
        at uploadFile (/Users/thomaswagner/Documents/datacloak-sentiment-workbench/packages/e2e-tests/fixtures/test-fixtures.ts:203:27)
        at /Users/thomaswagner/Documents/datacloak-sentiment-workbench/packages/e2e-tests/tests/03-pii-detection.spec.ts:13:7
        at /Users/thomaswagner/Documents/datacloak-sentiment-workbench/packages/e2e-tests/tests/03-pii-detection.spec.ts:12:5

    attachment #1: screenshot (image/png) ──────────────────────────────────────────────────────────
    test-results/artifacts/03-pii-detection-Field-Det-c67b4-ommon-field-types-correctly-browser-webkit/test-failed-1.png
    ────────────────────────────────────────────────────────────────────────────────────────────────

    attachment #2: video (video/webm) ──────────────────────────────────────────────────────────────
    test-results/artifacts/03-pii-detection-Field-Det-c67b4-ommon-field-types-correctly-browser-webkit/video.webm
    ────────────────────────────────────────────────────────────────────────────────────────────────

    Error Context: ../test-results/artifacts/03-pii-detection-Field-Det-c67b4-ommon-field-types-correctly-browser-webkit/error-context.md
]]>
</failure>
<system-out>
<![CDATA[
[[ATTACHMENT|artifacts/03-pii-detection-Field-Det-c67b4-ommon-field-types-correctly-browser-webkit/test-failed-1.png]]

[[ATTACHMENT|artifacts/03-pii-detection-Field-Det-c67b4-ommon-field-types-correctly-browser-webkit/video.webm]]

[[ATTACHMENT|artifacts/03-pii-detection-Field-Det-c67b4-ommon-field-types-correctly-browser-webkit/error-context.md]]
]]>
</system-out>
<system-err>
<![CDATA[(node:38063) [DEP0147] DeprecationWarning: In future versions of Node.js, fs.rmdir(path, { recursive: true }) will be removed. Use fs.rm(path, { recursive: true }) instead
(Use `node --trace-deprecation ...` to show where the warning was created)
]]>
</system-err>
</testcase>
<testcase name="Field Detection and PII Identification › should identify PII fields and show security warnings" classname="03-pii-detection.spec.ts" time="1.146">
<failure message="03-pii-detection.spec.ts:86:7 should identify PII fields and show security warnings" type="FAILURE">
<![CDATA[  [browser-webkit] › 03-pii-detection.spec.ts:86:7 › Field Detection and PII Identification › should identify PII fields and show security warnings › Upload file with PII data 

    Error: expect.toBeAttached: Error: strict mode violation: locator('input[type="file"]') resolved to 2 elements:
        1) <input type="file" accept=".csv,.xlsx,.xls,.tsv" data-testid="file-input-button" aria-label="Select file to upload" aria-describedby="file-restrictions"/> aka getByTestId('file-input-button')
        2) <input multiple type="file" accept=".csv,.xlsx,.xls,.tsv" data-testid="hidden-file-input" aria-describedby="file-requirements" aria-label="Select data files for upload"/> aka getByTestId('hidden-file-input')

    Call log:
      - Expect "toBeAttached" with timeout 5000ms
      - waiting for locator('input[type="file"]')


       at ../fixtures/test-fixtures.ts:203

      201 |   // Now set the file input (works for both browser and Electron modes)
      202 |   const fileInput = page.locator('input[type="file"]');
    > 203 |   await expect(fileInput).toBeAttached({ timeout: 5000 });
          |                           ^
      204 |   await fileInput.setInputFiles(filePath);
      205 | };
      206 |
        at uploadFile (/Users/thomaswagner/Documents/datacloak-sentiment-workbench/packages/e2e-tests/fixtures/test-fixtures.ts:203:27)
        at /Users/thomaswagner/Documents/datacloak-sentiment-workbench/packages/e2e-tests/tests/03-pii-detection.spec.ts:88:7
        at /Users/thomaswagner/Documents/datacloak-sentiment-workbench/packages/e2e-tests/tests/03-pii-detection.spec.ts:87:5

    attachment #1: screenshot (image/png) ──────────────────────────────────────────────────────────
    test-results/artifacts/03-pii-detection-Field-Det-d0558--and-show-security-warnings-browser-webkit/test-failed-1.png
    ────────────────────────────────────────────────────────────────────────────────────────────────

    attachment #2: video (video/webm) ──────────────────────────────────────────────────────────────
    test-results/artifacts/03-pii-detection-Field-Det-d0558--and-show-security-warnings-browser-webkit/video.webm
    ────────────────────────────────────────────────────────────────────────────────────────────────

    Error Context: ../test-results/artifacts/03-pii-detection-Field-Det-d0558--and-show-security-warnings-browser-webkit/error-context.md
]]>
</failure>
<system-out>
<![CDATA[
[[ATTACHMENT|artifacts/03-pii-detection-Field-Det-d0558--and-show-security-warnings-browser-webkit/test-failed-1.png]]

[[ATTACHMENT|artifacts/03-pii-detection-Field-Det-d0558--and-show-security-warnings-browser-webkit/video.webm]]

[[ATTACHMENT|artifacts/03-pii-detection-Field-Det-d0558--and-show-security-warnings-browser-webkit/error-context.md]]
]]>
</system-out>
<system-err>
<![CDATA[(node:38064) [DEP0147] DeprecationWarning: In future versions of Node.js, fs.rmdir(path, { recursive: true }) will be removed. Use fs.rm(path, { recursive: true }) instead
(Use `node --trace-deprecation ...` to show where the warning was created)
]]>
</system-err>
</testcase>
<testcase name="Field Detection and PII Identification › should show field statistics and data quality metrics" classname="03-pii-detection.spec.ts" time="1.126">
<failure message="03-pii-detection.spec.ts:158:7 should show field statistics and data quality metrics" type="FAILURE">
<![CDATA[  [browser-webkit] › 03-pii-detection.spec.ts:158:7 › Field Detection and PII Identification › should show field statistics and data quality metrics › Upload file and navigate to profiling 

    Error: expect.toBeAttached: Error: strict mode violation: locator('input[type="file"]') resolved to 2 elements:
        1) <input type="file" accept=".csv,.xlsx,.xls,.tsv" data-testid="file-input-button" aria-label="Select file to upload" aria-describedby="file-restrictions"/> aka getByTestId('file-input-button')
        2) <input multiple type="file" accept=".csv,.xlsx,.xls,.tsv" data-testid="hidden-file-input" aria-describedby="file-requirements" aria-label="Select data files for upload"/> aka getByTestId('hidden-file-input')

    Call log:
      - Expect "toBeAttached" with timeout 5000ms
      - waiting for locator('input[type="file"]')


       at ../fixtures/test-fixtures.ts:203

      201 |   // Now set the file input (works for both browser and Electron modes)
      202 |   const fileInput = page.locator('input[type="file"]');
    > 203 |   await expect(fileInput).toBeAttached({ timeout: 5000 });
          |                           ^
      204 |   await fileInput.setInputFiles(filePath);
      205 | };
      206 |
        at uploadFile (/Users/thomaswagner/Documents/datacloak-sentiment-workbench/packages/e2e-tests/fixtures/test-fixtures.ts:203:27)
        at /Users/thomaswagner/Documents/datacloak-sentiment-workbench/packages/e2e-tests/tests/03-pii-detection.spec.ts:160:7
        at /Users/thomaswagner/Documents/datacloak-sentiment-workbench/packages/e2e-tests/tests/03-pii-detection.spec.ts:159:5

    attachment #1: screenshot (image/png) ──────────────────────────────────────────────────────────
    test-results/artifacts/03-pii-detection-Field-Det-08802-cs-and-data-quality-metrics-browser-webkit/test-failed-1.png
    ────────────────────────────────────────────────────────────────────────────────────────────────

    attachment #2: video (video/webm) ──────────────────────────────────────────────────────────────
    test-results/artifacts/03-pii-detection-Field-Det-08802-cs-and-data-quality-metrics-browser-webkit/video.webm
    ────────────────────────────────────────────────────────────────────────────────────────────────

    Error Context: ../test-results/artifacts/03-pii-detection-Field-Det-08802-cs-and-data-quality-metrics-browser-webkit/error-context.md
]]>
</failure>
<system-out>
<![CDATA[
[[ATTACHMENT|artifacts/03-pii-detection-Field-Det-08802-cs-and-data-quality-metrics-browser-webkit/test-failed-1.png]]

[[ATTACHMENT|artifacts/03-pii-detection-Field-Det-08802-cs-and-data-quality-metrics-browser-webkit/video.webm]]

[[ATTACHMENT|artifacts/03-pii-detection-Field-Det-08802-cs-and-data-quality-metrics-browser-webkit/error-context.md]]
]]>
</system-out>
<system-err>
<![CDATA[(node:38085) [DEP0147] DeprecationWarning: In future versions of Node.js, fs.rmdir(path, { recursive: true }) will be removed. Use fs.rm(path, { recursive: true }) instead
(Use `node --trace-deprecation ...` to show where the warning was created)
]]>
</system-err>
</testcase>
<testcase name="Field Detection and PII Identification › should handle field inference with low confidence" classname="03-pii-detection.spec.ts" time="1.155">
<failure message="03-pii-detection.spec.ts:220:7 should handle field inference with low confidence" type="FAILURE">
<![CDATA[  [browser-webkit] › 03-pii-detection.spec.ts:220:7 › Field Detection and PII Identification › should handle field inference with low confidence › Upload file and check for GPT assistance 

    Error: expect.toBeAttached: Error: strict mode violation: locator('input[type="file"]') resolved to 2 elements:
        1) <input type="file" accept=".csv,.xlsx,.xls,.tsv" data-testid="file-input-button" aria-label="Select file to upload" aria-describedby="file-restrictions"/> aka getByTestId('file-input-button')
        2) <input multiple type="file" accept=".csv,.xlsx,.xls,.tsv" data-testid="hidden-file-input" aria-describedby="file-requirements" aria-label="Select data files for upload"/> aka getByTestId('hidden-file-input')

    Call log:
      - Expect "toBeAttached" with timeout 5000ms
      - waiting for locator('input[type="file"]')


       at ../fixtures/test-fixtures.ts:203

      201 |   // Now set the file input (works for both browser and Electron modes)
      202 |   const fileInput = page.locator('input[type="file"]');
    > 203 |   await expect(fileInput).toBeAttached({ timeout: 5000 });
          |                           ^
      204 |   await fileInput.setInputFiles(filePath);
      205 | };
      206 |
        at uploadFile (/Users/thomaswagner/Documents/datacloak-sentiment-workbench/packages/e2e-tests/fixtures/test-fixtures.ts:203:27)
        at /Users/thomaswagner/Documents/datacloak-sentiment-workbench/packages/e2e-tests/tests/03-pii-detection.spec.ts:222:7
        at /Users/thomaswagner/Documents/datacloak-sentiment-workbench/packages/e2e-tests/tests/03-pii-detection.spec.ts:221:5

    attachment #1: screenshot (image/png) ──────────────────────────────────────────────────────────
    test-results/artifacts/03-pii-detection-Field-Det-5c19f-ference-with-low-confidence-browser-webkit/test-failed-1.png
    ────────────────────────────────────────────────────────────────────────────────────────────────

    attachment #2: video (video/webm) ──────────────────────────────────────────────────────────────
    test-results/artifacts/03-pii-detection-Field-Det-5c19f-ference-with-low-confidence-browser-webkit/video.webm
    ────────────────────────────────────────────────────────────────────────────────────────────────

    Error Context: ../test-results/artifacts/03-pii-detection-Field-Det-5c19f-ference-with-low-confidence-browser-webkit/error-context.md
]]>
</failure>
<system-out>
<![CDATA[
[[ATTACHMENT|artifacts/03-pii-detection-Field-Det-5c19f-ference-with-low-confidence-browser-webkit/test-failed-1.png]]

[[ATTACHMENT|artifacts/03-pii-detection-Field-Det-5c19f-ference-with-low-confidence-browser-webkit/video.webm]]

[[ATTACHMENT|artifacts/03-pii-detection-Field-Det-5c19f-ference-with-low-confidence-browser-webkit/error-context.md]]
]]>
</system-out>
<system-err>
<![CDATA[(node:38086) [DEP0147] DeprecationWarning: In future versions of Node.js, fs.rmdir(path, { recursive: true }) will be removed. Use fs.rm(path, { recursive: true }) instead
(Use `node --trace-deprecation ...` to show where the warning was created)
]]>
</system-err>
</testcase>
<testcase name="Field Detection and PII Identification › should allow manual field type corrections" classname="03-pii-detection.spec.ts" time="1.168">
<failure message="03-pii-detection.spec.ts:258:7 should allow manual field type corrections" type="FAILURE">
<![CDATA[  [browser-webkit] › 03-pii-detection.spec.ts:258:7 › Field Detection and PII Identification › should allow manual field type corrections › Upload file and navigate to field editing 

    Error: expect.toBeAttached: Error: strict mode violation: locator('input[type="file"]') resolved to 2 elements:
        1) <input type="file" accept=".csv,.xlsx,.xls,.tsv" data-testid="file-input-button" aria-label="Select file to upload" aria-describedby="file-restrictions"/> aka getByTestId('file-input-button')
        2) <input multiple type="file" accept=".csv,.xlsx,.xls,.tsv" data-testid="hidden-file-input" aria-describedby="file-requirements" aria-label="Select data files for upload"/> aka getByTestId('hidden-file-input')

    Call log:
      - Expect "toBeAttached" with timeout 5000ms
      - waiting for locator('input[type="file"]')


       at ../fixtures/test-fixtures.ts:203

      201 |   // Now set the file input (works for both browser and Electron modes)
      202 |   const fileInput = page.locator('input[type="file"]');
    > 203 |   await expect(fileInput).toBeAttached({ timeout: 5000 });
          |                           ^
      204 |   await fileInput.setInputFiles(filePath);
      205 | };
      206 |
        at uploadFile (/Users/thomaswagner/Documents/datacloak-sentiment-workbench/packages/e2e-tests/fixtures/test-fixtures.ts:203:27)
        at /Users/thomaswagner/Documents/datacloak-sentiment-workbench/packages/e2e-tests/tests/03-pii-detection.spec.ts:260:7
        at /Users/thomaswagner/Documents/datacloak-sentiment-workbench/packages/e2e-tests/tests/03-pii-detection.spec.ts:259:5

    attachment #1: screenshot (image/png) ──────────────────────────────────────────────────────────
    test-results/artifacts/03-pii-detection-Field-Det-24fdf-nual-field-type-corrections-browser-webkit/test-failed-1.png
    ────────────────────────────────────────────────────────────────────────────────────────────────

    attachment #2: video (video/webm) ──────────────────────────────────────────────────────────────
    test-results/artifacts/03-pii-detection-Field-Det-24fdf-nual-field-type-corrections-browser-webkit/video.webm
    ────────────────────────────────────────────────────────────────────────────────────────────────

    Error Context: ../test-results/artifacts/03-pii-detection-Field-Det-24fdf-nual-field-type-corrections-browser-webkit/error-context.md
]]>
</failure>
<system-out>
<![CDATA[
[[ATTACHMENT|artifacts/03-pii-detection-Field-Det-24fdf-nual-field-type-corrections-browser-webkit/test-failed-1.png]]

[[ATTACHMENT|artifacts/03-pii-detection-Field-Det-24fdf-nual-field-type-corrections-browser-webkit/video.webm]]

[[ATTACHMENT|artifacts/03-pii-detection-Field-Det-24fdf-nual-field-type-corrections-browser-webkit/error-context.md]]
]]>
</system-out>
<system-err>
<![CDATA[(node:38107) [DEP0147] DeprecationWarning: In future versions of Node.js, fs.rmdir(path, { recursive: true }) will be removed. Use fs.rm(path, { recursive: true }) instead
(Use `node --trace-deprecation ...` to show where the warning was created)
]]>
</system-err>
</testcase>
<testcase name="Field Detection and PII Identification › should display field count and row count summaries" classname="03-pii-detection.spec.ts" time="1.142">
<failure message="03-pii-detection.spec.ts:302:7 should display field count and row count summaries" type="FAILURE">
<![CDATA[  [browser-webkit] › 03-pii-detection.spec.ts:302:7 › Field Detection and PII Identification › should display field count and row count summaries › Upload file and check summary information 

    Error: expect.toBeAttached: Error: strict mode violation: locator('input[type="file"]') resolved to 2 elements:
        1) <input type="file" accept=".csv,.xlsx,.xls,.tsv" data-testid="file-input-button" aria-label="Select file to upload" aria-describedby="file-restrictions"/> aka getByTestId('file-input-button')
        2) <input multiple type="file" accept=".csv,.xlsx,.xls,.tsv" data-testid="hidden-file-input" aria-describedby="file-requirements" aria-label="Select data files for upload"/> aka getByTestId('hidden-file-input')

    Call log:
      - Expect "toBeAttached" with timeout 5000ms
      - waiting for locator('input[type="file"]')


       at ../fixtures/test-fixtures.ts:203

      201 |   // Now set the file input (works for both browser and Electron modes)
      202 |   const fileInput = page.locator('input[type="file"]');
    > 203 |   await expect(fileInput).toBeAttached({ timeout: 5000 });
          |                           ^
      204 |   await fileInput.setInputFiles(filePath);
      205 | };
      206 |
        at uploadFile (/Users/thomaswagner/Documents/datacloak-sentiment-workbench/packages/e2e-tests/fixtures/test-fixtures.ts:203:27)
        at /Users/thomaswagner/Documents/datacloak-sentiment-workbench/packages/e2e-tests/tests/03-pii-detection.spec.ts:304:7
        at /Users/thomaswagner/Documents/datacloak-sentiment-workbench/packages/e2e-tests/tests/03-pii-detection.spec.ts:303:5

    attachment #1: screenshot (image/png) ──────────────────────────────────────────────────────────
    test-results/artifacts/03-pii-detection-Field-Det-1eb83-unt-and-row-count-summaries-browser-webkit/test-failed-1.png
    ────────────────────────────────────────────────────────────────────────────────────────────────

    attachment #2: video (video/webm) ──────────────────────────────────────────────────────────────
    test-results/artifacts/03-pii-detection-Field-Det-1eb83-unt-and-row-count-summaries-browser-webkit/video.webm
    ────────────────────────────────────────────────────────────────────────────────────────────────

    Error Context: ../test-results/artifacts/03-pii-detection-Field-Det-1eb83-unt-and-row-count-summaries-browser-webkit/error-context.md
]]>
</failure>
<system-out>
<![CDATA[
[[ATTACHMENT|artifacts/03-pii-detection-Field-Det-1eb83-unt-and-row-count-summaries-browser-webkit/test-failed-1.png]]

[[ATTACHMENT|artifacts/03-pii-detection-Field-Det-1eb83-unt-and-row-count-summaries-browser-webkit/video.webm]]

[[ATTACHMENT|artifacts/03-pii-detection-Field-Det-1eb83-unt-and-row-count-summaries-browser-webkit/error-context.md]]
]]>
</system-out>
<system-err>
<![CDATA[(node:38108) [DEP0147] DeprecationWarning: In future versions of Node.js, fs.rmdir(path, { recursive: true }) will be removed. Use fs.rm(path, { recursive: true }) instead
(Use `node --trace-deprecation ...` to show where the warning was created)
]]>
</system-err>
</testcase>
<testcase name="Field Detection and PII Identification › should handle empty or invalid columns gracefully" classname="03-pii-detection.spec.ts" time="1.16">
<failure message="03-pii-detection.spec.ts:342:7 should handle empty or invalid columns gracefully" type="FAILURE">
<![CDATA[  [browser-webkit] › 03-pii-detection.spec.ts:342:7 › Field Detection and PII Identification › should handle empty or invalid columns gracefully › Upload malformed file 

    Error: expect.toBeAttached: Error: strict mode violation: locator('input[type="file"]') resolved to 2 elements:
        1) <input type="file" accept=".csv,.xlsx,.xls,.tsv" data-testid="file-input-button" aria-label="Select file to upload" aria-describedby="file-restrictions"/> aka getByTestId('file-input-button')
        2) <input multiple type="file" accept=".csv,.xlsx,.xls,.tsv" data-testid="hidden-file-input" aria-describedby="file-requirements" aria-label="Select data files for upload"/> aka getByTestId('hidden-file-input')

    Call log:
      - Expect "toBeAttached" with timeout 5000ms
      - waiting for locator('input[type="file"]')


       at ../fixtures/test-fixtures.ts:203

      201 |   // Now set the file input (works for both browser and Electron modes)
      202 |   const fileInput = page.locator('input[type="file"]');
    > 203 |   await expect(fileInput).toBeAttached({ timeout: 5000 });
          |                           ^
      204 |   await fileInput.setInputFiles(filePath);
      205 | };
      206 |
        at uploadFile (/Users/thomaswagner/Documents/datacloak-sentiment-workbench/packages/e2e-tests/fixtures/test-fixtures.ts:203:27)
        at /Users/thomaswagner/Documents/datacloak-sentiment-workbench/packages/e2e-tests/tests/03-pii-detection.spec.ts:344:7
        at /Users/thomaswagner/Documents/datacloak-sentiment-workbench/packages/e2e-tests/tests/03-pii-detection.spec.ts:343:5

    attachment #1: screenshot (image/png) ──────────────────────────────────────────────────────────
    test-results/artifacts/03-pii-detection-Field-Det-15b4e--invalid-columns-gracefully-browser-webkit/test-failed-1.png
    ────────────────────────────────────────────────────────────────────────────────────────────────

    attachment #2: video (video/webm) ──────────────────────────────────────────────────────────────
    test-results/artifacts/03-pii-detection-Field-Det-15b4e--invalid-columns-gracefully-browser-webkit/video.webm
    ────────────────────────────────────────────────────────────────────────────────────────────────

    Error Context: ../test-results/artifacts/03-pii-detection-Field-Det-15b4e--invalid-columns-gracefully-browser-webkit/error-context.md
]]>
</failure>
<system-out>
<![CDATA[
[[ATTACHMENT|artifacts/03-pii-detection-Field-Det-15b4e--invalid-columns-gracefully-browser-webkit/test-failed-1.png]]

[[ATTACHMENT|artifacts/03-pii-detection-Field-Det-15b4e--invalid-columns-gracefully-browser-webkit/video.webm]]

[[ATTACHMENT|artifacts/03-pii-detection-Field-Det-15b4e--invalid-columns-gracefully-browser-webkit/error-context.md]]
]]>
</system-out>
<system-err>
<![CDATA[(node:38116) [DEP0147] DeprecationWarning: In future versions of Node.js, fs.rmdir(path, { recursive: true }) will be removed. Use fs.rm(path, { recursive: true }) instead
(Use `node --trace-deprecation ...` to show where the warning was created)
]]>
</system-err>
</testcase>
</testsuite>
<testsuite name="04-transform-operations.spec.ts" timestamp="2025-06-15T23:53:34.693Z" hostname="browser-webkit" tests="9" failures="9" skipped="0" time="10.765" errors="0">
<testcase name="Data Transform Operations › should display available transformation options" classname="04-transform-operations.spec.ts" time="1.145">
<failure message="04-transform-operations.spec.ts:26:7 should display available transformation options" type="FAILURE">
<![CDATA[  [browser-webkit] › 04-transform-operations.spec.ts:26:7 › Data Transform Operations › should display available transformation options 

    Error: expect.toBeAttached: Error: strict mode violation: locator('input[type="file"]') resolved to 2 elements:
        1) <input type="file" accept=".csv,.xlsx,.xls,.tsv" data-testid="file-input-button" aria-label="Select file to upload" aria-describedby="file-restrictions"/> aka getByTestId('file-input-button')
        2) <input multiple type="file" accept=".csv,.xlsx,.xls,.tsv" data-testid="hidden-file-input" aria-describedby="file-requirements" aria-label="Select data files for upload"/> aka getByTestId('hidden-file-input')

    Call log:
      - Expect "toBeAttached" with timeout 5000ms
      - waiting for locator('input[type="file"]')


       at ../fixtures/test-fixtures.ts:203

      201 |   // Now set the file input (works for both browser and Electron modes)
      202 |   const fileInput = page.locator('input[type="file"]');
    > 203 |   await expect(fileInput).toBeAttached({ timeout: 5000 });
          |                           ^
      204 |   await fileInput.setInputFiles(filePath);
      205 | };
      206 |
        at uploadFile (/Users/thomaswagner/Documents/datacloak-sentiment-workbench/packages/e2e-tests/fixtures/test-fixtures.ts:203:27)
        at navigateToTransformStep (/Users/thomaswagner/Documents/datacloak-sentiment-workbench/packages/e2e-tests/tests/04-transform-operations.spec.ts:13:5)
        at /Users/thomaswagner/Documents/datacloak-sentiment-workbench/packages/e2e-tests/tests/04-transform-operations.spec.ts:27:5

    attachment #1: screenshot (image/png) ──────────────────────────────────────────────────────────
    test-results/artifacts/04-transform-operations-Da-ab53d-able-transformation-options-browser-webkit/test-failed-1.png
    ────────────────────────────────────────────────────────────────────────────────────────────────

    attachment #2: video (video/webm) ──────────────────────────────────────────────────────────────
    test-results/artifacts/04-transform-operations-Da-ab53d-able-transformation-options-browser-webkit/video.webm
    ────────────────────────────────────────────────────────────────────────────────────────────────

    Error Context: ../test-results/artifacts/04-transform-operations-Da-ab53d-able-transformation-options-browser-webkit/error-context.md
]]>
</failure>
<system-out>
<![CDATA[
[[ATTACHMENT|artifacts/04-transform-operations-Da-ab53d-able-transformation-options-browser-webkit/test-failed-1.png]]

[[ATTACHMENT|artifacts/04-transform-operations-Da-ab53d-able-transformation-options-browser-webkit/video.webm]]

[[ATTACHMENT|artifacts/04-transform-operations-Da-ab53d-able-transformation-options-browser-webkit/error-context.md]]
]]>
</system-out>
<system-err>
<![CDATA[(node:38142) [DEP0147] DeprecationWarning: In future versions of Node.js, fs.rmdir(path, { recursive: true }) will be removed. Use fs.rm(path, { recursive: true }) instead
(Use `node --trace-deprecation ...` to show where the warning was created)
]]>
</system-err>
</testcase>
<testcase name="Data Transform Operations › should support data filtering operations" classname="04-transform-operations.spec.ts" time="1.15">
<failure message="04-transform-operations.spec.ts:72:7 should support data filtering operations" type="FAILURE">
<![CDATA[  [browser-webkit] › 04-transform-operations.spec.ts:72:7 › Data Transform Operations › should support data filtering operations 

    Error: expect.toBeAttached: Error: strict mode violation: locator('input[type="file"]') resolved to 2 elements:
        1) <input type="file" accept=".csv,.xlsx,.xls,.tsv" data-testid="file-input-button" aria-label="Select file to upload" aria-describedby="file-restrictions"/> aka getByTestId('file-input-button')
        2) <input multiple type="file" accept=".csv,.xlsx,.xls,.tsv" data-testid="hidden-file-input" aria-describedby="file-requirements" aria-label="Select data files for upload"/> aka getByTestId('hidden-file-input')

    Call log:
      - Expect "toBeAttached" with timeout 5000ms
      - waiting for locator('input[type="file"]')


       at ../fixtures/test-fixtures.ts:203

      201 |   // Now set the file input (works for both browser and Electron modes)
      202 |   const fileInput = page.locator('input[type="file"]');
    > 203 |   await expect(fileInput).toBeAttached({ timeout: 5000 });
          |                           ^
      204 |   await fileInput.setInputFiles(filePath);
      205 | };
      206 |
        at uploadFile (/Users/thomaswagner/Documents/datacloak-sentiment-workbench/packages/e2e-tests/fixtures/test-fixtures.ts:203:27)
        at navigateToTransformStep (/Users/thomaswagner/Documents/datacloak-sentiment-workbench/packages/e2e-tests/tests/04-transform-operations.spec.ts:13:5)
        at /Users/thomaswagner/Documents/datacloak-sentiment-workbench/packages/e2e-tests/tests/04-transform-operations.spec.ts:73:5

    attachment #1: screenshot (image/png) ──────────────────────────────────────────────────────────
    test-results/artifacts/04-transform-operations-Da-d30b3-t-data-filtering-operations-browser-webkit/test-failed-1.png
    ────────────────────────────────────────────────────────────────────────────────────────────────

    attachment #2: video (video/webm) ──────────────────────────────────────────────────────────────
    test-results/artifacts/04-transform-operations-Da-d30b3-t-data-filtering-operations-browser-webkit/video.webm
    ────────────────────────────────────────────────────────────────────────────────────────────────

    Error Context: ../test-results/artifacts/04-transform-operations-Da-d30b3-t-data-filtering-operations-browser-webkit/error-context.md
]]>
</failure>
<system-out>
<![CDATA[
[[ATTACHMENT|artifacts/04-transform-operations-Da-d30b3-t-data-filtering-operations-browser-webkit/test-failed-1.png]]

[[ATTACHMENT|artifacts/04-transform-operations-Da-d30b3-t-data-filtering-operations-browser-webkit/video.webm]]

[[ATTACHMENT|artifacts/04-transform-operations-Da-d30b3-t-data-filtering-operations-browser-webkit/error-context.md]]
]]>
</system-out>
<system-err>
<![CDATA[(node:38144) [DEP0147] DeprecationWarning: In future versions of Node.js, fs.rmdir(path, { recursive: true }) will be removed. Use fs.rm(path, { recursive: true }) instead
(Use `node --trace-deprecation ...` to show where the warning was created)
]]>
</system-err>
</testcase>
<testcase name="Data Transform Operations › should support data sorting and ordering" classname="04-transform-operations.spec.ts" time="1.205">
<failure message="04-transform-operations.spec.ts:128:7 should support data sorting and ordering" type="FAILURE">
<![CDATA[  [browser-webkit] › 04-transform-operations.spec.ts:128:7 › Data Transform Operations › should support data sorting and ordering 

    Error: expect.toBeAttached: Error: strict mode violation: locator('input[type="file"]') resolved to 2 elements:
        1) <input type="file" accept=".csv,.xlsx,.xls,.tsv" data-testid="file-input-button" aria-label="Select file to upload" aria-describedby="file-restrictions"/> aka getByTestId('file-input-button')
        2) <input multiple type="file" accept=".csv,.xlsx,.xls,.tsv" data-testid="hidden-file-input" aria-describedby="file-requirements" aria-label="Select data files for upload"/> aka getByTestId('hidden-file-input')

    Call log:
      - Expect "toBeAttached" with timeout 5000ms
      - waiting for locator('input[type="file"]')


       at ../fixtures/test-fixtures.ts:203

      201 |   // Now set the file input (works for both browser and Electron modes)
      202 |   const fileInput = page.locator('input[type="file"]');
    > 203 |   await expect(fileInput).toBeAttached({ timeout: 5000 });
          |                           ^
      204 |   await fileInput.setInputFiles(filePath);
      205 | };
      206 |
        at uploadFile (/Users/thomaswagner/Documents/datacloak-sentiment-workbench/packages/e2e-tests/fixtures/test-fixtures.ts:203:27)
        at navigateToTransformStep (/Users/thomaswagner/Documents/datacloak-sentiment-workbench/packages/e2e-tests/tests/04-transform-operations.spec.ts:13:5)
        at /Users/thomaswagner/Documents/datacloak-sentiment-workbench/packages/e2e-tests/tests/04-transform-operations.spec.ts:129:5

    attachment #1: screenshot (image/png) ──────────────────────────────────────────────────────────
    test-results/artifacts/04-transform-operations-Da-a109c-t-data-sorting-and-ordering-browser-webkit/test-failed-1.png
    ────────────────────────────────────────────────────────────────────────────────────────────────

    attachment #2: video (video/webm) ──────────────────────────────────────────────────────────────
    test-results/artifacts/04-transform-operations-Da-a109c-t-data-sorting-and-ordering-browser-webkit/video.webm
    ────────────────────────────────────────────────────────────────────────────────────────────────

    Error Context: ../test-results/artifacts/04-transform-operations-Da-a109c-t-data-sorting-and-ordering-browser-webkit/error-context.md
]]>
</failure>
<system-out>
<![CDATA[
[[ATTACHMENT|artifacts/04-transform-operations-Da-a109c-t-data-sorting-and-ordering-browser-webkit/test-failed-1.png]]

[[ATTACHMENT|artifacts/04-transform-operations-Da-a109c-t-data-sorting-and-ordering-browser-webkit/video.webm]]

[[ATTACHMENT|artifacts/04-transform-operations-Da-a109c-t-data-sorting-and-ordering-browser-webkit/error-context.md]]
]]>
</system-out>
<system-err>
<![CDATA[(node:38152) [DEP0147] DeprecationWarning: In future versions of Node.js, fs.rmdir(path, { recursive: true }) will be removed. Use fs.rm(path, { recursive: true }) instead
(Use `node --trace-deprecation ...` to show where the warning was created)
]]>
</system-err>
</testcase>
<testcase name="Data Transform Operations › should support field renaming and formatting" classname="04-transform-operations.spec.ts" time="1.203">
<failure message="04-transform-operations.spec.ts:161:7 should support field renaming and formatting" type="FAILURE">
<![CDATA[  [browser-webkit] › 04-transform-operations.spec.ts:161:7 › Data Transform Operations › should support field renaming and formatting 

    Error: expect.toBeAttached: Error: strict mode violation: locator('input[type="file"]') resolved to 2 elements:
        1) <input type="file" accept=".csv,.xlsx,.xls,.tsv" data-testid="file-input-button" aria-label="Select file to upload" aria-describedby="file-restrictions"/> aka getByTestId('file-input-button')
        2) <input multiple type="file" accept=".csv,.xlsx,.xls,.tsv" data-testid="hidden-file-input" aria-describedby="file-requirements" aria-label="Select data files for upload"/> aka getByTestId('hidden-file-input')

    Call log:
      - Expect "toBeAttached" with timeout 5000ms
      - waiting for locator('input[type="file"]')


       at ../fixtures/test-fixtures.ts:203

      201 |   // Now set the file input (works for both browser and Electron modes)
      202 |   const fileInput = page.locator('input[type="file"]');
    > 203 |   await expect(fileInput).toBeAttached({ timeout: 5000 });
          |                           ^
      204 |   await fileInput.setInputFiles(filePath);
      205 | };
      206 |
        at uploadFile (/Users/thomaswagner/Documents/datacloak-sentiment-workbench/packages/e2e-tests/fixtures/test-fixtures.ts:203:27)
        at navigateToTransformStep (/Users/thomaswagner/Documents/datacloak-sentiment-workbench/packages/e2e-tests/tests/04-transform-operations.spec.ts:13:5)
        at /Users/thomaswagner/Documents/datacloak-sentiment-workbench/packages/e2e-tests/tests/04-transform-operations.spec.ts:162:5

    attachment #1: screenshot (image/png) ──────────────────────────────────────────────────────────
    test-results/artifacts/04-transform-operations-Da-1f758-eld-renaming-and-formatting-browser-webkit/test-failed-1.png
    ────────────────────────────────────────────────────────────────────────────────────────────────

    attachment #2: video (video/webm) ──────────────────────────────────────────────────────────────
    test-results/artifacts/04-transform-operations-Da-1f758-eld-renaming-and-formatting-browser-webkit/video.webm
    ────────────────────────────────────────────────────────────────────────────────────────────────

    Error Context: ../test-results/artifacts/04-transform-operations-Da-1f758-eld-renaming-and-formatting-browser-webkit/error-context.md
]]>
</failure>
<system-out>
<![CDATA[
[[ATTACHMENT|artifacts/04-transform-operations-Da-1f758-eld-renaming-and-formatting-browser-webkit/test-failed-1.png]]

[[ATTACHMENT|artifacts/04-transform-operations-Da-1f758-eld-renaming-and-formatting-browser-webkit/video.webm]]

[[ATTACHMENT|artifacts/04-transform-operations-Da-1f758-eld-renaming-and-formatting-browser-webkit/error-context.md]]
]]>
</system-out>
<system-err>
<![CDATA[(node:38173) [DEP0147] DeprecationWarning: In future versions of Node.js, fs.rmdir(path, { recursive: true }) will be removed. Use fs.rm(path, { recursive: true }) instead
(Use `node --trace-deprecation ...` to show where the warning was created)
]]>
</system-err>
</testcase>
<testcase name="Data Transform Operations › should provide transform preview functionality" classname="04-transform-operations.spec.ts" time="1.201">
<failure message="04-transform-operations.spec.ts:188:7 should provide transform preview functionality" type="FAILURE">
<![CDATA[  [browser-webkit] › 04-transform-operations.spec.ts:188:7 › Data Transform Operations › should provide transform preview functionality 

    Error: expect.toBeAttached: Error: strict mode violation: locator('input[type="file"]') resolved to 2 elements:
        1) <input type="file" accept=".csv,.xlsx,.xls,.tsv" data-testid="file-input-button" aria-label="Select file to upload" aria-describedby="file-restrictions"/> aka getByTestId('file-input-button')
        2) <input multiple type="file" accept=".csv,.xlsx,.xls,.tsv" data-testid="hidden-file-input" aria-describedby="file-requirements" aria-label="Select data files for upload"/> aka getByTestId('hidden-file-input')

    Call log:
      - Expect "toBeAttached" with timeout 5000ms
      - waiting for locator('input[type="file"]')


       at ../fixtures/test-fixtures.ts:203

      201 |   // Now set the file input (works for both browser and Electron modes)
      202 |   const fileInput = page.locator('input[type="file"]');
    > 203 |   await expect(fileInput).toBeAttached({ timeout: 5000 });
          |                           ^
      204 |   await fileInput.setInputFiles(filePath);
      205 | };
      206 |
        at uploadFile (/Users/thomaswagner/Documents/datacloak-sentiment-workbench/packages/e2e-tests/fixtures/test-fixtures.ts:203:27)
        at navigateToTransformStep (/Users/thomaswagner/Documents/datacloak-sentiment-workbench/packages/e2e-tests/tests/04-transform-operations.spec.ts:13:5)
        at /Users/thomaswagner/Documents/datacloak-sentiment-workbench/packages/e2e-tests/tests/04-transform-operations.spec.ts:189:5

    attachment #1: screenshot (image/png) ──────────────────────────────────────────────────────────
    test-results/artifacts/04-transform-operations-Da-6e95a-sform-preview-functionality-browser-webkit/test-failed-1.png
    ────────────────────────────────────────────────────────────────────────────────────────────────

    attachment #2: video (video/webm) ──────────────────────────────────────────────────────────────
    test-results/artifacts/04-transform-operations-Da-6e95a-sform-preview-functionality-browser-webkit/video.webm
    ────────────────────────────────────────────────────────────────────────────────────────────────

    Error Context: ../test-results/artifacts/04-transform-operations-Da-6e95a-sform-preview-functionality-browser-webkit/error-context.md
]]>
</failure>
<system-out>
<![CDATA[
[[ATTACHMENT|artifacts/04-transform-operations-Da-6e95a-sform-preview-functionality-browser-webkit/test-failed-1.png]]

[[ATTACHMENT|artifacts/04-transform-operations-Da-6e95a-sform-preview-functionality-browser-webkit/video.webm]]

[[ATTACHMENT|artifacts/04-transform-operations-Da-6e95a-sform-preview-functionality-browser-webkit/error-context.md]]
]]>
</system-out>
<system-err>
<![CDATA[(node:38178) [DEP0147] DeprecationWarning: In future versions of Node.js, fs.rmdir(path, { recursive: true }) will be removed. Use fs.rm(path, { recursive: true }) instead
(Use `node --trace-deprecation ...` to show where the warning was created)
]]>
</system-err>
</testcase>
<testcase name="Data Transform Operations › should allow skipping optional transformations" classname="04-transform-operations.spec.ts" time="1.18">
<failure message="04-transform-operations.spec.ts:243:7 should allow skipping optional transformations" type="FAILURE">
<![CDATA[  [browser-webkit] › 04-transform-operations.spec.ts:243:7 › Data Transform Operations › should allow skipping optional transformations 

    Error: expect.toBeAttached: Error: strict mode violation: locator('input[type="file"]') resolved to 2 elements:
        1) <input type="file" accept=".csv,.xlsx,.xls,.tsv" data-testid="file-input-button" aria-label="Select file to upload" aria-describedby="file-restrictions"/> aka getByTestId('file-input-button')
        2) <input multiple type="file" accept=".csv,.xlsx,.xls,.tsv" data-testid="hidden-file-input" aria-describedby="file-requirements" aria-label="Select data files for upload"/> aka getByTestId('hidden-file-input')

    Call log:
      - Expect "toBeAttached" with timeout 5000ms
      - waiting for locator('input[type="file"]')


       at ../fixtures/test-fixtures.ts:203

      201 |   // Now set the file input (works for both browser and Electron modes)
      202 |   const fileInput = page.locator('input[type="file"]');
    > 203 |   await expect(fileInput).toBeAttached({ timeout: 5000 });
          |                           ^
      204 |   await fileInput.setInputFiles(filePath);
      205 | };
      206 |
        at uploadFile (/Users/thomaswagner/Documents/datacloak-sentiment-workbench/packages/e2e-tests/fixtures/test-fixtures.ts:203:27)
        at navigateToTransformStep (/Users/thomaswagner/Documents/datacloak-sentiment-workbench/packages/e2e-tests/tests/04-transform-operations.spec.ts:13:5)
        at /Users/thomaswagner/Documents/datacloak-sentiment-workbench/packages/e2e-tests/tests/04-transform-operations.spec.ts:244:5

    attachment #1: screenshot (image/png) ──────────────────────────────────────────────────────────
    test-results/artifacts/04-transform-operations-Da-557d1-ng-optional-transformations-browser-webkit/test-failed-1.png
    ────────────────────────────────────────────────────────────────────────────────────────────────

    attachment #2: video (video/webm) ──────────────────────────────────────────────────────────────
    test-results/artifacts/04-transform-operations-Da-557d1-ng-optional-transformations-browser-webkit/video.webm
    ────────────────────────────────────────────────────────────────────────────────────────────────

    Error Context: ../test-results/artifacts/04-transform-operations-Da-557d1-ng-optional-transformations-browser-webkit/error-context.md
]]>
</failure>
<system-out>
<![CDATA[
[[ATTACHMENT|artifacts/04-transform-operations-Da-557d1-ng-optional-transformations-browser-webkit/test-failed-1.png]]

[[ATTACHMENT|artifacts/04-transform-operations-Da-557d1-ng-optional-transformations-browser-webkit/video.webm]]

[[ATTACHMENT|artifacts/04-transform-operations-Da-557d1-ng-optional-transformations-browser-webkit/error-context.md]]
]]>
</system-out>
<system-err>
<![CDATA[(node:38179) [DEP0147] DeprecationWarning: In future versions of Node.js, fs.rmdir(path, { recursive: true }) will be removed. Use fs.rm(path, { recursive: true }) instead
(Use `node --trace-deprecation ...` to show where the warning was created)
]]>
</system-err>
</testcase>
<testcase name="Data Transform Operations › should handle transform validation and errors" classname="04-transform-operations.spec.ts" time="1.209">
<failure message="04-transform-operations.spec.ts:281:7 should handle transform validation and errors" type="FAILURE">
<![CDATA[  [browser-webkit] › 04-transform-operations.spec.ts:281:7 › Data Transform Operations › should handle transform validation and errors 

    Error: expect.toBeAttached: Error: strict mode violation: locator('input[type="file"]') resolved to 2 elements:
        1) <input type="file" accept=".csv,.xlsx,.xls,.tsv" data-testid="file-input-button" aria-label="Select file to upload" aria-describedby="file-restrictions"/> aka getByTestId('file-input-button')
        2) <input multiple type="file" accept=".csv,.xlsx,.xls,.tsv" data-testid="hidden-file-input" aria-describedby="file-requirements" aria-label="Select data files for upload"/> aka getByTestId('hidden-file-input')

    Call log:
      - Expect "toBeAttached" with timeout 5000ms
      - waiting for locator('input[type="file"]')


       at ../fixtures/test-fixtures.ts:203

      201 |   // Now set the file input (works for both browser and Electron modes)
      202 |   const fileInput = page.locator('input[type="file"]');
    > 203 |   await expect(fileInput).toBeAttached({ timeout: 5000 });
          |                           ^
      204 |   await fileInput.setInputFiles(filePath);
      205 | };
      206 |
        at uploadFile (/Users/thomaswagner/Documents/datacloak-sentiment-workbench/packages/e2e-tests/fixtures/test-fixtures.ts:203:27)
        at navigateToTransformStep (/Users/thomaswagner/Documents/datacloak-sentiment-workbench/packages/e2e-tests/tests/04-transform-operations.spec.ts:13:5)
        at /Users/thomaswagner/Documents/datacloak-sentiment-workbench/packages/e2e-tests/tests/04-transform-operations.spec.ts:282:5

    attachment #1: screenshot (image/png) ──────────────────────────────────────────────────────────
    test-results/artifacts/04-transform-operations-Da-bd0cc-sform-validation-and-errors-browser-webkit/test-failed-1.png
    ────────────────────────────────────────────────────────────────────────────────────────────────

    attachment #2: video (video/webm) ──────────────────────────────────────────────────────────────
    test-results/artifacts/04-transform-operations-Da-bd0cc-sform-validation-and-errors-browser-webkit/video.webm
    ────────────────────────────────────────────────────────────────────────────────────────────────

    Error Context: ../test-results/artifacts/04-transform-operations-Da-bd0cc-sform-validation-and-errors-browser-webkit/error-context.md
]]>
</failure>
<system-out>
<![CDATA[
[[ATTACHMENT|artifacts/04-transform-operations-Da-bd0cc-sform-validation-and-errors-browser-webkit/test-failed-1.png]]

[[ATTACHMENT|artifacts/04-transform-operations-Da-bd0cc-sform-validation-and-errors-browser-webkit/video.webm]]

[[ATTACHMENT|artifacts/04-transform-operations-Da-bd0cc-sform-validation-and-errors-browser-webkit/error-context.md]]
]]>
</system-out>
<system-err>
<![CDATA[(node:38198) [DEP0147] DeprecationWarning: In future versions of Node.js, fs.rmdir(path, { recursive: true }) will be removed. Use fs.rm(path, { recursive: true }) instead
(Use `node --trace-deprecation ...` to show where the warning was created)
]]>
</system-err>
</testcase>
<testcase name="Data Transform Operations › should save and display transform configuration" classname="04-transform-operations.spec.ts" time="1.254">
<failure message="04-transform-operations.spec.ts:346:7 should save and display transform configuration" type="FAILURE">
<![CDATA[  [browser-webkit] › 04-transform-operations.spec.ts:346:7 › Data Transform Operations › should save and display transform configuration 

    Error: expect.toBeAttached: Error: strict mode violation: locator('input[type="file"]') resolved to 2 elements:
        1) <input type="file" accept=".csv,.xlsx,.xls,.tsv" data-testid="file-input-button" aria-label="Select file to upload" aria-describedby="file-restrictions"/> aka getByTestId('file-input-button')
        2) <input multiple type="file" accept=".csv,.xlsx,.xls,.tsv" data-testid="hidden-file-input" aria-describedby="file-requirements" aria-label="Select data files for upload"/> aka getByTestId('hidden-file-input')

    Call log:
      - Expect "toBeAttached" with timeout 5000ms
      - waiting for locator('input[type="file"]')


       at ../fixtures/test-fixtures.ts:203

      201 |   // Now set the file input (works for both browser and Electron modes)
      202 |   const fileInput = page.locator('input[type="file"]');
    > 203 |   await expect(fileInput).toBeAttached({ timeout: 5000 });
          |                           ^
      204 |   await fileInput.setInputFiles(filePath);
      205 | };
      206 |
        at uploadFile (/Users/thomaswagner/Documents/datacloak-sentiment-workbench/packages/e2e-tests/fixtures/test-fixtures.ts:203:27)
        at navigateToTransformStep (/Users/thomaswagner/Documents/datacloak-sentiment-workbench/packages/e2e-tests/tests/04-transform-operations.spec.ts:13:5)
        at /Users/thomaswagner/Documents/datacloak-sentiment-workbench/packages/e2e-tests/tests/04-transform-operations.spec.ts:347:5

    attachment #1: screenshot (image/png) ──────────────────────────────────────────────────────────
    test-results/artifacts/04-transform-operations-Da-49512-lay-transform-configuration-browser-webkit/test-failed-1.png
    ────────────────────────────────────────────────────────────────────────────────────────────────

    attachment #2: video (video/webm) ──────────────────────────────────────────────────────────────
    test-results/artifacts/04-transform-operations-Da-49512-lay-transform-configuration-browser-webkit/video.webm
    ────────────────────────────────────────────────────────────────────────────────────────────────

    Error Context: ../test-results/artifacts/04-transform-operations-Da-49512-lay-transform-configuration-browser-webkit/error-context.md
]]>
</failure>
<system-out>
<![CDATA[
[[ATTACHMENT|artifacts/04-transform-operations-Da-49512-lay-transform-configuration-browser-webkit/test-failed-1.png]]

[[ATTACHMENT|artifacts/04-transform-operations-Da-49512-lay-transform-configuration-browser-webkit/video.webm]]

[[ATTACHMENT|artifacts/04-transform-operations-Da-49512-lay-transform-configuration-browser-webkit/error-context.md]]
]]>
</system-out>
<system-err>
<![CDATA[(node:38217) [DEP0147] DeprecationWarning: In future versions of Node.js, fs.rmdir(path, { recursive: true }) will be removed. Use fs.rm(path, { recursive: true }) instead
(Use `node --trace-deprecation ...` to show where the warning was created)
]]>
</system-err>
</testcase>
<testcase name="Data Transform Operations › should handle large dataset transformations" classname="04-transform-operations.spec.ts" time="1.218">
<failure message="04-transform-operations.spec.ts:394:7 should handle large dataset transformations" type="FAILURE">
<![CDATA[  [browser-webkit] › 04-transform-operations.spec.ts:394:7 › Data Transform Operations › should handle large dataset transformations › Upload large file and navigate to transform 

    Error: expect.toBeAttached: Error: strict mode violation: locator('input[type="file"]') resolved to 2 elements:
        1) <input type="file" accept=".csv,.xlsx,.xls,.tsv" data-testid="file-input-button" aria-label="Select file to upload" aria-describedby="file-restrictions"/> aka getByTestId('file-input-button')
        2) <input multiple type="file" accept=".csv,.xlsx,.xls,.tsv" data-testid="hidden-file-input" aria-describedby="file-requirements" aria-label="Select data files for upload"/> aka getByTestId('hidden-file-input')

    Call log:
      - Expect "toBeAttached" with timeout 5000ms
      - waiting for locator('input[type="file"]')


       at ../fixtures/test-fixtures.ts:203

      201 |   // Now set the file input (works for both browser and Electron modes)
      202 |   const fileInput = page.locator('input[type="file"]');
    > 203 |   await expect(fileInput).toBeAttached({ timeout: 5000 });
          |                           ^
      204 |   await fileInput.setInputFiles(filePath);
      205 | };
      206 |
        at uploadFile (/Users/thomaswagner/Documents/datacloak-sentiment-workbench/packages/e2e-tests/fixtures/test-fixtures.ts:203:27)
        at /Users/thomaswagner/Documents/datacloak-sentiment-workbench/packages/e2e-tests/tests/04-transform-operations.spec.ts:396:7
        at /Users/thomaswagner/Documents/datacloak-sentiment-workbench/packages/e2e-tests/tests/04-transform-operations.spec.ts:395:5

    attachment #1: screenshot (image/png) ──────────────────────────────────────────────────────────
    test-results/artifacts/04-transform-operations-Da-40873-rge-dataset-transformations-browser-webkit/test-failed-1.png
    ────────────────────────────────────────────────────────────────────────────────────────────────

    attachment #2: video (video/webm) ──────────────────────────────────────────────────────────────
    test-results/artifacts/04-transform-operations-Da-40873-rge-dataset-transformations-browser-webkit/video.webm
    ────────────────────────────────────────────────────────────────────────────────────────────────

    Error Context: ../test-results/artifacts/04-transform-operations-Da-40873-rge-dataset-transformations-browser-webkit/error-context.md
]]>
</failure>
<system-out>
<![CDATA[
[[ATTACHMENT|artifacts/04-transform-operations-Da-40873-rge-dataset-transformations-browser-webkit/test-failed-1.png]]

[[ATTACHMENT|artifacts/04-transform-operations-Da-40873-rge-dataset-transformations-browser-webkit/video.webm]]

[[ATTACHMENT|artifacts/04-transform-operations-Da-40873-rge-dataset-transformations-browser-webkit/error-context.md]]
]]>
</system-out>
<system-err>
<![CDATA[(node:38222) [DEP0147] DeprecationWarning: In future versions of Node.js, fs.rmdir(path, { recursive: true }) will be removed. Use fs.rm(path, { recursive: true }) instead
(Use `node --trace-deprecation ...` to show where the warning was created)
]]>
</system-err>
</testcase>
</testsuite>
<testsuite name="05-sentiment-analysis.spec.ts" timestamp="2025-06-15T23:53:34.693Z" hostname="browser-webkit" tests="8" failures="8" skipped="0" time="10.33" errors="0">
<testcase name="Sentiment Analysis with OpenAI Integration › should display sentiment analysis configuration options" classname="05-sentiment-analysis.spec.ts" time="1.201">
<failure message="05-sentiment-analysis.spec.ts:26:7 should display sentiment analysis configuration options" type="FAILURE">
<![CDATA[  [browser-webkit] › 05-sentiment-analysis.spec.ts:26:7 › Sentiment Analysis with OpenAI Integration › should display sentiment analysis configuration options 

    Error: expect.toBeAttached: Error: strict mode violation: locator('input[type="file"]') resolved to 2 elements:
        1) <input type="file" accept=".csv,.xlsx,.xls,.tsv" data-testid="file-input-button" aria-label="Select file to upload" aria-describedby="file-restrictions"/> aka getByTestId('file-input-button')
        2) <input multiple type="file" accept=".csv,.xlsx,.xls,.tsv" data-testid="hidden-file-input" aria-describedby="file-requirements" aria-label="Select data files for upload"/> aka getByTestId('hidden-file-input')

    Call log:
      - Expect "toBeAttached" with timeout 5000ms
      - waiting for locator('input[type="file"]')


       at ../fixtures/test-fixtures.ts:203

      201 |   // Now set the file input (works for both browser and Electron modes)
      202 |   const fileInput = page.locator('input[type="file"]');
    > 203 |   await expect(fileInput).toBeAttached({ timeout: 5000 });
          |                           ^
      204 |   await fileInput.setInputFiles(filePath);
      205 | };
      206 |
        at uploadFile (/Users/thomaswagner/Documents/datacloak-sentiment-workbench/packages/e2e-tests/fixtures/test-fixtures.ts:203:27)
        at navigateToSentimentStep (/Users/thomaswagner/Documents/datacloak-sentiment-workbench/packages/e2e-tests/tests/05-sentiment-analysis.spec.ts:13:5)
        at /Users/thomaswagner/Documents/datacloak-sentiment-workbench/packages/e2e-tests/tests/05-sentiment-analysis.spec.ts:27:5

    attachment #1: screenshot (image/png) ──────────────────────────────────────────────────────────
    test-results/artifacts/05-sentiment-analysis-Sent-ce23e-lysis-configuration-options-browser-webkit/test-failed-1.png
    ────────────────────────────────────────────────────────────────────────────────────────────────

    attachment #2: video (video/webm) ──────────────────────────────────────────────────────────────
    test-results/artifacts/05-sentiment-analysis-Sent-ce23e-lysis-configuration-options-browser-webkit/video.webm
    ────────────────────────────────────────────────────────────────────────────────────────────────

    Error Context: ../test-results/artifacts/05-sentiment-analysis-Sent-ce23e-lysis-configuration-options-browser-webkit/error-context.md
]]>
</failure>
<system-out>
<![CDATA[
[[ATTACHMENT|artifacts/05-sentiment-analysis-Sent-ce23e-lysis-configuration-options-browser-webkit/test-failed-1.png]]

[[ATTACHMENT|artifacts/05-sentiment-analysis-Sent-ce23e-lysis-configuration-options-browser-webkit/video.webm]]

[[ATTACHMENT|artifacts/05-sentiment-analysis-Sent-ce23e-lysis-configuration-options-browser-webkit/error-context.md]]
]]>
</system-out>
<system-err>
<![CDATA[(node:38225) [DEP0147] DeprecationWarning: In future versions of Node.js, fs.rmdir(path, { recursive: true }) will be removed. Use fs.rm(path, { recursive: true }) instead
(Use `node --trace-deprecation ...` to show where the warning was created)
]]>
</system-err>
</testcase>
<testcase name="Sentiment Analysis with OpenAI Integration › should display cost estimation for sentiment analysis" classname="05-sentiment-analysis.spec.ts" time="1.287">
<failure message="05-sentiment-analysis.spec.ts:91:7 should display cost estimation for sentiment analysis" type="FAILURE">
<![CDATA[  [browser-webkit] › 05-sentiment-analysis.spec.ts:91:7 › Sentiment Analysis with OpenAI Integration › should display cost estimation for sentiment analysis 

    Error: expect.toBeAttached: Error: strict mode violation: locator('input[type="file"]') resolved to 2 elements:
        1) <input type="file" accept=".csv,.xlsx,.xls,.tsv" data-testid="file-input-button" aria-label="Select file to upload" aria-describedby="file-restrictions"/> aka getByTestId('file-input-button')
        2) <input multiple type="file" accept=".csv,.xlsx,.xls,.tsv" data-testid="hidden-file-input" aria-describedby="file-requirements" aria-label="Select data files for upload"/> aka getByTestId('hidden-file-input')

    Call log:
      - Expect "toBeAttached" with timeout 5000ms
      - waiting for locator('input[type="file"]')


       at ../fixtures/test-fixtures.ts:203

      201 |   // Now set the file input (works for both browser and Electron modes)
      202 |   const fileInput = page.locator('input[type="file"]');
    > 203 |   await expect(fileInput).toBeAttached({ timeout: 5000 });
          |                           ^
      204 |   await fileInput.setInputFiles(filePath);
      205 | };
      206 |
        at uploadFile (/Users/thomaswagner/Documents/datacloak-sentiment-workbench/packages/e2e-tests/fixtures/test-fixtures.ts:203:27)
        at navigateToSentimentStep (/Users/thomaswagner/Documents/datacloak-sentiment-workbench/packages/e2e-tests/tests/05-sentiment-analysis.spec.ts:13:5)
        at /Users/thomaswagner/Documents/datacloak-sentiment-workbench/packages/e2e-tests/tests/05-sentiment-analysis.spec.ts:92:5

    attachment #1: screenshot (image/png) ──────────────────────────────────────────────────────────
    test-results/artifacts/05-sentiment-analysis-Sent-ceae8-tion-for-sentiment-analysis-browser-webkit/test-failed-1.png
    ────────────────────────────────────────────────────────────────────────────────────────────────

    attachment #2: video (video/webm) ──────────────────────────────────────────────────────────────
    test-results/artifacts/05-sentiment-analysis-Sent-ceae8-tion-for-sentiment-analysis-browser-webkit/video.webm
    ────────────────────────────────────────────────────────────────────────────────────────────────

    Error Context: ../test-results/artifacts/05-sentiment-analysis-Sent-ceae8-tion-for-sentiment-analysis-browser-webkit/error-context.md
]]>
</failure>
<system-out>
<![CDATA[
[[ATTACHMENT|artifacts/05-sentiment-analysis-Sent-ceae8-tion-for-sentiment-analysis-browser-webkit/test-failed-1.png]]

[[ATTACHMENT|artifacts/05-sentiment-analysis-Sent-ceae8-tion-for-sentiment-analysis-browser-webkit/video.webm]]

[[ATTACHMENT|artifacts/05-sentiment-analysis-Sent-ceae8-tion-for-sentiment-analysis-browser-webkit/error-context.md]]
]]>
</system-out>
<system-err>
<![CDATA[(node:38245) [DEP0147] DeprecationWarning: In future versions of Node.js, fs.rmdir(path, { recursive: true }) will be removed. Use fs.rm(path, { recursive: true }) instead
(Use `node --trace-deprecation ...` to show where the warning was created)
]]>
</system-err>
</testcase>
<testcase name="Sentiment Analysis with OpenAI Integration › should start sentiment analysis job successfully" classname="05-sentiment-analysis.spec.ts" time="1.285">
<failure message="05-sentiment-analysis.spec.ts:142:7 should start sentiment analysis job successfully" type="FAILURE">
<![CDATA[  [browser-webkit] › 05-sentiment-analysis.spec.ts:142:7 › Sentiment Analysis with OpenAI Integration › should start sentiment analysis job successfully 

    Error: expect.toBeAttached: Error: strict mode violation: locator('input[type="file"]') resolved to 2 elements:
        1) <input type="file" accept=".csv,.xlsx,.xls,.tsv" data-testid="file-input-button" aria-label="Select file to upload" aria-describedby="file-restrictions"/> aka getByTestId('file-input-button')
        2) <input multiple type="file" accept=".csv,.xlsx,.xls,.tsv" data-testid="hidden-file-input" aria-describedby="file-requirements" aria-label="Select data files for upload"/> aka getByTestId('hidden-file-input')

    Call log:
      - Expect "toBeAttached" with timeout 5000ms
      - waiting for locator('input[type="file"]')


       at ../fixtures/test-fixtures.ts:203

      201 |   // Now set the file input (works for both browser and Electron modes)
      202 |   const fileInput = page.locator('input[type="file"]');
    > 203 |   await expect(fileInput).toBeAttached({ timeout: 5000 });
          |                           ^
      204 |   await fileInput.setInputFiles(filePath);
      205 | };
      206 |
        at uploadFile (/Users/thomaswagner/Documents/datacloak-sentiment-workbench/packages/e2e-tests/fixtures/test-fixtures.ts:203:27)
        at navigateToSentimentStep (/Users/thomaswagner/Documents/datacloak-sentiment-workbench/packages/e2e-tests/tests/05-sentiment-analysis.spec.ts:13:5)
        at /Users/thomaswagner/Documents/datacloak-sentiment-workbench/packages/e2e-tests/tests/05-sentiment-analysis.spec.ts:143:5

    attachment #1: screenshot (image/png) ──────────────────────────────────────────────────────────
    test-results/artifacts/05-sentiment-analysis-Sent-1964d-t-analysis-job-successfully-browser-webkit/test-failed-1.png
    ────────────────────────────────────────────────────────────────────────────────────────────────

    attachment #2: video (video/webm) ──────────────────────────────────────────────────────────────
    test-results/artifacts/05-sentiment-analysis-Sent-1964d-t-analysis-job-successfully-browser-webkit/video.webm
    ────────────────────────────────────────────────────────────────────────────────────────────────

    Error Context: ../test-results/artifacts/05-sentiment-analysis-Sent-1964d-t-analysis-job-successfully-browser-webkit/error-context.md
]]>
</failure>
<system-out>
<![CDATA[
[[ATTACHMENT|artifacts/05-sentiment-analysis-Sent-1964d-t-analysis-job-successfully-browser-webkit/test-failed-1.png]]

[[ATTACHMENT|artifacts/05-sentiment-analysis-Sent-1964d-t-analysis-job-successfully-browser-webkit/video.webm]]

[[ATTACHMENT|artifacts/05-sentiment-analysis-Sent-1964d-t-analysis-job-successfully-browser-webkit/error-context.md]]
]]>
</system-out>
<system-err>
<![CDATA[(node:38267) [DEP0147] DeprecationWarning: In future versions of Node.js, fs.rmdir(path, { recursive: true }) will be removed. Use fs.rm(path, { recursive: true }) instead
(Use `node --trace-deprecation ...` to show where the warning was created)
]]>
</system-err>
</testcase>
<testcase name="Sentiment Analysis with OpenAI Integration › should show progress during sentiment analysis" classname="05-sentiment-analysis.spec.ts" time="1.222">
<failure message="05-sentiment-analysis.spec.ts:200:7 should show progress during sentiment analysis" type="FAILURE">
<![CDATA[  [browser-webkit] › 05-sentiment-analysis.spec.ts:200:7 › Sentiment Analysis with OpenAI Integration › should show progress during sentiment analysis 

    Error: expect.toBeAttached: Error: strict mode violation: locator('input[type="file"]') resolved to 2 elements:
        1) <input type="file" accept=".csv,.xlsx,.xls,.tsv" data-testid="file-input-button" aria-label="Select file to upload" aria-describedby="file-restrictions"/> aka getByTestId('file-input-button')
        2) <input multiple type="file" accept=".csv,.xlsx,.xls,.tsv" data-testid="hidden-file-input" aria-describedby="file-requirements" aria-label="Select data files for upload"/> aka getByTestId('hidden-file-input')

    Call log:
      - Expect "toBeAttached" with timeout 5000ms
      - waiting for locator('input[type="file"]')


       at ../fixtures/test-fixtures.ts:203

      201 |   // Now set the file input (works for both browser and Electron modes)
      202 |   const fileInput = page.locator('input[type="file"]');
    > 203 |   await expect(fileInput).toBeAttached({ timeout: 5000 });
          |                           ^
      204 |   await fileInput.setInputFiles(filePath);
      205 | };
      206 |
        at uploadFile (/Users/thomaswagner/Documents/datacloak-sentiment-workbench/packages/e2e-tests/fixtures/test-fixtures.ts:203:27)
        at navigateToSentimentStep (/Users/thomaswagner/Documents/datacloak-sentiment-workbench/packages/e2e-tests/tests/05-sentiment-analysis.spec.ts:13:5)
        at /Users/thomaswagner/Documents/datacloak-sentiment-workbench/packages/e2e-tests/tests/05-sentiment-analysis.spec.ts:201:5

    attachment #1: screenshot (image/png) ──────────────────────────────────────────────────────────
    test-results/artifacts/05-sentiment-analysis-Sent-7be6e-s-during-sentiment-analysis-browser-webkit/test-failed-1.png
    ────────────────────────────────────────────────────────────────────────────────────────────────

    attachment #2: video (video/webm) ──────────────────────────────────────────────────────────────
    test-results/artifacts/05-sentiment-analysis-Sent-7be6e-s-during-sentiment-analysis-browser-webkit/video.webm
    ────────────────────────────────────────────────────────────────────────────────────────────────

    Error Context: ../test-results/artifacts/05-sentiment-analysis-Sent-7be6e-s-during-sentiment-analysis-browser-webkit/error-context.md
]]>
</failure>
<system-out>
<![CDATA[
[[ATTACHMENT|artifacts/05-sentiment-analysis-Sent-7be6e-s-during-sentiment-analysis-browser-webkit/test-failed-1.png]]

[[ATTACHMENT|artifacts/05-sentiment-analysis-Sent-7be6e-s-during-sentiment-analysis-browser-webkit/video.webm]]

[[ATTACHMENT|artifacts/05-sentiment-analysis-Sent-7be6e-s-during-sentiment-analysis-browser-webkit/error-context.md]]
]]>
</system-out>
<system-err>
<![CDATA[(node:38275) [DEP0147] DeprecationWarning: In future versions of Node.js, fs.rmdir(path, { recursive: true }) will be removed. Use fs.rm(path, { recursive: true }) instead
(Use `node --trace-deprecation ...` to show where the warning was created)
]]>
</system-err>
</testcase>
<testcase name="Sentiment Analysis with OpenAI Integration › should complete sentiment analysis and show results" classname="05-sentiment-analysis.spec.ts" time="1.246">
<failure message="05-sentiment-analysis.spec.ts:270:7 should complete sentiment analysis and show results" type="FAILURE">
<![CDATA[  [browser-webkit] › 05-sentiment-analysis.spec.ts:270:7 › Sentiment Analysis with OpenAI Integration › should complete sentiment analysis and show results 

    Error: expect.toBeAttached: Error: strict mode violation: locator('input[type="file"]') resolved to 2 elements:
        1) <input type="file" accept=".csv,.xlsx,.xls,.tsv" data-testid="file-input-button" aria-label="Select file to upload" aria-describedby="file-restrictions"/> aka getByTestId('file-input-button')
        2) <input multiple type="file" accept=".csv,.xlsx,.xls,.tsv" data-testid="hidden-file-input" aria-describedby="file-requirements" aria-label="Select data files for upload"/> aka getByTestId('hidden-file-input')

    Call log:
      - Expect "toBeAttached" with timeout 5000ms
      - waiting for locator('input[type="file"]')


       at ../fixtures/test-fixtures.ts:203

      201 |   // Now set the file input (works for both browser and Electron modes)
      202 |   const fileInput = page.locator('input[type="file"]');
    > 203 |   await expect(fileInput).toBeAttached({ timeout: 5000 });
          |                           ^
      204 |   await fileInput.setInputFiles(filePath);
      205 | };
      206 |
        at uploadFile (/Users/thomaswagner/Documents/datacloak-sentiment-workbench/packages/e2e-tests/fixtures/test-fixtures.ts:203:27)
        at navigateToSentimentStep (/Users/thomaswagner/Documents/datacloak-sentiment-workbench/packages/e2e-tests/tests/05-sentiment-analysis.spec.ts:13:5)
        at /Users/thomaswagner/Documents/datacloak-sentiment-workbench/packages/e2e-tests/tests/05-sentiment-analysis.spec.ts:271:5

    attachment #1: screenshot (image/png) ──────────────────────────────────────────────────────────
    test-results/artifacts/05-sentiment-analysis-Sent-e1769-t-analysis-and-show-results-browser-webkit/test-failed-1.png
    ────────────────────────────────────────────────────────────────────────────────────────────────

    attachment #2: video (video/webm) ──────────────────────────────────────────────────────────────
    test-results/artifacts/05-sentiment-analysis-Sent-e1769-t-analysis-and-show-results-browser-webkit/video.webm
    ────────────────────────────────────────────────────────────────────────────────────────────────

    Error Context: ../test-results/artifacts/05-sentiment-analysis-Sent-e1769-t-analysis-and-show-results-browser-webkit/error-context.md
]]>
</failure>
<system-out>
<![CDATA[
[[ATTACHMENT|artifacts/05-sentiment-analysis-Sent-e1769-t-analysis-and-show-results-browser-webkit/test-failed-1.png]]

[[ATTACHMENT|artifacts/05-sentiment-analysis-Sent-e1769-t-analysis-and-show-results-browser-webkit/video.webm]]

[[ATTACHMENT|artifacts/05-sentiment-analysis-Sent-e1769-t-analysis-and-show-results-browser-webkit/error-context.md]]
]]>
</system-out>
<system-err>
<![CDATA[(node:38280) [DEP0147] DeprecationWarning: In future versions of Node.js, fs.rmdir(path, { recursive: true }) will be removed. Use fs.rm(path, { recursive: true }) instead
(Use `node --trace-deprecation ...` to show where the warning was created)
]]>
</system-err>
</testcase>
<testcase name="Sentiment Analysis with OpenAI Integration › should handle OpenAI API errors gracefully" classname="05-sentiment-analysis.spec.ts" time="1.331">
<failure message="05-sentiment-analysis.spec.ts:345:7 should handle OpenAI API errors gracefully" type="FAILURE">
<![CDATA[  [browser-webkit] › 05-sentiment-analysis.spec.ts:345:7 › Sentiment Analysis with OpenAI Integration › should handle OpenAI API errors gracefully 

    Error: expect.toBeAttached: Error: strict mode violation: locator('input[type="file"]') resolved to 2 elements:
        1) <input type="file" accept=".csv,.xlsx,.xls,.tsv" data-testid="file-input-button" aria-label="Select file to upload" aria-describedby="file-restrictions"/> aka getByTestId('file-input-button')
        2) <input multiple type="file" accept=".csv,.xlsx,.xls,.tsv" data-testid="hidden-file-input" aria-describedby="file-requirements" aria-label="Select data files for upload"/> aka getByTestId('hidden-file-input')

    Call log:
      - Expect "toBeAttached" with timeout 5000ms
      - waiting for locator('input[type="file"]')


       at ../fixtures/test-fixtures.ts:203

      201 |   // Now set the file input (works for both browser and Electron modes)
      202 |   const fileInput = page.locator('input[type="file"]');
    > 203 |   await expect(fileInput).toBeAttached({ timeout: 5000 });
          |                           ^
      204 |   await fileInput.setInputFiles(filePath);
      205 | };
      206 |
        at uploadFile (/Users/thomaswagner/Documents/datacloak-sentiment-workbench/packages/e2e-tests/fixtures/test-fixtures.ts:203:27)
        at navigateToSentimentStep (/Users/thomaswagner/Documents/datacloak-sentiment-workbench/packages/e2e-tests/tests/05-sentiment-analysis.spec.ts:13:5)
        at /Users/thomaswagner/Documents/datacloak-sentiment-workbench/packages/e2e-tests/tests/05-sentiment-analysis.spec.ts:346:5

    attachment #1: screenshot (image/png) ──────────────────────────────────────────────────────────
    test-results/artifacts/05-sentiment-analysis-Sent-3bcfd-penAI-API-errors-gracefully-browser-webkit/test-failed-1.png
    ────────────────────────────────────────────────────────────────────────────────────────────────

    attachment #2: video (video/webm) ──────────────────────────────────────────────────────────────
    test-results/artifacts/05-sentiment-analysis-Sent-3bcfd-penAI-API-errors-gracefully-browser-webkit/video.webm
    ────────────────────────────────────────────────────────────────────────────────────────────────

    Error Context: ../test-results/artifacts/05-sentiment-analysis-Sent-3bcfd-penAI-API-errors-gracefully-browser-webkit/error-context.md
]]>
</failure>
<system-out>
<![CDATA[
[[ATTACHMENT|artifacts/05-sentiment-analysis-Sent-3bcfd-penAI-API-errors-gracefully-browser-webkit/test-failed-1.png]]

[[ATTACHMENT|artifacts/05-sentiment-analysis-Sent-3bcfd-penAI-API-errors-gracefully-browser-webkit/video.webm]]

[[ATTACHMENT|artifacts/05-sentiment-analysis-Sent-3bcfd-penAI-API-errors-gracefully-browser-webkit/error-context.md]]
]]>
</system-out>
<system-err>
<![CDATA[(node:38310) [DEP0147] DeprecationWarning: In future versions of Node.js, fs.rmdir(path, { recursive: true }) will be removed. Use fs.rm(path, { recursive: true }) instead
(Use `node --trace-deprecation ...` to show where the warning was created)
]]>
</system-err>
</testcase>
<testcase name="Sentiment Analysis with OpenAI Integration › should test different sentiment datasets" classname="05-sentiment-analysis.spec.ts" time="1.389">
<failure message="05-sentiment-analysis.spec.ts:400:7 should test different sentiment datasets" type="FAILURE">
<![CDATA[  [browser-webkit] › 05-sentiment-analysis.spec.ts:400:7 › Sentiment Analysis with OpenAI Integration › should test different sentiment datasets › Test positive sentiment dataset 

    Error: expect.toBeAttached: Error: strict mode violation: locator('input[type="file"]') resolved to 2 elements:
        1) <input type="file" accept=".csv,.xlsx,.xls,.tsv" data-testid="file-input-button" aria-label="Select file to upload" aria-describedby="file-restrictions"/> aka getByTestId('file-input-button')
        2) <input multiple type="file" accept=".csv,.xlsx,.xls,.tsv" data-testid="hidden-file-input" aria-describedby="file-requirements" aria-label="Select data files for upload"/> aka getByTestId('hidden-file-input')

    Call log:
      - Expect "toBeAttached" with timeout 5000ms
      - waiting for locator('input[type="file"]')


       at ../fixtures/test-fixtures.ts:203

      201 |   // Now set the file input (works for both browser and Electron modes)
      202 |   const fileInput = page.locator('input[type="file"]');
    > 203 |   await expect(fileInput).toBeAttached({ timeout: 5000 });
          |                           ^
      204 |   await fileInput.setInputFiles(filePath);
      205 | };
      206 |
        at uploadFile (/Users/thomaswagner/Documents/datacloak-sentiment-workbench/packages/e2e-tests/fixtures/test-fixtures.ts:203:27)
        at /Users/thomaswagner/Documents/datacloak-sentiment-workbench/packages/e2e-tests/tests/05-sentiment-analysis.spec.ts:402:7
        at /Users/thomaswagner/Documents/datacloak-sentiment-workbench/packages/e2e-tests/tests/05-sentiment-analysis.spec.ts:401:5

    attachment #1: screenshot (image/png) ──────────────────────────────────────────────────────────
    test-results/artifacts/05-sentiment-analysis-Sent-7e926-ifferent-sentiment-datasets-browser-webkit/test-failed-1.png
    ────────────────────────────────────────────────────────────────────────────────────────────────

    attachment #2: video (video/webm) ──────────────────────────────────────────────────────────────
    test-results/artifacts/05-sentiment-analysis-Sent-7e926-ifferent-sentiment-datasets-browser-webkit/video.webm
    ────────────────────────────────────────────────────────────────────────────────────────────────

    Error Context: ../test-results/artifacts/05-sentiment-analysis-Sent-7e926-ifferent-sentiment-datasets-browser-webkit/error-context.md
]]>
</failure>
<system-out>
<![CDATA[
[[ATTACHMENT|artifacts/05-sentiment-analysis-Sent-7e926-ifferent-sentiment-datasets-browser-webkit/test-failed-1.png]]

[[ATTACHMENT|artifacts/05-sentiment-analysis-Sent-7e926-ifferent-sentiment-datasets-browser-webkit/video.webm]]

[[ATTACHMENT|artifacts/05-sentiment-analysis-Sent-7e926-ifferent-sentiment-datasets-browser-webkit/error-context.md]]
]]>
</system-out>
<system-err>
<![CDATA[(node:38314) [DEP0147] DeprecationWarning: In future versions of Node.js, fs.rmdir(path, { recursive: true }) will be removed. Use fs.rm(path, { recursive: true }) instead
(Use `node --trace-deprecation ...` to show where the warning was created)
]]>
</system-err>
</testcase>
<testcase name="Sentiment Analysis with OpenAI Integration › should provide sentiment analysis insights and metrics" classname="05-sentiment-analysis.spec.ts" time="1.369">
<failure message="05-sentiment-analysis.spec.ts:448:7 should provide sentiment analysis insights and metrics" type="FAILURE">
<![CDATA[  [browser-webkit] › 05-sentiment-analysis.spec.ts:448:7 › Sentiment Analysis with OpenAI Integration › should provide sentiment analysis insights and metrics 

    Error: expect.toBeAttached: Error: strict mode violation: locator('input[type="file"]') resolved to 2 elements:
        1) <input type="file" accept=".csv,.xlsx,.xls,.tsv" data-testid="file-input-button" aria-label="Select file to upload" aria-describedby="file-restrictions"/> aka getByTestId('file-input-button')
        2) <input multiple type="file" accept=".csv,.xlsx,.xls,.tsv" data-testid="hidden-file-input" aria-describedby="file-requirements" aria-label="Select data files for upload"/> aka getByTestId('hidden-file-input')

    Call log:
      - Expect "toBeAttached" with timeout 5000ms
      - waiting for locator('input[type="file"]')


       at ../fixtures/test-fixtures.ts:203

      201 |   // Now set the file input (works for both browser and Electron modes)
      202 |   const fileInput = page.locator('input[type="file"]');
    > 203 |   await expect(fileInput).toBeAttached({ timeout: 5000 });
          |                           ^
      204 |   await fileInput.setInputFiles(filePath);
      205 | };
      206 |
        at uploadFile (/Users/thomaswagner/Documents/datacloak-sentiment-workbench/packages/e2e-tests/fixtures/test-fixtures.ts:203:27)
        at navigateToSentimentStep (/Users/thomaswagner/Documents/datacloak-sentiment-workbench/packages/e2e-tests/tests/05-sentiment-analysis.spec.ts:13:5)
        at /Users/thomaswagner/Documents/datacloak-sentiment-workbench/packages/e2e-tests/tests/05-sentiment-analysis.spec.ts:449:5

    attachment #1: screenshot (image/png) ──────────────────────────────────────────────────────────
    test-results/artifacts/05-sentiment-analysis-Sent-27977-alysis-insights-and-metrics-browser-webkit/test-failed-1.png
    ────────────────────────────────────────────────────────────────────────────────────────────────

    attachment #2: video (video/webm) ──────────────────────────────────────────────────────────────
    test-results/artifacts/05-sentiment-analysis-Sent-27977-alysis-insights-and-metrics-browser-webkit/video.webm
    ────────────────────────────────────────────────────────────────────────────────────────────────

    Error Context: ../test-results/artifacts/05-sentiment-analysis-Sent-27977-alysis-insights-and-metrics-browser-webkit/error-context.md
]]>
</failure>
<system-out>
<![CDATA[
[[ATTACHMENT|artifacts/05-sentiment-analysis-Sent-27977-alysis-insights-and-metrics-browser-webkit/test-failed-1.png]]

[[ATTACHMENT|artifacts/05-sentiment-analysis-Sent-27977-alysis-insights-and-metrics-browser-webkit/video.webm]]

[[ATTACHMENT|artifacts/05-sentiment-analysis-Sent-27977-alysis-insights-and-metrics-browser-webkit/error-context.md]]
]]>
</system-out>
<system-err>
<![CDATA[(node:38315) [DEP0147] DeprecationWarning: In future versions of Node.js, fs.rmdir(path, { recursive: true }) will be removed. Use fs.rm(path, { recursive: true }) instead
(Use `node --trace-deprecation ...` to show where the warning was created)
]]>
</system-err>
</testcase>
</testsuite>
<testsuite name="06-results-export.spec.ts" timestamp="2025-06-15T23:53:34.693Z" hostname="browser-webkit" tests="9" failures="9" skipped="0" time="11.996" errors="0">
<testcase name="Results Export Functionality › should display sentiment analysis results overview" classname="06-results-export.spec.ts" time="1.304">
<failure message="06-results-export.spec.ts:44:7 should display sentiment analysis results overview" type="FAILURE">
<![CDATA[  [browser-webkit] › 06-results-export.spec.ts:44:7 › Results Export Functionality › should display sentiment analysis results overview 

    Error: expect.toBeAttached: Error: strict mode violation: locator('input[type="file"]') resolved to 2 elements:
        1) <input type="file" accept=".csv,.xlsx,.xls,.tsv" data-testid="file-input-button" aria-label="Select file to upload" aria-describedby="file-restrictions"/> aka getByTestId('file-input-button')
        2) <input multiple type="file" accept=".csv,.xlsx,.xls,.tsv" data-testid="hidden-file-input" aria-describedby="file-requirements" aria-label="Select data files for upload"/> aka getByTestId('hidden-file-input')

    Call log:
      - Expect "toBeAttached" with timeout 5000ms
      - waiting for locator('input[type="file"]')


       at ../fixtures/test-fixtures.ts:203

      201 |   // Now set the file input (works for both browser and Electron modes)
      202 |   const fileInput = page.locator('input[type="file"]');
    > 203 |   await expect(fileInput).toBeAttached({ timeout: 5000 });
          |                           ^
      204 |   await fileInput.setInputFiles(filePath);
      205 | };
      206 |
        at uploadFile (/Users/thomaswagner/Documents/datacloak-sentiment-workbench/packages/e2e-tests/fixtures/test-fixtures.ts:203:27)
        at navigateToResultsStep (/Users/thomaswagner/Documents/datacloak-sentiment-workbench/packages/e2e-tests/tests/06-results-export.spec.ts:13:5)
        at /Users/thomaswagner/Documents/datacloak-sentiment-workbench/packages/e2e-tests/tests/06-results-export.spec.ts:45:5

    attachment #1: screenshot (image/png) ──────────────────────────────────────────────────────────
    test-results/artifacts/06-results-export-Results--768e8-t-analysis-results-overview-browser-webkit/test-failed-1.png
    ────────────────────────────────────────────────────────────────────────────────────────────────

    attachment #2: video (video/webm) ──────────────────────────────────────────────────────────────
    test-results/artifacts/06-results-export-Results--768e8-t-analysis-results-overview-browser-webkit/video.webm
    ────────────────────────────────────────────────────────────────────────────────────────────────

    Error Context: ../test-results/artifacts/06-results-export-Results--768e8-t-analysis-results-overview-browser-webkit/error-context.md
]]>
</failure>
<system-out>
<![CDATA[
[[ATTACHMENT|artifacts/06-results-export-Results--768e8-t-analysis-results-overview-browser-webkit/test-failed-1.png]]

[[ATTACHMENT|artifacts/06-results-export-Results--768e8-t-analysis-results-overview-browser-webkit/video.webm]]

[[ATTACHMENT|artifacts/06-results-export-Results--768e8-t-analysis-results-overview-browser-webkit/error-context.md]]
]]>
</system-out>
<system-err>
<![CDATA[(node:38323) [DEP0147] DeprecationWarning: In future versions of Node.js, fs.rmdir(path, { recursive: true }) will be removed. Use fs.rm(path, { recursive: true }) instead
(Use `node --trace-deprecation ...` to show where the warning was created)
]]>
</system-err>
</testcase>
<testcase name="Results Export Functionality › should provide multiple export format options" classname="06-results-export.spec.ts" time="1.307">
<failure message="06-results-export.spec.ts:96:7 should provide multiple export format options" type="FAILURE">
<![CDATA[  [browser-webkit] › 06-results-export.spec.ts:96:7 › Results Export Functionality › should provide multiple export format options 

    Error: expect.toBeAttached: Error: strict mode violation: locator('input[type="file"]') resolved to 2 elements:
        1) <input type="file" accept=".csv,.xlsx,.xls,.tsv" data-testid="file-input-button" aria-label="Select file to upload" aria-describedby="file-restrictions"/> aka getByTestId('file-input-button')
        2) <input multiple type="file" accept=".csv,.xlsx,.xls,.tsv" data-testid="hidden-file-input" aria-describedby="file-requirements" aria-label="Select data files for upload"/> aka getByTestId('hidden-file-input')

    Call log:
      - Expect "toBeAttached" with timeout 5000ms
      - waiting for locator('input[type="file"]')


       at ../fixtures/test-fixtures.ts:203

      201 |   // Now set the file input (works for both browser and Electron modes)
      202 |   const fileInput = page.locator('input[type="file"]');
    > 203 |   await expect(fileInput).toBeAttached({ timeout: 5000 });
          |                           ^
      204 |   await fileInput.setInputFiles(filePath);
      205 | };
      206 |
        at uploadFile (/Users/thomaswagner/Documents/datacloak-sentiment-workbench/packages/e2e-tests/fixtures/test-fixtures.ts:203:27)
        at navigateToResultsStep (/Users/thomaswagner/Documents/datacloak-sentiment-workbench/packages/e2e-tests/tests/06-results-export.spec.ts:13:5)
        at /Users/thomaswagner/Documents/datacloak-sentiment-workbench/packages/e2e-tests/tests/06-results-export.spec.ts:97:5

    attachment #1: screenshot (image/png) ──────────────────────────────────────────────────────────
    test-results/artifacts/06-results-export-Results--e4090-tiple-export-format-options-browser-webkit/test-failed-1.png
    ────────────────────────────────────────────────────────────────────────────────────────────────

    attachment #2: video (video/webm) ──────────────────────────────────────────────────────────────
    test-results/artifacts/06-results-export-Results--e4090-tiple-export-format-options-browser-webkit/video.webm
    ────────────────────────────────────────────────────────────────────────────────────────────────

    Error Context: ../test-results/artifacts/06-results-export-Results--e4090-tiple-export-format-options-browser-webkit/error-context.md
]]>
</failure>
<system-out>
<![CDATA[
[[ATTACHMENT|artifacts/06-results-export-Results--e4090-tiple-export-format-options-browser-webkit/test-failed-1.png]]

[[ATTACHMENT|artifacts/06-results-export-Results--e4090-tiple-export-format-options-browser-webkit/video.webm]]

[[ATTACHMENT|artifacts/06-results-export-Results--e4090-tiple-export-format-options-browser-webkit/error-context.md]]
]]>
</system-out>
<system-err>
<![CDATA[(node:38345) [DEP0147] DeprecationWarning: In future versions of Node.js, fs.rmdir(path, { recursive: true }) will be removed. Use fs.rm(path, { recursive: true }) instead
(Use `node --trace-deprecation ...` to show where the warning was created)
]]>
</system-err>
</testcase>
<testcase name="Results Export Functionality › should successfully export results as CSV" classname="06-results-export.spec.ts" time="1.328">
<failure message="06-results-export.spec.ts:156:7 should successfully export results as CSV" type="FAILURE">
<![CDATA[  [browser-webkit] › 06-results-export.spec.ts:156:7 › Results Export Functionality › should successfully export results as CSV 

    Error: expect.toBeAttached: Error: strict mode violation: locator('input[type="file"]') resolved to 2 elements:
        1) <input type="file" accept=".csv,.xlsx,.xls,.tsv" data-testid="file-input-button" aria-label="Select file to upload" aria-describedby="file-restrictions"/> aka getByTestId('file-input-button')
        2) <input multiple type="file" accept=".csv,.xlsx,.xls,.tsv" data-testid="hidden-file-input" aria-describedby="file-requirements" aria-label="Select data files for upload"/> aka getByTestId('hidden-file-input')

    Call log:
      - Expect "toBeAttached" with timeout 5000ms
      - waiting for locator('input[type="file"]')


       at ../fixtures/test-fixtures.ts:203

      201 |   // Now set the file input (works for both browser and Electron modes)
      202 |   const fileInput = page.locator('input[type="file"]');
    > 203 |   await expect(fileInput).toBeAttached({ timeout: 5000 });
          |                           ^
      204 |   await fileInput.setInputFiles(filePath);
      205 | };
      206 |
        at uploadFile (/Users/thomaswagner/Documents/datacloak-sentiment-workbench/packages/e2e-tests/fixtures/test-fixtures.ts:203:27)
        at navigateToResultsStep (/Users/thomaswagner/Documents/datacloak-sentiment-workbench/packages/e2e-tests/tests/06-results-export.spec.ts:13:5)
        at /Users/thomaswagner/Documents/datacloak-sentiment-workbench/packages/e2e-tests/tests/06-results-export.spec.ts:157:5

    attachment #1: screenshot (image/png) ──────────────────────────────────────────────────────────
    test-results/artifacts/06-results-export-Results--3ef7e-fully-export-results-as-CSV-browser-webkit/test-failed-1.png
    ────────────────────────────────────────────────────────────────────────────────────────────────

    attachment #2: video (video/webm) ──────────────────────────────────────────────────────────────
    test-results/artifacts/06-results-export-Results--3ef7e-fully-export-results-as-CSV-browser-webkit/video.webm
    ────────────────────────────────────────────────────────────────────────────────────────────────

    Error Context: ../test-results/artifacts/06-results-export-Results--3ef7e-fully-export-results-as-CSV-browser-webkit/error-context.md
]]>
</failure>
<system-out>
<![CDATA[
[[ATTACHMENT|artifacts/06-results-export-Results--3ef7e-fully-export-results-as-CSV-browser-webkit/test-failed-1.png]]

[[ATTACHMENT|artifacts/06-results-export-Results--3ef7e-fully-export-results-as-CSV-browser-webkit/video.webm]]

[[ATTACHMENT|artifacts/06-results-export-Results--3ef7e-fully-export-results-as-CSV-browser-webkit/error-context.md]]
]]>
</system-out>
<system-err>
<![CDATA[(node:38365) [DEP0147] DeprecationWarning: In future versions of Node.js, fs.rmdir(path, { recursive: true }) will be removed. Use fs.rm(path, { recursive: true }) instead
(Use `node --trace-deprecation ...` to show where the warning was created)
]]>
</system-err>
</testcase>
<testcase name="Results Export Functionality › should successfully export results as Excel" classname="06-results-export.spec.ts" time="1.257">
<failure message="06-results-export.spec.ts:217:7 should successfully export results as Excel" type="FAILURE">
<![CDATA[  [browser-webkit] › 06-results-export.spec.ts:217:7 › Results Export Functionality › should successfully export results as Excel 

    Error: expect.toBeAttached: Error: strict mode violation: locator('input[type="file"]') resolved to 2 elements:
        1) <input type="file" accept=".csv,.xlsx,.xls,.tsv" data-testid="file-input-button" aria-label="Select file to upload" aria-describedby="file-restrictions"/> aka getByTestId('file-input-button')
        2) <input multiple type="file" accept=".csv,.xlsx,.xls,.tsv" data-testid="hidden-file-input" aria-describedby="file-requirements" aria-label="Select data files for upload"/> aka getByTestId('hidden-file-input')

    Call log:
      - Expect "toBeAttached" with timeout 5000ms
      - waiting for locator('input[type="file"]')


       at ../fixtures/test-fixtures.ts:203

      201 |   // Now set the file input (works for both browser and Electron modes)
      202 |   const fileInput = page.locator('input[type="file"]');
    > 203 |   await expect(fileInput).toBeAttached({ timeout: 5000 });
          |                           ^
      204 |   await fileInput.setInputFiles(filePath);
      205 | };
      206 |
        at uploadFile (/Users/thomaswagner/Documents/datacloak-sentiment-workbench/packages/e2e-tests/fixtures/test-fixtures.ts:203:27)
        at navigateToResultsStep (/Users/thomaswagner/Documents/datacloak-sentiment-workbench/packages/e2e-tests/tests/06-results-export.spec.ts:13:5)
        at /Users/thomaswagner/Documents/datacloak-sentiment-workbench/packages/e2e-tests/tests/06-results-export.spec.ts:218:5

    attachment #1: screenshot (image/png) ──────────────────────────────────────────────────────────
    test-results/artifacts/06-results-export-Results--3da77-lly-export-results-as-Excel-browser-webkit/test-failed-1.png
    ────────────────────────────────────────────────────────────────────────────────────────────────

    attachment #2: video (video/webm) ──────────────────────────────────────────────────────────────
    test-results/artifacts/06-results-export-Results--3da77-lly-export-results-as-Excel-browser-webkit/video.webm
    ────────────────────────────────────────────────────────────────────────────────────────────────

    Error Context: ../test-results/artifacts/06-results-export-Results--3da77-lly-export-results-as-Excel-browser-webkit/error-context.md
]]>
</failure>
<system-out>
<![CDATA[
[[ATTACHMENT|artifacts/06-results-export-Results--3da77-lly-export-results-as-Excel-browser-webkit/test-failed-1.png]]

[[ATTACHMENT|artifacts/06-results-export-Results--3da77-lly-export-results-as-Excel-browser-webkit/video.webm]]

[[ATTACHMENT|artifacts/06-results-export-Results--3da77-lly-export-results-as-Excel-browser-webkit/error-context.md]]
]]>
</system-out>
<system-err>
<![CDATA[(node:38368) [DEP0147] DeprecationWarning: In future versions of Node.js, fs.rmdir(path, { recursive: true }) will be removed. Use fs.rm(path, { recursive: true }) instead
(Use `node --trace-deprecation ...` to show where the warning was created)
]]>
</system-err>
</testcase>
<testcase name="Results Export Functionality › should successfully export results as JSON" classname="06-results-export.spec.ts" time="1.318">
<failure message="06-results-export.spec.ts:267:7 should successfully export results as JSON" type="FAILURE">
<![CDATA[  [browser-webkit] › 06-results-export.spec.ts:267:7 › Results Export Functionality › should successfully export results as JSON 

    Error: expect.toBeAttached: Error: strict mode violation: locator('input[type="file"]') resolved to 2 elements:
        1) <input type="file" accept=".csv,.xlsx,.xls,.tsv" data-testid="file-input-button" aria-label="Select file to upload" aria-describedby="file-restrictions"/> aka getByTestId('file-input-button')
        2) <input multiple type="file" accept=".csv,.xlsx,.xls,.tsv" data-testid="hidden-file-input" aria-describedby="file-requirements" aria-label="Select data files for upload"/> aka getByTestId('hidden-file-input')

    Call log:
      - Expect "toBeAttached" with timeout 5000ms
      - waiting for locator('input[type="file"]')


       at ../fixtures/test-fixtures.ts:203

      201 |   // Now set the file input (works for both browser and Electron modes)
      202 |   const fileInput = page.locator('input[type="file"]');
    > 203 |   await expect(fileInput).toBeAttached({ timeout: 5000 });
          |                           ^
      204 |   await fileInput.setInputFiles(filePath);
      205 | };
      206 |
        at uploadFile (/Users/thomaswagner/Documents/datacloak-sentiment-workbench/packages/e2e-tests/fixtures/test-fixtures.ts:203:27)
        at navigateToResultsStep (/Users/thomaswagner/Documents/datacloak-sentiment-workbench/packages/e2e-tests/tests/06-results-export.spec.ts:13:5)
        at /Users/thomaswagner/Documents/datacloak-sentiment-workbench/packages/e2e-tests/tests/06-results-export.spec.ts:268:5

    attachment #1: screenshot (image/png) ──────────────────────────────────────────────────────────
    test-results/artifacts/06-results-export-Results--59e0a-ully-export-results-as-JSON-browser-webkit/test-failed-1.png
    ────────────────────────────────────────────────────────────────────────────────────────────────

    attachment #2: video (video/webm) ──────────────────────────────────────────────────────────────
    test-results/artifacts/06-results-export-Results--59e0a-ully-export-results-as-JSON-browser-webkit/video.webm
    ────────────────────────────────────────────────────────────────────────────────────────────────

    Error Context: ../test-results/artifacts/06-results-export-Results--59e0a-ully-export-results-as-JSON-browser-webkit/error-context.md
]]>
</failure>
<system-out>
<![CDATA[
[[ATTACHMENT|artifacts/06-results-export-Results--59e0a-ully-export-results-as-JSON-browser-webkit/test-failed-1.png]]

[[ATTACHMENT|artifacts/06-results-export-Results--59e0a-ully-export-results-as-JSON-browser-webkit/video.webm]]

[[ATTACHMENT|artifacts/06-results-export-Results--59e0a-ully-export-results-as-JSON-browser-webkit/error-context.md]]
]]>
</system-out>
<system-err>
<![CDATA[(node:38376) [DEP0147] DeprecationWarning: In future versions of Node.js, fs.rmdir(path, { recursive: true }) will be removed. Use fs.rm(path, { recursive: true }) instead
(Use `node --trace-deprecation ...` to show where the warning was created)
]]>
</system-err>
</testcase>
<testcase name="Results Export Functionality › should provide filtering and column selection for export" classname="06-results-export.spec.ts" time="1.428">
<failure message="06-results-export.spec.ts:317:7 should provide filtering and column selection for export" type="FAILURE">
<![CDATA[  [browser-webkit] › 06-results-export.spec.ts:317:7 › Results Export Functionality › should provide filtering and column selection for export 

    Error: expect.toBeAttached: Error: strict mode violation: locator('input[type="file"]') resolved to 2 elements:
        1) <input type="file" accept=".csv,.xlsx,.xls,.tsv" data-testid="file-input-button" aria-label="Select file to upload" aria-describedby="file-restrictions"/> aka getByTestId('file-input-button')
        2) <input multiple type="file" accept=".csv,.xlsx,.xls,.tsv" data-testid="hidden-file-input" aria-describedby="file-requirements" aria-label="Select data files for upload"/> aka getByTestId('hidden-file-input')

    Call log:
      - Expect "toBeAttached" with timeout 5000ms
      - waiting for locator('input[type="file"]')


       at ../fixtures/test-fixtures.ts:203

      201 |   // Now set the file input (works for both browser and Electron modes)
      202 |   const fileInput = page.locator('input[type="file"]');
    > 203 |   await expect(fileInput).toBeAttached({ timeout: 5000 });
          |                           ^
      204 |   await fileInput.setInputFiles(filePath);
      205 | };
      206 |
        at uploadFile (/Users/thomaswagner/Documents/datacloak-sentiment-workbench/packages/e2e-tests/fixtures/test-fixtures.ts:203:27)
        at navigateToResultsStep (/Users/thomaswagner/Documents/datacloak-sentiment-workbench/packages/e2e-tests/tests/06-results-export.spec.ts:13:5)
        at /Users/thomaswagner/Documents/datacloak-sentiment-workbench/packages/e2e-tests/tests/06-results-export.spec.ts:318:5

    attachment #1: screenshot (image/png) ──────────────────────────────────────────────────────────
    test-results/artifacts/06-results-export-Results--07a95-column-selection-for-export-browser-webkit/test-failed-1.png
    ────────────────────────────────────────────────────────────────────────────────────────────────

    attachment #2: video (video/webm) ──────────────────────────────────────────────────────────────
    test-results/artifacts/06-results-export-Results--07a95-column-selection-for-export-browser-webkit/video.webm
    ────────────────────────────────────────────────────────────────────────────────────────────────

    Error Context: ../test-results/artifacts/06-results-export-Results--07a95-column-selection-for-export-browser-webkit/error-context.md
]]>
</failure>
<system-out>
<![CDATA[
[[ATTACHMENT|artifacts/06-results-export-Results--07a95-column-selection-for-export-browser-webkit/test-failed-1.png]]

[[ATTACHMENT|artifacts/06-results-export-Results--07a95-column-selection-for-export-browser-webkit/video.webm]]

[[ATTACHMENT|artifacts/06-results-export-Results--07a95-column-selection-for-export-browser-webkit/error-context.md]]
]]>
</system-out>
<system-err>
<![CDATA[(node:38396) [DEP0147] DeprecationWarning: In future versions of Node.js, fs.rmdir(path, { recursive: true }) will be removed. Use fs.rm(path, { recursive: true }) instead
(Use `node --trace-deprecation ...` to show where the warning was created)
]]>
</system-err>
</testcase>
<testcase name="Results Export Functionality › should handle large dataset exports" classname="06-results-export.spec.ts" time="1.364">
<failure message="06-results-export.spec.ts:384:7 should handle large dataset exports" type="FAILURE">
<![CDATA[  [browser-webkit] › 06-results-export.spec.ts:384:7 › Results Export Functionality › should handle large dataset exports › Complete workflow with large dataset 

    Error: expect.toBeAttached: Error: strict mode violation: locator('input[type="file"]') resolved to 2 elements:
        1) <input type="file" accept=".csv,.xlsx,.xls,.tsv" data-testid="file-input-button" aria-label="Select file to upload" aria-describedby="file-restrictions"/> aka getByTestId('file-input-button')
        2) <input multiple type="file" accept=".csv,.xlsx,.xls,.tsv" data-testid="hidden-file-input" aria-describedby="file-requirements" aria-label="Select data files for upload"/> aka getByTestId('hidden-file-input')

    Call log:
      - Expect "toBeAttached" with timeout 5000ms
      - waiting for locator('input[type="file"]')


       at ../fixtures/test-fixtures.ts:203

      201 |   // Now set the file input (works for both browser and Electron modes)
      202 |   const fileInput = page.locator('input[type="file"]');
    > 203 |   await expect(fileInput).toBeAttached({ timeout: 5000 });
          |                           ^
      204 |   await fileInput.setInputFiles(filePath);
      205 | };
      206 |
        at uploadFile (/Users/thomaswagner/Documents/datacloak-sentiment-workbench/packages/e2e-tests/fixtures/test-fixtures.ts:203:27)
        at /Users/thomaswagner/Documents/datacloak-sentiment-workbench/packages/e2e-tests/tests/06-results-export.spec.ts:387:7
        at /Users/thomaswagner/Documents/datacloak-sentiment-workbench/packages/e2e-tests/tests/06-results-export.spec.ts:385:5

    attachment #1: screenshot (image/png) ──────────────────────────────────────────────────────────
    test-results/artifacts/06-results-export-Results--5201d-andle-large-dataset-exports-browser-webkit/test-failed-1.png
    ────────────────────────────────────────────────────────────────────────────────────────────────

    attachment #2: video (video/webm) ──────────────────────────────────────────────────────────────
    test-results/artifacts/06-results-export-Results--5201d-andle-large-dataset-exports-browser-webkit/video.webm
    ────────────────────────────────────────────────────────────────────────────────────────────────

    Error Context: ../test-results/artifacts/06-results-export-Results--5201d-andle-large-dataset-exports-browser-webkit/error-context.md
]]>
</failure>
<system-out>
<![CDATA[
[[ATTACHMENT|artifacts/06-results-export-Results--5201d-andle-large-dataset-exports-browser-webkit/test-failed-1.png]]

[[ATTACHMENT|artifacts/06-results-export-Results--5201d-andle-large-dataset-exports-browser-webkit/video.webm]]

[[ATTACHMENT|artifacts/06-results-export-Results--5201d-andle-large-dataset-exports-browser-webkit/error-context.md]]
]]>
</system-out>
<system-err>
<![CDATA[(node:38399) [DEP0147] DeprecationWarning: In future versions of Node.js, fs.rmdir(path, { recursive: true }) will be removed. Use fs.rm(path, { recursive: true }) instead
(Use `node --trace-deprecation ...` to show where the warning was created)
]]>
</system-err>
</testcase>
<testcase name="Results Export Functionality › should handle export errors gracefully" classname="06-results-export.spec.ts" time="1.359">
<failure message="06-results-export.spec.ts:451:7 should handle export errors gracefully" type="FAILURE">
<![CDATA[  [browser-webkit] › 06-results-export.spec.ts:451:7 › Results Export Functionality › should handle export errors gracefully 

    Error: expect.toBeAttached: Error: strict mode violation: locator('input[type="file"]') resolved to 2 elements:
        1) <input type="file" accept=".csv,.xlsx,.xls,.tsv" data-testid="file-input-button" aria-label="Select file to upload" aria-describedby="file-restrictions"/> aka getByTestId('file-input-button')
        2) <input multiple type="file" accept=".csv,.xlsx,.xls,.tsv" data-testid="hidden-file-input" aria-describedby="file-requirements" aria-label="Select data files for upload"/> aka getByTestId('hidden-file-input')

    Call log:
      - Expect "toBeAttached" with timeout 5000ms
      - waiting for locator('input[type="file"]')


       at ../fixtures/test-fixtures.ts:203

      201 |   // Now set the file input (works for both browser and Electron modes)
      202 |   const fileInput = page.locator('input[type="file"]');
    > 203 |   await expect(fileInput).toBeAttached({ timeout: 5000 });
          |                           ^
      204 |   await fileInput.setInputFiles(filePath);
      205 | };
      206 |
        at uploadFile (/Users/thomaswagner/Documents/datacloak-sentiment-workbench/packages/e2e-tests/fixtures/test-fixtures.ts:203:27)
        at navigateToResultsStep (/Users/thomaswagner/Documents/datacloak-sentiment-workbench/packages/e2e-tests/tests/06-results-export.spec.ts:13:5)
        at /Users/thomaswagner/Documents/datacloak-sentiment-workbench/packages/e2e-tests/tests/06-results-export.spec.ts:452:5

    attachment #1: screenshot (image/png) ──────────────────────────────────────────────────────────
    test-results/artifacts/06-results-export-Results--39f14-le-export-errors-gracefully-browser-webkit/test-failed-1.png
    ────────────────────────────────────────────────────────────────────────────────────────────────

    attachment #2: video (video/webm) ──────────────────────────────────────────────────────────────
    test-results/artifacts/06-results-export-Results--39f14-le-export-errors-gracefully-browser-webkit/video.webm
    ────────────────────────────────────────────────────────────────────────────────────────────────

    Error Context: ../test-results/artifacts/06-results-export-Results--39f14-le-export-errors-gracefully-browser-webkit/error-context.md
]]>
</failure>
<system-out>
<![CDATA[
[[ATTACHMENT|artifacts/06-results-export-Results--39f14-le-export-errors-gracefully-browser-webkit/test-failed-1.png]]

[[ATTACHMENT|artifacts/06-results-export-Results--39f14-le-export-errors-gracefully-browser-webkit/video.webm]]

[[ATTACHMENT|artifacts/06-results-export-Results--39f14-le-export-errors-gracefully-browser-webkit/error-context.md]]
]]>
</system-out>
<system-err>
<![CDATA[(node:38418) [DEP0147] DeprecationWarning: In future versions of Node.js, fs.rmdir(path, { recursive: true }) will be removed. Use fs.rm(path, { recursive: true }) instead
(Use `node --trace-deprecation ...` to show where the warning was created)
]]>
</system-err>
</testcase>
<testcase name="Results Export Functionality › should provide download progress and completion feedback" classname="06-results-export.spec.ts" time="1.331">
<failure message="06-results-export.spec.ts:506:7 should provide download progress and completion feedback" type="FAILURE">
<![CDATA[  [browser-webkit] › 06-results-export.spec.ts:506:7 › Results Export Functionality › should provide download progress and completion feedback 

    Error: expect.toBeAttached: Error: strict mode violation: locator('input[type="file"]') resolved to 2 elements:
        1) <input type="file" accept=".csv,.xlsx,.xls,.tsv" data-testid="file-input-button" aria-label="Select file to upload" aria-describedby="file-restrictions"/> aka getByTestId('file-input-button')
        2) <input multiple type="file" accept=".csv,.xlsx,.xls,.tsv" data-testid="hidden-file-input" aria-describedby="file-requirements" aria-label="Select data files for upload"/> aka getByTestId('hidden-file-input')

    Call log:
      - Expect "toBeAttached" with timeout 5000ms
      - waiting for locator('input[type="file"]')


       at ../fixtures/test-fixtures.ts:203

      201 |   // Now set the file input (works for both browser and Electron modes)
      202 |   const fileInput = page.locator('input[type="file"]');
    > 203 |   await expect(fileInput).toBeAttached({ timeout: 5000 });
          |                           ^
      204 |   await fileInput.setInputFiles(filePath);
      205 | };
      206 |
        at uploadFile (/Users/thomaswagner/Documents/datacloak-sentiment-workbench/packages/e2e-tests/fixtures/test-fixtures.ts:203:27)
        at navigateToResultsStep (/Users/thomaswagner/Documents/datacloak-sentiment-workbench/packages/e2e-tests/tests/06-results-export.spec.ts:13:5)
        at /Users/thomaswagner/Documents/datacloak-sentiment-workbench/packages/e2e-tests/tests/06-results-export.spec.ts:507:5

    attachment #1: screenshot (image/png) ──────────────────────────────────────────────────────────
    test-results/artifacts/06-results-export-Results--1b461-ess-and-completion-feedback-browser-webkit/test-failed-1.png
    ────────────────────────────────────────────────────────────────────────────────────────────────

    attachment #2: video (video/webm) ──────────────────────────────────────────────────────────────
    test-results/artifacts/06-results-export-Results--1b461-ess-and-completion-feedback-browser-webkit/video.webm
    ────────────────────────────────────────────────────────────────────────────────────────────────

    Error Context: ../test-results/artifacts/06-results-export-Results--1b461-ess-and-completion-feedback-browser-webkit/error-context.md
]]>
</failure>
<system-out>
<![CDATA[
[[ATTACHMENT|artifacts/06-results-export-Results--1b461-ess-and-completion-feedback-browser-webkit/test-failed-1.png]]

[[ATTACHMENT|artifacts/06-results-export-Results--1b461-ess-and-completion-feedback-browser-webkit/video.webm]]

[[ATTACHMENT|artifacts/06-results-export-Results--1b461-ess-and-completion-feedback-browser-webkit/error-context.md]]
]]>
</system-out>
<system-err>
<![CDATA[(node:38439) [DEP0147] DeprecationWarning: In future versions of Node.js, fs.rmdir(path, { recursive: true }) will be removed. Use fs.rm(path, { recursive: true }) instead
(Use `node --trace-deprecation ...` to show where the warning was created)
]]>
</system-err>
</testcase>
</testsuite>
<testsuite name="07-large-file-handling.spec.ts" timestamp="2025-06-15T23:53:34.693Z" hostname="browser-webkit" tests="7" failures="7" skipped="0" time="7.032" errors="0">
<testcase name="Large File Handling › test 1GB file upload" classname="07-large-file-handling.spec.ts" time="1.162">
<failure message="07-large-file-handling.spec.ts:14:7 test 1GB file upload" type="FAILURE">
<![CDATA[  [browser-webkit] › 07-large-file-handling.spec.ts:14:7 › Large File Handling › test 1GB file upload 

    Error: locator.click: Error: strict mode violation: locator('button').filter({ hasText: /upload|select.*file/i }) resolved to 2 elements:
        1) <button data-step="upload" aria-current="step" aria-label="Upload Data - current " title="Select and upload your data files" class="workflow-step step current active ">…</button> aka getByRole('button', { name: 'Upload Data - current' })
        2) <button type="button" class="browse-files-button" data-testid="browse-files-button">…</button> aka getByTestId('browse-files-button')

    Call log:
      - waiting for locator('button').filter({ hasText: /upload|select.*file/i })


      19 |     
      20 |     const uploadButton = page.locator('button').filter({ hasText: /upload|select.*file/i });
    > 21 |     await uploadButton.click();
         |                        ^
      22 |     
      23 |     // Set up monitoring
      24 |     const startTime = Date.now();
        at /Users/thomaswagner/Documents/datacloak-sentiment-workbench/packages/e2e-tests/tests/07-large-file-handling.spec.ts:21:24

    attachment #1: screenshot (image/png) ──────────────────────────────────────────────────────────
    test-results/artifacts/07-large-file-handling-Lar-2e43d-ndling-test-1GB-file-upload-browser-webkit/test-failed-1.png
    ────────────────────────────────────────────────────────────────────────────────────────────────

    attachment #2: video (video/webm) ──────────────────────────────────────────────────────────────
    test-results/artifacts/07-large-file-handling-Lar-2e43d-ndling-test-1GB-file-upload-browser-webkit/video.webm
    ────────────────────────────────────────────────────────────────────────────────────────────────

    Error Context: ../test-results/artifacts/07-large-file-handling-Lar-2e43d-ndling-test-1GB-file-upload-browser-webkit/error-context.md
]]>
</failure>
<system-out>
<![CDATA[
[[ATTACHMENT|artifacts/07-large-file-handling-Lar-2e43d-ndling-test-1GB-file-upload-browser-webkit/test-failed-1.png]]

[[ATTACHMENT|artifacts/07-large-file-handling-Lar-2e43d-ndling-test-1GB-file-upload-browser-webkit/video.webm]]

[[ATTACHMENT|artifacts/07-large-file-handling-Lar-2e43d-ndling-test-1GB-file-upload-browser-webkit/error-context.md]]
]]>
</system-out>
</testcase>
<testcase name="Large File Handling › monitor memory usage during large file processing" classname="07-large-file-handling.spec.ts" time="1.093">
<failure message="07-large-file-handling.spec.ts:66:7 monitor memory usage during large file processing" type="FAILURE">
<![CDATA[  [browser-webkit] › 07-large-file-handling.spec.ts:66:7 › Large File Handling › monitor memory usage during large file processing 

    Error: locator.click: Error: strict mode violation: locator('button').filter({ hasText: /upload|select.*file/i }) resolved to 2 elements:
        1) <button data-step="upload" aria-current="step" aria-label="Upload Data - current " title="Select and upload your data files" class="workflow-step step current active ">…</button> aka getByRole('button', { name: 'Upload Data - current' })
        2) <button type="button" class="browse-files-button" data-testid="browse-files-button">…</button> aka getByTestId('browse-files-button')

    Call log:
      - waiting for locator('button').filter({ hasText: /upload|select.*file/i })


      86 |     // Perform file operations
      87 |     const uploadButton = page.locator('button').filter({ hasText: /upload|select.*file/i });
    > 88 |     await uploadButton.click();
         |                        ^
      89 |     
      90 |     const fileInput = page.locator('input[type="file"]');
      91 |     const mediumFilePath = path.join(__dirname, '../fixtures/medium-test.csv');
        at /Users/thomaswagner/Documents/datacloak-sentiment-workbench/packages/e2e-tests/tests/07-large-file-handling.spec.ts:88:24

    attachment #1: screenshot (image/png) ──────────────────────────────────────────────────────────
    test-results/artifacts/07-large-file-handling-Lar-768c0-uring-large-file-processing-browser-webkit/test-failed-1.png
    ────────────────────────────────────────────────────────────────────────────────────────────────

    attachment #2: video (video/webm) ──────────────────────────────────────────────────────────────
    test-results/artifacts/07-large-file-handling-Lar-768c0-uring-large-file-processing-browser-webkit/video.webm
    ────────────────────────────────────────────────────────────────────────────────────────────────

    Error Context: ../test-results/artifacts/07-large-file-handling-Lar-768c0-uring-large-file-processing-browser-webkit/error-context.md
]]>
</failure>
<system-out>
<![CDATA[
[[ATTACHMENT|artifacts/07-large-file-handling-Lar-768c0-uring-large-file-processing-browser-webkit/test-failed-1.png]]

[[ATTACHMENT|artifacts/07-large-file-handling-Lar-768c0-uring-large-file-processing-browser-webkit/video.webm]]

[[ATTACHMENT|artifacts/07-large-file-handling-Lar-768c0-uring-large-file-processing-browser-webkit/error-context.md]]
]]>
</system-out>
</testcase>
<testcase name="Large File Handling › verify streaming works for large files" classname="07-large-file-handling.spec.ts" time="0.733">
<failure message="07-large-file-handling.spec.ts:112:7 verify streaming works for large files" type="FAILURE">
<![CDATA[  [browser-webkit] › 07-large-file-handling.spec.ts:112:7 › Large File Handling › verify streaming works for large files 

    Error: locator.click: Error: strict mode violation: locator('button').filter({ hasText: /upload|select.*file/i }) resolved to 2 elements:
        1) <button data-step="upload" aria-current="step" aria-label="Upload Data - current " title="Select and upload your data files" class="workflow-step step current active ">…</button> aka getByRole('button', { name: 'Upload Data - current' })
        2) <button type="button" class="browse-files-button" data-testid="browse-files-button">…</button> aka getByTestId('browse-files-button')

    Call log:
      - waiting for locator('button').filter({ hasText: /upload|select.*file/i })


      125 |     
      126 |     const uploadButton = page.locator('button').filter({ hasText: /upload|select.*file/i });
    > 127 |     await uploadButton.click();
          |                        ^
      128 |     
      129 |     const fileInput = page.locator('input[type="file"]');
      130 |     const testFile = path.join(__dirname, '../fixtures/medium-test.csv');
        at /Users/thomaswagner/Documents/datacloak-sentiment-workbench/packages/e2e-tests/tests/07-large-file-handling.spec.ts:127:24

    attachment #1: screenshot (image/png) ──────────────────────────────────────────────────────────
    test-results/artifacts/07-large-file-handling-Lar-ca791-aming-works-for-large-files-browser-webkit/test-failed-1.png
    ────────────────────────────────────────────────────────────────────────────────────────────────

    attachment #2: video (video/webm) ──────────────────────────────────────────────────────────────
    test-results/artifacts/07-large-file-handling-Lar-ca791-aming-works-for-large-files-browser-webkit/video.webm
    ────────────────────────────────────────────────────────────────────────────────────────────────

    Error Context: ../test-results/artifacts/07-large-file-handling-Lar-ca791-aming-works-for-large-files-browser-webkit/error-context.md
]]>
</failure>
<system-out>
<![CDATA[
[[ATTACHMENT|artifacts/07-large-file-handling-Lar-ca791-aming-works-for-large-files-browser-webkit/test-failed-1.png]]

[[ATTACHMENT|artifacts/07-large-file-handling-Lar-ca791-aming-works-for-large-files-browser-webkit/video.webm]]

[[ATTACHMENT|artifacts/07-large-file-handling-Lar-ca791-aming-works-for-large-files-browser-webkit/error-context.md]]
]]>
</system-out>
</testcase>
<testcase name="Large File Handling › check performance benchmarks for different file sizes" classname="07-large-file-handling.spec.ts" time="1.432">
<failure message="07-large-file-handling.spec.ts:140:7 check performance benchmarks for different file sizes" type="FAILURE">
<![CDATA[  [browser-webkit] › 07-large-file-handling.spec.ts:140:7 › Large File Handling › check performance benchmarks for different file sizes 

    Error: locator.click: Error: strict mode violation: locator('button').filter({ hasText: /upload|select.*file/i }) resolved to 2 elements:
        1) <button data-step="upload" aria-current="step" aria-label="Upload Data - current " title="Select and upload your data files" class="workflow-step step current active ">…</button> aka getByRole('button', { name: 'Upload Data - current' })
        2) <button type="button" class="browse-files-button" data-testid="browse-files-button">…</button> aka getByTestId('browse-files-button')

    Call log:
      - waiting for locator('button').filter({ hasText: /upload|select.*file/i })


      159 |       
      160 |       const uploadButton = page.locator('button').filter({ hasText: /upload|select.*file/i });
    > 161 |       await uploadButton.click();
          |                          ^
      162 |       
      163 |       const fileInput = page.locator('input[type="file"]');
      164 |       await fileInput.setInputFiles(filePath);
        at /Users/thomaswagner/Documents/datacloak-sentiment-workbench/packages/e2e-tests/tests/07-large-file-handling.spec.ts:161:26

    attachment #1: screenshot (image/png) ──────────────────────────────────────────────────────────
    test-results/artifacts/07-large-file-handling-Lar-f2543-ks-for-different-file-sizes-browser-webkit/test-failed-1.png
    ────────────────────────────────────────────────────────────────────────────────────────────────

    attachment #2: video (video/webm) ──────────────────────────────────────────────────────────────
    test-results/artifacts/07-large-file-handling-Lar-f2543-ks-for-different-file-sizes-browser-webkit/video.webm
    ────────────────────────────────────────────────────────────────────────────────────────────────

    Error Context: ../test-results/artifacts/07-large-file-handling-Lar-f2543-ks-for-different-file-sizes-browser-webkit/error-context.md
]]>
</failure>
<system-out>
<![CDATA[
[[ATTACHMENT|artifacts/07-large-file-handling-Lar-f2543-ks-for-different-file-sizes-browser-webkit/test-failed-1.png]]

[[ATTACHMENT|artifacts/07-large-file-handling-Lar-f2543-ks-for-different-file-sizes-browser-webkit/video.webm]]

[[ATTACHMENT|artifacts/07-large-file-handling-Lar-f2543-ks-for-different-file-sizes-browser-webkit/error-context.md]]
]]>
</system-out>
</testcase>
<testcase name="Large File Handling › verify UI remains responsive during large file processing" classname="07-large-file-handling.spec.ts" time="0.857">
<failure message="07-large-file-handling.spec.ts:189:7 verify UI remains responsive during large file processing" type="FAILURE">
<![CDATA[  [browser-webkit] › 07-large-file-handling.spec.ts:189:7 › Large File Handling › verify UI remains responsive during large file processing 

    Error: locator.click: Error: strict mode violation: locator('button').filter({ hasText: /upload|select.*file/i }) resolved to 2 elements:
        1) <button data-step="upload" aria-current="step" aria-label="Upload Data - current " title="Select and upload your data files" class="workflow-step step current active ">…</button> aka getByRole('button', { name: 'Upload Data - current' })
        2) <button type="button" class="browse-files-button" data-testid="browse-files-button">…</button> aka getByTestId('browse-files-button')

    Call log:
      - waiting for locator('button').filter({ hasText: /upload|select.*file/i })


      192 |     // Start file upload
      193 |     const uploadButton = page.locator('button').filter({ hasText: /upload|select.*file/i });
    > 194 |     await uploadButton.click();
          |                        ^
      195 |     
      196 |     const fileInput = page.locator('input[type="file"]');
      197 |     const testFile = path.join(__dirname, '../fixtures/medium-test.csv');
        at /Users/thomaswagner/Documents/datacloak-sentiment-workbench/packages/e2e-tests/tests/07-large-file-handling.spec.ts:194:24

    attachment #1: screenshot (image/png) ──────────────────────────────────────────────────────────
    test-results/artifacts/07-large-file-handling-Lar-4f009-uring-large-file-processing-browser-webkit/test-failed-1.png
    ────────────────────────────────────────────────────────────────────────────────────────────────

    attachment #2: video (video/webm) ──────────────────────────────────────────────────────────────
    test-results/artifacts/07-large-file-handling-Lar-4f009-uring-large-file-processing-browser-webkit/video.webm
    ────────────────────────────────────────────────────────────────────────────────────────────────

    Error Context: ../test-results/artifacts/07-large-file-handling-Lar-4f009-uring-large-file-processing-browser-webkit/error-context.md
]]>
</failure>
<system-out>
<![CDATA[
[[ATTACHMENT|artifacts/07-large-file-handling-Lar-4f009-uring-large-file-processing-browser-webkit/test-failed-1.png]]

[[ATTACHMENT|artifacts/07-large-file-handling-Lar-4f009-uring-large-file-processing-browser-webkit/video.webm]]

[[ATTACHMENT|artifacts/07-large-file-handling-Lar-4f009-uring-large-file-processing-browser-webkit/error-context.md]]
]]>
</system-out>
</testcase>
<testcase name="Large File Handling › verify batch processing for multiple large files" classname="07-large-file-handling.spec.ts" time="0.921">
<failure message="07-large-file-handling.spec.ts:227:7 verify batch processing for multiple large files" type="FAILURE">
<![CDATA[  [browser-webkit] › 07-large-file-handling.spec.ts:227:7 › Large File Handling › verify batch processing for multiple large files 

    Error: locator.click: Error: strict mode violation: locator('button').filter({ hasText: /upload|select.*file/i }) resolved to 2 elements:
        1) <button data-step="upload" aria-current="step" aria-label="Upload Data - current " title="Select and upload your data files" class="workflow-step step current active ">…</button> aka getByRole('button', { name: 'Upload Data - current' })
        2) <button type="button" class="browse-files-button" data-testid="browse-files-button">…</button> aka getByTestId('browse-files-button')

    Call log:
      - waiting for locator('button').filter({ hasText: /upload|select.*file/i })


      229 |     
      230 |     const uploadButton = page.locator('button').filter({ hasText: /upload|select.*file/i });
    > 231 |     await uploadButton.click();
          |                        ^
      232 |     
      233 |     const fileInput = page.locator('input[type="file"]');
      234 |     
        at /Users/thomaswagner/Documents/datacloak-sentiment-workbench/packages/e2e-tests/tests/07-large-file-handling.spec.ts:231:24

    attachment #1: screenshot (image/png) ──────────────────────────────────────────────────────────
    test-results/artifacts/07-large-file-handling-Lar-7c6e7-ng-for-multiple-large-files-browser-webkit/test-failed-1.png
    ────────────────────────────────────────────────────────────────────────────────────────────────

    attachment #2: video (video/webm) ──────────────────────────────────────────────────────────────
    test-results/artifacts/07-large-file-handling-Lar-7c6e7-ng-for-multiple-large-files-browser-webkit/video.webm
    ────────────────────────────────────────────────────────────────────────────────────────────────

    Error Context: ../test-results/artifacts/07-large-file-handling-Lar-7c6e7-ng-for-multiple-large-files-browser-webkit/error-context.md
]]>
</failure>
<system-out>
<![CDATA[
[[ATTACHMENT|artifacts/07-large-file-handling-Lar-7c6e7-ng-for-multiple-large-files-browser-webkit/test-failed-1.png]]

[[ATTACHMENT|artifacts/07-large-file-handling-Lar-7c6e7-ng-for-multiple-large-files-browser-webkit/video.webm]]

[[ATTACHMENT|artifacts/07-large-file-handling-Lar-7c6e7-ng-for-multiple-large-files-browser-webkit/error-context.md]]
]]>
</system-out>
</testcase>
<testcase name="Large File Handling › verify progress indicators for large file operations" classname="07-large-file-handling.spec.ts" time="0.834">
<failure message="07-large-file-handling.spec.ts:264:7 verify progress indicators for large file operations" type="FAILURE">
<![CDATA[  [browser-webkit] › 07-large-file-handling.spec.ts:264:7 › Large File Handling › verify progress indicators for large file operations 

    Error: locator.click: Error: strict mode violation: locator('button').filter({ hasText: /upload|select.*file/i }) resolved to 2 elements:
        1) <button data-step="upload" aria-current="step" aria-label="Upload Data - current " title="Select and upload your data files" class="workflow-step step current active ">…</button> aka getByRole('button', { name: 'Upload Data - current' })
        2) <button type="button" class="browse-files-button" data-testid="browse-files-button">…</button> aka getByTestId('browse-files-button')

    Call log:
      - waiting for locator('button').filter({ hasText: /upload|select.*file/i })


      266 |     
      267 |     const uploadButton = page.locator('button').filter({ hasText: /upload|select.*file/i });
    > 268 |     await uploadButton.click();
          |                        ^
      269 |     
      270 |     const fileInput = page.locator('input[type="file"]');
      271 |     const testFile = path.join(__dirname, '../fixtures/medium-test.csv');
        at /Users/thomaswagner/Documents/datacloak-sentiment-workbench/packages/e2e-tests/tests/07-large-file-handling.spec.ts:268:24

    attachment #1: screenshot (image/png) ──────────────────────────────────────────────────────────
    test-results/artifacts/07-large-file-handling-Lar-9c95a-s-for-large-file-operations-browser-webkit/test-failed-1.png
    ────────────────────────────────────────────────────────────────────────────────────────────────

    attachment #2: video (video/webm) ──────────────────────────────────────────────────────────────
    test-results/artifacts/07-large-file-handling-Lar-9c95a-s-for-large-file-operations-browser-webkit/video.webm
    ────────────────────────────────────────────────────────────────────────────────────────────────

    Error Context: ../test-results/artifacts/07-large-file-handling-Lar-9c95a-s-for-large-file-operations-browser-webkit/error-context.md
]]>
</failure>
<system-out>
<![CDATA[
[[ATTACHMENT|artifacts/07-large-file-handling-Lar-9c95a-s-for-large-file-operations-browser-webkit/test-failed-1.png]]

[[ATTACHMENT|artifacts/07-large-file-handling-Lar-9c95a-s-for-large-file-operations-browser-webkit/video.webm]]

[[ATTACHMENT|artifacts/07-large-file-handling-Lar-9c95a-s-for-large-file-operations-browser-webkit/error-context.md]]
]]>
</system-out>
</testcase>
</testsuite>
<testsuite name="08-security-features.spec.ts" timestamp="2025-06-15T23:53:34.693Z" hostname="browser-webkit" tests="8" failures="8" skipped="0" time="12.008" errors="0">
<testcase name="Security Features Integration › should detect and display PII during file upload" classname="08-security-features.spec.ts" time="2.573">
<failure message="08-security-features.spec.ts:9:7 should detect and display PII during file upload" type="FAILURE">
<![CDATA[  [browser-webkit] › 08-security-features.spec.ts:9:7 › Security Features Integration › should detect and display PII during file upload › Upload file with PII data 

    Error: expect.toBeAttached: Error: strict mode violation: locator('input[type="file"]') resolved to 2 elements:
        1) <input type="file" accept=".csv,.xlsx,.xls,.tsv" data-testid="file-input-button" aria-label="Select file to upload" aria-describedby="file-restrictions"/> aka getByTestId('file-input-button')
        2) <input multiple type="file" accept=".csv,.xlsx,.xls,.tsv" data-testid="hidden-file-input" aria-describedby="file-requirements" aria-label="Select data files for upload"/> aka getByTestId('hidden-file-input')

    Call log:
      - Expect "toBeAttached" with timeout 5000ms
      - waiting for locator('input[type="file"]')


       at ../fixtures/test-fixtures.ts:203

      201 |   // Now set the file input (works for both browser and Electron modes)
      202 |   const fileInput = page.locator('input[type="file"]');
    > 203 |   await expect(fileInput).toBeAttached({ timeout: 5000 });
          |                           ^
      204 |   await fileInput.setInputFiles(filePath);
      205 | };
      206 |
        at uploadFile (/Users/thomaswagner/Documents/datacloak-sentiment-workbench/packages/e2e-tests/fixtures/test-fixtures.ts:203:27)
        at /Users/thomaswagner/Documents/datacloak-sentiment-workbench/packages/e2e-tests/tests/08-security-features.spec.ts:11:7
        at /Users/thomaswagner/Documents/datacloak-sentiment-workbench/packages/e2e-tests/tests/08-security-features.spec.ts:10:5

    attachment #1: screenshot (image/png) ──────────────────────────────────────────────────────────
    test-results/artifacts/08-security-features-Secur-f5e36-play-PII-during-file-upload-browser-webkit/test-failed-1.png
    ────────────────────────────────────────────────────────────────────────────────────────────────

    attachment #2: video (video/webm) ──────────────────────────────────────────────────────────────
    test-results/artifacts/08-security-features-Secur-f5e36-play-PII-during-file-upload-browser-webkit/video.webm
    ────────────────────────────────────────────────────────────────────────────────────────────────

    Error Context: ../test-results/artifacts/08-security-features-Secur-f5e36-play-PII-during-file-upload-browser-webkit/error-context.md
]]>
</failure>
<system-out>
<![CDATA[
[[ATTACHMENT|artifacts/08-security-features-Secur-f5e36-play-PII-during-file-upload-browser-webkit/test-failed-1.png]]

[[ATTACHMENT|artifacts/08-security-features-Secur-f5e36-play-PII-during-file-upload-browser-webkit/video.webm]]

[[ATTACHMENT|artifacts/08-security-features-Secur-f5e36-play-PII-during-file-upload-browser-webkit/error-context.md]]
]]>
</system-out>
<system-err>
<![CDATA[(node:38493) [DEP0147] DeprecationWarning: In future versions of Node.js, fs.rmdir(path, { recursive: true }) will be removed. Use fs.rm(path, { recursive: true }) instead
(Use `node --trace-deprecation ...` to show where the warning was created)
]]>
</system-err>
</testcase>
<testcase name="Security Features Integration › should provide PII masking options" classname="08-security-features.spec.ts" time="1.416">
<failure message="08-security-features.spec.ts:42:7 should provide PII masking options" type="FAILURE">
<![CDATA[  [browser-webkit] › 08-security-features.spec.ts:42:7 › Security Features Integration › should provide PII masking options 

    Error: expect.toBeAttached: Error: strict mode violation: locator('input[type="file"]') resolved to 2 elements:
        1) <input type="file" accept=".csv,.xlsx,.xls,.tsv" data-testid="file-input-button" aria-label="Select file to upload" aria-describedby="file-restrictions"/> aka getByTestId('file-input-button')
        2) <input multiple type="file" accept=".csv,.xlsx,.xls,.tsv" data-testid="hidden-file-input" aria-describedby="file-requirements" aria-label="Select data files for upload"/> aka getByTestId('hidden-file-input')

    Call log:
      - Expect "toBeAttached" with timeout 5000ms
      - waiting for locator('input[type="file"]')


       at ../fixtures/test-fixtures.ts:203

      201 |   // Now set the file input (works for both browser and Electron modes)
      202 |   const fileInput = page.locator('input[type="file"]');
    > 203 |   await expect(fileInput).toBeAttached({ timeout: 5000 });
          |                           ^
      204 |   await fileInput.setInputFiles(filePath);
      205 | };
      206 |
        at uploadFile (/Users/thomaswagner/Documents/datacloak-sentiment-workbench/packages/e2e-tests/fixtures/test-fixtures.ts:203:27)
        at /Users/thomaswagner/Documents/datacloak-sentiment-workbench/packages/e2e-tests/tests/08-security-features.spec.ts:43:5

    attachment #1: screenshot (image/png) ──────────────────────────────────────────────────────────
    test-results/artifacts/08-security-features-Secur-972ff-provide-PII-masking-options-browser-webkit/test-failed-1.png
    ────────────────────────────────────────────────────────────────────────────────────────────────

    attachment #2: video (video/webm) ──────────────────────────────────────────────────────────────
    test-results/artifacts/08-security-features-Secur-972ff-provide-PII-masking-options-browser-webkit/video.webm
    ────────────────────────────────────────────────────────────────────────────────────────────────

    Error Context: ../test-results/artifacts/08-security-features-Secur-972ff-provide-PII-masking-options-browser-webkit/error-context.md
]]>
</failure>
<system-out>
<![CDATA[
[[ATTACHMENT|artifacts/08-security-features-Secur-972ff-provide-PII-masking-options-browser-webkit/test-failed-1.png]]

[[ATTACHMENT|artifacts/08-security-features-Secur-972ff-provide-PII-masking-options-browser-webkit/video.webm]]

[[ATTACHMENT|artifacts/08-security-features-Secur-972ff-provide-PII-masking-options-browser-webkit/error-context.md]]
]]>
</system-out>
<system-err>
<![CDATA[(node:38517) [DEP0147] DeprecationWarning: In future versions of Node.js, fs.rmdir(path, { recursive: true }) will be removed. Use fs.rm(path, { recursive: true }) instead
(Use `node --trace-deprecation ...` to show where the warning was created)
]]>
</system-err>
</testcase>
<testcase name="Security Features Integration › should generate security audit report" classname="08-security-features.spec.ts" time="1.32">
<failure message="08-security-features.spec.ts:71:7 should generate security audit report" type="FAILURE">
<![CDATA[  [browser-webkit] › 08-security-features.spec.ts:71:7 › Security Features Integration › should generate security audit report 

    Error: expect.toBeAttached: Error: strict mode violation: locator('input[type="file"]') resolved to 2 elements:
        1) <input type="file" accept=".csv,.xlsx,.xls,.tsv" data-testid="file-input-button" aria-label="Select file to upload" aria-describedby="file-restrictions"/> aka getByTestId('file-input-button')
        2) <input multiple type="file" accept=".csv,.xlsx,.xls,.tsv" data-testid="hidden-file-input" aria-describedby="file-requirements" aria-label="Select data files for upload"/> aka getByTestId('hidden-file-input')

    Call log:
      - Expect "toBeAttached" with timeout 5000ms
      - waiting for locator('input[type="file"]')


       at ../fixtures/test-fixtures.ts:203

      201 |   // Now set the file input (works for both browser and Electron modes)
      202 |   const fileInput = page.locator('input[type="file"]');
    > 203 |   await expect(fileInput).toBeAttached({ timeout: 5000 });
          |                           ^
      204 |   await fileInput.setInputFiles(filePath);
      205 | };
      206 |
        at uploadFile (/Users/thomaswagner/Documents/datacloak-sentiment-workbench/packages/e2e-tests/fixtures/test-fixtures.ts:203:27)
        at /Users/thomaswagner/Documents/datacloak-sentiment-workbench/packages/e2e-tests/tests/08-security-features.spec.ts:97:5

    attachment #1: screenshot (image/png) ──────────────────────────────────────────────────────────
    test-results/artifacts/08-security-features-Secur-505d3-erate-security-audit-report-browser-webkit/test-failed-1.png
    ────────────────────────────────────────────────────────────────────────────────────────────────

    attachment #2: video (video/webm) ──────────────────────────────────────────────────────────────
    test-results/artifacts/08-security-features-Secur-505d3-erate-security-audit-report-browser-webkit/video.webm
    ────────────────────────────────────────────────────────────────────────────────────────────────

    Error Context: ../test-results/artifacts/08-security-features-Secur-505d3-erate-security-audit-report-browser-webkit/error-context.md
]]>
</failure>
<system-out>
<![CDATA[
[[ATTACHMENT|artifacts/08-security-features-Secur-505d3-erate-security-audit-report-browser-webkit/test-failed-1.png]]

[[ATTACHMENT|artifacts/08-security-features-Secur-505d3-erate-security-audit-report-browser-webkit/video.webm]]

[[ATTACHMENT|artifacts/08-security-features-Secur-505d3-erate-security-audit-report-browser-webkit/error-context.md]]
]]>
</system-out>
<system-err>
<![CDATA[(node:38539) [DEP0147] DeprecationWarning: In future versions of Node.js, fs.rmdir(path, { recursive: true }) will be removed. Use fs.rm(path, { recursive: true }) instead
(Use `node --trace-deprecation ...` to show where the warning was created)
]]>
</system-err>
</testcase>
<testcase name="Security Features Integration › should track security events in real-time" classname="08-security-features.spec.ts" time="1.437">
<failure message="08-security-features.spec.ts:127:7 should track security events in real-time" type="FAILURE">
<![CDATA[  [browser-webkit] › 08-security-features.spec.ts:127:7 › Security Features Integration › should track security events in real-time 

    Error: expect.toBeAttached: Error: strict mode violation: locator('input[type="file"]') resolved to 2 elements:
        1) <input type="file" accept=".csv,.xlsx,.xls,.tsv" data-testid="file-input-button" aria-label="Select file to upload" aria-describedby="file-restrictions"/> aka getByTestId('file-input-button')
        2) <input multiple type="file" accept=".csv,.xlsx,.xls,.tsv" data-testid="hidden-file-input" aria-describedby="file-requirements" aria-label="Select data files for upload"/> aka getByTestId('hidden-file-input')

    Call log:
      - Expect "toBeAttached" with timeout 5000ms
      - waiting for locator('input[type="file"]')


       at ../fixtures/test-fixtures.ts:203

      201 |   // Now set the file input (works for both browser and Electron modes)
      202 |   const fileInput = page.locator('input[type="file"]');
    > 203 |   await expect(fileInput).toBeAttached({ timeout: 5000 });
          |                           ^
      204 |   await fileInput.setInputFiles(filePath);
      205 | };
      206 |
        at uploadFile (/Users/thomaswagner/Documents/datacloak-sentiment-workbench/packages/e2e-tests/fixtures/test-fixtures.ts:203:27)
        at /Users/thomaswagner/Documents/datacloak-sentiment-workbench/packages/e2e-tests/tests/08-security-features.spec.ts:128:5

    attachment #1: screenshot (image/png) ──────────────────────────────────────────────────────────
    test-results/artifacts/08-security-features-Secur-d1450-ecurity-events-in-real-time-browser-webkit/test-failed-1.png
    ────────────────────────────────────────────────────────────────────────────────────────────────

    attachment #2: video (video/webm) ──────────────────────────────────────────────────────────────
    test-results/artifacts/08-security-features-Secur-d1450-ecurity-events-in-real-time-browser-webkit/video.webm
    ────────────────────────────────────────────────────────────────────────────────────────────────

    Error Context: ../test-results/artifacts/08-security-features-Secur-d1450-ecurity-events-in-real-time-browser-webkit/error-context.md
]]>
</failure>
<system-out>
<![CDATA[
[[ATTACHMENT|artifacts/08-security-features-Secur-d1450-ecurity-events-in-real-time-browser-webkit/test-failed-1.png]]

[[ATTACHMENT|artifacts/08-security-features-Secur-d1450-ecurity-events-in-real-time-browser-webkit/video.webm]]

[[ATTACHMENT|artifacts/08-security-features-Secur-d1450-ecurity-events-in-real-time-browser-webkit/error-context.md]]
]]>
</system-out>
<system-err>
<![CDATA[(node:38566) [DEP0147] DeprecationWarning: In future versions of Node.js, fs.rmdir(path, { recursive: true }) will be removed. Use fs.rm(path, { recursive: true }) instead
(Use `node --trace-deprecation ...` to show where the warning was created)
]]>
</system-err>
</testcase>
<testcase name="Security Features Integration › should mask PII before sentiment analysis" classname="08-security-features.spec.ts" time="1.34">
<failure message="08-security-features.spec.ts:152:7 should mask PII before sentiment analysis" type="FAILURE">
<![CDATA[  [browser-webkit] › 08-security-features.spec.ts:152:7 › Security Features Integration › should mask PII before sentiment analysis 

    Error: expect.toBeAttached: Error: strict mode violation: locator('input[type="file"]') resolved to 2 elements:
        1) <input type="file" accept=".csv,.xlsx,.xls,.tsv" data-testid="file-input-button" aria-label="Select file to upload" aria-describedby="file-restrictions"/> aka getByTestId('file-input-button')
        2) <input multiple type="file" accept=".csv,.xlsx,.xls,.tsv" data-testid="hidden-file-input" aria-describedby="file-requirements" aria-label="Select data files for upload"/> aka getByTestId('hidden-file-input')

    Call log:
      - Expect "toBeAttached" with timeout 5000ms
      - waiting for locator('input[type="file"]')


       at ../fixtures/test-fixtures.ts:203

      201 |   // Now set the file input (works for both browser and Electron modes)
      202 |   const fileInput = page.locator('input[type="file"]');
    > 203 |   await expect(fileInput).toBeAttached({ timeout: 5000 });
          |                           ^
      204 |   await fileInput.setInputFiles(filePath);
      205 | };
      206 |
        at uploadFile (/Users/thomaswagner/Documents/datacloak-sentiment-workbench/packages/e2e-tests/fixtures/test-fixtures.ts:203:27)
        at /Users/thomaswagner/Documents/datacloak-sentiment-workbench/packages/e2e-tests/tests/08-security-features.spec.ts:153:5

    attachment #1: screenshot (image/png) ──────────────────────────────────────────────────────────
    test-results/artifacts/08-security-features-Secur-55cfc-I-before-sentiment-analysis-browser-webkit/test-failed-1.png
    ────────────────────────────────────────────────────────────────────────────────────────────────

    attachment #2: video (video/webm) ──────────────────────────────────────────────────────────────
    test-results/artifacts/08-security-features-Secur-55cfc-I-before-sentiment-analysis-browser-webkit/video.webm
    ────────────────────────────────────────────────────────────────────────────────────────────────

    Error Context: ../test-results/artifacts/08-security-features-Secur-55cfc-I-before-sentiment-analysis-browser-webkit/error-context.md
]]>
</failure>
<system-out>
<![CDATA[
[[ATTACHMENT|artifacts/08-security-features-Secur-55cfc-I-before-sentiment-analysis-browser-webkit/test-failed-1.png]]

[[ATTACHMENT|artifacts/08-security-features-Secur-55cfc-I-before-sentiment-analysis-browser-webkit/video.webm]]

[[ATTACHMENT|artifacts/08-security-features-Secur-55cfc-I-before-sentiment-analysis-browser-webkit/error-context.md]]
]]>
</system-out>
<system-err>
<![CDATA[(node:38588) [DEP0147] DeprecationWarning: In future versions of Node.js, fs.rmdir(path, { recursive: true }) will be removed. Use fs.rm(path, { recursive: true }) instead
(Use `node --trace-deprecation ...` to show where the warning was created)
]]>
</system-err>
</testcase>
<testcase name="Security Features Integration › should handle security API endpoints" classname="08-security-features.spec.ts" time="1.197">
<failure message="08-security-features.spec.ts:183:7 should handle security API endpoints" type="FAILURE">
<![CDATA[  [browser-webkit] › 08-security-features.spec.ts:183:7 › Security Features Integration › should handle security API endpoints › Test security scan API 

    Error: expect(received).toBeTruthy()

    Received: undefined

      195 |       });
      196 |       
    > 197 |       expect(response.success).toBeTruthy();
          |                                ^
      198 |       console.log('✓ Security scan API working');
      199 |     });
      200 |
        at /Users/thomaswagner/Documents/datacloak-sentiment-workbench/packages/e2e-tests/tests/08-security-features.spec.ts:197:32
        at /Users/thomaswagner/Documents/datacloak-sentiment-workbench/packages/e2e-tests/tests/08-security-features.spec.ts:185:5

    attachment #1: screenshot (image/png) ──────────────────────────────────────────────────────────
    test-results/artifacts/08-security-features-Secur-5d14c-ndle-security-API-endpoints-browser-webkit/test-failed-1.png
    ────────────────────────────────────────────────────────────────────────────────────────────────

    attachment #2: video (video/webm) ──────────────────────────────────────────────────────────────
    test-results/artifacts/08-security-features-Secur-5d14c-ndle-security-API-endpoints-browser-webkit/video.webm
    ────────────────────────────────────────────────────────────────────────────────────────────────

    Error Context: ../test-results/artifacts/08-security-features-Secur-5d14c-ndle-security-API-endpoints-browser-webkit/error-context.md
]]>
</failure>
<system-out>
<![CDATA[
[[ATTACHMENT|artifacts/08-security-features-Secur-5d14c-ndle-security-API-endpoints-browser-webkit/test-failed-1.png]]

[[ATTACHMENT|artifacts/08-security-features-Secur-5d14c-ndle-security-API-endpoints-browser-webkit/video.webm]]

[[ATTACHMENT|artifacts/08-security-features-Secur-5d14c-ndle-security-API-endpoints-browser-webkit/error-context.md]]
]]>
</system-out>
</testcase>
<testcase name="Security Features Integration › should show security monitoring dashboard" classname="08-security-features.spec.ts" time="1.371">
<failure message="08-security-features.spec.ts:215:7 should show security monitoring dashboard" type="FAILURE">
<![CDATA[  [browser-webkit] › 08-security-features.spec.ts:215:7 › Security Features Integration › should show security monitoring dashboard 

    Error: expect.toBeAttached: Error: strict mode violation: locator('input[type="file"]') resolved to 2 elements:
        1) <input type="file" accept=".csv,.xlsx,.xls,.tsv" data-testid="file-input-button" aria-label="Select file to upload" aria-describedby="file-restrictions"/> aka getByTestId('file-input-button')
        2) <input multiple type="file" accept=".csv,.xlsx,.xls,.tsv" data-testid="hidden-file-input" aria-describedby="file-requirements" aria-label="Select data files for upload"/> aka getByTestId('hidden-file-input')

    Call log:
      - Expect "toBeAttached" with timeout 5000ms
      - waiting for locator('input[type="file"]')


       at ../fixtures/test-fixtures.ts:203

      201 |   // Now set the file input (works for both browser and Electron modes)
      202 |   const fileInput = page.locator('input[type="file"]');
    > 203 |   await expect(fileInput).toBeAttached({ timeout: 5000 });
          |                           ^
      204 |   await fileInput.setInputFiles(filePath);
      205 | };
      206 |
        at uploadFile (/Users/thomaswagner/Documents/datacloak-sentiment-workbench/packages/e2e-tests/fixtures/test-fixtures.ts:203:27)
        at /Users/thomaswagner/Documents/datacloak-sentiment-workbench/packages/e2e-tests/tests/08-security-features.spec.ts:216:5

    attachment #1: screenshot (image/png) ──────────────────────────────────────────────────────────
    test-results/artifacts/08-security-features-Secur-aba55-curity-monitoring-dashboard-browser-webkit/test-failed-1.png
    ────────────────────────────────────────────────────────────────────────────────────────────────

    attachment #2: video (video/webm) ──────────────────────────────────────────────────────────────
    test-results/artifacts/08-security-features-Secur-aba55-curity-monitoring-dashboard-browser-webkit/video.webm
    ────────────────────────────────────────────────────────────────────────────────────────────────

    Error Context: ../test-results/artifacts/08-security-features-Secur-aba55-curity-monitoring-dashboard-browser-webkit/error-context.md
]]>
</failure>
<system-out>
<![CDATA[
[[ATTACHMENT|artifacts/08-security-features-Secur-aba55-curity-monitoring-dashboard-browser-webkit/test-failed-1.png]]

[[ATTACHMENT|artifacts/08-security-features-Secur-aba55-curity-monitoring-dashboard-browser-webkit/video.webm]]

[[ATTACHMENT|artifacts/08-security-features-Secur-aba55-curity-monitoring-dashboard-browser-webkit/error-context.md]]
]]>
</system-out>
<system-err>
<![CDATA[(node:38597) [DEP0147] DeprecationWarning: In future versions of Node.js, fs.rmdir(path, { recursive: true }) will be removed. Use fs.rm(path, { recursive: true }) instead
(Use `node --trace-deprecation ...` to show where the warning was created)
]]>
</system-err>
</testcase>
<testcase name="Security Features Integration › should export security audit report" classname="08-security-features.spec.ts" time="1.354">
<failure message="08-security-features.spec.ts:247:7 should export security audit report" type="FAILURE">
<![CDATA[  [browser-webkit] › 08-security-features.spec.ts:247:7 › Security Features Integration › should export security audit report 

    Error: expect.toBeAttached: Error: strict mode violation: locator('input[type="file"]') resolved to 2 elements:
        1) <input type="file" accept=".csv,.xlsx,.xls,.tsv" data-testid="file-input-button" aria-label="Select file to upload" aria-describedby="file-restrictions"/> aka getByTestId('file-input-button')
        2) <input multiple type="file" accept=".csv,.xlsx,.xls,.tsv" data-testid="hidden-file-input" aria-describedby="file-requirements" aria-label="Select data files for upload"/> aka getByTestId('hidden-file-input')

    Call log:
      - Expect "toBeAttached" with timeout 5000ms
      - waiting for locator('input[type="file"]')


       at ../fixtures/test-fixtures.ts:203

      201 |   // Now set the file input (works for both browser and Electron modes)
      202 |   const fileInput = page.locator('input[type="file"]');
    > 203 |   await expect(fileInput).toBeAttached({ timeout: 5000 });
          |                           ^
      204 |   await fileInput.setInputFiles(filePath);
      205 | };
      206 |
        at uploadFile (/Users/thomaswagner/Documents/datacloak-sentiment-workbench/packages/e2e-tests/fixtures/test-fixtures.ts:203:27)
        at /Users/thomaswagner/Documents/datacloak-sentiment-workbench/packages/e2e-tests/tests/08-security-features.spec.ts:248:5

    attachment #1: screenshot (image/png) ──────────────────────────────────────────────────────────
    test-results/artifacts/08-security-features-Secur-584eb-xport-security-audit-report-browser-webkit/test-failed-1.png
    ────────────────────────────────────────────────────────────────────────────────────────────────

    attachment #2: video (video/webm) ──────────────────────────────────────────────────────────────
    test-results/artifacts/08-security-features-Secur-584eb-xport-security-audit-report-browser-webkit/video.webm
    ────────────────────────────────────────────────────────────────────────────────────────────────

    Error Context: ../test-results/artifacts/08-security-features-Secur-584eb-xport-security-audit-report-browser-webkit/error-context.md
]]>
</failure>
<system-out>
<![CDATA[
[[ATTACHMENT|artifacts/08-security-features-Secur-584eb-xport-security-audit-report-browser-webkit/test-failed-1.png]]

[[ATTACHMENT|artifacts/08-security-features-Secur-584eb-xport-security-audit-report-browser-webkit/video.webm]]

[[ATTACHMENT|artifacts/08-security-features-Secur-584eb-xport-security-audit-report-browser-webkit/error-context.md]]
]]>
</system-out>
<system-err>
<![CDATA[(node:38601) [DEP0147] DeprecationWarning: In future versions of Node.js, fs.rmdir(path, { recursive: true }) will be removed. Use fs.rm(path, { recursive: true }) instead
(Use `node --trace-deprecation ...` to show where the warning was created)
]]>
</system-err>
</testcase>
</testsuite>
<testsuite name="09-chunked-processing.spec.ts" timestamp="2025-06-15T23:53:34.693Z" hostname="browser-webkit" tests="5" failures="5" skipped="0" time="6.705" errors="0">
<testcase name="Chunked Processing for Large Files › should process large files in 256MB chunks" classname="09-chunked-processing.spec.ts" time="1.261">
<failure message="09-chunked-processing.spec.ts:39:7 should process large files in 256MB chunks" type="FAILURE">
<![CDATA[  [browser-webkit] › 09-chunked-processing.spec.ts:39:7 › Chunked Processing for Large Files › should process large files in 256MB chunks › Upload large file 

    Error: locator.setInputFiles: Error: strict mode violation: locator('input[type="file"]') resolved to 2 elements:
        1) <input type="file" accept=".csv,.xlsx,.xls,.tsv" data-testid="file-input-button" aria-label="Select file to upload" aria-describedby="file-restrictions"/> aka getByTestId('file-input-button')
        2) <input multiple type="file" accept=".csv,.xlsx,.xls,.tsv" data-testid="hidden-file-input" aria-describedby="file-requirements" aria-label="Select data files for upload"/> aka getByTestId('hidden-file-input')

    Call log:
      - waiting for locator('input[type="file"]')


      50 |       
      51 |       const fileInput = page.locator('input[type="file"]');
    > 52 |       await fileInput.setInputFiles(largeTestFile);
         |       ^
      53 |       console.log('✓ Large file selected for upload');
      54 |     });
      55 |
        at /Users/thomaswagner/Documents/datacloak-sentiment-workbench/packages/e2e-tests/tests/09-chunked-processing.spec.ts:52:7
        at /Users/thomaswagner/Documents/datacloak-sentiment-workbench/packages/e2e-tests/tests/09-chunked-processing.spec.ts:43:5

    attachment #1: screenshot (image/png) ──────────────────────────────────────────────────────────
    test-results/artifacts/09-chunked-processing-Chun-a188e-large-files-in-256MB-chunks-browser-webkit/test-failed-1.png
    ────────────────────────────────────────────────────────────────────────────────────────────────

    attachment #2: video (video/webm) ──────────────────────────────────────────────────────────────
    test-results/artifacts/09-chunked-processing-Chun-a188e-large-files-in-256MB-chunks-browser-webkit/video.webm
    ────────────────────────────────────────────────────────────────────────────────────────────────

    Error Context: ../test-results/artifacts/09-chunked-processing-Chun-a188e-large-files-in-256MB-chunks-browser-webkit/error-context.md
]]>
</failure>
<system-out>
<![CDATA[✓ Created 300MB test file: /tmp/e2e-large-files/large-test-300mb.csv

[[ATTACHMENT|artifacts/09-chunked-processing-Chun-a188e-large-files-in-256MB-chunks-browser-webkit/test-failed-1.png]]

[[ATTACHMENT|artifacts/09-chunked-processing-Chun-a188e-large-files-in-256MB-chunks-browser-webkit/video.webm]]

[[ATTACHMENT|artifacts/09-chunked-processing-Chun-a188e-large-files-in-256MB-chunks-browser-webkit/error-context.md]]
]]>
</system-out>
</testcase>
<testcase name="Chunked Processing for Large Files › should handle chunk upload failures gracefully" classname="09-chunked-processing.spec.ts" time="1.362">
<failure message="09-chunked-processing.spec.ts:109:7 should handle chunk upload failures gracefully" type="FAILURE">
<![CDATA[  [browser-webkit] › 09-chunked-processing.spec.ts:109:7 › Chunked Processing for Large Files › should handle chunk upload failures gracefully › Upload file with chunk failure 

    Error: locator.setInputFiles: Error: strict mode violation: locator('input[type="file"]') resolved to 2 elements:
        1) <input type="file" accept=".csv,.xlsx,.xls,.tsv" data-testid="file-input-button" aria-label="Select file to upload" aria-describedby="file-restrictions"/> aka getByTestId('file-input-button')
        2) <input multiple type="file" accept=".csv,.xlsx,.xls,.tsv" data-testid="hidden-file-input" aria-describedby="file-requirements" aria-label="Select data files for upload"/> aka getByTestId('hidden-file-input')

    Call log:
      - waiting for locator('input[type="file"]')


      133 |       
      134 |       const fileInput = page.locator('input[type="file"]');
    > 135 |       await fileInput.setInputFiles(largeTestFile);
          |       ^
      136 |     });
      137 |
      138 |     await test.step('Verify chunk retry mechanism', async () => {
        at /Users/thomaswagner/Documents/datacloak-sentiment-workbench/packages/e2e-tests/tests/09-chunked-processing.spec.ts:135:7
        at /Users/thomaswagner/Documents/datacloak-sentiment-workbench/packages/e2e-tests/tests/09-chunked-processing.spec.ts:128:5

    attachment #1: screenshot (image/png) ──────────────────────────────────────────────────────────
    test-results/artifacts/09-chunked-processing-Chun-00e96--upload-failures-gracefully-browser-webkit/test-failed-1.png
    ────────────────────────────────────────────────────────────────────────────────────────────────

    attachment #2: video (video/webm) ──────────────────────────────────────────────────────────────
    test-results/artifacts/09-chunked-processing-Chun-00e96--upload-failures-gracefully-browser-webkit/video.webm
    ────────────────────────────────────────────────────────────────────────────────────────────────

    Error Context: ../test-results/artifacts/09-chunked-processing-Chun-00e96--upload-failures-gracefully-browser-webkit/error-context.md
]]>
</failure>
<system-out>
<![CDATA[✓ Created 300MB test file: /tmp/e2e-large-files/large-test-300mb.csv

[[ATTACHMENT|artifacts/09-chunked-processing-Chun-00e96--upload-failures-gracefully-browser-webkit/test-failed-1.png]]

[[ATTACHMENT|artifacts/09-chunked-processing-Chun-00e96--upload-failures-gracefully-browser-webkit/video.webm]]

[[ATTACHMENT|artifacts/09-chunked-processing-Chun-00e96--upload-failures-gracefully-browser-webkit/error-context.md]]
]]>
</system-out>
</testcase>
<testcase name="Chunked Processing for Large Files › should maintain data integrity across chunks" classname="09-chunked-processing.spec.ts" time="1.424">
<failure message="09-chunked-processing.spec.ts:161:7 should maintain data integrity across chunks" type="FAILURE">
<![CDATA[  [browser-webkit] › 09-chunked-processing.spec.ts:161:7 › Chunked Processing for Large Files › should maintain data integrity across chunks › Upload and process chunked file 

    Error: ENOENT: no such file or directory, stat '/tmp/e2e-large-files/large-test-300mb.csv'

      170 |       
      171 |       const fileInput = page.locator('input[type="file"]');
    > 172 |       await fileInput.setInputFiles(largeTestFile);
          |       ^
      173 |       
      174 |       // Wait for processing to complete
      175 |       await page.waitForTimeout(10000); // Give time for chunked upload
        at /Users/thomaswagner/Documents/datacloak-sentiment-workbench/packages/e2e-tests/tests/09-chunked-processing.spec.ts:172:7
        at /Users/thomaswagner/Documents/datacloak-sentiment-workbench/packages/e2e-tests/tests/09-chunked-processing.spec.ts:165:5

    attachment #1: screenshot (image/png) ──────────────────────────────────────────────────────────
    test-results/artifacts/09-chunked-processing-Chun-6d5e9-ata-integrity-across-chunks-browser-webkit/test-failed-1.png
    ────────────────────────────────────────────────────────────────────────────────────────────────

    attachment #2: video (video/webm) ──────────────────────────────────────────────────────────────
    test-results/artifacts/09-chunked-processing-Chun-6d5e9-ata-integrity-across-chunks-browser-webkit/video.webm
    ────────────────────────────────────────────────────────────────────────────────────────────────

    Error Context: ../test-results/artifacts/09-chunked-processing-Chun-6d5e9-ata-integrity-across-chunks-browser-webkit/error-context.md
]]>
</failure>
<system-out>
<![CDATA[✓ Created 300MB test file: /tmp/e2e-large-files/large-test-300mb.csv

[[ATTACHMENT|artifacts/09-chunked-processing-Chun-6d5e9-ata-integrity-across-chunks-browser-webkit/test-failed-1.png]]

[[ATTACHMENT|artifacts/09-chunked-processing-Chun-6d5e9-ata-integrity-across-chunks-browser-webkit/video.webm]]

[[ATTACHMENT|artifacts/09-chunked-processing-Chun-6d5e9-ata-integrity-across-chunks-browser-webkit/error-context.md]]
]]>
</system-out>
</testcase>
<testcase name="Chunked Processing for Large Files › should show accurate progress for streaming operations" classname="09-chunked-processing.spec.ts" time="1.359">
<failure message="09-chunked-processing.spec.ts:200:7 should show accurate progress for streaming operations" type="FAILURE">
<![CDATA[  [browser-webkit] › 09-chunked-processing.spec.ts:200:7 › Chunked Processing for Large Files › should show accurate progress for streaming operations › Monitor streaming progress 

    Error: ENOENT: no such file or directory, stat '/tmp/e2e-large-files/large-test-300mb.csv'

      209 |       
      210 |       const fileInput = page.locator('input[type="file"]');
    > 211 |       await fileInput.setInputFiles(largeTestFile);
          |       ^
      212 |       
      213 |       // Monitor progress updates
      214 |       const progressBar = page.locator('[role="progressbar"], .progress-bar').first();
        at /Users/thomaswagner/Documents/datacloak-sentiment-workbench/packages/e2e-tests/tests/09-chunked-processing.spec.ts:211:7
        at /Users/thomaswagner/Documents/datacloak-sentiment-workbench/packages/e2e-tests/tests/09-chunked-processing.spec.ts:204:5

    attachment #1: screenshot (image/png) ──────────────────────────────────────────────────────────
    test-results/artifacts/09-chunked-processing-Chun-a2fda-ss-for-streaming-operations-browser-webkit/test-failed-1.png
    ────────────────────────────────────────────────────────────────────────────────────────────────

    attachment #2: video (video/webm) ──────────────────────────────────────────────────────────────
    test-results/artifacts/09-chunked-processing-Chun-a2fda-ss-for-streaming-operations-browser-webkit/video.webm
    ────────────────────────────────────────────────────────────────────────────────────────────────

    Error Context: ../test-results/artifacts/09-chunked-processing-Chun-a2fda-ss-for-streaming-operations-browser-webkit/error-context.md
]]>
</failure>
<system-out>
<![CDATA[✓ Created 300MB test file: /tmp/e2e-large-files/large-test-300mb.csv

[[ATTACHMENT|artifacts/09-chunked-processing-Chun-a2fda-ss-for-streaming-operations-browser-webkit/test-failed-1.png]]

[[ATTACHMENT|artifacts/09-chunked-processing-Chun-a2fda-ss-for-streaming-operations-browser-webkit/video.webm]]

[[ATTACHMENT|artifacts/09-chunked-processing-Chun-a2fda-ss-for-streaming-operations-browser-webkit/error-context.md]]
]]>
</system-out>
</testcase>
<testcase name="Chunked Processing for Large Files › should optimize chunk size based on network conditions" classname="09-chunked-processing.spec.ts" time="1.299">
<failure message="09-chunked-processing.spec.ts:252:7 should optimize chunk size based on network conditions" type="FAILURE">
<![CDATA[  [browser-webkit] › 09-chunked-processing.spec.ts:252:7 › Chunked Processing for Large Files › should optimize chunk size based on network conditions › Check adaptive chunking 

    Error: ENOENT: no such file or directory, stat '/tmp/e2e-large-files/large-test-300mb.csv'

      264 |       
      265 |       const fileInput = page.locator('input[type="file"]');
    > 266 |       await fileInput.setInputFiles(largeTestFile);
          |       ^
      267 |       
      268 |       // Monitor chunk size adaptations
      269 |       if (await chunkInfo.isVisible({ timeout: 5000 }).catch(() => false)) {
        at /Users/thomaswagner/Documents/datacloak-sentiment-workbench/packages/e2e-tests/tests/09-chunked-processing.spec.ts:266:7
        at /Users/thomaswagner/Documents/datacloak-sentiment-workbench/packages/e2e-tests/tests/09-chunked-processing.spec.ts:256:5

    attachment #1: screenshot (image/png) ──────────────────────────────────────────────────────────
    test-results/artifacts/09-chunked-processing-Chun-e9df1-based-on-network-conditions-browser-webkit/test-failed-1.png
    ────────────────────────────────────────────────────────────────────────────────────────────────

    attachment #2: video (video/webm) ──────────────────────────────────────────────────────────────
    test-results/artifacts/09-chunked-processing-Chun-e9df1-based-on-network-conditions-browser-webkit/video.webm
    ────────────────────────────────────────────────────────────────────────────────────────────────

    Error Context: ../test-results/artifacts/09-chunked-processing-Chun-e9df1-based-on-network-conditions-browser-webkit/error-context.md
]]>
</failure>
<system-out>
<![CDATA[✓ Created 300MB test file: /tmp/e2e-large-files/large-test-300mb.csv

[[ATTACHMENT|artifacts/09-chunked-processing-Chun-e9df1-based-on-network-conditions-browser-webkit/test-failed-1.png]]

[[ATTACHMENT|artifacts/09-chunked-processing-Chun-e9df1-based-on-network-conditions-browser-webkit/video.webm]]

[[ATTACHMENT|artifacts/09-chunked-processing-Chun-e9df1-based-on-network-conditions-browser-webkit/error-context.md]]
]]>
</system-out>
</testcase>
</testsuite>
<testsuite name="10-job-queue-system.spec.ts" timestamp="2025-06-15T23:53:34.693Z" hostname="browser-webkit" tests="8" failures="6" skipped="0" time="11.506" errors="0">
<testcase name="Job Queue System › should create and track background jobs" classname="10-job-queue-system.spec.ts" time="1.43">
<failure message="10-job-queue-system.spec.ts:9:7 should create and track background jobs" type="FAILURE">
<![CDATA[  [browser-webkit] › 10-job-queue-system.spec.ts:9:7 › Job Queue System › should create and track background jobs › Upload file to create processing job 

    Error: expect.toBeAttached: Error: strict mode violation: locator('input[type="file"]') resolved to 2 elements:
        1) <input type="file" accept=".csv,.xlsx,.xls,.tsv" data-testid="file-input-button" aria-label="Select file to upload" aria-describedby="file-restrictions"/> aka getByTestId('file-input-button')
        2) <input multiple type="file" accept=".csv,.xlsx,.xls,.tsv" data-testid="hidden-file-input" aria-describedby="file-requirements" aria-label="Select data files for upload"/> aka getByTestId('hidden-file-input')

    Call log:
      - Expect "toBeAttached" with timeout 5000ms
      - waiting for locator('input[type="file"]')


       at ../fixtures/test-fixtures.ts:203

      201 |   // Now set the file input (works for both browser and Electron modes)
      202 |   const fileInput = page.locator('input[type="file"]');
    > 203 |   await expect(fileInput).toBeAttached({ timeout: 5000 });
          |                           ^
      204 |   await fileInput.setInputFiles(filePath);
      205 | };
      206 |
        at uploadFile (/Users/thomaswagner/Documents/datacloak-sentiment-workbench/packages/e2e-tests/fixtures/test-fixtures.ts:203:27)
        at /Users/thomaswagner/Documents/datacloak-sentiment-workbench/packages/e2e-tests/tests/10-job-queue-system.spec.ts:11:7
        at /Users/thomaswagner/Documents/datacloak-sentiment-workbench/packages/e2e-tests/tests/10-job-queue-system.spec.ts:10:5

    attachment #1: screenshot (image/png) ──────────────────────────────────────────────────────────
    test-results/artifacts/10-job-queue-system-Job-Qu-9ee3d-e-and-track-background-jobs-browser-webkit/test-failed-1.png
    ────────────────────────────────────────────────────────────────────────────────────────────────

    attachment #2: video (video/webm) ──────────────────────────────────────────────────────────────
    test-results/artifacts/10-job-queue-system-Job-Qu-9ee3d-e-and-track-background-jobs-browser-webkit/video.webm
    ────────────────────────────────────────────────────────────────────────────────────────────────

    Error Context: ../test-results/artifacts/10-job-queue-system-Job-Qu-9ee3d-e-and-track-background-jobs-browser-webkit/error-context.md
]]>
</failure>
<system-out>
<![CDATA[
[[ATTACHMENT|artifacts/10-job-queue-system-Job-Qu-9ee3d-e-and-track-background-jobs-browser-webkit/test-failed-1.png]]

[[ATTACHMENT|artifacts/10-job-queue-system-Job-Qu-9ee3d-e-and-track-background-jobs-browser-webkit/video.webm]]

[[ATTACHMENT|artifacts/10-job-queue-system-Job-Qu-9ee3d-e-and-track-background-jobs-browser-webkit/error-context.md]]
]]>
</system-out>
<system-err>
<![CDATA[(node:38664) [DEP0147] DeprecationWarning: In future versions of Node.js, fs.rmdir(path, { recursive: true }) will be removed. Use fs.rm(path, { recursive: true }) instead
(Use `node --trace-deprecation ...` to show where the warning was created)
]]>
</system-err>
</testcase>
<testcase name="Job Queue System › should handle multiple concurrent jobs" classname="10-job-queue-system.spec.ts" time="1.515">
<failure message="10-job-queue-system.spec.ts:49:7 should handle multiple concurrent jobs" type="FAILURE">
<![CDATA[  [browser-webkit] › 10-job-queue-system.spec.ts:49:7 › Job Queue System › should handle multiple concurrent jobs › Create multiple jobs 

    Error: expect.toBeAttached: Error: strict mode violation: locator('input[type="file"]') resolved to 2 elements:
        1) <input type="file" accept=".csv,.xlsx,.xls,.tsv" data-testid="file-input-button" aria-label="Select file to upload" aria-describedby="file-restrictions"/> aka getByTestId('file-input-button')
        2) <input multiple type="file" accept=".csv,.xlsx,.xls,.tsv" data-testid="hidden-file-input" aria-describedby="file-requirements" aria-label="Select data files for upload"/> aka getByTestId('hidden-file-input')

    Call log:
      - Expect "toBeAttached" with timeout 5000ms
      - waiting for locator('input[type="file"]')


       at ../fixtures/test-fixtures.ts:203

      201 |   // Now set the file input (works for both browser and Electron modes)
      202 |   const fileInput = page.locator('input[type="file"]');
    > 203 |   await expect(fileInput).toBeAttached({ timeout: 5000 });
          |                           ^
      204 |   await fileInput.setInputFiles(filePath);
      205 | };
      206 |
        at uploadFile (/Users/thomaswagner/Documents/datacloak-sentiment-workbench/packages/e2e-tests/fixtures/test-fixtures.ts:203:27)
        at /Users/thomaswagner/Documents/datacloak-sentiment-workbench/packages/e2e-tests/tests/10-job-queue-system.spec.ts:53:9
        at /Users/thomaswagner/Documents/datacloak-sentiment-workbench/packages/e2e-tests/tests/10-job-queue-system.spec.ts:50:5

    attachment #1: screenshot (image/png) ──────────────────────────────────────────────────────────
    test-results/artifacts/10-job-queue-system-Job-Qu-3f2ae-le-multiple-concurrent-jobs-browser-webkit/test-failed-1.png
    ────────────────────────────────────────────────────────────────────────────────────────────────

    attachment #2: video (video/webm) ──────────────────────────────────────────────────────────────
    test-results/artifacts/10-job-queue-system-Job-Qu-3f2ae-le-multiple-concurrent-jobs-browser-webkit/video.webm
    ────────────────────────────────────────────────────────────────────────────────────────────────

    Error Context: ../test-results/artifacts/10-job-queue-system-Job-Qu-3f2ae-le-multiple-concurrent-jobs-browser-webkit/error-context.md
]]>
</failure>
<system-out>
<![CDATA[
[[ATTACHMENT|artifacts/10-job-queue-system-Job-Qu-3f2ae-le-multiple-concurrent-jobs-browser-webkit/test-failed-1.png]]

[[ATTACHMENT|artifacts/10-job-queue-system-Job-Qu-3f2ae-le-multiple-concurrent-jobs-browser-webkit/video.webm]]

[[ATTACHMENT|artifacts/10-job-queue-system-Job-Qu-3f2ae-le-multiple-concurrent-jobs-browser-webkit/error-context.md]]
]]>
</system-out>
<system-err>
<![CDATA[(node:38698) [DEP0147] DeprecationWarning: In future versions of Node.js, fs.rmdir(path, { recursive: true }) will be removed. Use fs.rm(path, { recursive: true }) instead
(Use `node --trace-deprecation ...` to show where the warning was created)
]]>
</system-err>
</testcase>
<testcase name="Job Queue System › should respect job priority scheduling" classname="10-job-queue-system.spec.ts" time="1.236">
</testcase>
<testcase name="Job Queue System › should support job cancellation" classname="10-job-queue-system.spec.ts" time="1.525">
<failure message="10-job-queue-system.spec.ts:130:7 should support job cancellation" type="FAILURE">
<![CDATA[  [browser-webkit] › 10-job-queue-system.spec.ts:130:7 › Job Queue System › should support job cancellation 

    Error: expect.toBeAttached: Error: strict mode violation: locator('input[type="file"]') resolved to 2 elements:
        1) <input type="file" accept=".csv,.xlsx,.xls,.tsv" data-testid="file-input-button" aria-label="Select file to upload" aria-describedby="file-restrictions"/> aka getByTestId('file-input-button')
        2) <input multiple type="file" accept=".csv,.xlsx,.xls,.tsv" data-testid="hidden-file-input" aria-describedby="file-requirements" aria-label="Select data files for upload"/> aka getByTestId('hidden-file-input')

    Call log:
      - Expect "toBeAttached" with timeout 5000ms
      - waiting for locator('input[type="file"]')


       at ../fixtures/test-fixtures.ts:203

      201 |   // Now set the file input (works for both browser and Electron modes)
      202 |   const fileInput = page.locator('input[type="file"]');
    > 203 |   await expect(fileInput).toBeAttached({ timeout: 5000 });
          |                           ^
      204 |   await fileInput.setInputFiles(filePath);
      205 | };
      206 |
        at uploadFile (/Users/thomaswagner/Documents/datacloak-sentiment-workbench/packages/e2e-tests/fixtures/test-fixtures.ts:203:27)
        at /Users/thomaswagner/Documents/datacloak-sentiment-workbench/packages/e2e-tests/tests/10-job-queue-system.spec.ts:131:5

    attachment #1: screenshot (image/png) ──────────────────────────────────────────────────────────
    test-results/artifacts/10-job-queue-system-Job-Qu-ee173-ld-support-job-cancellation-browser-webkit/test-failed-1.png
    ────────────────────────────────────────────────────────────────────────────────────────────────

    attachment #2: video (video/webm) ──────────────────────────────────────────────────────────────
    test-results/artifacts/10-job-queue-system-Job-Qu-ee173-ld-support-job-cancellation-browser-webkit/video.webm
    ────────────────────────────────────────────────────────────────────────────────────────────────

    Error Context: ../test-results/artifacts/10-job-queue-system-Job-Qu-ee173-ld-support-job-cancellation-browser-webkit/error-context.md
]]>
</failure>
<system-out>
<![CDATA[
[[ATTACHMENT|artifacts/10-job-queue-system-Job-Qu-ee173-ld-support-job-cancellation-browser-webkit/test-failed-1.png]]

[[ATTACHMENT|artifacts/10-job-queue-system-Job-Qu-ee173-ld-support-job-cancellation-browser-webkit/video.webm]]

[[ATTACHMENT|artifacts/10-job-queue-system-Job-Qu-ee173-ld-support-job-cancellation-browser-webkit/error-context.md]]
]]>
</system-out>
<system-err>
<![CDATA[(node:38721) [DEP0147] DeprecationWarning: In future versions of Node.js, fs.rmdir(path, { recursive: true }) will be removed. Use fs.rm(path, { recursive: true }) instead
(Use `node --trace-deprecation ...` to show where the warning was created)
]]>
</system-err>
</testcase>
<testcase name="Job Queue System › should retry failed jobs with exponential backoff" classname="10-job-queue-system.spec.ts" time="1.342">
<failure message="10-job-queue-system.spec.ts:164:7 should retry failed jobs with exponential backoff" type="FAILURE">
<![CDATA[  [browser-webkit] › 10-job-queue-system.spec.ts:164:7 › Job Queue System › should retry failed jobs with exponential backoff › Create job that will fail 

    ReferenceError: testFiles is not defined

      180 |
      181 |     await test.step('Create job that will fail', async () => {
    > 182 |       await uploadFile(page, testFiles.small, browserMode);
          |                              ^
      183 |     });
      184 |
      185 |     await test.step('Monitor retry attempts', async () => {
        at /Users/thomaswagner/Documents/datacloak-sentiment-workbench/packages/e2e-tests/tests/10-job-queue-system.spec.ts:182:30
        at /Users/thomaswagner/Documents/datacloak-sentiment-workbench/packages/e2e-tests/tests/10-job-queue-system.spec.ts:181:16

    attachment #1: screenshot (image/png) ──────────────────────────────────────────────────────────
    test-results/artifacts/10-job-queue-system-Job-Qu-6fb9b-bs-with-exponential-backoff-browser-webkit/test-failed-1.png
    ────────────────────────────────────────────────────────────────────────────────────────────────

    attachment #2: video (video/webm) ──────────────────────────────────────────────────────────────
    test-results/artifacts/10-job-queue-system-Job-Qu-6fb9b-bs-with-exponential-backoff-browser-webkit/video.webm
    ────────────────────────────────────────────────────────────────────────────────────────────────

    Error Context: ../test-results/artifacts/10-job-queue-system-Job-Qu-6fb9b-bs-with-exponential-backoff-browser-webkit/error-context.md
]]>
</failure>
<system-out>
<![CDATA[
[[ATTACHMENT|artifacts/10-job-queue-system-Job-Qu-6fb9b-bs-with-exponential-backoff-browser-webkit/test-failed-1.png]]

[[ATTACHMENT|artifacts/10-job-queue-system-Job-Qu-6fb9b-bs-with-exponential-backoff-browser-webkit/video.webm]]

[[ATTACHMENT|artifacts/10-job-queue-system-Job-Qu-6fb9b-bs-with-exponential-backoff-browser-webkit/error-context.md]]
]]>
</system-out>
</testcase>
<testcase name="Job Queue System › should track job types separately" classname="10-job-queue-system.spec.ts" time="1.426">
<failure message="10-job-queue-system.spec.ts:221:7 should track job types separately" type="FAILURE">
<![CDATA[  [browser-webkit] › 10-job-queue-system.spec.ts:221:7 › Job Queue System › should track job types separately › Create different job types 

    Error: expect.toBeAttached: Error: strict mode violation: locator('input[type="file"]') resolved to 2 elements:
        1) <input type="file" accept=".csv,.xlsx,.xls,.tsv" data-testid="file-input-button" aria-label="Select file to upload" aria-describedby="file-restrictions"/> aka getByTestId('file-input-button')
        2) <input multiple type="file" accept=".csv,.xlsx,.xls,.tsv" data-testid="hidden-file-input" aria-describedby="file-requirements" aria-label="Select data files for upload"/> aka getByTestId('hidden-file-input')

    Call log:
      - Expect "toBeAttached" with timeout 5000ms
      - waiting for locator('input[type="file"]')


       at ../fixtures/test-fixtures.ts:203

      201 |   // Now set the file input (works for both browser and Electron modes)
      202 |   const fileInput = page.locator('input[type="file"]');
    > 203 |   await expect(fileInput).toBeAttached({ timeout: 5000 });
          |                           ^
      204 |   await fileInput.setInputFiles(filePath);
      205 | };
      206 |
        at uploadFile (/Users/thomaswagner/Documents/datacloak-sentiment-workbench/packages/e2e-tests/fixtures/test-fixtures.ts:203:27)
        at /Users/thomaswagner/Documents/datacloak-sentiment-workbench/packages/e2e-tests/tests/10-job-queue-system.spec.ts:224:7
        at /Users/thomaswagner/Documents/datacloak-sentiment-workbench/packages/e2e-tests/tests/10-job-queue-system.spec.ts:222:5

    attachment #1: screenshot (image/png) ──────────────────────────────────────────────────────────
    test-results/artifacts/10-job-queue-system-Job-Qu-dda36--track-job-types-separately-browser-webkit/test-failed-1.png
    ────────────────────────────────────────────────────────────────────────────────────────────────

    attachment #2: video (video/webm) ──────────────────────────────────────────────────────────────
    test-results/artifacts/10-job-queue-system-Job-Qu-dda36--track-job-types-separately-browser-webkit/video.webm
    ────────────────────────────────────────────────────────────────────────────────────────────────

    Error Context: ../test-results/artifacts/10-job-queue-system-Job-Qu-dda36--track-job-types-separately-browser-webkit/error-context.md
]]>
</failure>
<system-out>
<![CDATA[
[[ATTACHMENT|artifacts/10-job-queue-system-Job-Qu-dda36--track-job-types-separately-browser-webkit/test-failed-1.png]]

[[ATTACHMENT|artifacts/10-job-queue-system-Job-Qu-dda36--track-job-types-separately-browser-webkit/video.webm]]

[[ATTACHMENT|artifacts/10-job-queue-system-Job-Qu-dda36--track-job-types-separately-browser-webkit/error-context.md]]
]]>
</system-out>
<system-err>
<![CDATA[(node:38726) [DEP0147] DeprecationWarning: In future versions of Node.js, fs.rmdir(path, { recursive: true }) will be removed. Use fs.rm(path, { recursive: true }) instead
(Use `node --trace-deprecation ...` to show where the warning was created)
]]>
</system-err>
</testcase>
<testcase name="Job Queue System › should show job queue metrics" classname="10-job-queue-system.spec.ts" time="1.312">
</testcase>
<testcase name="Job Queue System › should persist job history" classname="10-job-queue-system.spec.ts" time="1.72">
<failure message="10-job-queue-system.spec.ts:298:7 should persist job history" type="FAILURE">
<![CDATA[  [browser-webkit] › 10-job-queue-system.spec.ts:298:7 › Job Queue System › should persist job history › Create jobs 

    Error: expect.toBeAttached: Error: strict mode violation: locator('input[type="file"]') resolved to 2 elements:
        1) <input type="file" accept=".csv,.xlsx,.xls,.tsv" data-testid="file-input-button" aria-label="Select file to upload" aria-describedby="file-restrictions"/> aka getByTestId('file-input-button')
        2) <input multiple type="file" accept=".csv,.xlsx,.xls,.tsv" data-testid="hidden-file-input" aria-describedby="file-requirements" aria-label="Select data files for upload"/> aka getByTestId('hidden-file-input')

    Call log:
      - Expect "toBeAttached" with timeout 5000ms
      - waiting for locator('input[type="file"]')


       at ../fixtures/test-fixtures.ts:203

      201 |   // Now set the file input (works for both browser and Electron modes)
      202 |   const fileInput = page.locator('input[type="file"]');
    > 203 |   await expect(fileInput).toBeAttached({ timeout: 5000 });
          |                           ^
      204 |   await fileInput.setInputFiles(filePath);
      205 | };
      206 |
        at uploadFile (/Users/thomaswagner/Documents/datacloak-sentiment-workbench/packages/e2e-tests/fixtures/test-fixtures.ts:203:27)
        at /Users/thomaswagner/Documents/datacloak-sentiment-workbench/packages/e2e-tests/tests/10-job-queue-system.spec.ts:300:7
        at /Users/thomaswagner/Documents/datacloak-sentiment-workbench/packages/e2e-tests/tests/10-job-queue-system.spec.ts:299:5

    attachment #1: screenshot (image/png) ──────────────────────────────────────────────────────────
    test-results/artifacts/10-job-queue-system-Job-Qu-67f64--should-persist-job-history-browser-webkit/test-failed-1.png
    ────────────────────────────────────────────────────────────────────────────────────────────────

    attachment #2: video (video/webm) ──────────────────────────────────────────────────────────────
    test-results/artifacts/10-job-queue-system-Job-Qu-67f64--should-persist-job-history-browser-webkit/video.webm
    ────────────────────────────────────────────────────────────────────────────────────────────────

    Error Context: ../test-results/artifacts/10-job-queue-system-Job-Qu-67f64--should-persist-job-history-browser-webkit/error-context.md
]]>
</failure>
<system-out>
<![CDATA[
[[ATTACHMENT|artifacts/10-job-queue-system-Job-Qu-67f64--should-persist-job-history-browser-webkit/test-failed-1.png]]

[[ATTACHMENT|artifacts/10-job-queue-system-Job-Qu-67f64--should-persist-job-history-browser-webkit/video.webm]]

[[ATTACHMENT|artifacts/10-job-queue-system-Job-Qu-67f64--should-persist-job-history-browser-webkit/error-context.md]]
]]>
</system-out>
<system-err>
<![CDATA[(node:38780) [DEP0147] DeprecationWarning: In future versions of Node.js, fs.rmdir(path, { recursive: true }) will be removed. Use fs.rm(path, { recursive: true }) instead
(Use `node --trace-deprecation ...` to show where the warning was created)
]]>
</system-err>
</testcase>
</testsuite>
<testsuite name="11-memory-monitoring.spec.ts" timestamp="2025-06-15T23:53:34.693Z" hostname="browser-webkit" tests="8" failures="4" skipped="0" time="33.355" errors="0">
<testcase name="Memory Monitoring and Management › should display real-time memory usage" classname="11-memory-monitoring.spec.ts" time="1.151">
<failure message="11-memory-monitoring.spec.ts:9:7 should display real-time memory usage" type="FAILURE">
<![CDATA[  [browser-webkit] › 11-memory-monitoring.spec.ts:9:7 › Memory Monitoring and Management › should display real-time memory usage › Monitor memory during file upload 

    Error: expect.toBeAttached: Error: strict mode violation: locator('input[type="file"]') resolved to 2 elements:
        1) <input type="file" accept=".csv,.xlsx,.xls,.tsv" data-testid="file-input-button" aria-label="Select file to upload" aria-describedby="file-restrictions"/> aka getByTestId('file-input-button')
        2) <input multiple type="file" accept=".csv,.xlsx,.xls,.tsv" data-testid="hidden-file-input" aria-describedby="file-requirements" aria-label="Select data files for upload"/> aka getByTestId('hidden-file-input')

    Call log:
      - Expect "toBeAttached" with timeout 5000ms
      - waiting for locator('input[type="file"]')


       at ../fixtures/test-fixtures.ts:203

      201 |   // Now set the file input (works for both browser and Electron modes)
      202 |   const fileInput = page.locator('input[type="file"]');
    > 203 |   await expect(fileInput).toBeAttached({ timeout: 5000 });
          |                           ^
      204 |   await fileInput.setInputFiles(filePath);
      205 | };
      206 |
        at uploadFile (/Users/thomaswagner/Documents/datacloak-sentiment-workbench/packages/e2e-tests/fixtures/test-fixtures.ts:203:27)

    Error: page.waitForTimeout: Test ended.

      36 |           }
      37 |         }
    > 38 |         await page.waitForTimeout(1000);
         |                    ^
      39 |       }
      40 |       
      41 |       // Should have multiple readings showing memory changes
        at /Users/thomaswagner/Documents/datacloak-sentiment-workbench/packages/e2e-tests/tests/11-memory-monitoring.spec.ts:38:20
        at /Users/thomaswagner/Documents/datacloak-sentiment-workbench/packages/e2e-tests/tests/11-memory-monitoring.spec.ts:22:5

    attachment #1: screenshot (image/png) ──────────────────────────────────────────────────────────
    test-results/artifacts/11-memory-monitoring-Memor-b425c-play-real-time-memory-usage-browser-webkit/test-failed-1.png
    ────────────────────────────────────────────────────────────────────────────────────────────────

    attachment #2: video (video/webm) ──────────────────────────────────────────────────────────────
    test-results/artifacts/11-memory-monitoring-Memor-b425c-play-real-time-memory-usage-browser-webkit/video.webm
    ────────────────────────────────────────────────────────────────────────────────────────────────

    Error Context: ../test-results/artifacts/11-memory-monitoring-Memor-b425c-play-real-time-memory-usage-browser-webkit/error-context.md
]]>
</failure>
<system-out>
<![CDATA[
[[ATTACHMENT|artifacts/11-memory-monitoring-Memor-b425c-play-real-time-memory-usage-browser-webkit/test-failed-1.png]]

[[ATTACHMENT|artifacts/11-memory-monitoring-Memor-b425c-play-real-time-memory-usage-browser-webkit/video.webm]]

[[ATTACHMENT|artifacts/11-memory-monitoring-Memor-b425c-play-real-time-memory-usage-browser-webkit/error-context.md]]
]]>
</system-out>
<system-err>
<![CDATA[(node:38720) [DEP0147] DeprecationWarning: In future versions of Node.js, fs.rmdir(path, { recursive: true }) will be removed. Use fs.rm(path, { recursive: true }) instead
(Use `node --trace-deprecation ...` to show where the warning was created)
]]>
</system-err>
</testcase>
<testcase name="Memory Monitoring and Management › should show memory threshold alerts" classname="11-memory-monitoring.spec.ts" time="16.85">
<failure message="11-memory-monitoring.spec.ts:46:7 should show memory threshold alerts" type="FAILURE">
<![CDATA[  [browser-webkit] › 11-memory-monitoring.spec.ts:46:7 › Memory Monitoring and Management › should show memory threshold alerts › Verify memory warning 

    TimeoutError: locator.getAttribute: Timeout 15000ms exceeded.
    Call log:
      - waiting for locator('[data-testid="memory-warning"], .memory-alert')


      76 |       
      77 |       // Check if warning has appropriate severity
    > 78 |       const warningSeverity = await memoryWarning.getAttribute('data-severity');
         |                                                   ^
      79 |       if (warningSeverity) {
      80 |         expect(['warning', 'critical']).toContain(warningSeverity);
      81 |         console.log(`✓ Warning severity: ${warningSeverity}`);
        at /Users/thomaswagner/Documents/datacloak-sentiment-workbench/packages/e2e-tests/tests/11-memory-monitoring.spec.ts:78:51
        at /Users/thomaswagner/Documents/datacloak-sentiment-workbench/packages/e2e-tests/tests/11-memory-monitoring.spec.ts:67:5

    attachment #1: screenshot (image/png) ──────────────────────────────────────────────────────────
    test-results/artifacts/11-memory-monitoring-Memor-f0e73-how-memory-threshold-alerts-browser-webkit/test-failed-1.png
    ────────────────────────────────────────────────────────────────────────────────────────────────

    attachment #2: video (video/webm) ──────────────────────────────────────────────────────────────
    test-results/artifacts/11-memory-monitoring-Memor-f0e73-how-memory-threshold-alerts-browser-webkit/video.webm
    ────────────────────────────────────────────────────────────────────────────────────────────────

    Error Context: ../test-results/artifacts/11-memory-monitoring-Memor-f0e73-how-memory-threshold-alerts-browser-webkit/error-context.md
]]>
</failure>
<system-out>
<![CDATA[
[[ATTACHMENT|artifacts/11-memory-monitoring-Memor-f0e73-how-memory-threshold-alerts-browser-webkit/test-failed-1.png]]

[[ATTACHMENT|artifacts/11-memory-monitoring-Memor-f0e73-how-memory-threshold-alerts-browser-webkit/video.webm]]

[[ATTACHMENT|artifacts/11-memory-monitoring-Memor-f0e73-how-memory-threshold-alerts-browser-webkit/error-context.md]]
]]>
</system-out>
</testcase>
<testcase name="Memory Monitoring and Management › should connect to WebSocket for real-time updates" classname="11-memory-monitoring.spec.ts" time="9.354">
</testcase>
<testcase name="Memory Monitoring and Management › should trigger garbage collection on high memory" classname="11-memory-monitoring.spec.ts" time="1.396">
</testcase>
<testcase name="Memory Monitoring and Management › should show memory usage breakdown" classname="11-memory-monitoring.spec.ts" time="1.272">
<failure message="11-memory-monitoring.spec.ts:188:7 should show memory usage breakdown" type="FAILURE">
<![CDATA[  [browser-webkit] › 11-memory-monitoring.spec.ts:188:7 › Memory Monitoring and Management › should show memory usage breakdown 

    Error: expect.toBeAttached: Error: strict mode violation: locator('input[type="file"]') resolved to 2 elements:
        1) <input type="file" accept=".csv,.xlsx,.xls,.tsv" data-testid="file-input-button" aria-label="Select file to upload" aria-describedby="file-restrictions"/> aka getByTestId('file-input-button')
        2) <input multiple type="file" accept=".csv,.xlsx,.xls,.tsv" data-testid="hidden-file-input" aria-describedby="file-requirements" aria-label="Select data files for upload"/> aka getByTestId('hidden-file-input')

    Call log:
      - Expect "toBeAttached" with timeout 5000ms
      - waiting for locator('input[type="file"]')


       at ../fixtures/test-fixtures.ts:203

      201 |   // Now set the file input (works for both browser and Electron modes)
      202 |   const fileInput = page.locator('input[type="file"]');
    > 203 |   await expect(fileInput).toBeAttached({ timeout: 5000 });
          |                           ^
      204 |   await fileInput.setInputFiles(filePath);
      205 | };
      206 |
        at uploadFile (/Users/thomaswagner/Documents/datacloak-sentiment-workbench/packages/e2e-tests/fixtures/test-fixtures.ts:203:27)
        at /Users/thomaswagner/Documents/datacloak-sentiment-workbench/packages/e2e-tests/tests/11-memory-monitoring.spec.ts:189:5

    attachment #1: screenshot (image/png) ──────────────────────────────────────────────────────────
    test-results/artifacts/11-memory-monitoring-Memor-31db1-show-memory-usage-breakdown-browser-webkit/test-failed-1.png
    ────────────────────────────────────────────────────────────────────────────────────────────────

    attachment #2: video (video/webm) ──────────────────────────────────────────────────────────────
    test-results/artifacts/11-memory-monitoring-Memor-31db1-show-memory-usage-breakdown-browser-webkit/video.webm
    ────────────────────────────────────────────────────────────────────────────────────────────────

    Error Context: ../test-results/artifacts/11-memory-monitoring-Memor-31db1-show-memory-usage-breakdown-browser-webkit/error-context.md
]]>
</failure>
<system-out>
<![CDATA[
[[ATTACHMENT|artifacts/11-memory-monitoring-Memor-31db1-show-memory-usage-breakdown-browser-webkit/test-failed-1.png]]

[[ATTACHMENT|artifacts/11-memory-monitoring-Memor-31db1-show-memory-usage-breakdown-browser-webkit/video.webm]]

[[ATTACHMENT|artifacts/11-memory-monitoring-Memor-31db1-show-memory-usage-breakdown-browser-webkit/error-context.md]]
]]>
</system-out>
<system-err>
<![CDATA[(node:38793) [DEP0147] DeprecationWarning: In future versions of Node.js, fs.rmdir(path, { recursive: true }) will be removed. Use fs.rm(path, { recursive: true }) instead
(Use `node --trace-deprecation ...` to show where the warning was created)
]]>
</system-err>
</testcase>
<testcase name="Memory Monitoring and Management › should provide memory optimization recommendations" classname="11-memory-monitoring.spec.ts" time="1.008">
</testcase>
<testcase name="Memory Monitoring and Management › should track memory leaks" classname="11-memory-monitoring.spec.ts" time="1.178">
<failure message="11-memory-monitoring.spec.ts:253:7 should track memory leaks" type="FAILURE">
<![CDATA[  [browser-webkit] › 11-memory-monitoring.spec.ts:253:7 › Memory Monitoring and Management › should track memory leaks › Perform memory-intensive operations 

    Error: expect.toBeAttached: Error: strict mode violation: locator('input[type="file"]') resolved to 2 elements:
        1) <input type="file" accept=".csv,.xlsx,.xls,.tsv" data-testid="file-input-button" aria-label="Select file to upload" aria-describedby="file-restrictions"/> aka getByTestId('file-input-button')
        2) <input multiple type="file" accept=".csv,.xlsx,.xls,.tsv" data-testid="hidden-file-input" aria-describedby="file-requirements" aria-label="Select data files for upload"/> aka getByTestId('hidden-file-input')

    Call log:
      - Expect "toBeAttached" with timeout 5000ms
      - waiting for locator('input[type="file"]')


       at ../fixtures/test-fixtures.ts:203

      201 |   // Now set the file input (works for both browser and Electron modes)
      202 |   const fileInput = page.locator('input[type="file"]');
    > 203 |   await expect(fileInput).toBeAttached({ timeout: 5000 });
          |                           ^
      204 |   await fileInput.setInputFiles(filePath);
      205 | };
      206 |
        at uploadFile (/Users/thomaswagner/Documents/datacloak-sentiment-workbench/packages/e2e-tests/fixtures/test-fixtures.ts:203:27)
        at /Users/thomaswagner/Documents/datacloak-sentiment-workbench/packages/e2e-tests/tests/11-memory-monitoring.spec.ts:257:9
        at /Users/thomaswagner/Documents/datacloak-sentiment-workbench/packages/e2e-tests/tests/11-memory-monitoring.spec.ts:254:5

    attachment #1: screenshot (image/png) ──────────────────────────────────────────────────────────
    test-results/artifacts/11-memory-monitoring-Memor-bd2e8-t-should-track-memory-leaks-browser-webkit/test-failed-1.png
    ────────────────────────────────────────────────────────────────────────────────────────────────

    attachment #2: video (video/webm) ──────────────────────────────────────────────────────────────
    test-results/artifacts/11-memory-monitoring-Memor-bd2e8-t-should-track-memory-leaks-browser-webkit/video.webm
    ────────────────────────────────────────────────────────────────────────────────────────────────

    Error Context: ../test-results/artifacts/11-memory-monitoring-Memor-bd2e8-t-should-track-memory-leaks-browser-webkit/error-context.md
]]>
</failure>
<system-out>
<![CDATA[
[[ATTACHMENT|artifacts/11-memory-monitoring-Memor-bd2e8-t-should-track-memory-leaks-browser-webkit/test-failed-1.png]]

[[ATTACHMENT|artifacts/11-memory-monitoring-Memor-bd2e8-t-should-track-memory-leaks-browser-webkit/video.webm]]

[[ATTACHMENT|artifacts/11-memory-monitoring-Memor-bd2e8-t-should-track-memory-leaks-browser-webkit/error-context.md]]
]]>
</system-out>
<system-err>
<![CDATA[(node:38734) [DEP0147] DeprecationWarning: In future versions of Node.js, fs.rmdir(path, { recursive: true }) will be removed. Use fs.rm(path, { recursive: true }) instead
(Use `node --trace-deprecation ...` to show where the warning was created)
]]>
</system-err>
</testcase>
<testcase name="Memory Monitoring and Management › should show memory usage history graph" classname="11-memory-monitoring.spec.ts" time="1.146">
</testcase>
</testsuite>
<testsuite name="12-sse-progress.spec.ts" timestamp="2025-06-15T23:53:34.693Z" hostname="browser-webkit" tests="9" failures="8" skipped="0" time="20.897" errors="0">
<testcase name="Server-Sent Events (SSE) Progress Tracking › should establish SSE connection for long operations" classname="12-sse-progress.spec.ts" time="1.305">
<failure message="12-sse-progress.spec.ts:9:7 should establish SSE connection for long operations" type="FAILURE">
<![CDATA[  [browser-webkit] › 12-sse-progress.spec.ts:9:7 › Server-Sent Events (SSE) Progress Tracking › should establish SSE connection for long operations › Start long operation 

    Error: expect.toBeAttached: Error: strict mode violation: locator('input[type="file"]') resolved to 2 elements:
        1) <input type="file" accept=".csv,.xlsx,.xls,.tsv" data-testid="file-input-button" aria-label="Select file to upload" aria-describedby="file-restrictions"/> aka getByTestId('file-input-button')
        2) <input multiple type="file" accept=".csv,.xlsx,.xls,.tsv" data-testid="hidden-file-input" aria-describedby="file-requirements" aria-label="Select data files for upload"/> aka getByTestId('hidden-file-input')

    Call log:
      - Expect "toBeAttached" with timeout 5000ms
      - waiting for locator('input[type="file"]')


       at ../fixtures/test-fixtures.ts:203

      201 |   // Now set the file input (works for both browser and Electron modes)
      202 |   const fileInput = page.locator('input[type="file"]');
    > 203 |   await expect(fileInput).toBeAttached({ timeout: 5000 });
          |                           ^
      204 |   await fileInput.setInputFiles(filePath);
      205 | };
      206 |
        at uploadFile (/Users/thomaswagner/Documents/datacloak-sentiment-workbench/packages/e2e-tests/fixtures/test-fixtures.ts:203:27)
        at /Users/thomaswagner/Documents/datacloak-sentiment-workbench/packages/e2e-tests/tests/12-sse-progress.spec.ts:11:7
        at /Users/thomaswagner/Documents/datacloak-sentiment-workbench/packages/e2e-tests/tests/12-sse-progress.spec.ts:10:5

    attachment #1: screenshot (image/png) ──────────────────────────────────────────────────────────
    test-results/artifacts/12-sse-progress-Server-Sen-4197e-nection-for-long-operations-browser-webkit/test-failed-1.png
    ────────────────────────────────────────────────────────────────────────────────────────────────

    attachment #2: video (video/webm) ──────────────────────────────────────────────────────────────
    test-results/artifacts/12-sse-progress-Server-Sen-4197e-nection-for-long-operations-browser-webkit/video.webm
    ────────────────────────────────────────────────────────────────────────────────────────────────

    Error Context: ../test-results/artifacts/12-sse-progress-Server-Sen-4197e-nection-for-long-operations-browser-webkit/error-context.md
]]>
</failure>
<system-out>
<![CDATA[
[[ATTACHMENT|artifacts/12-sse-progress-Server-Sen-4197e-nection-for-long-operations-browser-webkit/test-failed-1.png]]

[[ATTACHMENT|artifacts/12-sse-progress-Server-Sen-4197e-nection-for-long-operations-browser-webkit/video.webm]]

[[ATTACHMENT|artifacts/12-sse-progress-Server-Sen-4197e-nection-for-long-operations-browser-webkit/error-context.md]]
]]>
</system-out>
<system-err>
<![CDATA[(node:38848) [DEP0147] DeprecationWarning: In future versions of Node.js, fs.rmdir(path, { recursive: true }) will be removed. Use fs.rm(path, { recursive: true }) instead
(Use `node --trace-deprecation ...` to show where the warning was created)
]]>
</system-err>
</testcase>
<testcase name="Server-Sent Events (SSE) Progress Tracking › should receive real-time progress updates" classname="12-sse-progress.spec.ts" time="10.899">
<system-err>
<![CDATA[(node:38792) [DEP0147] DeprecationWarning: In future versions of Node.js, fs.rmdir(path, { recursive: true }) will be removed. Use fs.rm(path, { recursive: true }) instead
(Use `node --trace-deprecation ...` to show where the warning was created)
]]>
</system-err>
</testcase>
<testcase name="Server-Sent Events (SSE) Progress Tracking › should handle SSE reconnection on disconnect" classname="12-sse-progress.spec.ts" time="1.274">
<failure message="12-sse-progress.spec.ts:112:7 should handle SSE reconnection on disconnect" type="FAILURE">
<![CDATA[  [browser-webkit] › 12-sse-progress.spec.ts:112:7 › Server-Sent Events (SSE) Progress Tracking › should handle SSE reconnection on disconnect 

    Error: expect.toBeAttached: Error: strict mode violation: locator('input[type="file"]') resolved to 2 elements:
        1) <input type="file" accept=".csv,.xlsx,.xls,.tsv" data-testid="file-input-button" aria-label="Select file to upload" aria-describedby="file-restrictions"/> aka getByTestId('file-input-button')
        2) <input multiple type="file" accept=".csv,.xlsx,.xls,.tsv" data-testid="hidden-file-input" aria-describedby="file-requirements" aria-label="Select data files for upload"/> aka getByTestId('hidden-file-input')

    Call log:
      - Expect "toBeAttached" with timeout 5000ms
      - waiting for locator('input[type="file"]')


       at ../fixtures/test-fixtures.ts:203

      201 |   // Now set the file input (works for both browser and Electron modes)
      202 |   const fileInput = page.locator('input[type="file"]');
    > 203 |   await expect(fileInput).toBeAttached({ timeout: 5000 });
          |                           ^
      204 |   await fileInput.setInputFiles(filePath);
      205 | };
      206 |
        at uploadFile (/Users/thomaswagner/Documents/datacloak-sentiment-workbench/packages/e2e-tests/fixtures/test-fixtures.ts:203:27)
        at /Users/thomaswagner/Documents/datacloak-sentiment-workbench/packages/e2e-tests/tests/12-sse-progress.spec.ts:113:5

    attachment #1: screenshot (image/png) ──────────────────────────────────────────────────────────
    test-results/artifacts/12-sse-progress-Server-Sen-03ff7--reconnection-on-disconnect-browser-webkit/test-failed-1.png
    ────────────────────────────────────────────────────────────────────────────────────────────────

    attachment #2: video (video/webm) ──────────────────────────────────────────────────────────────
    test-results/artifacts/12-sse-progress-Server-Sen-03ff7--reconnection-on-disconnect-browser-webkit/video.webm
    ────────────────────────────────────────────────────────────────────────────────────────────────

    Error Context: ../test-results/artifacts/12-sse-progress-Server-Sen-03ff7--reconnection-on-disconnect-browser-webkit/error-context.md
]]>
</failure>
<system-out>
<![CDATA[
[[ATTACHMENT|artifacts/12-sse-progress-Server-Sen-03ff7--reconnection-on-disconnect-browser-webkit/test-failed-1.png]]

[[ATTACHMENT|artifacts/12-sse-progress-Server-Sen-03ff7--reconnection-on-disconnect-browser-webkit/video.webm]]

[[ATTACHMENT|artifacts/12-sse-progress-Server-Sen-03ff7--reconnection-on-disconnect-browser-webkit/error-context.md]]
]]>
</system-out>
<system-err>
<![CDATA[(node:38858) [DEP0147] DeprecationWarning: In future versions of Node.js, fs.rmdir(path, { recursive: true }) will be removed. Use fs.rm(path, { recursive: true }) instead
(Use `node --trace-deprecation ...` to show where the warning was created)
]]>
</system-err>
</testcase>
<testcase name="Server-Sent Events (SSE) Progress Tracking › should track progress for sentiment analysis" classname="12-sse-progress.spec.ts" time="1.084">
<failure message="12-sse-progress.spec.ts:153:7 should track progress for sentiment analysis" type="FAILURE">
<![CDATA[  [browser-webkit] › 12-sse-progress.spec.ts:153:7 › Server-Sent Events (SSE) Progress Tracking › should track progress for sentiment analysis 

    Error: expect.toBeAttached: Error: strict mode violation: locator('input[type="file"]') resolved to 2 elements:
        1) <input type="file" accept=".csv,.xlsx,.xls,.tsv" data-testid="file-input-button" aria-label="Select file to upload" aria-describedby="file-restrictions"/> aka getByTestId('file-input-button')
        2) <input multiple type="file" accept=".csv,.xlsx,.xls,.tsv" data-testid="hidden-file-input" aria-describedby="file-requirements" aria-label="Select data files for upload"/> aka getByTestId('hidden-file-input')

    Call log:
      - Expect "toBeAttached" with timeout 5000ms
      - waiting for locator('input[type="file"]')


       at ../fixtures/test-fixtures.ts:203

      201 |   // Now set the file input (works for both browser and Electron modes)
      202 |   const fileInput = page.locator('input[type="file"]');
    > 203 |   await expect(fileInput).toBeAttached({ timeout: 5000 });
          |                           ^
      204 |   await fileInput.setInputFiles(filePath);
      205 | };
      206 |
        at uploadFile (/Users/thomaswagner/Documents/datacloak-sentiment-workbench/packages/e2e-tests/fixtures/test-fixtures.ts:203:27)
        at /Users/thomaswagner/Documents/datacloak-sentiment-workbench/packages/e2e-tests/tests/12-sse-progress.spec.ts:154:5

    attachment #1: screenshot (image/png) ──────────────────────────────────────────────────────────
    test-results/artifacts/12-sse-progress-Server-Sen-292f3-ress-for-sentiment-analysis-browser-webkit/test-failed-1.png
    ────────────────────────────────────────────────────────────────────────────────────────────────

    attachment #2: video (video/webm) ──────────────────────────────────────────────────────────────
    test-results/artifacts/12-sse-progress-Server-Sen-292f3-ress-for-sentiment-analysis-browser-webkit/video.webm
    ────────────────────────────────────────────────────────────────────────────────────────────────

    Error Context: ../test-results/artifacts/12-sse-progress-Server-Sen-292f3-ress-for-sentiment-analysis-browser-webkit/error-context.md
]]>
</failure>
<system-out>
<![CDATA[
[[ATTACHMENT|artifacts/12-sse-progress-Server-Sen-292f3-ress-for-sentiment-analysis-browser-webkit/test-failed-1.png]]

[[ATTACHMENT|artifacts/12-sse-progress-Server-Sen-292f3-ress-for-sentiment-analysis-browser-webkit/video.webm]]

[[ATTACHMENT|artifacts/12-sse-progress-Server-Sen-292f3-ress-for-sentiment-analysis-browser-webkit/error-context.md]]
]]>
</system-out>
<system-err>
<![CDATA[(node:38844) [DEP0147] DeprecationWarning: In future versions of Node.js, fs.rmdir(path, { recursive: true }) will be removed. Use fs.rm(path, { recursive: true }) instead
(Use `node --trace-deprecation ...` to show where the warning was created)
]]>
</system-err>
</testcase>
<testcase name="Server-Sent Events (SSE) Progress Tracking › should handle concurrent SSE connections" classname="12-sse-progress.spec.ts" time="1.243">
<failure message="12-sse-progress.spec.ts:196:7 should handle concurrent SSE connections" type="FAILURE">
<![CDATA[  [browser-webkit] › 12-sse-progress.spec.ts:196:7 › Server-Sent Events (SSE) Progress Tracking › should handle concurrent SSE connections › Start multiple operations 

    Error: expect.toBeAttached: Error: strict mode violation: locator('input[type="file"]') resolved to 2 elements:
        1) <input type="file" accept=".csv,.xlsx,.xls,.tsv" data-testid="file-input-button" aria-label="Select file to upload" aria-describedby="file-restrictions"/> aka getByTestId('file-input-button')
        2) <input multiple type="file" accept=".csv,.xlsx,.xls,.tsv" data-testid="hidden-file-input" aria-describedby="file-requirements" aria-label="Select data files for upload"/> aka getByTestId('hidden-file-input')

    Call log:
      - Expect "toBeAttached" with timeout 5000ms
      - waiting for locator('input[type="file"]')


       at ../fixtures/test-fixtures.ts:203

      201 |   // Now set the file input (works for both browser and Electron modes)
      202 |   const fileInput = page.locator('input[type="file"]');
    > 203 |   await expect(fileInput).toBeAttached({ timeout: 5000 });
          |                           ^
      204 |   await fileInput.setInputFiles(filePath);
      205 | };
      206 |
        at uploadFile (/Users/thomaswagner/Documents/datacloak-sentiment-workbench/packages/e2e-tests/fixtures/test-fixtures.ts:203:27)
        at /Users/thomaswagner/Documents/datacloak-sentiment-workbench/packages/e2e-tests/tests/12-sse-progress.spec.ts:199:7
        at /Users/thomaswagner/Documents/datacloak-sentiment-workbench/packages/e2e-tests/tests/12-sse-progress.spec.ts:197:5

    attachment #1: screenshot (image/png) ──────────────────────────────────────────────────────────
    test-results/artifacts/12-sse-progress-Server-Sen-0ca9b--concurrent-SSE-connections-browser-webkit/test-failed-1.png
    ────────────────────────────────────────────────────────────────────────────────────────────────

    attachment #2: video (video/webm) ──────────────────────────────────────────────────────────────
    test-results/artifacts/12-sse-progress-Server-Sen-0ca9b--concurrent-SSE-connections-browser-webkit/video.webm
    ────────────────────────────────────────────────────────────────────────────────────────────────

    Error Context: ../test-results/artifacts/12-sse-progress-Server-Sen-0ca9b--concurrent-SSE-connections-browser-webkit/error-context.md
]]>
</failure>
<system-out>
<![CDATA[
[[ATTACHMENT|artifacts/12-sse-progress-Server-Sen-0ca9b--concurrent-SSE-connections-browser-webkit/test-failed-1.png]]

[[ATTACHMENT|artifacts/12-sse-progress-Server-Sen-0ca9b--concurrent-SSE-connections-browser-webkit/video.webm]]

[[ATTACHMENT|artifacts/12-sse-progress-Server-Sen-0ca9b--concurrent-SSE-connections-browser-webkit/error-context.md]]
]]>
</system-out>
<system-err>
<![CDATA[(node:38884) [DEP0147] DeprecationWarning: In future versions of Node.js, fs.rmdir(path, { recursive: true }) will be removed. Use fs.rm(path, { recursive: true }) instead
(Use `node --trace-deprecation ...` to show where the warning was created)
]]>
</system-err>
</testcase>
<testcase name="Server-Sent Events (SSE) Progress Tracking › should show accurate progress for chunked operations" classname="12-sse-progress.spec.ts" time="1.264">
<failure message="12-sse-progress.spec.ts:229:7 should show accurate progress for chunked operations" type="FAILURE">
<![CDATA[  [browser-webkit] › 12-sse-progress.spec.ts:229:7 › Server-Sent Events (SSE) Progress Tracking › should show accurate progress for chunked operations 

    Error: expect.toBeAttached: Error: strict mode violation: locator('input[type="file"]') resolved to 2 elements:
        1) <input type="file" accept=".csv,.xlsx,.xls,.tsv" data-testid="file-input-button" aria-label="Select file to upload" aria-describedby="file-restrictions"/> aka getByTestId('file-input-button')
        2) <input multiple type="file" accept=".csv,.xlsx,.xls,.tsv" data-testid="hidden-file-input" aria-describedby="file-requirements" aria-label="Select data files for upload"/> aka getByTestId('hidden-file-input')

    Call log:
      - Expect "toBeAttached" with timeout 5000ms
      - waiting for locator('input[type="file"]')


       at ../fixtures/test-fixtures.ts:203

      201 |   // Now set the file input (works for both browser and Electron modes)
      202 |   const fileInput = page.locator('input[type="file"]');
    > 203 |   await expect(fileInput).toBeAttached({ timeout: 5000 });
          |                           ^
      204 |   await fileInput.setInputFiles(filePath);
      205 | };
      206 |
        at uploadFile (/Users/thomaswagner/Documents/datacloak-sentiment-workbench/packages/e2e-tests/fixtures/test-fixtures.ts:203:27)
        at /Users/thomaswagner/Documents/datacloak-sentiment-workbench/packages/e2e-tests/tests/12-sse-progress.spec.ts:230:5

    attachment #1: screenshot (image/png) ──────────────────────────────────────────────────────────
    test-results/artifacts/12-sse-progress-Server-Sen-68fcf-ress-for-chunked-operations-browser-webkit/test-failed-1.png
    ────────────────────────────────────────────────────────────────────────────────────────────────

    attachment #2: video (video/webm) ──────────────────────────────────────────────────────────────
    test-results/artifacts/12-sse-progress-Server-Sen-68fcf-ress-for-chunked-operations-browser-webkit/video.webm
    ────────────────────────────────────────────────────────────────────────────────────────────────

    Error Context: ../test-results/artifacts/12-sse-progress-Server-Sen-68fcf-ress-for-chunked-operations-browser-webkit/error-context.md
]]>
</failure>
<system-out>
<![CDATA[
[[ATTACHMENT|artifacts/12-sse-progress-Server-Sen-68fcf-ress-for-chunked-operations-browser-webkit/test-failed-1.png]]

[[ATTACHMENT|artifacts/12-sse-progress-Server-Sen-68fcf-ress-for-chunked-operations-browser-webkit/video.webm]]

[[ATTACHMENT|artifacts/12-sse-progress-Server-Sen-68fcf-ress-for-chunked-operations-browser-webkit/error-context.md]]
]]>
</system-out>
<system-err>
<![CDATA[(node:38886) [DEP0147] DeprecationWarning: In future versions of Node.js, fs.rmdir(path, { recursive: true }) will be removed. Use fs.rm(path, { recursive: true }) instead
(Use `node --trace-deprecation ...` to show where the warning was created)
]]>
</system-err>
</testcase>
<testcase name="Server-Sent Events (SSE) Progress Tracking › should handle SSE error events" classname="12-sse-progress.spec.ts" time="1.195">
<failure message="12-sse-progress.spec.ts:269:7 should handle SSE error events" type="FAILURE">
<![CDATA[  [browser-webkit] › 12-sse-progress.spec.ts:269:7 › Server-Sent Events (SSE) Progress Tracking › should handle SSE error events › Handle SSE errors gracefully 

    ReferenceError: testFiles is not defined

      289 |
      290 |     await test.step('Handle SSE errors gracefully', async () => {
    > 291 |       await uploadFile(page, testFiles.small, browserMode);
          |                              ^
      292 |
      293 |       // Check for error handling
      294 |       const errorMessage = page.locator('[data-testid="sse-error"], .progress-error');
        at /Users/thomaswagner/Documents/datacloak-sentiment-workbench/packages/e2e-tests/tests/12-sse-progress.spec.ts:291:30
        at /Users/thomaswagner/Documents/datacloak-sentiment-workbench/packages/e2e-tests/tests/12-sse-progress.spec.ts:290:16

    attachment #1: screenshot (image/png) ──────────────────────────────────────────────────────────
    test-results/artifacts/12-sse-progress-Server-Sen-da712-uld-handle-SSE-error-events-browser-webkit/test-failed-1.png
    ────────────────────────────────────────────────────────────────────────────────────────────────

    attachment #2: video (video/webm) ──────────────────────────────────────────────────────────────
    test-results/artifacts/12-sse-progress-Server-Sen-da712-uld-handle-SSE-error-events-browser-webkit/video.webm
    ────────────────────────────────────────────────────────────────────────────────────────────────

    Error Context: ../test-results/artifacts/12-sse-progress-Server-Sen-da712-uld-handle-SSE-error-events-browser-webkit/error-context.md
]]>
</failure>
<system-out>
<![CDATA[
[[ATTACHMENT|artifacts/12-sse-progress-Server-Sen-da712-uld-handle-SSE-error-events-browser-webkit/test-failed-1.png]]

[[ATTACHMENT|artifacts/12-sse-progress-Server-Sen-da712-uld-handle-SSE-error-events-browser-webkit/video.webm]]

[[ATTACHMENT|artifacts/12-sse-progress-Server-Sen-da712-uld-handle-SSE-error-events-browser-webkit/error-context.md]]
]]>
</system-out>
</testcase>
<testcase name="Server-Sent Events (SSE) Progress Tracking › should cleanup SSE connections on completion" classname="12-sse-progress.spec.ts" time="1.276">
<failure message="12-sse-progress.spec.ts:304:7 should cleanup SSE connections on completion" type="FAILURE">
<![CDATA[  [browser-webkit] › 12-sse-progress.spec.ts:304:7 › Server-Sent Events (SSE) Progress Tracking › should cleanup SSE connections on completion 

    Error: expect.toBeAttached: Error: strict mode violation: locator('input[type="file"]') resolved to 2 elements:
        1) <input type="file" accept=".csv,.xlsx,.xls,.tsv" data-testid="file-input-button" aria-label="Select file to upload" aria-describedby="file-restrictions"/> aka getByTestId('file-input-button')
        2) <input multiple type="file" accept=".csv,.xlsx,.xls,.tsv" data-testid="hidden-file-input" aria-describedby="file-requirements" aria-label="Select data files for upload"/> aka getByTestId('hidden-file-input')

    Call log:
      - Expect "toBeAttached" with timeout 5000ms
      - waiting for locator('input[type="file"]')


       at ../fixtures/test-fixtures.ts:203

      201 |   // Now set the file input (works for both browser and Electron modes)
      202 |   const fileInput = page.locator('input[type="file"]');
    > 203 |   await expect(fileInput).toBeAttached({ timeout: 5000 });
          |                           ^
      204 |   await fileInput.setInputFiles(filePath);
      205 | };
      206 |
        at uploadFile (/Users/thomaswagner/Documents/datacloak-sentiment-workbench/packages/e2e-tests/fixtures/test-fixtures.ts:203:27)
        at /Users/thomaswagner/Documents/datacloak-sentiment-workbench/packages/e2e-tests/tests/12-sse-progress.spec.ts:305:5

    attachment #1: screenshot (image/png) ──────────────────────────────────────────────────────────
    test-results/artifacts/12-sse-progress-Server-Sen-b3843-E-connections-on-completion-browser-webkit/test-failed-1.png
    ────────────────────────────────────────────────────────────────────────────────────────────────

    attachment #2: video (video/webm) ──────────────────────────────────────────────────────────────
    test-results/artifacts/12-sse-progress-Server-Sen-b3843-E-connections-on-completion-browser-webkit/video.webm
    ────────────────────────────────────────────────────────────────────────────────────────────────

    Error Context: ../test-results/artifacts/12-sse-progress-Server-Sen-b3843-E-connections-on-completion-browser-webkit/error-context.md
]]>
</failure>
<system-out>
<![CDATA[
[[ATTACHMENT|artifacts/12-sse-progress-Server-Sen-b3843-E-connections-on-completion-browser-webkit/test-failed-1.png]]

[[ATTACHMENT|artifacts/12-sse-progress-Server-Sen-b3843-E-connections-on-completion-browser-webkit/video.webm]]

[[ATTACHMENT|artifacts/12-sse-progress-Server-Sen-b3843-E-connections-on-completion-browser-webkit/error-context.md]]
]]>
</system-out>
<system-err>
<![CDATA[(node:38918) [DEP0147] DeprecationWarning: In future versions of Node.js, fs.rmdir(path, { recursive: true }) will be removed. Use fs.rm(path, { recursive: true }) instead
(Use `node --trace-deprecation ...` to show where the warning was created)
]]>
</system-err>
</testcase>
<testcase name="Server-Sent Events (SSE) Progress Tracking › should provide progress details in SSE events" classname="12-sse-progress.spec.ts" time="1.357">
<failure message="12-sse-progress.spec.ts:324:7 should provide progress details in SSE events" type="FAILURE">
<![CDATA[  [browser-webkit] › 12-sse-progress.spec.ts:324:7 › Server-Sent Events (SSE) Progress Tracking › should provide progress details in SSE events 

    Error: expect.toBeAttached: Error: strict mode violation: locator('input[type="file"]') resolved to 2 elements:
        1) <input type="file" accept=".csv,.xlsx,.xls,.tsv" data-testid="file-input-button" aria-label="Select file to upload" aria-describedby="file-restrictions"/> aka getByTestId('file-input-button')
        2) <input multiple type="file" accept=".csv,.xlsx,.xls,.tsv" data-testid="hidden-file-input" aria-describedby="file-requirements" aria-label="Select data files for upload"/> aka getByTestId('hidden-file-input')

    Call log:
      - Expect "toBeAttached" with timeout 5000ms
      - waiting for locator('input[type="file"]')


       at ../fixtures/test-fixtures.ts:203

      201 |   // Now set the file input (works for both browser and Electron modes)
      202 |   const fileInput = page.locator('input[type="file"]');
    > 203 |   await expect(fileInput).toBeAttached({ timeout: 5000 });
          |                           ^
      204 |   await fileInput.setInputFiles(filePath);
      205 | };
      206 |
        at uploadFile (/Users/thomaswagner/Documents/datacloak-sentiment-workbench/packages/e2e-tests/fixtures/test-fixtures.ts:203:27)
        at /Users/thomaswagner/Documents/datacloak-sentiment-workbench/packages/e2e-tests/tests/12-sse-progress.spec.ts:325:5

    attachment #1: screenshot (image/png) ──────────────────────────────────────────────────────────
    test-results/artifacts/12-sse-progress-Server-Sen-d0086-gress-details-in-SSE-events-browser-webkit/test-failed-1.png
    ────────────────────────────────────────────────────────────────────────────────────────────────

    attachment #2: video (video/webm) ──────────────────────────────────────────────────────────────
    test-results/artifacts/12-sse-progress-Server-Sen-d0086-gress-details-in-SSE-events-browser-webkit/video.webm
    ────────────────────────────────────────────────────────────────────────────────────────────────

    Error Context: ../test-results/artifacts/12-sse-progress-Server-Sen-d0086-gress-details-in-SSE-events-browser-webkit/error-context.md
]]>
</failure>
<system-out>
<![CDATA[
[[ATTACHMENT|artifacts/12-sse-progress-Server-Sen-d0086-gress-details-in-SSE-events-browser-webkit/test-failed-1.png]]

[[ATTACHMENT|artifacts/12-sse-progress-Server-Sen-d0086-gress-details-in-SSE-events-browser-webkit/video.webm]]

[[ATTACHMENT|artifacts/12-sse-progress-Server-Sen-d0086-gress-details-in-SSE-events-browser-webkit/error-context.md]]
]]>
</system-out>
<system-err>
<![CDATA[(node:38919) [DEP0147] DeprecationWarning: In future versions of Node.js, fs.rmdir(path, { recursive: true }) will be removed. Use fs.rm(path, { recursive: true }) instead
(Use `node --trace-deprecation ...` to show where the warning was created)
]]>
</system-err>
</testcase>
</testsuite>
<testsuite name="csv-upload.spec.ts" timestamp="2025-06-15T23:53:34.693Z" hostname="browser-webkit" tests="3" failures="1" skipped="2" time="4.364" errors="0">
<testcase name="CSV File Upload › should upload CSV via file picker and detect fields" classname="csv-upload.spec.ts" time="1.698">
<failure message="csv-upload.spec.ts:62:7 should upload CSV via file picker and detect fields" type="FAILURE">
<![CDATA[  [browser-webkit] › csv-upload.spec.ts:62:7 › CSV File Upload › should upload CSV via file picker and detect fields 

    Error: locator.setInputFiles: Error: strict mode violation: locator('input[type="file"]') resolved to 2 elements:
        1) <input type="file" accept=".csv,.xlsx,.xls,.tsv" data-testid="file-input-button" aria-label="Select file to upload" aria-describedby="file-restrictions"/> aka getByTestId('file-input-button')
        2) <input multiple type="file" accept=".csv,.xlsx,.xls,.tsv" data-testid="hidden-file-input" aria-describedby="file-requirements" aria-label="Select data files for upload"/> aka getByTestId('hidden-file-input')

    Call log:
      - waiting for locator('input[type="file"]')


      77 |     if (await hiddenFileInput.count() > 0) {
      78 |       console.log('Found hidden file input, uploading directly...');
    > 79 |       await hiddenFileInput.setInputFiles(csvFilePath);
         |       ^
      80 |       uploadFound = true;
      81 |     }
      82 |     
        at /Users/thomaswagner/Documents/datacloak-sentiment-workbench/packages/e2e-tests/tests/csv-upload.spec.ts:79:7

    attachment #1: screenshot (image/png) ──────────────────────────────────────────────────────────
    test-results/artifacts/csv-upload-CSV-File-Upload-bb328-le-picker-and-detect-fields-browser-webkit/test-failed-1.png
    ────────────────────────────────────────────────────────────────────────────────────────────────

    attachment #2: video (video/webm) ──────────────────────────────────────────────────────────────
    test-results/artifacts/csv-upload-CSV-File-Upload-bb328-le-picker-and-detect-fields-browser-webkit/video.webm
    ────────────────────────────────────────────────────────────────────────────────────────────────

    Error Context: ../test-results/artifacts/csv-upload-CSV-File-Upload-bb328-le-picker-and-detect-fields-browser-webkit/error-context.md
]]>
</failure>
<system-out>
<![CDATA[→ GET http://localhost:5173/
← [33m200[39m http://localhost:5173/
→ GET http://localhost:5173/@react-refresh
→ GET http://localhost:5173/@vite/client
→ GET http://localhost:5173/src/main.tsx?t=1750030703180
← [33m200[39m http://localhost:5173/@react-refresh
← [33m200[39m http://localhost:5173/@vite/client
← [33m200[39m http://localhost:5173/src/main.tsx?t=1750030703180
→ GET http://localhost:5173/node_modules/vite/dist/client/env.mjs
→ GET http://localhost:5173/node_modules/.vite/deps/react_jsx-dev-runtime.js?v=6c3f721c
→ GET http://localhost:5173/node_modules/.vite/deps/react.js?v=6c3f721c
→ GET http://localhost:5173/node_modules/.vite/deps/react-dom_client.js?v=a50e1294
→ GET http://localhost:5173/src/index.css
→ GET http://localhost:5173/src/App.tsx?t=1750030703180
← [33m200[39m http://localhost:5173/node_modules/vite/dist/client/env.mjs
← [33m200[39m http://localhost:5173/node_modules/.vite/deps/react_jsx-dev-runtime.js?v=6c3f721c
← [33m200[39m http://localhost:5173/node_modules/.vite/deps/react.js?v=6c3f721c
→ GET http://localhost:5173/node_modules/.vite/deps/chunk-UBDIXFPO.js?v=676c4d25
← [33m200[39m http://localhost:5173/node_modules/.vite/deps/react-dom_client.js?v=a50e1294
← [33m200[39m http://localhost:5173/src/index.css
← [33m200[39m http://localhost:5173/node_modules/.vite/deps/chunk-UBDIXFPO.js?v=676c4d25
← [33m200[39m http://localhost:5173/src/App.tsx?t=1750030703180
→ GET http://localhost:5173/src/App.css?t=1750030703180
→ GET http://localhost:5173/src/context/AppContext.tsx?t=1750028445161
→ GET http://localhost:5173/src/components/Navigation.tsx?t=1750030602543
→ GET http://localhost:5173/src/components/WorkflowManager.tsx?t=1750030602543
→ GET http://localhost:5173/src/components/NotificationToast.tsx?t=1750028445161
→ GET http://localhost:5173/src/components/ErrorBoundary.tsx
→ GET http://localhost:5173/src/components/ProgressIndicator.tsx?t=1750015148848
→ GET http://localhost:5173/src/components/RealTimeDashboard.tsx?t=1750028445161
→ GET http://localhost:5173/node_modules/.vite/deps/chunk-KBNVMJOC.js?v=676c4d25
← [33m200[39m http://localhost:5173/src/App.css?t=1750030703180
← [33m200[39m http://localhost:5173/src/context/AppContext.tsx?t=1750028445161
← [33m200[39m http://localhost:5173/src/components/Navigation.tsx?t=1750030602543
← [33m200[39m http://localhost:5173/src/components/WorkflowManager.tsx?t=1750030602543
← [33m200[39m http://localhost:5173/src/components/NotificationToast.tsx?t=1750028445161
← [33m200[39m http://localhost:5173/src/components/ErrorBoundary.tsx
← [33m200[39m http://localhost:5173/src/components/ProgressIndicator.tsx?t=1750015148848
← [33m200[39m http://localhost:5173/src/components/RealTimeDashboard.tsx?t=1750028445161
← [33m200[39m http://localhost:5173/node_modules/.vite/deps/chunk-KBNVMJOC.js?v=676c4d25
→ GET http://localhost:5173/src/components/AppVersion.tsx
→ GET http://localhost:5173/src/components/Navigation.css?t=1749995170122
→ GET http://localhost:5173/src/components/index.ts?t=1750030602543
→ GET http://localhost:5173/src/components/LazyComponents.tsx?t=1750030490824
→ GET http://localhost:5173/src/hooks/useWebWorker.ts?t=1750014984624
→ GET http://localhost:5173/src/components/WorkflowManager.css?t=1749992255972
→ GET http://localhost:5173/src/components/NotificationToast.css
→ GET http://localhost:5173/src/components/ProgressIndicator.css
→ GET http://localhost:5173/src/components/ErrorBoundary.css
→ GET http://localhost:5173/src/components/MemoryMonitor.tsx?t=1750028445161
→ GET http://localhost:5173/src/components/SSEProgressIndicator.tsx?t=1750028445161
→ GET http://localhost:5173/src/components/WebSocketStatus.tsx?t=1750028445161
→ GET http://localhost:5173/src/components/RealTimeDashboard.css
← [33m200[39m http://localhost:5173/src/components/AppVersion.tsx
← [33m200[39m http://localhost:5173/src/components/Navigation.css?t=1749995170122
← [33m200[39m http://localhost:5173/src/components/index.ts?t=1750030602543
← [33m200[39m http://localhost:5173/src/components/LazyComponents.tsx?t=1750030490824
← [33m200[39m http://localhost:5173/src/hooks/useWebWorker.ts?t=1750014984624
← [33m200[39m http://localhost:5173/src/components/WorkflowManager.css?t=1749992255972
← [33m200[39m http://localhost:5173/src/components/NotificationToast.css
← [33m200[39m http://localhost:5173/src/components/ProgressIndicator.css
← [33m200[39m http://localhost:5173/src/components/ErrorBoundary.css
← [33m200[39m http://localhost:5173/src/components/MemoryMonitor.tsx?t=1750028445161
→ GET http://localhost:5173/src/components/AppVersion.css
→ GET http://localhost:5173/src/components/DataSourcePicker.tsx?t=1750030148913
→ GET http://localhost:5173/src/components/ProfilerUI.tsx?t=1750030188693
→ GET http://localhost:5173/src/components/TransformDesigner.tsx?t=1750030251852
→ GET http://localhost:5173/src/components/TransformOperationEditor.tsx?t=1750024154646
→ GET http://localhost:5173/src/components/TransformPreviewPanel.tsx
→ GET http://localhost:5173/src/components/TransformConfigDisplay.tsx?t=1750028445161
→ GET http://localhost:5173/src/components/RunWizard.tsx?t=1750030330428
→ GET http://localhost:5173/src/components/ResultExplorer.tsx?t=1750030490824
→ GET http://localhost:5173/src/components/SentimentInsights.tsx?t=1750028445161
→ GET http://localhost:5173/src/components/DataPreview.tsx
→ GET http://localhost:5173/src/components/VirtualScrollList.tsx
→ GET http://localhost:5173/src/components/ApiErrorDisplay.tsx
→ GET http://localhost:5173/src/components/ExportErrorHandler.tsx?t=1750028445161
→ GET http://localhost:5173/src/components/LargeFileUploader.tsx?t=1750030148913
→ GET http://localhost:5173/src/components/LargeDatasetExporter.tsx?t=1750028445161
→ GET http://localhost:5173/src/components/ElectronFeatureMonitor.tsx?t=1750028445161
→ GET http://localhost:5173/src/components/SecurityAuditReport.tsx?t=1750026236037
→ GET http://localhost:5173/src/components/SecurityBadge.tsx
→ GET http://localhost:5173/src/components/TransformPipelinePersistence.tsx?t=1750028445161
→ GET http://localhost:5173/src/components/SentimentAnalysisControl.tsx?t=1750028445161
→ GET http://localhost:5173/src/components/JobQueueManager.tsx?t=1750028445161
→ GET http://localhost:5173/src/utils/performance.ts
→ GET http://localhost:5173/src/components/LazyComponents.css
→ GET http://localhost:5173/src/hooks/useMemoryMonitor.ts?t=1750028445161
→ GET http://localhost:5173/src/components/MemoryMonitor.css
← [33m200[39m http://localhost:5173/src/components/RealTimeDashboard.css
← [33m200[39m http://localhost:5173/src/components/SSEProgressIndicator.tsx?t=1750028445161
← [33m200[39m http://localhost:5173/src/components/WebSocketStatus.tsx?t=1750028445161
→ GET http://localhost:5173/src/components/SSEProgressIndicator.css
→ GET http://localhost:5173/src/components/WebSocketStatus.css
← [33m200[39m http://localhost:5173/src/components/AppVersion.css
← [33m200[39m http://localhost:5173/src/components/DataSourcePicker.tsx?t=1750030148913
← [33m200[39m http://localhost:5173/src/components/ProfilerUI.tsx?t=1750030188693
→ GET http://localhost:5173/src/hooks/useApiErrorHandler.ts?t=1750028445161
→ GET http://localhost:5173/src/components/DataSourcePicker.css?t=1750008828131
→ GET http://localhost:5173/src/components/ProfilerUI.css?t=1750022315517
← [33m200[39m http://localhost:5173/src/components/TransformDesigner.tsx?t=1750030251852
← [33m200[39m http://localhost:5173/src/components/TransformOperationEditor.tsx?t=1750024154646
← [33m200[39m http://localhost:5173/src/components/TransformPreviewPanel.tsx
← [33m200[39m http://localhost:5173/src/components/TransformConfigDisplay.tsx?t=1750028445161
← [33m200[39m http://localhost:5173/src/components/RunWizard.tsx?t=1750030330428
← [33m200[39m http://localhost:5173/src/components/ResultExplorer.tsx?t=1750030490824
→ GET http://localhost:5173/src/components/TransformDesigner.css
→ GET http://localhost:5173/src/components/TransformOperationEditor.css
→ GET http://localhost:5173/src/components/TransformPreviewPanel.css
→ GET http://localhost:5173/src/components/TransformConfigDisplay.css
→ GET http://localhost:5173/src/components/RunWizard.css?t=1749994688834
→ GET http://localhost:5173/src/hooks/useDebounce.ts
→ GET http://localhost:5173/src/components/ResultExplorer.css?t=1750008175222
← [33m200[39m http://localhost:5173/src/components/SentimentInsights.tsx?t=1750028445161
← [33m200[39m http://localhost:5173/src/components/LargeFileUploader.tsx?t=1750030148913
← [33m200[39m http://localhost:5173/src/components/DataPreview.tsx
← [33m200[39m http://localhost:5173/src/components/VirtualScrollList.tsx
← [33m200[39m http://localhost:5173/src/components/ApiErrorDisplay.tsx
← [33m200[39m http://localhost:5173/src/components/ExportErrorHandler.tsx?t=1750028445161
← [33m200[39m http://localhost:5173/src/components/ElectronFeatureMonitor.tsx?t=1750028445161
← [33m200[39m http://localhost:5173/src/components/SecurityAuditReport.tsx?t=1750026236037
← [33m200[39m http://localhost:5173/src/components/SecurityBadge.tsx
← [33m200[39m http://localhost:5173/src/components/TransformPipelinePersistence.tsx?t=1750028445161
← [33m200[39m http://localhost:5173/src/components/LargeDatasetExporter.tsx?t=1750028445161
← [33m200[39m http://localhost:5173/src/components/JobQueueManager.tsx?t=1750028445161
← [33m200[39m http://localhost:5173/src/utils/performance.ts
← [33m200[39m http://localhost:5173/src/components/LazyComponents.css
← [33m200[39m http://localhost:5173/src/components/SentimentAnalysisControl.tsx?t=1750028445161
← [33m200[39m http://localhost:5173/src/components/SSEProgressIndicator.css
← [33m200[39m http://localhost:5173/src/components/WebSocketStatus.css
← [33m200[39m http://localhost:5173/src/hooks/useApiErrorHandler.ts?t=1750028445161
← [33m200[39m http://localhost:5173/src/hooks/useMemoryMonitor.ts?t=1750028445161
← [33m200[39m http://localhost:5173/src/components/MemoryMonitor.css
← [33m200[39m http://localhost:5173/src/components/DataSourcePicker.css?t=1750008828131
← [33m200[39m http://localhost:5173/src/components/ProfilerUI.css?t=1750022315517
← [33m200[39m http://localhost:5173/src/components/TransformOperationEditor.css
← [33m200[39m http://localhost:5173/src/components/TransformPreviewPanel.css
← [33m200[39m http://localhost:5173/src/components/TransformDesigner.css
← [33m200[39m http://localhost:5173/src/components/RunWizard.css?t=1749994688834
← [33m200[39m http://localhost:5173/src/hooks/useDebounce.ts
← [33m200[39m http://localhost:5173/src/components/ResultExplorer.css?t=1750008175222
← [33m200[39m http://localhost:5173/src/components/TransformConfigDisplay.css
→ GET http://localhost:5173/src/components/SentimentInsights.css
→ GET http://localhost:5173/src/hooks/useLargeFileUpload.ts?t=1750028445161
→ GET http://localhost:5173/src/components/LargeFileUploader.css
→ GET http://localhost:5173/src/components/DataPreview.css
→ GET http://localhost:5173/src/components/VirtualScrollList.css
→ GET http://localhost:5173/src/components/ApiErrorDisplay.css
→ GET http://localhost:5173/src/components/ExportErrorHandler.css
→ GET http://localhost:5173/src/components/ElectronFeatureMonitor.css
→ GET http://localhost:5173/src/components/SecurityAuditReport.css
→ GET http://localhost:5173/src/components/SecurityBadge.css
→ GET http://localhost:5173/src/components/TransformPipelinePersistence.css
→ GET http://localhost:5173/src/components/LargeDatasetExporter.css
→ GET http://localhost:5173/src/components/JobQueueManager.css
→ GET http://localhost:5173/src/components/SentimentAnalysisControl.css
← [33m200[39m http://localhost:5173/src/components/SentimentInsights.css
← [33m200[39m http://localhost:5173/src/hooks/useLargeFileUpload.ts?t=1750028445161
← [33m200[39m http://localhost:5173/src/components/LargeFileUploader.css
← [33m200[39m http://localhost:5173/src/components/DataPreview.css
← [33m200[39m http://localhost:5173/src/components/ElectronFeatureMonitor.css
← [33m200[39m http://localhost:5173/src/components/VirtualScrollList.css
← [33m200[39m http://localhost:5173/src/components/ApiErrorDisplay.css
← [33m200[39m http://localhost:5173/src/components/ExportErrorHandler.css
← [33m200[39m http://localhost:5173/src/components/SecurityAuditReport.css
← [33m200[39m http://localhost:5173/src/components/SecurityBadge.css
← [33m200[39m http://localhost:5173/src/components/TransformPipelinePersistence.css
← [33m200[39m http://localhost:5173/src/components/LargeDatasetExporter.css
← [33m200[39m http://localhost:5173/src/components/JobQueueManager.css
← [33m200[39m http://localhost:5173/src/components/SentimentAnalysisControl.css
Starting file picker upload test...
Found hidden file input, uploading directly...
Cleaned up test CSV file

[[ATTACHMENT|artifacts/csv-upload-CSV-File-Upload-bb328-le-picker-and-detect-fields-browser-webkit/test-failed-1.png]]

[[ATTACHMENT|artifacts/csv-upload-CSV-File-Upload-bb328-le-picker-and-detect-fields-browser-webkit/video.webm]]

[[ATTACHMENT|artifacts/csv-upload-CSV-File-Upload-bb328-le-picker-and-detect-fields-browser-webkit/error-context.md]]
]]>
</system-out>
</testcase>
<testcase name="CSV File Upload › should upload CSV via drag and drop" classname="csv-upload.spec.ts" time="1.461">
<properties>
<property name="skip" value="">
</property>
</properties>
<skipped>
</skipped>
</testcase>
<testcase name="CSV File Upload › should handle upload errors gracefully" classname="csv-upload.spec.ts" time="1.205">
<properties>
<property name="skip" value="">
</property>
</properties>
<skipped>
</skipped>
</testcase>
</testsuite>
</testsuites>